      En-low      En-high        flux      flux-unc         gxs       gxs-unc   greac-rate     cum-rate 

  1.00000E-05  1.04713E-05  1.41044E-03  0.00000E+00  5.40527E+01  0.00000E+00  7.62379E-02  7.62379E-02
  1.04713E-05  1.09648E-05  1.41044E-03  0.00000E+00  5.28233E+01  0.00000E+00  7.45040E-02  1.50742E-01
  1.09648E-05  1.14815E-05  1.41044E-03  0.00000E+00  5.16205E+01  0.00000E+00  7.28075E-02  2.23549E-01
  1.14815E-05  1.20226E-05  1.41044E-03  0.00000E+00  5.04471E+01  0.00000E+00  7.11524E-02  2.94702E-01
  1.20226E-05  1.25893E-05  1.41044E-03  0.00000E+00  4.92998E+01  0.00000E+00  6.95343E-02  3.64236E-01
  1.25893E-05  1.31826E-05  1.41044E-03  0.00000E+00  4.81795E+01  0.00000E+00  6.79541E-02  4.32190E-01
  1.31826E-05  1.38038E-05  1.41044E-03  0.00000E+00  4.70828E+01  0.00000E+00  6.64073E-02  4.98598E-01
  1.38038E-05  1.44544E-05  1.41044E-03  0.00000E+00  4.60135E+01  0.00000E+00  6.48992E-02  5.63497E-01
  1.44544E-05  1.51356E-05  1.41044E-03  0.00000E+00  4.49667E+01  0.00000E+00  6.34227E-02  6.26920E-01
  1.51356E-05  1.58489E-05  1.41044E-03  0.00000E+00  4.39443E+01  0.00000E+00  6.19807E-02  6.88900E-01
  1.58489E-05  1.65959E-05  1.41044E-03  0.00000E+00  4.29453E+01  0.00000E+00  6.05717E-02  7.49472E-01
  1.65959E-05  1.73780E-05  1.41044E-03  0.00000E+00  4.19689E+01  0.00000E+00  5.91946E-02  8.08666E-01
  1.73780E-05  1.81970E-05  1.41044E-03  0.00000E+00  4.10153E+01  0.00000E+00  5.78495E-02  8.66516E-01
  1.81970E-05  1.90546E-05  1.41044E-03  0.00000E+00  4.00823E+01  0.00000E+00  5.65336E-02  9.23050E-01
  1.90546E-05  1.99526E-05  1.41044E-03  0.00000E+00  3.91717E+01  0.00000E+00  5.52492E-02  9.78299E-01
  1.99526E-05  2.08930E-05  1.41044E-03  0.00000E+00  3.82810E+01  0.00000E+00  5.39929E-02  1.03229E+00
  2.08930E-05  2.18776E-05  1.41044E-03  0.00000E+00  3.74116E+01  0.00000E+00  5.27667E-02  1.08506E+00
  2.18776E-05  2.29087E-05  1.41044E-03  0.00000E+00  3.65608E+01  0.00000E+00  5.15667E-02  1.13663E+00
  2.29087E-05  2.39883E-05  1.41044E-03  0.00000E+00  3.57308E+01  0.00000E+00  5.03961E-02  1.18702E+00
  2.39883E-05  2.51189E-05  1.41044E-03  0.00000E+00  3.49188E+01  0.00000E+00  4.92507E-02  1.23627E+00
  2.51189E-05  2.63027E-05  1.41044E-03  0.00000E+00  3.41254E+01  0.00000E+00  4.81317E-02  1.28440E+00
  2.63027E-05  2.75423E-05  1.41044E-03  0.00000E+00  3.33504E+01  0.00000E+00  4.70386E-02  1.33144E+00
  2.75423E-05  2.88403E-05  1.41044E-03  0.00000E+00  3.25928E+01  0.00000E+00  4.59701E-02  1.37741E+00
  2.88403E-05  3.01995E-05  1.41044E-03  0.00000E+00  3.18527E+01  0.00000E+00  4.49262E-02  1.42234E+00
  3.01995E-05  3.16228E-05  1.41044E-03  0.00000E+00  3.11288E+01  0.00000E+00  4.39052E-02  1.46624E+00
  3.16228E-05  3.31131E-05  1.41044E-03  0.00000E+00  3.04226E+01  0.00000E+00  4.29091E-02  1.50915E+00
  3.31131E-05  3.46737E-05  1.41044E-03  0.00000E+00  2.97313E+01  0.00000E+00  4.19342E-02  1.55109E+00
  3.46737E-05  3.63078E-05  1.41044E-03  0.00000E+00  2.90568E+01  0.00000E+00  4.09828E-02  1.59207E+00
  3.63078E-05  3.80189E-05  1.41044E-03  0.00000E+00  2.83969E+01  0.00000E+00  4.00521E-02  1.63212E+00
  3.80189E-05  3.98107E-05  1.41044E-03  0.00000E+00  2.77527E+01  0.00000E+00  3.91435E-02  1.67127E+00
  3.98107E-05  4.16869E-05  1.41044E-03  0.00000E+00  2.71228E+01  0.00000E+00  3.82550E-02  1.70952E+00
  4.16869E-05  4.36516E-05  1.41044E-03  0.00000E+00  2.65074E+01  0.00000E+00  3.73870E-02  1.74691E+00
  4.36516E-05  4.57088E-05  1.41044E-03  0.00000E+00  2.59061E+01  0.00000E+00  3.65390E-02  1.78345E+00
  4.57088E-05  4.78630E-05  1.41044E-03  0.00000E+00  2.53184E+01  0.00000E+00  3.57100E-02  1.81916E+00
  4.78630E-05  5.01187E-05  1.41044E-03  0.00000E+00  2.47445E+01  0.00000E+00  3.49006E-02  1.85406E+00
  5.01187E-05  5.24808E-05  1.41044E-03  0.00000E+00  2.41830E+01  0.00000E+00  3.41087E-02  1.88817E+00
  5.24808E-05  5.49541E-05  1.41044E-03  0.00000E+00  2.36352E+01  0.00000E+00  3.33360E-02  1.92150E+00
  5.49541E-05  5.75440E-05  1.41044E-03  0.00000E+00  2.30992E+01  0.00000E+00  3.25799E-02  1.95408E+00
  5.75440E-05  6.02560E-05  1.41044E-03  0.00000E+00  2.25760E+01  0.00000E+00  3.18421E-02  1.98592E+00
  6.02560E-05  6.30957E-05  1.41044E-03  0.00000E+00  2.20643E+01  0.00000E+00  3.11203E-02  2.01704E+00
  6.30957E-05  6.60693E-05  1.41044E-03  0.00000E+00  2.15647E+01  0.00000E+00  3.04156E-02  2.04746E+00
  6.60693E-05  6.91831E-05  1.41044E-03  0.00000E+00  2.10763E+01  0.00000E+00  2.97268E-02  2.07719E+00
  6.91831E-05  7.24436E-05  1.41044E-03  0.00000E+00  2.05990E+01  0.00000E+00  2.90536E-02  2.10624E+00
  7.24436E-05  7.58578E-05  1.41044E-03  0.00000E+00  2.01329E+01  0.00000E+00  2.83962E-02  2.13464E+00
  7.58578E-05  7.94328E-05  1.41044E-03  0.00000E+00  1.96771E+01  0.00000E+00  2.77533E-02  2.16239E+00
  7.94328E-05  8.31764E-05  1.41044E-03  0.00000E+00  1.92322E+01  0.00000E+00  2.71259E-02  2.18952E+00
  8.31764E-05  8.70964E-05  1.41044E-03  0.00000E+00  1.87970E+01  0.00000E+00  2.65120E-02  2.21603E+00
  8.70964E-05  9.12011E-05  1.41044E-03  0.00000E+00  1.83723E+01  0.00000E+00  2.59130E-02  2.24194E+00
  9.12011E-05  9.54993E-05  1.41044E-03  0.00000E+00  1.79568E+01  0.00000E+00  2.53269E-02  2.26727E+00
  9.54993E-05  1.00000E-04  1.41044E-03  0.00000E+00  1.75513E+01  0.00000E+00  2.47550E-02  2.29202E+00
  1.00000E-04  1.04713E-04  1.41044E-03  0.00000E+00  1.71548E+01  0.00000E+00  2.41958E-02  2.31622E+00
  1.04713E-04  1.09648E-04  1.41044E-03  0.00000E+00  1.67675E+01  0.00000E+00  2.36495E-02  2.33987E+00
  1.09648E-04  1.14815E-04  1.41044E-03  0.00000E+00  1.63888E+01  0.00000E+00  2.31153E-02  2.36298E+00
  1.14815E-04  1.20226E-04  1.41044E-03  0.00000E+00  1.60189E+01  0.00000E+00  2.25937E-02  2.38558E+00
  1.20226E-04  1.25893E-04  1.41044E-03  0.00000E+00  1.56580E+01  0.00000E+00  2.20847E-02  2.40766E+00
  1.25893E-04  1.31826E-04  1.41044E-03  0.00000E+00  1.53049E+01  0.00000E+00  2.15866E-02  2.42925E+00
  1.31826E-04  1.38038E-04  1.41044E-03  0.00000E+00  1.49601E+01  0.00000E+00  2.11003E-02  2.45035E+00
  1.38038E-04  1.44544E-04  1.41044E-03  0.00000E+00  1.46232E+01  0.00000E+00  2.06251E-02  2.47097E+00
  1.44544E-04  1.51356E-04  1.41044E-03  0.00000E+00  1.42942E+01  0.00000E+00  2.01611E-02  2.49113E+00
  1.51356E-04  1.58489E-04  1.41044E-03  0.00000E+00  1.39724E+01  0.00000E+00  1.97071E-02  2.51084E+00
  1.58489E-04  1.65959E-04  1.41044E-03  0.00000E+00  1.36584E+01  0.00000E+00  1.92643E-02  2.53011E+00
  1.65959E-04  1.73780E-04  1.41044E-03  0.00000E+00  1.33514E+01  0.00000E+00  1.88313E-02  2.54894E+00
  1.73780E-04  1.81970E-04  1.41044E-03  0.00000E+00  1.30516E+01  0.00000E+00  1.84085E-02  2.56735E+00
  1.81970E-04  1.90546E-04  1.41044E-03  0.00000E+00  1.27587E+01  0.00000E+00  1.79953E-02  2.58534E+00
  1.90546E-04  1.99526E-04  1.41044E-03  0.00000E+00  1.24723E+01  0.00000E+00  1.75915E-02  2.60293E+00
  1.99526E-04  2.08930E-04  1.41044E-03  0.00000E+00  1.21930E+01  0.00000E+00  1.71975E-02  2.62013E+00
  2.08930E-04  2.18776E-04  1.41044E-03  0.00000E+00  1.19197E+01  0.00000E+00  1.68120E-02  2.63694E+00
  2.18776E-04  2.29087E-04  1.41044E-03  0.00000E+00  1.16531E+01  0.00000E+00  1.64360E-02  2.65338E+00
  2.29087E-04  2.39883E-04  1.41044E-03  0.00000E+00  1.13924E+01  0.00000E+00  1.60683E-02  2.66945E+00
  2.39883E-04  2.51189E-04  1.41044E-03  0.00000E+00  1.11381E+01  0.00000E+00  1.57096E-02  2.68516E+00
  2.51189E-04  2.63027E-04  1.41044E-03  0.00000E+00  1.08892E+01  0.00000E+00  1.53586E-02  2.70051E+00
  2.63027E-04  2.75423E-04  1.41044E-03  0.00000E+00  1.06465E+01  0.00000E+00  1.50162E-02  2.71553E+00
  2.75423E-04  2.88403E-04  1.41044E-03  0.00000E+00  1.04093E+01  0.00000E+00  1.46816E-02  2.73021E+00
  2.88403E-04  3.01995E-04  1.41044E-03  0.00000E+00  1.01775E+01  0.00000E+00  1.43547E-02  2.74457E+00
  3.01995E-04  3.16228E-04  1.41044E-03  0.00000E+00  9.95117E+00  0.00000E+00  1.40355E-02  2.75860E+00
  3.16228E-04  3.31131E-04  1.41044E-03  0.00000E+00  9.73007E+00  0.00000E+00  1.37236E-02  2.77233E+00
  3.31131E-04  3.46737E-04  1.41044E-03  0.00000E+00  9.51430E+00  0.00000E+00  1.34193E-02  2.78575E+00
  3.46737E-04  3.63078E-04  1.41044E-03  0.00000E+00  9.30329E+00  0.00000E+00  1.31217E-02  2.79887E+00
  3.63078E-04  3.80189E-04  1.41044E-03  0.00000E+00  9.09754E+00  0.00000E+00  1.28315E-02  2.81170E+00
  3.80189E-04  3.98107E-04  1.41044E-03  0.00000E+00  8.89630E+00  0.00000E+00  1.25477E-02  2.82425E+00
  3.98107E-04  4.16869E-04  1.41044E-03  0.00000E+00  8.70004E+00  0.00000E+00  1.22709E-02  2.83652E+00
  4.16869E-04  4.36516E-04  1.41044E-03  0.00000E+00  8.50818E+00  0.00000E+00  1.20003E-02  2.84852E+00
  4.36516E-04  4.57088E-04  1.41044E-03  0.00000E+00  8.32097E+00  0.00000E+00  1.17362E-02  2.86025E+00
  4.57088E-04  4.78630E-04  1.41044E-03  0.00000E+00  8.13812E+00  0.00000E+00  1.14783E-02  2.87173E+00
  4.78630E-04  5.01187E-04  1.41044E-03  0.00000E+00  7.95954E+00  0.00000E+00  1.12264E-02  2.88296E+00
  5.01187E-04  5.24807E-04  1.41044E-03  0.00000E+00  7.78528E+00  0.00000E+00  1.09806E-02  2.89394E+00
  5.24807E-04  5.49541E-04  1.41044E-03  0.00000E+00  7.61499E+00  0.00000E+00  1.07405E-02  2.90468E+00
  5.49541E-04  5.75440E-04  1.41044E-03  0.00000E+00  7.44894E+00  0.00000E+00  1.05063E-02  2.91519E+00
  5.75440E-04  6.02560E-04  1.41044E-03  0.00000E+00  7.28660E+00  0.00000E+00  1.02773E-02  2.92546E+00
  6.02560E-04  6.30957E-04  1.41044E-03  0.00000E+00  7.12834E+00  0.00000E+00  1.00541E-02  2.93552E+00
  6.30957E-04  6.60693E-04  1.41044E-03  0.00000E+00  6.97367E+00  0.00000E+00  9.83592E-03  2.94535E+00
  6.60693E-04  6.91831E-04  1.41044E-03  0.00000E+00  6.82286E+00  0.00000E+00  9.62321E-03  2.95498E+00
  6.91831E-04  7.24436E-04  1.41044E-03  0.00000E+00  6.67550E+00  0.00000E+00  9.41538E-03  2.96439E+00
  7.24436E-04  7.58578E-04  1.41044E-03  0.00000E+00  6.53176E+00  0.00000E+00  9.21264E-03  2.97360E+00
  7.58578E-04  7.94328E-04  1.41044E-03  0.00000E+00  6.39149E+00  0.00000E+00  9.01479E-03  2.98262E+00
  7.94328E-04  8.31764E-04  1.41044E-03  0.00000E+00  6.25454E+00  0.00000E+00  8.82164E-03  2.99144E+00
  8.31764E-04  8.70964E-04  1.41044E-03  0.00000E+00  6.12101E+00  0.00000E+00  8.63330E-03  3.00007E+00
  8.70964E-04  9.12011E-04  1.41044E-03  0.00000E+00  5.99055E+00  0.00000E+00  8.44930E-03  3.00852E+00
  9.12011E-04  9.54993E-04  1.41044E-03  0.00000E+00  5.86344E+00  0.00000E+00  8.27001E-03  3.01679E+00
  9.54993E-04  1.00000E-03  1.41044E-03  0.00000E+00  5.73925E+00  0.00000E+00  8.09485E-03  3.02489E+00
  1.00000E-03  1.04713E-03  1.41044E-03  0.00000E+00  5.61829E+00  0.00000E+00  7.92425E-03  3.03281E+00
  1.04713E-03  1.09648E-03  1.41044E-03  0.00000E+00  5.50010E+00  0.00000E+00  7.75755E-03  3.04057E+00
  1.09648E-03  1.14815E-03  1.41044E-03  0.00000E+00  5.38487E+00  0.00000E+00  7.59503E-03  3.04816E+00
  1.14815E-03  1.20226E-03  1.41044E-03  0.00000E+00  5.27249E+00  0.00000E+00  7.43651E-03  3.05560E+00
  1.20226E-03  1.25892E-03  1.41044E-03  0.00000E+00  5.16299E+00  0.00000E+00  7.28208E-03  3.06288E+00
  1.25892E-03  1.31826E-03  1.41044E-03  0.00000E+00  5.05617E+00  0.00000E+00  7.13141E-03  3.07001E+00
  1.31826E-03  1.38038E-03  1.41044E-03  0.00000E+00  4.95191E+00  0.00000E+00  6.98436E-03  3.07700E+00
  1.38038E-03  1.44544E-03  1.41044E-03  0.00000E+00  4.85051E+00  0.00000E+00  6.84134E-03  3.08384E+00
  1.44544E-03  1.51356E-03  1.41044E-03  0.00000E+00  4.75141E+00  0.00000E+00  6.70157E-03  3.09054E+00
  1.51356E-03  1.58489E-03  1.41044E-03  0.00000E+00  4.65489E+00  0.00000E+00  6.56544E-03  3.09711E+00
  1.58489E-03  1.65959E-03  1.41044E-03  0.00000E+00  4.56088E+00  0.00000E+00  6.43283E-03  3.10354E+00
  1.65959E-03  1.73780E-03  1.41044E-03  0.00000E+00  4.46914E+00  0.00000E+00  6.30345E-03  3.10984E+00
  1.73780E-03  1.81970E-03  1.41044E-03  0.00000E+00  4.37989E+00  0.00000E+00  6.17756E-03  3.11602E+00
  1.81970E-03  1.90546E-03  1.41044E-03  0.00000E+00  4.29285E+00  0.00000E+00  6.05479E-03  3.12208E+00
  1.90546E-03  1.99526E-03  1.41044E-03  0.00000E+00  4.20801E+00  0.00000E+00  5.93513E-03  3.12801E+00
  1.99526E-03  2.08930E-03  1.41044E-03  0.00000E+00  4.12552E+00  0.00000E+00  5.81879E-03  3.13383E+00
  2.08930E-03  2.18776E-03  1.41044E-03  0.00000E+00  4.04509E+00  0.00000E+00  5.70535E-03  3.13954E+00
  2.18776E-03  2.29087E-03  1.41044E-03  0.00000E+00  3.96676E+00  0.00000E+00  5.59487E-03  3.14513E+00
  2.29087E-03  2.39883E-03  1.41044E-03  0.00000E+00  3.89062E+00  0.00000E+00  5.48748E-03  3.15062E+00
  2.39883E-03  2.51189E-03  1.41044E-03  0.00000E+00  3.81639E+00  0.00000E+00  5.38278E-03  3.15600E+00
  2.51189E-03  2.63027E-03  1.41044E-03  0.00000E+00  3.74418E+00  0.00000E+00  5.28093E-03  3.16128E+00
  2.63027E-03  2.75423E-03  1.41044E-03  0.00000E+00  3.67396E+00  0.00000E+00  5.18189E-03  3.16646E+00
  2.75423E-03  2.88403E-03  1.41044E-03  0.00000E+00  3.60557E+00  0.00000E+00  5.08543E-03  3.17155E+00
  2.88403E-03  3.01995E-03  1.41044E-03  0.00000E+00  3.53910E+00  0.00000E+00  4.99168E-03  3.17654E+00
  3.01995E-03  3.16228E-03  1.41044E-03  0.00000E+00  3.47444E+00  0.00000E+00  4.90048E-03  3.18144E+00
  3.16228E-03  3.31131E-03  1.41044E-03  0.00000E+00  3.41154E+00  0.00000E+00  4.81176E-03  3.18625E+00
  3.31131E-03  3.46737E-03  1.41044E-03  0.00000E+00  3.35048E+00  0.00000E+00  4.72564E-03  3.19098E+00
  3.46737E-03  3.63078E-03  1.41044E-03  0.00000E+00  3.29107E+00  0.00000E+00  4.64184E-03  3.19562E+00
  3.63078E-03  3.80189E-03  1.41044E-03  0.00000E+00  3.23334E+00  0.00000E+00  4.56042E-03  3.20018E+00
  3.80189E-03  3.98107E-03  1.41044E-03  0.00000E+00  3.17735E+00  0.00000E+00  4.48145E-03  3.20466E+00
  3.98107E-03  4.16869E-03  1.41044E-03  0.00000E+00  3.12290E+00  0.00000E+00  4.40465E-03  3.20907E+00
  4.16869E-03  4.36516E-03  1.41044E-03  0.00000E+00  3.07000E+00  0.00000E+00  4.33004E-03  3.21340E+00
  4.36516E-03  4.57088E-03  1.41044E-03  0.00000E+00  3.01872E+00  0.00000E+00  4.25772E-03  3.21765E+00
  4.57088E-03  4.78630E-03  1.41044E-03  0.00000E+00  2.96896E+00  0.00000E+00  4.18753E-03  3.22184E+00
  4.78630E-03  5.01187E-03  1.41044E-03  0.00000E+00  2.92063E+00  0.00000E+00  4.11937E-03  3.22596E+00
  5.01187E-03  5.24807E-03  1.41044E-03  0.00000E+00  2.87377E+00  0.00000E+00  4.05327E-03  3.23001E+00
  5.24807E-03  5.49541E-03  1.41044E-03  0.00000E+00  2.82839E+00  0.00000E+00  3.98926E-03  3.23400E+00
  5.49541E-03  5.75440E-03  1.41044E-03  0.00000E+00  2.78437E+00  0.00000E+00  3.92717E-03  3.23793E+00
  5.75440E-03  6.02560E-03  1.41044E-03  0.00000E+00  2.74168E+00  0.00000E+00  3.86697E-03  3.24180E+00
  6.02560E-03  6.30957E-03  1.41044E-03  0.00000E+00  2.70038E+00  0.00000E+00  3.80872E-03  3.24561E+00
  6.30957E-03  6.60693E-03  1.41044E-03  0.00000E+00  2.66041E+00  0.00000E+00  3.75234E-03  3.24936E+00
  6.60693E-03  6.91831E-03  1.41044E-03  0.00000E+00  2.62168E+00  0.00000E+00  3.69771E-03  3.25306E+00
  6.91831E-03  7.24436E-03  1.41044E-03  0.00000E+00  2.58418E+00  0.00000E+00  3.64482E-03  3.25670E+00
  7.24436E-03  7.58578E-03  1.41044E-03  0.00000E+00  2.54792E+00  0.00000E+00  3.59368E-03  3.26030E+00
  7.58578E-03  7.94328E-03  1.41044E-03  0.00000E+00  2.51289E+00  0.00000E+00  3.54427E-03  3.26384E+00
  7.94328E-03  8.31764E-03  1.41044E-03  0.00000E+00  2.47902E+00  0.00000E+00  3.49650E-03  3.26734E+00
  8.31764E-03  8.70964E-03  1.41044E-03  0.00000E+00  2.44628E+00  0.00000E+00  3.45032E-03  3.27079E+00
  8.70964E-03  9.12011E-03  1.41044E-03  0.00000E+00  2.41466E+00  0.00000E+00  3.40573E-03  3.27419E+00
  9.12011E-03  9.54993E-03  1.41044E-03  0.00000E+00  2.38413E+00  0.00000E+00  3.36267E-03  3.27755E+00
  9.54993E-03  1.00000E-02  1.41044E-03  0.00000E+00  2.35468E+00  0.00000E+00  3.32113E-03  3.28088E+00
  1.00000E-02  1.04713E-02  1.41044E-03  0.00000E+00  2.32628E+00  0.00000E+00  3.28107E-03  3.28416E+00
  1.04713E-02  1.09648E-02  1.41044E-03  0.00000E+00  2.29887E+00  0.00000E+00  3.24241E-03  3.28740E+00
  1.09648E-02  1.14815E-02  1.41044E-03  0.00000E+00  2.27244E+00  0.00000E+00  3.20514E-03  3.29060E+00
  1.14815E-02  1.20226E-02  1.41044E-03  0.00000E+00  2.24699E+00  0.00000E+00  3.16924E-03  3.29377E+00
  1.20226E-02  1.25892E-02  1.41044E-03  0.00000E+00  2.22249E+00  0.00000E+00  3.13468E-03  3.29691E+00
  1.25892E-02  1.31826E-02  1.41044E-03  0.00000E+00  2.19889E+00  0.00000E+00  3.10139E-03  3.30001E+00
  1.31826E-02  1.38038E-02  1.41044E-03  0.00000E+00  2.17617E+00  0.00000E+00  3.06935E-03  3.30308E+00
  1.38038E-02  1.44544E-02  1.41044E-03  0.00000E+00  2.15436E+00  0.00000E+00  3.03858E-03  3.30612E+00
  1.44544E-02  1.51356E-02  1.41044E-03  0.00000E+00  2.13335E+00  0.00000E+00  3.00896E-03  3.30913E+00
  1.51356E-02  1.58489E-02  1.41044E-03  0.00000E+00  2.11316E+00  0.00000E+00  2.98048E-03  3.31211E+00
  1.58489E-02  1.65959E-02  1.41044E-03  0.00000E+00  2.09377E+00  0.00000E+00  2.95313E-03  3.31506E+00
  1.65959E-02  1.73780E-02  1.41044E-03  0.00000E+00  2.07516E+00  0.00000E+00  2.92689E-03  3.31799E+00
  1.73780E-02  1.81970E-02  1.41044E-03  0.00000E+00  2.05729E+00  0.00000E+00  2.90167E-03  3.32089E+00
  1.81970E-02  1.90546E-02  1.41044E-03  0.00000E+00  2.04013E+00  0.00000E+00  2.87747E-03  3.32377E+00
  1.90546E-02  1.99526E-02  1.41044E-03  0.00000E+00  2.02368E+00  0.00000E+00  2.85427E-03  3.32662E+00
  1.99526E-02  2.08930E-02  1.41044E-03  0.00000E+00  2.00790E+00  0.00000E+00  2.83202E-03  3.32945E+00
  2.08930E-02  2.18776E-02  1.41044E-03  0.00000E+00  1.99279E+00  0.00000E+00  2.81071E-03  3.33226E+00
  2.18776E-02  2.29087E-02  1.41044E-03  0.00000E+00  1.97829E+00  0.00000E+00  2.79025E-03  3.33505E+00
  2.29087E-02  2.39883E-02  1.41044E-03  0.00000E+00  1.96440E+00  0.00000E+00  2.77067E-03  3.33782E+00
  2.39883E-02  2.51189E-02  1.41044E-03  0.00000E+00  1.95106E+00  0.00000E+00  2.75185E-03  3.34058E+00
  2.51189E-02  2.63027E-02  1.41044E-03  0.00000E+00  1.93838E+00  0.00000E+00  2.73396E-03  3.34331E+00
  2.63027E-02  2.75423E-02  1.41044E-03  0.00000E+00  1.92620E+00  0.00000E+00  2.71678E-03  3.34603E+00
  2.75423E-02  2.88403E-02  1.41044E-03  0.00000E+00  1.91454E+00  0.00000E+00  2.70034E-03  3.34873E+00
  2.88403E-02  3.01995E-02  1.41044E-03  0.00000E+00  1.90339E+00  0.00000E+00  2.68461E-03  3.35141E+00
  3.01995E-02  3.16228E-02  1.41044E-03  0.00000E+00  1.89274E+00  0.00000E+00  2.66959E-03  3.35408E+00
  3.16228E-02  3.31131E-02  1.41044E-03  0.00000E+00  1.88257E+00  0.00000E+00  2.65524E-03  3.35674E+00
  3.31131E-02  3.46737E-02  1.41044E-03  0.00000E+00  1.87278E+00  0.00000E+00  2.64144E-03  3.35938E+00
  3.46737E-02  3.63078E-02  1.41044E-03  0.00000E+00  1.86345E+00  0.00000E+00  2.62828E-03  3.36201E+00
  3.63078E-02  3.80189E-02  1.41044E-03  0.00000E+00  1.85456E+00  0.00000E+00  2.61574E-03  3.36462E+00
  3.80189E-02  3.98107E-02  1.41044E-03  0.00000E+00  1.84608E+00  0.00000E+00  2.60378E-03  3.36723E+00
  3.98107E-02  4.16869E-02  1.41044E-03  0.00000E+00  1.83791E+00  0.00000E+00  2.59226E-03  3.36982E+00
  4.16869E-02  4.36516E-02  1.41044E-03  0.00000E+00  1.83013E+00  0.00000E+00  2.58128E-03  3.37240E+00
  4.36516E-02  4.57088E-02  1.41044E-03  0.00000E+00  1.82275E+00  0.00000E+00  2.57088E-03  3.37497E+00
  4.57088E-02  4.78630E-02  1.41044E-03  0.00000E+00  1.81563E+00  0.00000E+00  2.56083E-03  3.37753E+00
  4.78630E-02  5.01187E-02  1.41044E-03  0.00000E+00  1.80883E+00  0.00000E+00  2.55125E-03  3.38008E+00
  5.01187E-02  5.24807E-02  1.41044E-03  0.00000E+00  1.80242E+00  0.00000E+00  2.54220E-03  3.38262E+00
  5.24807E-02  5.49541E-02  1.41044E-03  0.00000E+00  1.79619E+00  0.00000E+00  2.53342E-03  3.38516E+00
  5.49541E-02  5.75440E-02  1.41044E-03  0.00000E+00  1.79029E+00  0.00000E+00  2.52509E-03  3.38768E+00
  5.75440E-02  6.02560E-02  1.41044E-03  0.00000E+00  1.78470E+00  0.00000E+00  2.51720E-03  3.39020E+00
  6.02560E-02  6.30957E-02  1.41044E-03  0.00000E+00  1.77925E+00  0.00000E+00  2.50951E-03  3.39271E+00
  6.30957E-02  6.60693E-02  1.41044E-03  0.00000E+00  1.77416E+00  0.00000E+00  2.50234E-03  3.39521E+00
  6.60693E-02  6.91831E-02  1.41044E-03  0.00000E+00  1.76921E+00  0.00000E+00  2.49536E-03  3.39771E+00
  6.91831E-02  7.24436E-02  1.41044E-03  0.00000E+00  1.76453E+00  0.00000E+00  2.48876E-03  3.40020E+00
  7.24436E-02  7.58578E-02  1.41044E-03  0.00000E+00  1.76007E+00  0.00000E+00  2.48247E-03  3.40268E+00
  7.58578E-02  7.94328E-02  1.41044E-03  0.00000E+00  1.75576E+00  0.00000E+00  2.47639E-03  3.40516E+00
  7.94328E-02  8.31764E-02  1.41044E-03  0.00000E+00  1.75172E+00  0.00000E+00  2.47069E-03  3.40763E+00
  8.31764E-02  8.70964E-02  1.41044E-03  0.00000E+00  1.74776E+00  0.00000E+00  2.46511E-03  3.41009E+00
  8.70964E-02  9.12011E-02  1.41044E-03  0.00000E+00  1.74410E+00  0.00000E+00  2.45994E-03  3.41255E+00
  9.12011E-02  9.54993E-02  1.41044E-03  0.00000E+00  1.74048E+00  0.00000E+00  2.45483E-03  3.41501E+00
  9.54993E-02  1.00000E-01  1.41044E-03  0.00000E+00  1.73714E+00  0.00000E+00  2.45012E-03  3.41746E+00
  1.00000E-01  1.04713E-01  1.41044E-03  0.00000E+00  1.73384E+00  0.00000E+00  2.44548E-03  3.41990E+00
  1.04713E-01  1.09648E-01  1.41044E-03  0.00000E+00  1.73078E+00  0.00000E+00  2.44116E-03  3.42234E+00
  1.09648E-01  1.14815E-01  1.41044E-03  0.00000E+00  1.72782E+00  0.00000E+00  2.43698E-03  3.42478E+00
  1.14815E-01  1.20226E-01  1.41044E-03  0.00000E+00  1.72495E+00  0.00000E+00  2.43293E-03  3.42721E+00
  1.20226E-01  1.25893E-01  1.41044E-03  0.00000E+00  1.72232E+00  0.00000E+00  2.42923E-03  3.42964E+00
  1.25893E-01  1.31826E-01  1.41044E-03  0.00000E+00  1.71965E+00  0.00000E+00  2.42546E-03  3.43207E+00
  1.31826E-01  1.38038E-01  1.41044E-03  0.00000E+00  1.71728E+00  0.00000E+00  2.42212E-03  3.43449E+00
  1.38038E-01  1.44544E-01  1.41044E-03  0.00000E+00  1.71487E+00  0.00000E+00  2.41872E-03  3.43691E+00
  1.44544E-01  1.51356E-01  1.41044E-03  0.00000E+00  1.71264E+00  0.00000E+00  2.41557E-03  3.43932E+00
  1.51356E-01  1.58489E-01  1.41044E-03  0.00000E+00  1.71054E+00  0.00000E+00  2.41261E-03  3.44174E+00
  1.58489E-01  1.65959E-01  1.41044E-03  0.00000E+00  1.70840E+00  0.00000E+00  2.40959E-03  3.44415E+00
  1.65959E-01  1.73780E-01  1.41044E-03  0.00000E+00  1.70653E+00  0.00000E+00  2.40695E-03  3.44655E+00
  1.73780E-01  1.81970E-01  1.41044E-03  0.00000E+00  1.70466E+00  0.00000E+00  2.40431E-03  3.44896E+00
  1.81970E-01  1.90546E-01  1.41044E-03  0.00000E+00  1.70279E+00  0.00000E+00  2.40168E-03  3.45136E+00
  1.90546E-01  1.99526E-01  1.41044E-03  0.00000E+00  1.70119E+00  0.00000E+00  2.39942E-03  3.45376E+00
  1.99526E-01  2.08930E-01  1.41044E-03  0.00000E+00  1.69954E+00  0.00000E+00  2.39709E-03  3.45616E+00
  2.08930E-01  2.18776E-01  1.41044E-03  0.00000E+00  1.69791E+00  0.00000E+00  2.39479E-03  3.45855E+00
  2.18776E-01  2.29087E-01  1.41044E-03  0.00000E+00  1.69652E+00  0.00000E+00  2.39284E-03  3.46094E+00
  2.29087E-01  2.39883E-01  1.41044E-03  0.00000E+00  1.69510E+00  0.00000E+00  2.39083E-03  3.46333E+00
  2.39883E-01  2.51189E-01  1.41044E-03  0.00000E+00  1.69365E+00  0.00000E+00  2.38879E-03  3.46572E+00
  2.51189E-01  2.63027E-01  1.41044E-03  0.00000E+00  1.69244E+00  0.00000E+00  2.38708E-03  3.46811E+00
  2.63027E-01  2.75423E-01  1.41044E-03  0.00000E+00  1.69124E+00  0.00000E+00  2.38538E-03  3.47049E+00
  2.75423E-01  2.88403E-01  1.41044E-03  0.00000E+00  1.68998E+00  0.00000E+00  2.38361E-03  3.47288E+00
  2.88403E-01  3.01995E-01  1.41044E-03  0.00000E+00  1.68885E+00  0.00000E+00  2.38201E-03  3.47526E+00
  3.01995E-01  3.16228E-01  1.41044E-03  0.00000E+00  1.68786E+00  0.00000E+00  2.38062E-03  3.47764E+00
  3.16228E-01  3.31131E-01  1.41044E-03  0.00000E+00  1.68682E+00  0.00000E+00  2.37915E-03  3.48002E+00
  3.31131E-01  3.46737E-01  1.41044E-03  0.00000E+00  1.68574E+00  0.00000E+00  2.37763E-03  3.48240E+00
  3.46737E-01  3.63078E-01  1.41044E-03  0.00000E+00  1.68485E+00  0.00000E+00  2.37638E-03  3.48477E+00
  3.63078E-01  3.80189E-01  1.41044E-03  0.00000E+00  1.68402E+00  0.00000E+00  2.37521E-03  3.48715E+00
  3.80189E-01  3.98107E-01  1.41044E-03  0.00000E+00  1.68315E+00  0.00000E+00  2.37398E-03  3.48952E+00
  3.98107E-01  4.16869E-01  1.41044E-03  0.00000E+00  1.68225E+00  0.00000E+00  2.37270E-03  3.49190E+00
  4.16869E-01  4.36516E-01  1.41044E-03  0.00000E+00  1.68150E+00  0.00000E+00  2.37164E-03  3.49427E+00
  4.36516E-01  4.57088E-01  1.41044E-03  0.00000E+00  1.68083E+00  0.00000E+00  2.37070E-03  3.49664E+00
  4.57088E-01  4.78630E-01  1.41044E-03  0.00000E+00  1.68012E+00  0.00000E+00  2.36971E-03  3.49901E+00
  4.78630E-01  5.01187E-01  1.41044E-03  0.00000E+00  1.67939E+00  0.00000E+00  2.36867E-03  3.50138E+00
  5.01187E-01  5.24808E-01  1.41044E-03  0.00000E+00  1.67867E+00  0.00000E+00  2.36766E-03  3.50374E+00
  5.24808E-01  5.49541E-01  1.41044E-03  0.00000E+00  1.67813E+00  0.00000E+00  2.36690E-03  3.50611E+00
  5.49541E-01  5.75440E-01  1.41044E-03  0.00000E+00  1.67759E+00  0.00000E+00  2.36613E-03  3.50848E+00
  5.75440E-01  6.02560E-01  1.41044E-03  0.00000E+00  1.67702E+00  0.00000E+00  2.36533E-03  3.51084E+00
  6.02560E-01  6.30957E-01  1.41044E-03  0.00000E+00  1.67643E+00  0.00000E+00  2.36449E-03  3.51321E+00
  6.30957E-01  6.60693E-01  1.41044E-03  0.00000E+00  1.67584E+00  0.00000E+00  2.36367E-03  3.51557E+00
  6.60693E-01  6.91831E-01  1.41044E-03  0.00000E+00  1.67542E+00  0.00000E+00  2.36307E-03  3.51793E+00
  6.91831E-01  7.24436E-01  1.41044E-03  0.00000E+00  1.67500E+00  0.00000E+00  2.36249E-03  3.52030E+00
  7.24436E-01  7.58578E-01  1.41044E-03  0.00000E+00  1.67457E+00  0.00000E+00  2.36187E-03  3.52266E+00
  7.58578E-01  7.94328E-01  1.41044E-03  0.00000E+00  1.67411E+00  0.00000E+00  2.36123E-03  3.52502E+00
  7.94328E-01  8.31764E-01  1.41044E-03  0.00000E+00  1.67363E+00  0.00000E+00  2.36055E-03  3.52738E+00
  8.31764E-01  8.70964E-01  1.41044E-03  0.00000E+00  1.67321E+00  0.00000E+00  2.35996E-03  3.52974E+00
  8.70964E-01  9.12011E-01  1.41044E-03  0.00000E+00  1.67291E+00  0.00000E+00  2.35954E-03  3.53210E+00
  9.12011E-01  9.54993E-01  1.41044E-03  0.00000E+00  1.67260E+00  0.00000E+00  2.35910E-03  3.53446E+00
  9.54993E-01  1.00000E+00  1.41044E-03  0.00000E+00  1.67227E+00  0.00000E+00  2.35864E-03  3.53682E+00
  1.00000E+00  1.04713E+00  1.41044E-03  0.00000E+00  1.67193E+00  0.00000E+00  2.35816E-03  3.53918E+00
  1.04713E+00  1.09648E+00  1.41044E-03  0.00000E+00  1.67158E+00  0.00000E+00  2.35765E-03  3.54153E+00
  1.09648E+00  1.14815E+00  1.41044E-03  0.00000E+00  1.67121E+00  0.00000E+00  2.35714E-03  3.54389E+00
  1.14815E+00  1.20226E+00  1.41044E-03  0.00000E+00  1.67105E+00  0.00000E+00  2.35690E-03  3.54625E+00
  1.20226E+00  1.25892E+00  1.41044E-03  0.00000E+00  1.67095E+00  0.00000E+00  2.35678E-03  3.54860E+00
  1.25892E+00  1.31826E+00  1.41044E-03  0.00000E+00  1.67086E+00  0.00000E+00  2.35664E-03  3.55096E+00
  1.31826E+00  1.38038E+00  1.41044E-03  0.00000E+00  1.67076E+00  0.00000E+00  2.35650E-03  3.55332E+00
  1.38038E+00  1.44544E+00  1.41044E-03  0.00000E+00  1.67066E+00  0.00000E+00  2.35635E-03  3.55567E+00
  1.44544E+00  1.51356E+00  1.41044E-03  0.00000E+00  1.67055E+00  0.00000E+00  2.35620E-03  3.55803E+00
  1.51356E+00  1.58489E+00  1.41044E-03  0.00000E+00  1.67043E+00  0.00000E+00  2.35604E-03  3.56039E+00
  1.58489E+00  1.65959E+00  1.41044E-03  0.00000E+00  1.67031E+00  0.00000E+00  2.35587E-03  3.56274E+00
  1.65959E+00  1.73780E+00  1.41044E-03  0.00000E+00  1.67019E+00  0.00000E+00  2.35569E-03  3.56510E+00
  1.73780E+00  1.81970E+00  1.41044E-03  0.00000E+00  1.67005E+00  0.00000E+00  2.35551E-03  3.56745E+00
  1.81970E+00  1.90546E+00  1.41044E-03  0.00000E+00  1.66992E+00  0.00000E+00  2.35531E-03  3.56981E+00
  1.90546E+00  1.99526E+00  1.41044E-03  0.00000E+00  1.66977E+00  0.00000E+00  2.35511E-03  3.57216E+00
  1.99526E+00  2.08930E+00  1.41044E-03  0.00000E+00  1.66962E+00  0.00000E+00  2.35490E-03  3.57452E+00
  2.08930E+00  2.18776E+00  1.41044E-03  0.00000E+00  1.66946E+00  0.00000E+00  2.35467E-03  3.57687E+00
  2.18776E+00  2.29087E+00  1.41044E-03  0.00000E+00  1.66930E+00  0.00000E+00  2.35444E-03  3.57923E+00
  2.29087E+00  2.39883E+00  1.41044E-03  0.00000E+00  1.66912E+00  0.00000E+00  2.35420E-03  3.58158E+00
  2.39883E+00  2.51189E+00  1.41044E-03  0.00000E+00  1.66894E+00  0.00000E+00  2.35394E-03  3.58394E+00
  2.51189E+00  2.63027E+00  1.41044E-03  0.00000E+00  1.66875E+00  0.00000E+00  2.35367E-03  3.58629E+00
  2.63027E+00  2.75423E+00  1.41044E-03  0.00000E+00  1.66855E+00  0.00000E+00  2.35339E-03  3.58864E+00
  2.75423E+00  2.88403E+00  1.41044E-03  0.00000E+00  1.66835E+00  0.00000E+00  2.35310E-03  3.59100E+00
  2.88403E+00  3.01995E+00  1.41044E-03  0.00000E+00  1.66813E+00  0.00000E+00  2.35279E-03  3.59335E+00
  3.01995E+00  3.16228E+00  1.41044E-03  0.00000E+00  1.66790E+00  0.00000E+00  2.35247E-03  3.59570E+00
  3.16228E+00  3.31131E+00  1.41044E-03  0.00000E+00  1.66766E+00  0.00000E+00  2.35213E-03  3.59805E+00
  3.31131E+00  3.46737E+00  1.41044E-03  0.00000E+00  1.66741E+00  0.00000E+00  2.35178E-03  3.60040E+00
  3.46737E+00  3.63078E+00  1.41044E-03  0.00000E+00  1.66715E+00  0.00000E+00  2.35141E-03  3.60276E+00
  3.63078E+00  3.80189E+00  1.41044E-03  0.00000E+00  1.66687E+00  0.00000E+00  2.35102E-03  3.60511E+00
  3.80189E+00  3.98107E+00  1.41044E-03  0.00000E+00  1.66676E+00  0.00000E+00  2.35086E-03  3.60746E+00
  3.98107E+00  4.16869E+00  1.41044E-03  0.00000E+00  1.66676E+00  0.00000E+00  2.35086E-03  3.60981E+00
  4.16869E+00  4.36516E+00  1.41044E-03  0.00000E+00  1.66676E+00  0.00000E+00  2.35086E-03  3.61216E+00
  4.36516E+00  4.57088E+00  1.41044E-03  0.00000E+00  1.66676E+00  0.00000E+00  2.35086E-03  3.61451E+00
  4.57088E+00  4.78630E+00  1.41044E-03  0.00000E+00  1.66676E+00  0.00000E+00  2.35086E-03  3.61686E+00
  4.78630E+00  5.01187E+00  1.41044E-03  0.00000E+00  1.66676E+00  0.00000E+00  2.35086E-03  3.61921E+00
  5.01187E+00  5.24808E+00  1.41044E-03  0.00000E+00  1.66676E+00  0.00000E+00  2.35086E-03  3.62156E+00
  5.24808E+00  5.49541E+00  1.41044E-03  0.00000E+00  1.66676E+00  0.00000E+00  2.35086E-03  3.62391E+00
  5.49541E+00  5.75440E+00  1.41044E-03  0.00000E+00  1.66676E+00  0.00000E+00  2.35086E-03  3.62626E+00
  5.75440E+00  6.02560E+00  1.41044E-03  0.00000E+00  1.66676E+00  0.00000E+00  2.35086E-03  3.62862E+00
  6.02560E+00  6.30957E+00  1.41044E-03  0.00000E+00  1.66676E+00  0.00000E+00  2.35086E-03  3.63097E+00
  6.30957E+00  6.60693E+00  1.41044E-03  0.00000E+00  1.66676E+00  0.00000E+00  2.35086E-03  3.63332E+00
  6.60693E+00  6.91831E+00  1.41044E-03  0.00000E+00  1.66676E+00  0.00000E+00  2.35086E-03  3.63567E+00
  6.91831E+00  7.24436E+00  1.41044E-03  0.00000E+00  1.66676E+00  0.00000E+00  2.35086E-03  3.63802E+00
  7.24436E+00  7.58578E+00  1.41044E-03  0.00000E+00  1.66676E+00  0.00000E+00  2.35086E-03  3.64037E+00
  7.58578E+00  7.94328E+00  1.41044E-03  0.00000E+00  1.66676E+00  0.00000E+00  2.35086E-03  3.64272E+00
  7.94328E+00  8.31764E+00  1.41044E-03  0.00000E+00  1.66676E+00  0.00000E+00  2.35085E-03  3.64507E+00
  8.31764E+00  8.70964E+00  1.41044E-03  0.00000E+00  1.66676E+00  0.00000E+00  2.35085E-03  3.64742E+00
  8.70964E+00  9.12011E+00  1.41044E-03  0.00000E+00  1.66675E+00  0.00000E+00  2.35085E-03  3.64977E+00
  9.12011E+00  9.54993E+00  1.41044E-03  0.00000E+00  1.66675E+00  0.00000E+00  2.35085E-03  3.65212E+00
  9.54993E+00  1.00000E+01  1.41044E-03  0.00000E+00  1.66675E+00  0.00000E+00  2.35085E-03  3.65448E+00
  1.00000E+01  1.04713E+01  1.41044E-03  0.00000E+00  1.66675E+00  0.00000E+00  2.35085E-03  3.65683E+00
  1.04713E+01  1.09648E+01  1.41044E-03  0.00000E+00  1.66675E+00  0.00000E+00  2.35085E-03  3.65918E+00
  1.09648E+01  1.14815E+01  1.41044E-03  0.00000E+00  1.66675E+00  0.00000E+00  2.35085E-03  3.66153E+00
  1.14815E+01  1.20226E+01  1.41044E-03  0.00000E+00  1.66675E+00  0.00000E+00  2.35085E-03  3.66388E+00
  1.20226E+01  1.25892E+01  1.41044E-03  0.00000E+00  1.66675E+00  0.00000E+00  2.35085E-03  3.66623E+00
  1.25892E+01  1.31826E+01  1.41044E-03  0.00000E+00  1.66675E+00  0.00000E+00  2.35084E-03  3.66858E+00
  1.31826E+01  1.38038E+01  1.41044E-03  0.00000E+00  1.66675E+00  0.00000E+00  2.35084E-03  3.67093E+00
  1.38038E+01  1.44544E+01  1.41044E-03  0.00000E+00  1.66675E+00  0.00000E+00  2.35084E-03  3.67328E+00
  1.44544E+01  1.51356E+01  1.41044E-03  0.00000E+00  1.66675E+00  0.00000E+00  2.35084E-03  3.67563E+00
  1.51356E+01  1.58489E+01  1.41044E-03  0.00000E+00  1.66675E+00  0.00000E+00  2.35084E-03  3.67798E+00
  1.58489E+01  1.65959E+01  1.41044E-03  0.00000E+00  1.66674E+00  0.00000E+00  2.35084E-03  3.68033E+00
  1.65959E+01  1.73780E+01  1.41044E-03  0.00000E+00  1.66674E+00  0.00000E+00  2.35084E-03  3.68269E+00
  1.73780E+01  1.81970E+01  1.41044E-03  0.00000E+00  1.66674E+00  0.00000E+00  2.35083E-03  3.68504E+00
  1.81970E+01  1.90546E+01  1.41044E-03  0.00000E+00  1.66674E+00  0.00000E+00  2.35083E-03  3.68739E+00
  1.90546E+01  1.99526E+01  1.41044E-03  0.00000E+00  1.66674E+00  0.00000E+00  2.35083E-03  3.68974E+00
  1.99526E+01  2.08930E+01  1.41044E-03  0.00000E+00  1.66674E+00  0.00000E+00  2.35083E-03  3.69209E+00
  2.08930E+01  2.18776E+01  1.41044E-03  0.00000E+00  1.66674E+00  0.00000E+00  2.35083E-03  3.69444E+00
  2.18776E+01  2.29087E+01  1.41044E-03  0.00000E+00  1.66674E+00  0.00000E+00  2.35083E-03  3.69679E+00
  2.29087E+01  2.39883E+01  1.41044E-03  0.00000E+00  1.66673E+00  0.00000E+00  2.35082E-03  3.69914E+00
  2.39883E+01  2.51189E+01  1.41044E-03  0.00000E+00  1.66673E+00  0.00000E+00  2.35082E-03  3.70149E+00
  2.51189E+01  2.63027E+01  1.41044E-03  0.00000E+00  1.66673E+00  0.00000E+00  2.35082E-03  3.70384E+00
  2.63027E+01  2.75423E+01  1.41044E-03  0.00000E+00  1.66673E+00  0.00000E+00  2.35082E-03  3.70619E+00
  2.75423E+01  2.88403E+01  1.41044E-03  0.00000E+00  1.66673E+00  0.00000E+00  2.35081E-03  3.70854E+00
  2.88403E+01  3.01995E+01  1.41044E-03  0.00000E+00  1.66672E+00  0.00000E+00  2.35081E-03  3.71090E+00
  3.01995E+01  3.16228E+01  1.41044E-03  0.00000E+00  1.66672E+00  0.00000E+00  2.35081E-03  3.71325E+00
  3.16228E+01  3.31131E+01  1.41044E-03  0.00000E+00  1.66672E+00  0.00000E+00  2.35080E-03  3.71560E+00
  3.31131E+01  3.46737E+01  1.41044E-03  0.00000E+00  1.66672E+00  0.00000E+00  2.35080E-03  3.71795E+00
  3.46737E+01  3.63078E+01  1.41044E-03  0.00000E+00  1.66672E+00  0.00000E+00  2.35080E-03  3.72030E+00
  3.63078E+01  3.80189E+01  1.41044E-03  0.00000E+00  1.66671E+00  0.00000E+00  2.35079E-03  3.72265E+00
  3.80189E+01  3.98107E+01  1.41044E-03  0.00000E+00  1.66671E+00  0.00000E+00  2.35079E-03  3.72500E+00
  3.98107E+01  4.16869E+01  1.41044E-03  0.00000E+00  1.66671E+00  0.00000E+00  2.35079E-03  3.72735E+00
  4.16869E+01  4.36516E+01  1.41044E-03  0.00000E+00  1.66671E+00  0.00000E+00  2.35078E-03  3.72970E+00
  4.36516E+01  4.57088E+01  1.41044E-03  0.00000E+00  1.66670E+00  0.00000E+00  2.35078E-03  3.73205E+00
  4.57088E+01  4.78630E+01  1.41044E-03  0.00000E+00  1.66670E+00  0.00000E+00  2.35078E-03  3.73440E+00
  4.78630E+01  5.01187E+01  1.41044E-03  0.00000E+00  1.66670E+00  0.00000E+00  2.35077E-03  3.73675E+00
  5.01187E+01  5.24808E+01  1.41044E-03  0.00000E+00  1.66669E+00  0.00000E+00  2.35077E-03  3.73910E+00
  5.24808E+01  5.49541E+01  1.41044E-03  0.00000E+00  1.66669E+00  0.00000E+00  2.35076E-03  3.74146E+00
  5.49541E+01  5.75440E+01  1.41044E-03  0.00000E+00  1.66669E+00  0.00000E+00  2.35076E-03  3.74381E+00
  5.75440E+01  6.02560E+01  1.41044E-03  0.00000E+00  1.66668E+00  0.00000E+00  2.35075E-03  3.74616E+00
  6.02560E+01  6.30957E+01  1.41044E-03  0.00000E+00  1.66668E+00  0.00000E+00  2.35074E-03  3.74851E+00
  6.30957E+01  6.60693E+01  1.41044E-03  0.00000E+00  1.66667E+00  0.00000E+00  2.35074E-03  3.75086E+00
  6.60693E+01  6.91831E+01  1.41044E-03  0.00000E+00  1.66667E+00  0.00000E+00  2.35073E-03  3.75321E+00
  6.91831E+01  7.24436E+01  1.41044E-03  0.00000E+00  1.66666E+00  0.00000E+00  2.35073E-03  3.75556E+00
  7.24436E+01  7.58578E+01  1.41044E-03  0.00000E+00  1.66666E+00  0.00000E+00  2.35072E-03  3.75791E+00
  7.58578E+01  7.94328E+01  1.41044E-03  0.00000E+00  1.66665E+00  0.00000E+00  2.35071E-03  3.76026E+00
  7.94328E+01  8.31764E+01  1.41044E-03  0.00000E+00  1.66665E+00  0.00000E+00  2.35070E-03  3.76261E+00
  8.31764E+01  8.70964E+01  1.41044E-03  0.00000E+00  1.66664E+00  0.00000E+00  2.35070E-03  3.76496E+00
  8.70964E+01  9.12011E+01  1.41044E-03  0.00000E+00  1.66664E+00  0.00000E+00  2.35069E-03  3.76731E+00
  9.12011E+01  9.54993E+01  1.41044E-03  0.00000E+00  1.66663E+00  0.00000E+00  2.35068E-03  3.76966E+00
  9.54993E+01  1.00000E+02  1.41044E-03  0.00000E+00  1.66663E+00  0.00000E+00  2.35067E-03  3.77201E+00
  1.00000E+02  1.04713E+02  1.41044E-03  0.00000E+00  1.66662E+00  0.00000E+00  2.35066E-03  3.77437E+00
  1.04713E+02  1.09648E+02  1.41044E-03  0.00000E+00  1.66661E+00  0.00000E+00  2.35065E-03  3.77672E+00
  1.09648E+02  1.14815E+02  1.41044E-03  0.00000E+00  1.66660E+00  0.00000E+00  2.35064E-03  3.77907E+00
  1.14815E+02  1.20226E+02  1.41044E-03  0.00000E+00  1.66660E+00  0.00000E+00  2.35063E-03  3.78142E+00
  1.20226E+02  1.25893E+02  1.41044E-03  0.00000E+00  1.66659E+00  0.00000E+00  2.35062E-03  3.78377E+00
  1.25893E+02  1.31826E+02  1.41044E-03  0.00000E+00  1.66658E+00  0.00000E+00  2.35061E-03  3.78612E+00
  1.31826E+02  1.38038E+02  1.41044E-03  0.00000E+00  1.66657E+00  0.00000E+00  2.35059E-03  3.78847E+00
  1.38038E+02  1.44544E+02  1.41044E-03  0.00000E+00  1.66656E+00  0.00000E+00  2.35058E-03  3.79082E+00
  1.44544E+02  1.51356E+02  1.41044E-03  0.00000E+00  1.66655E+00  0.00000E+00  2.35057E-03  3.79317E+00
  1.51356E+02  1.58489E+02  1.41044E-03  0.00000E+00  1.66654E+00  0.00000E+00  2.35055E-03  3.79552E+00
  1.58489E+02  1.65959E+02  1.41044E-03  0.00000E+00  1.66653E+00  0.00000E+00  2.35054E-03  3.79787E+00
  1.65959E+02  1.73780E+02  1.41044E-03  0.00000E+00  1.66652E+00  0.00000E+00  2.35052E-03  3.80022E+00
  1.73780E+02  1.81970E+02  1.41044E-03  0.00000E+00  1.66651E+00  0.00000E+00  2.35050E-03  3.80257E+00
  1.81970E+02  1.90546E+02  1.41044E-03  0.00000E+00  1.66650E+00  0.00000E+00  2.35049E-03  3.80492E+00
  1.90546E+02  1.99526E+02  1.41044E-03  0.00000E+00  1.66648E+00  0.00000E+00  2.35047E-03  3.80727E+00
  1.99526E+02  2.08930E+02  1.41044E-03  0.00000E+00  1.66647E+00  0.00000E+00  2.35045E-03  3.80962E+00
  2.08930E+02  2.18776E+02  1.41044E-03  0.00000E+00  1.66646E+00  0.00000E+00  2.35043E-03  3.81197E+00
  2.18776E+02  2.29087E+02  1.41044E-03  0.00000E+00  1.66644E+00  0.00000E+00  2.35041E-03  3.81432E+00
  2.29087E+02  2.39883E+02  1.41044E-03  0.00000E+00  1.66643E+00  0.00000E+00  2.35039E-03  3.81668E+00
  2.39883E+02  2.51189E+02  1.41044E-03  0.00000E+00  1.66641E+00  0.00000E+00  2.35037E-03  3.81903E+00
  2.51189E+02  2.63027E+02  1.41044E-03  0.00000E+00  1.66639E+00  0.00000E+00  2.35034E-03  3.82138E+00
  2.63027E+02  2.75423E+02  1.41044E-03  0.00000E+00  1.66637E+00  0.00000E+00  2.35032E-03  3.82373E+00
  2.75423E+02  2.88403E+02  1.41044E-03  0.00000E+00  1.66636E+00  0.00000E+00  2.35029E-03  3.82608E+00
  2.88403E+02  3.01995E+02  1.41044E-03  0.00000E+00  1.66634E+00  0.00000E+00  2.35026E-03  3.82843E+00
  3.01995E+02  3.16228E+02  1.41044E-03  0.00000E+00  1.66632E+00  0.00000E+00  2.35023E-03  3.83078E+00
  3.16228E+02  3.31131E+02  1.41044E-03  0.00000E+00  1.66629E+00  0.00000E+00  2.35020E-03  3.83313E+00
  3.31131E+02  3.46737E+02  1.41044E-03  0.00000E+00  1.66627E+00  0.00000E+00  2.35017E-03  3.83548E+00
  3.46737E+02  3.63078E+02  1.41044E-03  0.00000E+00  1.66625E+00  0.00000E+00  2.35014E-03  3.83783E+00
  3.63078E+02  3.80189E+02  1.41044E-03  0.00000E+00  1.66622E+00  0.00000E+00  2.35011E-03  3.84018E+00
  3.80189E+02  3.98107E+02  1.41044E-03  0.00000E+00  1.66620E+00  0.00000E+00  2.35007E-03  3.84253E+00
  3.98107E+02  4.16869E+02  1.41044E-03  0.00000E+00  1.66617E+00  0.00000E+00  2.35003E-03  3.84488E+00
  4.16869E+02  4.36516E+02  1.41044E-03  0.00000E+00  1.66614E+00  0.00000E+00  2.34999E-03  3.84723E+00
  4.36516E+02  4.57088E+02  1.41044E-03  0.00000E+00  1.66611E+00  0.00000E+00  2.34995E-03  3.84958E+00
  4.57088E+02  4.78630E+02  1.41044E-03  0.00000E+00  1.66608E+00  0.00000E+00  2.34991E-03  3.85193E+00
  4.78630E+02  5.01187E+02  1.41044E-03  0.00000E+00  1.66605E+00  0.00000E+00  2.34986E-03  3.85428E+00
  5.01187E+02  5.24807E+02  1.41044E-03  0.00000E+00  1.66602E+00  0.00000E+00  2.34981E-03  3.85663E+00
  5.24807E+02  5.49541E+02  1.41044E-03  0.00000E+00  1.66598E+00  0.00000E+00  2.34976E-03  3.85898E+00
  5.49541E+02  5.75440E+02  1.41044E-03  0.00000E+00  1.66595E+00  0.00000E+00  2.34971E-03  3.86133E+00
  5.75440E+02  6.02560E+02  1.41044E-03  0.00000E+00  1.66591E+00  0.00000E+00  2.34966E-03  3.86368E+00
  6.02560E+02  6.30957E+02  1.41044E-03  0.00000E+00  1.66587E+00  0.00000E+00  2.34960E-03  3.86603E+00
  6.30957E+02  6.60693E+02  1.41044E-03  0.00000E+00  1.66582E+00  0.00000E+00  2.34954E-03  3.86838E+00
  6.60693E+02  6.91831E+02  1.41044E-03  0.00000E+00  1.66578E+00  0.00000E+00  2.34948E-03  3.87072E+00
  6.91831E+02  7.24436E+02  1.41044E-03  0.00000E+00  1.66573E+00  0.00000E+00  2.34941E-03  3.87307E+00
  7.24436E+02  7.58578E+02  1.41044E-03  0.00000E+00  1.66568E+00  0.00000E+00  2.34934E-03  3.87542E+00
  7.58578E+02  7.94328E+02  1.41044E-03  0.00000E+00  1.66563E+00  0.00000E+00  2.34927E-03  3.87777E+00
  7.94328E+02  8.31764E+02  1.41044E-03  0.00000E+00  1.66558E+00  0.00000E+00  2.34920E-03  3.88012E+00
  8.31764E+02  8.70964E+02  1.41044E-03  0.00000E+00  1.66552E+00  0.00000E+00  2.34912E-03  3.88247E+00
  8.70964E+02  9.12011E+02  1.41044E-03  0.00000E+00  1.66546E+00  0.00000E+00  2.34903E-03  3.88482E+00
  9.12011E+02  9.54993E+02  1.41044E-03  0.00000E+00  1.66540E+00  0.00000E+00  2.34895E-03  3.88717E+00
  9.54993E+02  1.00000E+03  1.41044E-03  0.00000E+00  1.66534E+00  0.00000E+00  2.34886E-03  3.88952E+00
  1.00000E+03  1.04713E+03  1.41044E-03  0.00000E+00  1.66527E+00  0.00000E+00  2.34876E-03  3.89187E+00
  1.04713E+03  1.09648E+03  1.41044E-03  0.00000E+00  1.66520E+00  0.00000E+00  2.34866E-03  3.89422E+00
  1.09648E+03  1.14815E+03  1.41044E-03  0.00000E+00  1.66513E+00  0.00000E+00  2.34856E-03  3.89656E+00
  1.14815E+03  1.20226E+03  1.41044E-03  0.00000E+00  1.66505E+00  0.00000E+00  2.34845E-03  3.89891E+00
  1.20226E+03  1.25893E+03  1.41044E-03  0.00000E+00  1.66497E+00  0.00000E+00  2.34833E-03  3.90126E+00
  1.25893E+03  1.31826E+03  1.41044E-03  0.00000E+00  1.66488E+00  0.00000E+00  2.34821E-03  3.90361E+00
  1.31826E+03  1.38038E+03  1.41044E-03  0.00000E+00  1.66480E+00  0.00000E+00  2.34809E-03  3.90596E+00
  1.38038E+03  1.44544E+03  1.41044E-03  0.00000E+00  1.66470E+00  0.00000E+00  2.34796E-03  3.90831E+00
  1.44544E+03  1.51356E+03  1.41044E-03  0.00000E+00  1.66461E+00  0.00000E+00  2.34782E-03  3.91065E+00
  1.51356E+03  1.58489E+03  1.41044E-03  0.00000E+00  1.66450E+00  0.00000E+00  2.34768E-03  3.91300E+00
  1.58489E+03  1.65959E+03  1.41044E-03  0.00000E+00  1.66443E+00  0.00000E+00  2.34758E-03  3.91535E+00
  1.65959E+03  1.73780E+03  1.41044E-03  0.00000E+00  1.66442E+00  0.00000E+00  2.34755E-03  3.91770E+00
  1.73780E+03  1.81970E+03  1.41044E-03  0.00000E+00  1.66440E+00  0.00000E+00  2.34753E-03  3.92004E+00
  1.81970E+03  1.90546E+03  1.41044E-03  0.00000E+00  1.66437E+00  0.00000E+00  2.34750E-03  3.92239E+00
  1.90546E+03  1.99526E+03  1.41044E-03  0.00000E+00  1.66435E+00  0.00000E+00  2.34747E-03  3.92474E+00
  1.99526E+03  2.08930E+03  1.41044E-03  0.00000E+00  1.66433E+00  0.00000E+00  2.34743E-03  3.92709E+00
  2.08930E+03  2.18776E+03  1.41044E-03  0.00000E+00  1.66431E+00  0.00000E+00  2.34740E-03  3.92943E+00
  2.18776E+03  2.29087E+03  1.41044E-03  0.00000E+00  1.66428E+00  0.00000E+00  2.34737E-03  3.93178E+00
  2.29087E+03  2.39883E+03  1.41044E-03  0.00000E+00  1.66426E+00  0.00000E+00  2.34733E-03  3.93413E+00
  2.39883E+03  2.51189E+03  1.41044E-03  0.00000E+00  1.66423E+00  0.00000E+00  2.34729E-03  3.93647E+00
  2.51189E+03  2.63027E+03  1.41044E-03  0.00000E+00  1.66420E+00  0.00000E+00  2.34725E-03  3.93882E+00
  2.63027E+03  2.75423E+03  1.41044E-03  0.00000E+00  1.66417E+00  0.00000E+00  2.34721E-03  3.94117E+00
  2.75423E+03  2.88403E+03  1.41044E-03  0.00000E+00  1.66414E+00  0.00000E+00  2.34716E-03  3.94352E+00
  2.88403E+03  3.01995E+03  1.41044E-03  0.00000E+00  1.66411E+00  0.00000E+00  2.34712E-03  3.94586E+00
  3.01995E+03  3.16228E+03  1.41044E-03  0.00000E+00  1.66407E+00  0.00000E+00  2.34707E-03  3.94821E+00
  3.16228E+03  3.31131E+03  1.41044E-03  0.00000E+00  1.66404E+00  0.00000E+00  2.34702E-03  3.95056E+00
  3.31131E+03  3.46737E+03  1.41044E-03  0.00000E+00  1.66400E+00  0.00000E+00  2.34697E-03  3.95290E+00
  3.46737E+03  3.63078E+03  1.41044E-03  0.00000E+00  1.66396E+00  0.00000E+00  2.34691E-03  3.95525E+00
  3.63078E+03  3.80189E+03  1.41044E-03  0.00000E+00  1.66392E+00  0.00000E+00  2.34685E-03  3.95760E+00
  3.80189E+03  3.98107E+03  1.41044E-03  0.00000E+00  1.66387E+00  0.00000E+00  2.34679E-03  3.95995E+00
  3.98107E+03  4.16869E+03  1.41044E-03  0.00000E+00  1.66383E+00  0.00000E+00  2.34673E-03  3.96229E+00
  4.16869E+03  4.36516E+03  1.41044E-03  0.00000E+00  1.66378E+00  0.00000E+00  2.34666E-03  3.96464E+00
  4.36516E+03  4.57088E+03  1.41044E-03  0.00000E+00  1.66373E+00  0.00000E+00  2.34659E-03  3.96699E+00
  4.57088E+03  4.78630E+03  1.41044E-03  0.00000E+00  1.66368E+00  0.00000E+00  2.34652E-03  3.96933E+00
  4.78630E+03  5.01187E+03  1.41044E-03  0.00000E+00  1.66363E+00  0.00000E+00  2.34644E-03  3.97168E+00
  5.01187E+03  5.24808E+03  1.41044E-03  0.00000E+00  1.66357E+00  0.00000E+00  2.34636E-03  3.97402E+00
  5.24808E+03  5.49541E+03  1.41044E-03  0.00000E+00  1.66351E+00  0.00000E+00  2.34628E-03  3.97637E+00
  5.49541E+03  5.75440E+03  1.41044E-03  0.00000E+00  1.66345E+00  0.00000E+00  2.34619E-03  3.97872E+00
  5.75440E+03  6.02560E+03  1.41044E-03  0.00000E+00  1.66338E+00  0.00000E+00  2.34610E-03  3.98106E+00
  6.02560E+03  6.30957E+03  1.41044E-03  0.00000E+00  1.66331E+00  0.00000E+00  2.34600E-03  3.98341E+00
  6.30957E+03  6.60693E+03  1.41044E-03  0.00000E+00  1.66324E+00  0.00000E+00  2.34590E-03  3.98576E+00
  6.60693E+03  6.91831E+03  1.41044E-03  0.00000E+00  1.66317E+00  0.00000E+00  2.34579E-03  3.98810E+00
  6.91831E+03  7.24436E+03  1.41044E-03  0.00000E+00  1.66309E+00  0.00000E+00  2.34568E-03  3.99045E+00
  7.24436E+03  7.58578E+03  1.41044E-03  0.00000E+00  1.66301E+00  0.00000E+00  2.34557E-03  3.99279E+00
  7.58578E+03  7.94328E+03  1.41044E-03  0.00000E+00  1.66292E+00  0.00000E+00  2.34544E-03  3.99514E+00
  7.94328E+03  8.31764E+03  1.41044E-03  0.00000E+00  1.66283E+00  0.00000E+00  2.34532E-03  3.99748E+00
  8.31764E+03  8.70964E+03  1.41044E-03  0.00000E+00  1.66274E+00  0.00000E+00  2.34518E-03  3.99983E+00
  8.70964E+03  9.12011E+03  1.41044E-03  0.00000E+00  1.66264E+00  0.00000E+00  2.34504E-03  4.00217E+00
  9.12011E+03  9.54993E+03  1.41044E-03  0.00000E+00  1.66253E+00  0.00000E+00  2.34490E-03  4.00452E+00
  9.54993E+03  1.00000E+04  1.41044E-03  0.00000E+00  1.66242E+00  0.00000E+00  2.34474E-03  4.00686E+00
  1.00000E+04  1.04713E+04  1.41044E-03  0.00000E+00  1.66231E+00  0.00000E+00  2.34458E-03  4.00921E+00
  1.04713E+04  1.09648E+04  1.41044E-03  0.00000E+00  1.66219E+00  0.00000E+00  2.34442E-03  4.01155E+00
  1.09648E+04  1.14815E+04  1.41044E-03  0.00000E+00  1.66207E+00  0.00000E+00  2.34424E-03  4.01390E+00
  1.14815E+04  1.20226E+04  1.41044E-03  0.00000E+00  1.66194E+00  0.00000E+00  2.34406E-03  4.01624E+00
  1.20226E+04  1.25892E+04  1.41044E-03  0.00000E+00  1.66180E+00  0.00000E+00  2.34386E-03  4.01858E+00
  1.25892E+04  1.31826E+04  1.41044E-03  0.00000E+00  1.66166E+00  0.00000E+00  2.34366E-03  4.02093E+00
  1.31826E+04  1.38038E+04  1.41044E-03  0.00000E+00  1.66151E+00  0.00000E+00  2.34345E-03  4.02327E+00
  1.38038E+04  1.44544E+04  1.41044E-03  0.00000E+00  1.66135E+00  0.00000E+00  2.34323E-03  4.02561E+00
  1.44544E+04  1.51356E+04  1.41044E-03  0.00000E+00  1.66119E+00  0.00000E+00  2.34300E-03  4.02796E+00
  1.51356E+04  1.58489E+04  1.41044E-03  0.00000E+00  1.66101E+00  0.00000E+00  2.34276E-03  4.03030E+00
  1.58489E+04  1.65959E+04  1.41044E-03  0.00000E+00  1.66083E+00  0.00000E+00  2.34250E-03  4.03264E+00
  1.65959E+04  1.73780E+04  1.41044E-03  0.00000E+00  1.66065E+00  0.00000E+00  2.34224E-03  4.03498E+00
  1.73780E+04  1.81970E+04  1.41044E-03  0.00000E+00  1.66045E+00  0.00000E+00  2.34196E-03  4.03733E+00
  1.81970E+04  1.90546E+04  1.41044E-03  0.00000E+00  1.66024E+00  0.00000E+00  2.34167E-03  4.03967E+00
  1.90546E+04  1.99526E+04  1.41044E-03  0.00000E+00  1.66003E+00  0.00000E+00  2.34136E-03  4.04201E+00
  1.99526E+04  2.08930E+04  1.41044E-03  0.00000E+00  1.65980E+00  0.00000E+00  2.34104E-03  4.04435E+00
  2.08930E+04  2.18776E+04  1.41044E-03  0.00000E+00  1.65956E+00  0.00000E+00  2.34071E-03  4.04669E+00
  2.18776E+04  2.29087E+04  1.41044E-03  0.00000E+00  1.65931E+00  0.00000E+00  2.34036E-03  4.04903E+00
  2.29087E+04  2.39883E+04  1.41044E-03  0.00000E+00  1.65905E+00  0.00000E+00  2.33999E-03  4.05137E+00
  2.39883E+04  2.51189E+04  1.41044E-03  0.00000E+00  1.65878E+00  0.00000E+00  2.33961E-03  4.05371E+00
  2.51189E+04  2.63027E+04  1.41044E-03  0.00000E+00  1.65849E+00  0.00000E+00  2.33920E-03  4.05605E+00
  2.63027E+04  2.75423E+04  1.41044E-03  0.00000E+00  1.65820E+00  0.00000E+00  2.33878E-03  4.05839E+00
  2.75423E+04  2.88403E+04  1.41044E-03  0.00000E+00  1.65788E+00  0.00000E+00  2.33834E-03  4.06073E+00
  2.88403E+04  3.01995E+04  1.41044E-03  0.00000E+00  1.65756E+00  0.00000E+00  2.33788E-03  4.06307E+00
  3.01995E+04  3.16228E+04  1.41044E-03  0.00000E+00  1.65721E+00  0.00000E+00  2.33739E-03  4.06540E+00
  3.16228E+04  3.31131E+04  1.41044E-03  0.00000E+00  1.65685E+00  0.00000E+00  2.33689E-03  4.06774E+00
  3.31131E+04  3.46737E+04  1.41044E-03  0.00000E+00  1.65648E+00  0.00000E+00  2.33636E-03  4.07008E+00
  3.46737E+04  3.63078E+04  1.41044E-03  0.00000E+00  1.65608E+00  0.00000E+00  2.33580E-03  4.07241E+00
  3.63078E+04  3.80189E+04  1.41044E-03  0.00000E+00  1.65567E+00  0.00000E+00  2.33522E-03  4.07475E+00
  3.80189E+04  3.98107E+04  1.41044E-03  0.00000E+00  1.65524E+00  0.00000E+00  2.33461E-03  4.07708E+00
  3.98107E+04  4.16869E+04  1.41044E-03  0.00000E+00  1.65479E+00  0.00000E+00  2.33397E-03  4.07942E+00
  4.16869E+04  4.36516E+04  1.41044E-03  0.00000E+00  1.65431E+00  0.00000E+00  2.33331E-03  4.08175E+00
  4.36516E+04  4.57088E+04  1.41044E-03  0.00000E+00  1.65382E+00  0.00000E+00  2.33261E-03  4.08408E+00
  4.57088E+04  4.78630E+04  1.41044E-03  0.00000E+00  1.65330E+00  0.00000E+00  2.33187E-03  4.08641E+00
  4.78630E+04  5.01187E+04  1.41044E-03  0.00000E+00  1.65276E+00  0.00000E+00  2.33111E-03  4.08874E+00
  5.01187E+04  5.24808E+04  1.41044E-03  0.00000E+00  1.65219E+00  0.00000E+00  2.33030E-03  4.09108E+00
  5.24808E+04  5.49541E+04  1.41044E-03  0.00000E+00  1.65159E+00  0.00000E+00  2.32946E-03  4.09340E+00
  5.49541E+04  5.75440E+04  1.41044E-03  0.00000E+00  1.65097E+00  0.00000E+00  2.32858E-03  4.09573E+00
  5.75440E+04  6.02560E+04  1.41044E-03  0.00000E+00  1.65031E+00  0.00000E+00  2.32766E-03  4.09806E+00
  6.02560E+04  6.30957E+04  1.41044E-03  0.00000E+00  1.64963E+00  0.00000E+00  2.32670E-03  4.10039E+00
  6.30957E+04  6.60693E+04  1.41044E-03  0.00000E+00  1.64891E+00  0.00000E+00  2.32569E-03  4.10271E+00
  6.60693E+04  6.91831E+04  1.41044E-03  0.00000E+00  1.64816E+00  0.00000E+00  2.32463E-03  4.10504E+00
  6.91831E+04  7.24436E+04  1.41044E-03  0.00000E+00  1.64737E+00  0.00000E+00  2.32352E-03  4.10736E+00
  7.24436E+04  7.58578E+04  1.41044E-03  0.00000E+00  1.64655E+00  0.00000E+00  2.32236E-03  4.10968E+00
  7.58578E+04  7.94328E+04  1.41044E-03  0.00000E+00  1.64569E+00  0.00000E+00  2.32114E-03  4.11200E+00
  7.94328E+04  8.31764E+04  1.41044E-03  0.00000E+00  1.64479E+00  0.00000E+00  2.31987E-03  4.11432E+00
  8.31764E+04  8.70964E+04  1.41044E-03  0.00000E+00  1.64384E+00  0.00000E+00  2.31854E-03  4.11664E+00
  8.70964E+04  9.12011E+04  1.41044E-03  0.00000E+00  1.64285E+00  0.00000E+00  2.31714E-03  4.11896E+00
  9.12011E+04  9.54993E+04  1.41044E-03  0.00000E+00  1.64182E+00  0.00000E+00  2.31568E-03  4.12128E+00
  9.54993E+04  1.00000E+05  1.41044E-03  0.00000E+00  1.64073E+00  0.00000E+00  2.31415E-03  4.12359E+00
  1.00000E+05  1.04713E+05  1.41044E-03  0.00000E+00  1.63960E+00  0.00000E+00  2.31255E-03  4.12590E+00
  1.04713E+05  1.09648E+05  1.41044E-03  0.00000E+00  1.63841E+00  0.00000E+00  2.31087E-03  4.12821E+00
  1.09648E+05  1.14815E+05  1.41044E-03  0.00000E+00  1.63716E+00  0.00000E+00  2.30911E-03  4.13052E+00
  1.14815E+05  1.20226E+05  1.41044E-03  0.00000E+00  1.63586E+00  0.00000E+00  2.30727E-03  4.13283E+00
  1.20226E+05  1.25892E+05  1.41044E-03  0.00000E+00  1.63449E+00  0.00000E+00  2.30535E-03  4.13514E+00
  1.25892E+05  1.31826E+05  1.41044E-03  0.00000E+00  1.63306E+00  0.00000E+00  2.30333E-03  4.13744E+00
  1.31826E+05  1.38038E+05  1.41044E-03  0.00000E+00  1.63156E+00  0.00000E+00  2.30122E-03  4.13974E+00
  1.38038E+05  1.44544E+05  1.41044E-03  0.00000E+00  1.63000E+00  0.00000E+00  2.29901E-03  4.14204E+00
  1.44544E+05  1.51356E+05  1.41044E-03  0.00000E+00  1.62836E+00  0.00000E+00  2.29669E-03  4.14434E+00
  1.51356E+05  1.58489E+05  1.41044E-03  0.00000E+00  1.62664E+00  0.00000E+00  2.29427E-03  4.14663E+00
  1.58489E+05  1.65959E+05  1.41044E-03  0.00000E+00  1.62507E+00  0.00000E+00  2.29206E-03  4.14892E+00
  1.65959E+05  1.73780E+05  1.41044E-03  0.00000E+00  1.62381E+00  0.00000E+00  2.29028E-03  4.15121E+00
  1.73780E+05  1.81970E+05  1.41044E-03  0.00000E+00  1.62250E+00  0.00000E+00  2.28843E-03  4.15350E+00
  1.81970E+05  1.90546E+05  1.41044E-03  0.00000E+00  1.62112E+00  0.00000E+00  2.28649E-03  4.15579E+00
  1.90546E+05  1.99526E+05  1.41044E-03  0.00000E+00  1.61968E+00  0.00000E+00  2.28445E-03  4.15807E+00
  1.99526E+05  2.08930E+05  1.41044E-03  0.00000E+00  1.61817E+00  0.00000E+00  2.28232E-03  4.16035E+00
  2.08930E+05  2.18776E+05  1.41044E-03  0.00000E+00  1.61658E+00  0.00000E+00  2.28009E-03  4.16263E+00
  2.18776E+05  2.29087E+05  1.41044E-03  0.00000E+00  1.61493E+00  0.00000E+00  2.27775E-03  4.16491E+00
  2.29087E+05  2.39883E+05  1.41044E-03  0.00000E+00  1.61319E+00  0.00000E+00  2.27531E-03  4.16719E+00
  2.39883E+05  2.51189E+05  1.41044E-03  0.00000E+00  1.61138E+00  0.00000E+00  2.27275E-03  4.16946E+00
  2.51189E+05  2.63027E+05  1.41044E-03  0.00000E+00  1.60948E+00  0.00000E+00  2.27007E-03  4.17173E+00
  2.63027E+05  2.75423E+05  1.41044E-03  0.00000E+00  1.60749E+00  0.00000E+00  2.26726E-03  4.17400E+00
  2.75423E+05  2.88403E+05  1.41044E-03  0.00000E+00  1.60540E+00  0.00000E+00  2.26432E-03  4.17626E+00
  2.88403E+05  3.01995E+05  1.41044E-03  0.00000E+00  1.60322E+00  0.00000E+00  2.26124E-03  4.17852E+00
  3.01995E+05  3.16228E+05  1.41044E-03  0.00000E+00  1.60102E+00  0.00000E+00  2.25814E-03  4.18078E+00
  3.16228E+05  3.31131E+05  1.41044E-03  0.00000E+00  1.59962E+00  0.00000E+00  2.25617E-03  4.18304E+00
  3.31131E+05  3.46737E+05  1.41044E-03  0.00000E+00  1.59840E+00  0.00000E+00  2.25444E-03  4.18529E+00
  3.46737E+05  3.63078E+05  1.41044E-03  0.00000E+00  1.59711E+00  0.00000E+00  2.25263E-03  4.18754E+00
  3.63078E+05  3.80189E+05  1.41044E-03  0.00000E+00  1.59577E+00  0.00000E+00  2.25073E-03  4.18979E+00
  3.80189E+05  3.98107E+05  1.41044E-03  0.00000E+00  1.59436E+00  0.00000E+00  2.24874E-03  4.19204E+00
  3.98107E+05  4.16869E+05  1.41044E-03  0.00000E+00  1.59288E+00  0.00000E+00  2.24666E-03  4.19429E+00
  4.16869E+05  4.36516E+05  1.41044E-03  0.00000E+00  1.59134E+00  0.00000E+00  2.24448E-03  4.19653E+00
  4.36516E+05  4.57088E+05  1.41044E-03  0.00000E+00  1.58972E+00  0.00000E+00  2.24220E-03  4.19878E+00
  4.57088E+05  4.78630E+05  1.41044E-03  0.00000E+00  1.58861E+00  0.00000E+00  2.24063E-03  4.20102E+00
  4.78630E+05  5.01187E+05  1.41044E-03  0.00000E+00  1.58825E+00  0.00000E+00  2.24013E-03  4.20326E+00
  5.01187E+05  5.24808E+05  1.41044E-03  0.00000E+00  1.58789E+00  0.00000E+00  2.23962E-03  4.20550E+00
  5.24808E+05  5.49541E+05  1.41044E-03  0.00000E+00  1.58770E+00  0.00000E+00  2.23935E-03  4.20774E+00
  5.49541E+05  5.75440E+05  1.41044E-03  0.00000E+00  1.58878E+00  0.00000E+00  2.24088E-03  4.20998E+00
  5.75440E+05  6.02560E+05  1.41044E-03  0.00000E+00  1.59014E+00  0.00000E+00  2.24279E-03  4.21222E+00
  6.02560E+05  6.30957E+05  1.41044E-03  0.00000E+00  1.59156E+00  0.00000E+00  2.24480E-03  4.21447E+00
  6.30957E+05  6.60693E+05  1.41044E-03  0.00000E+00  1.59305E+00  0.00000E+00  2.24690E-03  4.21671E+00
  6.60693E+05  6.91831E+05  1.41044E-03  0.00000E+00  1.59468E+00  0.00000E+00  2.24919E-03  4.21896E+00
  6.91831E+05  7.24436E+05  1.41044E-03  0.00000E+00  1.59822E+00  0.00000E+00  2.25419E-03  4.22122E+00
  7.24436E+05  7.58578E+05  1.41044E-03  0.00000E+00  1.60277E+00  0.00000E+00  2.26061E-03  4.22348E+00
  7.58578E+05  7.94328E+05  1.41044E-03  0.00000E+00  1.60754E+00  0.00000E+00  2.26734E-03  4.22574E+00
  7.94328E+05  8.31764E+05  1.41044E-03  0.00000E+00  1.61254E+00  0.00000E+00  2.27439E-03  4.22802E+00
  8.31764E+05  8.70964E+05  1.41044E-03  0.00000E+00  1.61955E+00  0.00000E+00  2.28427E-03  4.23030E+00
  8.70964E+05  9.12011E+05  1.41044E-03  0.00000E+00  1.62819E+00  0.00000E+00  2.29646E-03  4.23260E+00
  9.12011E+05  9.54993E+05  1.41044E-03  0.00000E+00  1.63723E+00  0.00000E+00  2.30921E-03  4.23491E+00
  9.54993E+05  1.00000E+06  1.41044E-03  0.00000E+00  1.64752E+00  0.00000E+00  2.32372E-03  4.23723E+00
  1.00000E+06  1.04713E+06  1.41044E-03  0.00000E+00  1.66106E+00  0.00000E+00  2.34282E-03  4.23957E+00
  1.04713E+06  1.09648E+06  1.41044E-03  0.00000E+00  1.67547E+00  0.00000E+00  2.36315E-03  4.24194E+00
  1.09648E+06  1.14815E+06  1.41044E-03  0.00000E+00  1.69063E+00  0.00000E+00  2.38452E-03  4.24432E+00
  1.14815E+06  1.20226E+06  1.41044E-03  0.00000E+00  1.70885E+00  0.00000E+00  2.41022E-03  4.24673E+00
  1.20226E+06  1.25892E+06  1.41044E-03  0.00000E+00  1.72920E+00  0.00000E+00  2.43893E-03  4.24917E+00
  1.25892E+06  1.31826E+06  1.41044E-03  0.00000E+00  1.75072E+00  0.00000E+00  2.46928E-03  4.25164E+00
  1.31826E+06  1.38038E+06  1.41044E-03  0.00000E+00  1.77628E+00  0.00000E+00  2.50533E-03  4.25415E+00
  1.38038E+06  1.44544E+06  1.41044E-03  0.00000E+00  1.80407E+00  0.00000E+00  2.54453E-03  4.25669E+00
  1.44544E+06  1.51356E+06  1.41044E-03  0.00000E+00  1.83320E+00  0.00000E+00  2.58561E-03  4.25928E+00
  1.51356E+06  1.58489E+06  1.41044E-03  0.00000E+00  1.86550E+00  0.00000E+00  2.63117E-03  4.26191E+00
  1.58489E+06  1.65959E+06  1.41044E-03  0.00000E+00  1.90084E+00  0.00000E+00  2.68101E-03  4.26459E+00
  1.65959E+06  1.73780E+06  1.41044E-03  0.00000E+00  1.93785E+00  0.00000E+00  2.73321E-03  4.26732E+00
  1.73780E+06  1.81970E+06  1.41044E-03  0.00000E+00  1.97660E+00  0.00000E+00  2.78787E-03  4.27011E+00
  1.81970E+06  1.90546E+06  1.41044E-03  0.00000E+00  2.01720E+00  0.00000E+00  2.84513E-03  4.27295E+00
  1.90546E+06  1.99526E+06  1.41044E-03  0.00000E+00  2.05970E+00  0.00000E+00  2.90508E-03  4.27586E+00
  1.99526E+06  2.08930E+06  1.41044E-03  0.00000E+00  2.10419E+00  0.00000E+00  2.96783E-03  4.27883E+00
  2.08930E+06  2.18776E+06  1.41044E-03  0.00000E+00  2.14928E+00  0.00000E+00  3.03142E-03  4.28186E+00
  2.18776E+06  2.29087E+06  1.41044E-03  0.00000E+00  2.19256E+00  0.00000E+00  3.09247E-03  4.28495E+00
  2.29087E+06  2.39883E+06  1.41044E-03  0.00000E+00  2.23687E+00  0.00000E+00  3.15497E-03  4.28811E+00
  2.39883E+06  2.51189E+06  1.41044E-03  0.00000E+00  2.27756E+00  0.00000E+00  3.21236E-03  4.29132E+00
  2.51189E+06  2.63027E+06  1.41044E-03  0.00000E+00  2.31714E+00  0.00000E+00  3.26817E-03  4.29459E+00
  2.63027E+06  2.75423E+06  1.41044E-03  0.00000E+00  2.35182E+00  0.00000E+00  3.31709E-03  4.29790E+00
  2.75423E+06  2.88403E+06  1.41044E-03  0.00000E+00  2.38264E+00  0.00000E+00  3.36057E-03  4.30126E+00
  2.88403E+06  3.01995E+06  1.41044E-03  0.00000E+00  2.40849E+00  0.00000E+00  3.39702E-03  4.30466E+00
  3.01995E+06  3.16228E+06  1.41044E-03  0.00000E+00  2.42751E+00  0.00000E+00  3.42385E-03  4.30809E+00
  3.16228E+06  3.31131E+06  1.41044E-03  0.00000E+00  2.44036E+00  0.00000E+00  3.44197E-03  4.31153E+00
  3.31131E+06  3.46737E+06  1.41044E-03  0.00000E+00  2.44687E+00  0.00000E+00  3.45116E-03  4.31498E+00
  3.46737E+06  3.63078E+06  1.41044E-03  0.00000E+00  2.44480E+00  0.00000E+00  3.44824E-03  4.31843E+00
  3.63078E+06  3.80189E+06  1.41044E-03  0.00000E+00  2.43658E+00  0.00000E+00  3.43664E-03  4.32186E+00
  3.80189E+06  3.98107E+06  1.41044E-03  0.00000E+00  2.42109E+00  0.00000E+00  3.41479E-03  4.32528E+00
  3.98107E+06  4.16869E+06  1.41044E-03  0.00000E+00  2.39759E+00  0.00000E+00  3.38165E-03  4.32866E+00
  4.16869E+06  4.36516E+06  1.41044E-03  0.00000E+00  2.36958E+00  0.00000E+00  3.34214E-03  4.33200E+00
  4.36516E+06  4.57088E+06  1.41044E-03  0.00000E+00  2.33347E+00  0.00000E+00  3.29122E-03  4.33529E+00
  4.57088E+06  4.78630E+06  1.41044E-03  0.00000E+00  2.29398E+00  0.00000E+00  3.23551E-03  4.33853E+00
  4.78630E+06  5.01187E+06  1.41044E-03  0.00000E+00  2.24800E+00  0.00000E+00  3.17066E-03  4.34170E+00
  5.01187E+06  5.24808E+06  1.41044E-03  0.00000E+00  2.19787E+00  0.00000E+00  3.09996E-03  4.34480E+00
  5.24808E+06  5.49541E+06  1.41044E-03  0.00000E+00  2.14540E+00  0.00000E+00  3.02595E-03  4.34782E+00
  5.49541E+06  5.75440E+06  1.41044E-03  0.00000E+00  2.09045E+00  0.00000E+00  2.94845E-03  4.35077E+00
  5.75440E+06  6.02560E+06  1.41044E-03  0.00000E+00  2.03332E+00  0.00000E+00  2.86787E-03  4.35364E+00
  6.02560E+06  6.30957E+06  1.41044E-03  0.00000E+00  1.97375E+00  0.00000E+00  2.78384E-03  4.35643E+00
  6.30957E+06  6.60693E+06  1.41044E-03  0.00000E+00  1.91137E+00  0.00000E+00  2.69587E-03  4.35912E+00
  6.60693E+06  6.91831E+06  1.41044E-03  0.00000E+00  1.84893E+00  0.00000E+00  2.60780E-03  4.36173E+00
  6.91831E+06  7.24436E+06  1.41044E-03  0.00000E+00  1.78620E+00  0.00000E+00  2.51932E-03  4.36425E+00
  7.24436E+06  7.58578E+06  1.41044E-03  0.00000E+00  1.72262E+00  0.00000E+00  2.42965E-03  4.36668E+00
  7.58578E+06  7.94328E+06  1.41044E-03  0.00000E+00  1.66005E+00  0.00000E+00  2.34140E-03  4.36902E+00
  7.94328E+06  8.31764E+06  1.41044E-03  0.00000E+00  1.59696E+00  0.00000E+00  2.25241E-03  4.37127E+00
  8.31764E+06  8.70964E+06  1.41044E-03  0.00000E+00  1.54215E+00  0.00000E+00  2.17511E-03  4.37345E+00
  8.70964E+06  9.12011E+06  1.41044E-03  0.00000E+00  1.49560E+00  0.00000E+00  2.10945E-03  4.37556E+00
  9.12011E+06  9.54993E+06  1.41044E-03  0.00000E+00  1.44623E+00  0.00000E+00  2.03981E-03  4.37760E+00
  9.54993E+06  1.00000E+07  1.41044E-03  0.00000E+00  1.39556E+00  0.00000E+00  1.96835E-03  4.37956E+00
  1.00000E+07  1.02000E+07  1.41044E-03  0.00000E+00  1.35920E+00  0.00000E+00  1.91706E-03  4.38148E+00
  1.02000E+07  1.04000E+07  1.41044E-03  0.00000E+00  1.33729E+00  0.00000E+00  1.88617E-03  4.38337E+00
  1.04000E+07  1.06000E+07  1.41044E-03  0.00000E+00  1.31496E+00  0.00000E+00  1.85468E-03  4.38522E+00
  1.06000E+07  1.08000E+07  1.41044E-03  0.00000E+00  1.29339E+00  0.00000E+00  1.82424E-03  4.38705E+00
  1.08000E+07  1.10000E+07  1.41044E-03  0.00000E+00  1.27177E+00  0.00000E+00  1.79376E-03  4.38884E+00
  1.10000E+07  1.12000E+07  1.41044E-03  0.00000E+00  1.25059E+00  0.00000E+00  1.76388E-03  4.39060E+00
  1.12000E+07  1.14000E+07  1.41044E-03  0.00000E+00  1.22990E+00  0.00000E+00  1.73469E-03  4.39234E+00
  1.14000E+07  1.16000E+07  1.41044E-03  0.00000E+00  1.20926E+00  0.00000E+00  1.70559E-03  4.39404E+00
  1.16000E+07  1.18000E+07  1.41044E-03  0.00000E+00  1.18941E+00  0.00000E+00  1.67759E-03  4.39572E+00
  1.18000E+07  1.20000E+07  1.41044E-03  0.00000E+00  1.16969E+00  0.00000E+00  1.64977E-03  4.39737E+00
  1.20000E+07  1.22000E+07  1.41044E-03  0.00000E+00  1.15059E+00  0.00000E+00  1.62283E-03  4.39899E+00
  1.22000E+07  1.24000E+07  1.41044E-03  0.00000E+00  1.13210E+00  0.00000E+00  1.59676E-03  4.40059E+00
  1.24000E+07  1.26000E+07  1.41044E-03  0.00000E+00  1.11375E+00  0.00000E+00  1.57088E-03  4.40216E+00
  1.26000E+07  1.28000E+07  1.41044E-03  0.00000E+00  1.09618E+00  0.00000E+00  1.54610E-03  4.40371E+00
  1.28000E+07  1.30000E+07  1.41044E-03  0.00000E+00  1.07874E+00  0.00000E+00  1.52150E-03  4.40523E+00
  1.30000E+07  1.32000E+07  1.41044E-03  0.00000E+00  1.06184E+00  0.00000E+00  1.49765E-03  4.40673E+00
  1.32000E+07  1.34000E+07  1.41044E-03  0.00000E+00  1.04547E+00  0.00000E+00  1.47457E-03  4.40820E+00
  1.34000E+07  1.36000E+07  1.41044E-03  0.00000E+00  1.02921E+00  0.00000E+00  1.45163E-03  4.40965E+00
  1.36000E+07  1.38000E+07  1.41044E-03  0.00000E+00  1.01359E+00  0.00000E+00  1.42961E-03  4.41108E+00
  1.38000E+07  1.40000E+07  1.41044E-03  0.00000E+00  9.98083E-01  0.00000E+00  1.40773E-03  4.41249E+00
  1.40000E+07  1.42000E+07  1.41044E-03  0.00000E+00  9.82906E-01  0.00000E+00  1.38633E-03  4.41388E+00
  1.42000E+07  1.44000E+07  1.41044E-03  0.00000E+00  9.68157E-01  0.00000E+00  1.36552E-03  4.41524E+00
  1.44000E+07  1.46000E+07  1.41044E-03  0.00000E+00  9.53520E-01  0.00000E+00  1.34488E-03  4.41659E+00
  1.46000E+07  1.48000E+07  1.41044E-03  0.00000E+00  9.39442E-01  0.00000E+00  1.32502E-03  4.41791E+00
  1.48000E+07  1.50000E+07  1.41044E-03  0.00000E+00  9.25458E-01  0.00000E+00  1.30530E-03  4.41922E+00
  1.50000E+07  1.52000E+07  1.41044E-03  0.00000E+00  9.11986E-01  0.00000E+00  1.28630E-03  4.42050E+00
  1.52000E+07  1.54000E+07  1.41044E-03  0.00000E+00  8.99030E-01  0.00000E+00  1.26803E-03  4.42177E+00
  1.54000E+07  1.56000E+07  1.41044E-03  0.00000E+00  8.86064E-01  0.00000E+00  1.24974E-03  4.42302E+00
  1.56000E+07  1.58000E+07  1.41044E-03  0.00000E+00  8.73038E-01  0.00000E+00  1.23137E-03  4.42425E+00
  1.58000E+07  1.60000E+07  1.41044E-03  0.00000E+00  8.60002E-01  0.00000E+00  1.21298E-03  4.42547E+00
  1.60000E+07  1.62000E+07  1.41044E-03  0.00000E+00  8.47522E-01  0.00000E+00  1.19538E-03  4.42666E+00
  1.62000E+07  1.64000E+07  1.41044E-03  0.00000E+00  8.35601E-01  0.00000E+00  1.17856E-03  4.42784E+00
  1.64000E+07  1.66000E+07  1.41044E-03  0.00000E+00  8.23680E-01  0.00000E+00  1.16175E-03  4.42900E+00
  1.66000E+07  1.68000E+07  1.41044E-03  0.00000E+00  8.11762E-01  0.00000E+00  1.14494E-03  4.43015E+00
  1.68000E+07  1.70000E+07  1.41044E-03  0.00000E+00  7.99882E-01  0.00000E+00  1.12818E-03  4.43128E+00
  1.70000E+07  1.72000E+07  1.41044E-03  0.00000E+00  7.88473E-01  0.00000E+00  1.11209E-03  4.43239E+00
  1.72000E+07  1.74000E+07  1.41044E-03  0.00000E+00  7.77524E-01  0.00000E+00  1.09665E-03  4.43348E+00
  1.74000E+07  1.76000E+07  1.41044E-03  0.00000E+00  7.66567E-01  0.00000E+00  1.08120E-03  4.43457E+00
  1.76000E+07  1.78000E+07  1.41044E-03  0.00000E+00  7.55563E-01  0.00000E+00  1.06567E-03  4.43563E+00
  1.78000E+07  1.80000E+07  1.41044E-03  0.00000E+00  7.44551E-01  0.00000E+00  1.05014E-03  4.43668E+00
  1.80000E+07  1.82000E+07  1.41044E-03  0.00000E+00  7.33933E-01  0.00000E+00  1.03517E-03  4.43772E+00
  1.82000E+07  1.84000E+07  1.41044E-03  0.00000E+00  7.23693E-01  0.00000E+00  1.02072E-03  4.43874E+00
  1.84000E+07  1.86000E+07  1.41044E-03  0.00000E+00  7.13453E-01  0.00000E+00  1.00628E-03  4.43974E+00
  1.86000E+07  1.88000E+07  1.41044E-03  0.00000E+00  7.03224E-01  0.00000E+00  9.91854E-04  4.44073E+00
  1.88000E+07  1.90000E+07  1.41044E-03  0.00000E+00  6.93030E-01  0.00000E+00  9.77476E-04  4.44171E+00
  1.90000E+07  1.92000E+07  1.41044E-03  0.00000E+00  6.83130E-01  0.00000E+00  9.63512E-04  4.44268E+00
  1.92000E+07  1.94000E+07  1.41044E-03  0.00000E+00  6.73522E-01  0.00000E+00  9.49961E-04  4.44363E+00
  1.94000E+07  1.96000E+07  1.41044E-03  0.00000E+00  6.63868E-01  0.00000E+00  9.36345E-04  4.44456E+00
  1.96000E+07  1.98000E+07  1.41044E-03  0.00000E+00  6.54168E-01  0.00000E+00  9.22663E-04  4.44548E+00
  1.98000E+07  2.00000E+07  1.41044E-03  0.00000E+00  6.44468E-01  0.00000E+00  9.08982E-04  4.44639E+00
  2.00000E+07  2.10000E+07  1.41044E-03  0.00000E+00  6.39610E-01  0.00000E+00  9.02130E-04  4.44730E+00
  2.10000E+07  2.20000E+07  1.41044E-03  0.00000E+00  6.39610E-01  0.00000E+00  9.02130E-04  4.44820E+00
  2.20000E+07  2.30000E+07  1.41044E-03  0.00000E+00  6.39610E-01  0.00000E+00  9.02130E-04  4.44910E+00
  2.30000E+07  2.40000E+07  1.41044E-03  0.00000E+00  6.39610E-01  0.00000E+00  9.02130E-04  4.45000E+00
  2.40000E+07  2.50000E+07  1.41044E-03  0.00000E+00  6.39610E-01  0.00000E+00  9.02130E-04  4.45090E+00
  2.50000E+07  2.60000E+07  1.41044E-03  0.00000E+00  6.39610E-01  0.00000E+00  9.02130E-04  4.45181E+00
  2.60000E+07  2.70000E+07  1.41044E-03  0.00000E+00  6.39610E-01  0.00000E+00  9.02130E-04  4.45271E+00
  2.70000E+07  2.80000E+07  1.41044E-03  0.00000E+00  6.39610E-01  0.00000E+00  9.02130E-04  4.45361E+00
  2.80000E+07  2.90000E+07  1.41044E-03  0.00000E+00  6.39610E-01  0.00000E+00  9.02130E-04  4.45451E+00
  2.90000E+07  3.00000E+07  1.41044E-03  0.00000E+00  6.39610E-01  0.00000E+00  9.02130E-04  4.45542E+00
  3.00000E+07  3.20000E+07  1.41044E-03  0.00000E+00  6.39610E-01  0.00000E+00  9.02130E-04  4.45632E+00
  3.20000E+07  3.40000E+07  1.41044E-03  0.00000E+00  6.39610E-01  0.00000E+00  9.02130E-04  4.45722E+00
  3.40000E+07  3.60000E+07  1.41044E-03  0.00000E+00  6.39610E-01  0.00000E+00  9.02130E-04  4.45812E+00
  3.60000E+07  3.80000E+07  1.41044E-03  0.00000E+00  6.39610E-01  0.00000E+00  9.02130E-04  4.45902E+00
  3.80000E+07  4.00000E+07  1.41044E-03  0.00000E+00  6.39610E-01  0.00000E+00  9.02130E-04  4.45993E+00
  4.00000E+07  4.20000E+07  1.41044E-03  0.00000E+00  6.39610E-01  0.00000E+00  9.02130E-04  4.46083E+00
  4.20000E+07  4.40000E+07  1.41044E-03  0.00000E+00  6.39610E-01  0.00000E+00  9.02130E-04  4.46173E+00
  4.40000E+07  4.60000E+07  1.41044E-03  0.00000E+00  6.39610E-01  0.00000E+00  9.02130E-04  4.46263E+00
  4.60000E+07  4.80000E+07  1.41044E-03  0.00000E+00  6.39610E-01  0.00000E+00  9.02130E-04  4.46353E+00
  4.80000E+07  5.00000E+07  1.41044E-03  0.00000E+00  6.39610E-01  0.00000E+00  9.02130E-04  4.46444E+00
  5.00000E+07  5.20000E+07  1.41044E-03  0.00000E+00  6.39610E-01  0.00000E+00  9.02130E-04  4.46534E+00
  5.20000E+07  5.40000E+07  1.41044E-03  0.00000E+00  6.39610E-01  0.00000E+00  9.02130E-04  4.46624E+00
  5.40000E+07  5.60000E+07  1.41044E-03  0.00000E+00  6.39610E-01  0.00000E+00  9.02130E-04  4.46714E+00
  5.60000E+07  5.80000E+07  1.41044E-03  0.00000E+00  6.39610E-01  0.00000E+00  9.02130E-04  4.46805E+00
  5.80000E+07  6.00000E+07  1.41044E-03  0.00000E+00  6.39610E-01  0.00000E+00  9.02130E-04  4.46895E+00
  6.00000E+07  6.50000E+07  1.41044E-03  0.00000E+00  6.39610E-01  0.00000E+00  9.02130E-04  4.46985E+00
  6.50000E+07  7.00000E+07  1.41044E-03  0.00000E+00  6.39610E-01  0.00000E+00  9.02130E-04  4.47075E+00
  7.00000E+07  7.50000E+07  1.41044E-03  0.00000E+00  6.39610E-01  0.00000E+00  9.02130E-04  4.47165E+00
  7.50000E+07  8.00000E+07  1.41044E-03  0.00000E+00  6.39610E-01  0.00000E+00  9.02130E-04  4.47256E+00
  8.00000E+07  9.00000E+07  1.41044E-03  0.00000E+00  6.39610E-01  0.00000E+00  9.02130E-04  4.47346E+00
  9.00000E+07  1.00000E+08  1.41044E-03  0.00000E+00  6.39610E-01  0.00000E+00  9.02130E-04  4.47436E+00
  1.00000E+08  1.10000E+08  1.41044E-03  0.00000E+00  6.39610E-01  0.00000E+00  9.02130E-04  4.47526E+00
  1.10000E+08  1.20000E+08  1.41044E-03  0.00000E+00  6.39610E-01  0.00000E+00  9.02130E-04  4.47616E+00
  1.20000E+08  1.30000E+08  1.41044E-03  0.00000E+00  6.39610E-01  0.00000E+00  9.02130E-04  4.47707E+00
  1.30000E+08  1.40000E+08  1.41044E-03  0.00000E+00  6.39610E-01  0.00000E+00  9.02130E-04  4.47797E+00
  1.40000E+08  1.50000E+08  1.41044E-03  0.00000E+00  6.39610E-01  0.00000E+00  9.02130E-04  4.47887E+00
  1.50000E+08  1.60000E+08  1.41044E-03  0.00000E+00  6.39610E-01  0.00000E+00  9.02130E-04  4.47977E+00
  1.60000E+08  1.80000E+08  1.41044E-03  0.00000E+00  6.39610E-01  0.00000E+00  9.02130E-04  4.48067E+00
  1.80000E+08  2.00000E+08  1.41044E-03  0.00000E+00  6.39610E-01  0.00000E+00  9.02130E-04  4.48158E+00
  2.00000E+08  2.40000E+08  1.41044E-03  0.00000E+00  6.39610E-01  0.00000E+00  9.02130E-04  4.48248E+00
  2.40000E+08  2.80000E+08  1.41044E-03  0.00000E+00  6.39610E-01  0.00000E+00  9.02130E-04  4.48338E+00
  2.80000E+08  3.20000E+08  1.41044E-03  0.00000E+00  6.39610E-01  0.00000E+00  9.02130E-04  4.48428E+00
  3.20000E+08  3.60000E+08  1.41044E-03  0.00000E+00  6.39610E-01  0.00000E+00  9.02130E-04  4.48519E+00
  3.60000E+08  4.00000E+08  1.41044E-03  0.00000E+00  6.39610E-01  0.00000E+00  9.02130E-04  4.48609E+00
  4.00000E+08  4.40000E+08  1.41044E-03  0.00000E+00  6.39610E-01  0.00000E+00  9.02130E-04  4.48699E+00
  4.40000E+08  4.80000E+08  1.41044E-03  0.00000E+00  6.39610E-01  0.00000E+00  9.02130E-04  4.48789E+00
  4.80000E+08  5.20000E+08  1.41044E-03  0.00000E+00  6.39610E-01  0.00000E+00  9.02130E-04  4.48879E+00
  5.20000E+08  5.60000E+08  1.41044E-03  0.00000E+00  6.39610E-01  0.00000E+00  9.02130E-04  4.48970E+00
  5.60000E+08  6.00000E+08  1.41044E-03  0.00000E+00  6.39610E-01  0.00000E+00  9.02130E-04  4.49060E+00
  6.00000E+08  6.40000E+08  1.41044E-03  0.00000E+00  6.39610E-01  0.00000E+00  9.02130E-04  4.49150E+00
  6.40000E+08  6.80000E+08  1.41044E-03  0.00000E+00  6.39610E-01  0.00000E+00  9.02130E-04  4.49240E+00
  6.80000E+08  7.20000E+08  1.41044E-03  0.00000E+00  6.39610E-01  0.00000E+00  9.02130E-04  4.49330E+00
  7.20000E+08  7.60000E+08  1.41044E-03  0.00000E+00  6.39610E-01  0.00000E+00  9.02130E-04  4.49421E+00
  7.60000E+08  8.00000E+08  1.41044E-03  0.00000E+00  6.39610E-01  0.00000E+00  9.02130E-04  4.49511E+00
  8.00000E+08  8.40000E+08  1.41044E-03  0.00000E+00  6.39610E-01  0.00000E+00  9.02130E-04  4.49601E+00
  8.40000E+08  8.80000E+08  1.41044E-03  0.00000E+00  6.39610E-01  0.00000E+00  9.02130E-04  4.49691E+00
  8.80000E+08  9.20000E+08  1.41044E-03  0.00000E+00  6.39610E-01  0.00000E+00  9.02130E-04  4.49782E+00
  9.20000E+08  9.60000E+08  1.41044E-03  0.00000E+00  6.39610E-01  0.00000E+00  9.02130E-04  4.49872E+00
  9.60000E+08  1.00000E+09  1.41044E-03  0.00000E+00  6.39610E-01  0.00000E+00  9.02130E-04  4.49962E+00
