      En-low      En-high        flux      flux-unc         gxs       gxs-unc   greac-rate     cum-rate 

  1.00000E-05  1.04713E-05  1.41044E-03  0.00000E+00  1.10819E+07  5.77507E+01  1.56303E+04  1.56303E+04
  1.04713E-05  1.09648E-05  1.41044E-03  0.00000E+00  1.08297E+07  5.77507E+01  1.52746E+04  3.09049E+04
  1.09648E-05  1.14815E-05  1.41044E-03  0.00000E+00  1.05829E+07  5.77507E+01  1.49265E+04  4.58313E+04
  1.14815E-05  1.20226E-05  1.41044E-03  0.00000E+00  1.03421E+07  5.77507E+01  1.45868E+04  6.04182E+04
  1.20226E-05  1.25893E-05  1.41044E-03  0.00000E+00  1.01067E+07  5.77507E+01  1.42548E+04  7.46730E+04
  1.25893E-05  1.31826E-05  1.41044E-03  0.00000E+00  9.87675E+06  5.77507E+01  1.39305E+04  8.86035E+04
  1.31826E-05  1.38038E-05  1.41044E-03  0.00000E+00  9.65170E+06  5.77507E+01  1.36131E+04  1.02217E+05
  1.38038E-05  1.44544E-05  1.41044E-03  0.00000E+00  9.43228E+06  5.77507E+01  1.33036E+04  1.15520E+05
  1.44544E-05  1.51356E-05  1.41044E-03  0.00000E+00  9.21744E+06  5.77507E+01  1.30006E+04  1.28521E+05
  1.51356E-05  1.58489E-05  1.41044E-03  0.00000E+00  9.00762E+06  5.77507E+01  1.27047E+04  1.41226E+05
  1.58489E-05  1.65959E-05  1.41044E-03  0.00000E+00  8.80260E+06  5.77507E+01  1.24155E+04  1.53641E+05
  1.65959E-05  1.73780E-05  1.41044E-03  0.00000E+00  8.60221E+06  5.77507E+01  1.21329E+04  1.65774E+05
  1.73780E-05  1.81970E-05  1.41044E-03  0.00000E+00  8.40649E+06  5.77507E+01  1.18568E+04  1.77631E+05
  1.81970E-05  1.90546E-05  1.41044E-03  0.00000E+00  8.21499E+06  5.77507E+01  1.15867E+04  1.89218E+05
  1.90546E-05  1.99526E-05  1.41044E-03  0.00000E+00  8.02807E+06  5.77507E+01  1.13231E+04  2.00541E+05
  1.99526E-05  2.08930E-05  1.41044E-03  0.00000E+00  7.84524E+06  5.77507E+01  1.10652E+04  2.11606E+05
  2.08930E-05  2.18776E-05  1.41044E-03  0.00000E+00  7.66678E+06  5.77507E+01  1.08135E+04  2.22419E+05
  2.18776E-05  2.29087E-05  1.41044E-03  0.00000E+00  7.49213E+06  5.77507E+01  1.05672E+04  2.32987E+05
  2.29087E-05  2.39883E-05  1.41044E-03  0.00000E+00  7.32174E+06  5.77507E+01  1.03269E+04  2.43313E+05
  2.39883E-05  2.51189E-05  1.41044E-03  0.00000E+00  7.15503E+06  5.77507E+01  1.00917E+04  2.53405E+05
  2.51189E-05  2.63027E-05  1.41044E-03  0.00000E+00  6.99215E+06  5.77507E+01  9.86199E+03  2.63267E+05
  2.63027E-05  2.75423E-05  1.41044E-03  0.00000E+00  6.83302E+06  5.77507E+01  9.63755E+03  2.72905E+05
  2.75423E-05  2.88403E-05  1.41044E-03  0.00000E+00  6.67748E+06  5.77507E+01  9.41816E+03  2.82323E+05
  2.88403E-05  3.01995E-05  1.41044E-03  0.00000E+00  6.52551E+06  5.77507E+01  9.20382E+03  2.91527E+05
  3.01995E-05  3.16228E-05  1.41044E-03  0.00000E+00  6.37685E+06  5.77507E+01  8.99415E+03  3.00521E+05
  3.16228E-05  3.31131E-05  1.41044E-03  0.00000E+00  6.23182E+06  5.77507E+01  8.78959E+03  3.09310E+05
  3.31131E-05  3.46737E-05  1.41044E-03  0.00000E+00  6.08987E+06  5.77507E+01  8.58938E+03  3.17900E+05
  3.46737E-05  3.63078E-05  1.41044E-03  0.00000E+00  5.95132E+06  5.77507E+01  8.39397E+03  3.26294E+05
  3.63078E-05  3.80189E-05  1.41044E-03  0.00000E+00  5.81579E+06  5.77507E+01  8.20281E+03  3.34497E+05
  3.80189E-05  3.98107E-05  1.41044E-03  0.00000E+00  5.68346E+06  5.77507E+01  8.01617E+03  3.42513E+05
  3.98107E-05  4.16869E-05  1.41044E-03  0.00000E+00  5.55406E+06  5.77507E+01  7.83365E+03  3.50346E+05
  4.16869E-05  4.36516E-05  1.41044E-03  0.00000E+00  5.42764E+06  5.77507E+01  7.65534E+03  3.58002E+05
  4.36516E-05  4.57088E-05  1.41044E-03  0.00000E+00  5.30411E+06  5.77507E+01  7.48111E+03  3.65483E+05
  4.57088E-05  4.78630E-05  1.41044E-03  0.00000E+00  5.18333E+06  5.77507E+01  7.31077E+03  3.72794E+05
  4.78630E-05  5.01187E-05  1.41044E-03  0.00000E+00  5.06541E+06  5.77507E+01  7.14444E+03  3.79938E+05
  5.01187E-05  5.24808E-05  1.41044E-03  0.00000E+00  4.95003E+06  5.77507E+01  6.98170E+03  3.86920E+05
  5.24808E-05  5.49541E-05  1.41044E-03  0.00000E+00  4.83743E+06  5.77507E+01  6.82290E+03  3.93743E+05
  5.49541E-05  5.75440E-05  1.41044E-03  0.00000E+00  4.72725E+06  5.77507E+01  6.66749E+03  4.00410E+05
  5.75440E-05  6.02560E-05  1.41044E-03  0.00000E+00  4.61971E+06  5.77507E+01  6.51581E+03  4.06926E+05
  6.02560E-05  6.30957E-05  1.41044E-03  0.00000E+00  4.51450E+06  5.77507E+01  6.36741E+03  4.13293E+05
  6.30957E-05  6.60693E-05  1.41044E-03  0.00000E+00  4.41178E+06  5.77507E+01  6.22253E+03  4.19516E+05
  6.60693E-05  6.91831E-05  1.41044E-03  0.00000E+00  4.31135E+06  5.77507E+01  6.08088E+03  4.25597E+05
  6.91831E-05  7.24436E-05  1.41044E-03  0.00000E+00  4.21319E+06  5.77507E+01  5.94243E+03  4.31539E+05
  7.24436E-05  7.58578E-05  1.41044E-03  0.00000E+00  4.11731E+06  5.77507E+01  5.80720E+03  4.37346E+05
  7.58578E-05  7.94328E-05  1.41044E-03  0.00000E+00  4.02354E+06  5.77507E+01  5.67495E+03  4.43021E+05
  7.94328E-05  8.31764E-05  1.41044E-03  0.00000E+00  3.93202E+06  5.77507E+01  5.54586E+03  4.48567E+05
  8.31764E-05  8.70964E-05  1.41044E-03  0.00000E+00  3.84246E+06  5.77507E+01  5.41955E+03  4.53987E+05
  8.70964E-05  9.12011E-05  1.41044E-03  0.00000E+00  3.75505E+06  5.77507E+01  5.29627E+03  4.59283E+05
  9.12011E-05  9.54993E-05  1.41044E-03  0.00000E+00  3.66952E+06  5.77507E+01  5.17563E+03  4.64459E+05
  9.54993E-05  1.00000E-04  1.41044E-03  0.00000E+00  3.58604E+06  5.77507E+01  5.05788E+03  4.69517E+05
  1.00000E-04  1.04713E-04  1.41044E-03  0.00000E+00  3.50440E+06  5.77507E+01  4.94273E+03  4.74459E+05
  1.04713E-04  1.09648E-04  1.41044E-03  0.00000E+00  3.42463E+06  5.77507E+01  4.83023E+03  4.79289E+05
  1.09648E-04  1.14815E-04  1.41044E-03  0.00000E+00  3.34662E+06  5.77507E+01  4.72020E+03  4.84010E+05
  1.14815E-04  1.20226E-04  1.41044E-03  0.00000E+00  3.27041E+06  5.77507E+01  4.61271E+03  4.88622E+05
  1.20226E-04  1.25893E-04  1.41044E-03  0.00000E+00  3.19605E+06  5.77507E+01  4.50783E+03  4.93130E+05
  1.25893E-04  1.31826E-04  1.41044E-03  0.00000E+00  3.12326E+06  5.77507E+01  4.40516E+03  4.97535E+05
  1.31826E-04  1.38038E-04  1.41044E-03  0.00000E+00  3.05218E+06  5.77507E+01  4.30491E+03  5.01840E+05
  1.38038E-04  1.44544E-04  1.41044E-03  0.00000E+00  2.98270E+06  5.77507E+01  4.20692E+03  5.06047E+05
  1.44544E-04  1.51356E-04  1.41044E-03  0.00000E+00  2.91484E+06  5.77507E+01  4.11121E+03  5.10158E+05
  1.51356E-04  1.58489E-04  1.41044E-03  0.00000E+00  2.84843E+06  5.77507E+01  4.01754E+03  5.14176E+05
  1.58489E-04  1.65959E-04  1.41044E-03  0.00000E+00  2.78364E+06  5.77507E+01  3.92615E+03  5.18102E+05
  1.65959E-04  1.73780E-04  1.41044E-03  0.00000E+00  2.72026E+06  5.77507E+01  3.83676E+03  5.21939E+05
  1.73780E-04  1.81970E-04  1.41044E-03  0.00000E+00  2.65835E+06  5.77507E+01  3.74944E+03  5.25688E+05
  1.81970E-04  1.90546E-04  1.41044E-03  0.00000E+00  2.59783E+06  5.77507E+01  3.66408E+03  5.29352E+05
  1.90546E-04  1.99526E-04  1.41044E-03  0.00000E+00  2.53867E+06  5.77507E+01  3.58063E+03  5.32933E+05
  1.99526E-04  2.08930E-04  1.41044E-03  0.00000E+00  2.48092E+06  5.77507E+01  3.49918E+03  5.36432E+05
  2.08930E-04  2.18776E-04  1.41044E-03  0.00000E+00  2.42441E+06  5.77507E+01  3.41948E+03  5.39852E+05
  2.18776E-04  2.29087E-04  1.41044E-03  0.00000E+00  2.36926E+06  5.77507E+01  3.34169E+03  5.43193E+05
  2.29087E-04  2.39883E-04  1.41044E-03  0.00000E+00  2.31531E+06  5.77507E+01  3.26560E+03  5.46459E+05
  2.39883E-04  2.51189E-04  1.41044E-03  0.00000E+00  2.26264E+06  5.42229E+01  3.19132E+03  5.49650E+05
  2.51189E-04  2.63027E-04  1.41044E-03  0.00000E+00  2.21110E+06  5.42229E+01  3.11861E+03  5.52769E+05
  2.63027E-04  2.75423E-04  1.41044E-03  0.00000E+00  2.16079E+06  5.42229E+01  3.04767E+03  5.55817E+05
  2.75423E-04  2.88403E-04  1.41044E-03  0.00000E+00  2.11161E+06  5.42229E+01  2.97830E+03  5.58795E+05
  2.88403E-04  3.01995E-04  1.41044E-03  0.00000E+00  2.06353E+06  5.42229E+01  2.91048E+03  5.61705E+05
  3.01995E-04  3.16228E-04  1.41044E-03  0.00000E+00  2.01656E+06  5.42229E+01  2.84423E+03  5.64550E+05
  3.16228E-04  3.31131E-04  1.41044E-03  0.00000E+00  1.97065E+06  5.42229E+01  2.77947E+03  5.67329E+05
  3.31131E-04  3.46737E-04  1.41044E-03  0.00000E+00  1.92582E+06  5.42229E+01  2.71624E+03  5.70045E+05
  3.46737E-04  3.63078E-04  1.41044E-03  0.00000E+00  1.88195E+06  5.42229E+01  2.65437E+03  5.72700E+05
  3.63078E-04  3.80189E-04  1.41044E-03  0.00000E+00  1.83914E+06  5.42229E+01  2.59399E+03  5.75294E+05
  3.80189E-04  3.98107E-04  1.41044E-03  0.00000E+00  1.79725E+06  5.42229E+01  2.53491E+03  5.77829E+05
  3.98107E-04  4.16869E-04  1.41044E-03  0.00000E+00  1.75636E+06  5.42229E+01  2.47724E+03  5.80306E+05
  4.16869E-04  4.36516E-04  1.41044E-03  0.00000E+00  1.71636E+06  5.42229E+01  2.42082E+03  5.82727E+05
  4.36516E-04  4.57088E-04  1.41044E-03  0.00000E+00  1.67730E+06  5.42229E+01  2.36573E+03  5.85092E+05
  4.57088E-04  4.78630E-04  1.41044E-03  0.00000E+00  1.63913E+06  5.42229E+01  2.31188E+03  5.87404E+05
  4.78630E-04  5.01187E-04  1.41044E-03  0.00000E+00  1.60181E+06  5.42229E+01  2.25925E+03  5.89663E+05
  5.01187E-04  5.24807E-04  1.41044E-03  0.00000E+00  1.56536E+06  5.42229E+01  2.20784E+03  5.91871E+05
  5.24807E-04  5.49541E-04  1.41044E-03  0.00000E+00  1.52971E+06  5.42229E+01  2.15756E+03  5.94029E+05
  5.49541E-04  5.75440E-04  1.41044E-03  0.00000E+00  1.49491E+06  5.42229E+01  2.10848E+03  5.96137E+05
  5.75440E-04  6.02560E-04  1.41044E-03  0.00000E+00  1.46086E+06  5.42229E+01  2.06045E+03  5.98198E+05
  6.02560E-04  6.30957E-04  1.41044E-03  0.00000E+00  1.42763E+06  5.42229E+01  2.01358E+03  6.00211E+05
  6.30957E-04  6.60693E-04  1.41044E-03  0.00000E+00  1.39511E+06  5.42229E+01  1.96772E+03  6.02179E+05
  6.60693E-04  6.91831E-04  1.41044E-03  0.00000E+00  1.36337E+06  5.42229E+01  1.92295E+03  6.04102E+05
  6.91831E-04  7.24436E-04  1.41044E-03  0.00000E+00  1.33233E+06  5.42229E+01  1.87916E+03  6.05981E+05
  7.24436E-04  7.58578E-04  1.41044E-03  0.00000E+00  1.30200E+06  5.42229E+01  1.83639E+03  6.07818E+05
  7.58578E-04  7.94328E-04  1.41044E-03  0.00000E+00  1.27237E+06  5.04377E+01  1.79460E+03  6.09612E+05
  7.94328E-04  8.31764E-04  1.41044E-03  0.00000E+00  1.24340E+06  5.04377E+01  1.75374E+03  6.11366E+05
  8.31764E-04  8.70964E-04  1.41044E-03  0.00000E+00  1.21511E+06  5.04377E+01  1.71384E+03  6.13080E+05
  8.70964E-04  9.12011E-04  1.41044E-03  0.00000E+00  1.18743E+06  5.04377E+01  1.67480E+03  6.14755E+05
  9.12011E-04  9.54993E-04  1.41044E-03  0.00000E+00  1.16042E+06  5.04377E+01  1.63670E+03  6.16391E+05
  9.54993E-04  1.00000E-03  1.41044E-03  0.00000E+00  1.13399E+06  5.04377E+01  1.59942E+03  6.17991E+05
  1.00000E-03  1.04713E-03  1.41044E-03  0.00000E+00  1.10820E+06  5.04377E+01  1.56305E+03  6.19554E+05
  1.04713E-03  1.09648E-03  1.41044E-03  0.00000E+00  1.08296E+06  5.04377E+01  1.52744E+03  6.21081E+05
  1.09648E-03  1.14815E-03  1.41044E-03  0.00000E+00  1.05830E+06  5.04377E+01  1.49266E+03  6.22574E+05
  1.14815E-03  1.20226E-03  1.41044E-03  0.00000E+00  1.03420E+06  5.04377E+01  1.45867E+03  6.24033E+05
  1.20226E-03  1.25892E-03  1.41044E-03  0.00000E+00  1.01067E+06  5.04377E+01  1.42549E+03  6.25458E+05
  1.25892E-03  1.31826E-03  1.41044E-03  0.00000E+00  9.87672E+05  5.04377E+01  1.39305E+03  6.26851E+05
  1.31826E-03  1.38038E-03  1.41044E-03  0.00000E+00  9.65172E+05  5.04377E+01  1.36132E+03  6.28212E+05
  1.38038E-03  1.44544E-03  1.41044E-03  0.00000E+00  9.43229E+05  5.04377E+01  1.33037E+03  6.29543E+05
  1.44544E-03  1.51356E-03  1.41044E-03  0.00000E+00  9.21741E+05  5.04377E+01  1.30006E+03  6.30843E+05
  1.51356E-03  1.58489E-03  1.41044E-03  0.00000E+00  9.00767E+05  5.04377E+01  1.27048E+03  6.32113E+05
  1.58489E-03  1.65959E-03  1.41044E-03  0.00000E+00  8.80253E+05  5.04377E+01  1.24154E+03  6.33355E+05
  1.65959E-03  1.73780E-03  1.41044E-03  0.00000E+00  8.60230E+05  5.04377E+01  1.21330E+03  6.34568E+05
  1.73780E-03  1.81970E-03  1.41044E-03  0.00000E+00  8.40641E+05  5.04377E+01  1.18567E+03  6.35754E+05
  1.81970E-03  1.90546E-03  1.41044E-03  0.00000E+00  8.21507E+05  5.04377E+01  1.15868E+03  6.36912E+05
  1.90546E-03  1.99526E-03  1.41044E-03  0.00000E+00  8.02802E+05  5.04377E+01  1.13230E+03  6.38045E+05
  1.99526E-03  2.08930E-03  1.41044E-03  0.00000E+00  7.84529E+05  5.04377E+01  1.10653E+03  6.39151E+05
  2.08930E-03  2.18776E-03  1.41044E-03  0.00000E+00  7.66677E+05  5.04377E+01  1.08135E+03  6.40233E+05
  2.18776E-03  2.29087E-03  1.41044E-03  0.00000E+00  7.49214E+05  5.04377E+01  1.05672E+03  6.41289E+05
  2.29087E-03  2.39883E-03  1.41044E-03  0.00000E+00  7.32176E+05  4.59259E+01  1.03269E+03  6.42322E+05
  2.39883E-03  2.51189E-03  1.41044E-03  0.00000E+00  7.15500E+05  4.59259E+01  1.00917E+03  6.43331E+05
  2.51189E-03  2.63027E-03  1.41044E-03  0.00000E+00  6.99220E+05  4.59259E+01  9.86206E+02  6.44317E+05
  2.63027E-03  2.75423E-03  1.41044E-03  0.00000E+00  6.83297E+05  4.59259E+01  9.63747E+02  6.45281E+05
  2.75423E-03  2.88403E-03  1.41044E-03  0.00000E+00  6.67755E+05  4.59259E+01  9.41827E+02  6.46223E+05
  2.88403E-03  3.01995E-03  1.41044E-03  0.00000E+00  6.52545E+05  4.59259E+01  9.20374E+02  6.47143E+05
  3.01995E-03  3.16228E-03  1.41044E-03  0.00000E+00  6.37692E+05  4.59259E+01  8.99424E+02  6.48043E+05
  3.16228E-03  3.31131E-03  1.41044E-03  0.00000E+00  6.23180E+05  4.59259E+01  8.78956E+02  6.48922E+05
  3.31131E-03  3.46737E-03  1.41044E-03  0.00000E+00  6.08990E+05  4.59259E+01  8.58942E+02  6.49781E+05
  3.46737E-03  3.63078E-03  1.41044E-03  0.00000E+00  5.95133E+05  4.59259E+01  8.39397E+02  6.50620E+05
  3.63078E-03  3.80189E-03  1.41044E-03  0.00000E+00  5.81579E+05  4.59259E+01  8.20281E+02  6.51440E+05
  3.80189E-03  3.98107E-03  1.41044E-03  0.00000E+00  5.68349E+05  4.59259E+01  8.01621E+02  6.52242E+05
  3.98107E-03  4.16869E-03  1.41044E-03  0.00000E+00  5.55403E+05  4.59259E+01  7.83361E+02  6.53025E+05
  4.16869E-03  4.36516E-03  1.41044E-03  0.00000E+00  5.42769E+05  4.59259E+01  7.65541E+02  6.53791E+05
  4.36516E-03  4.57088E-03  1.41044E-03  0.00000E+00  5.30406E+05  4.59259E+01  7.48105E+02  6.54539E+05
  4.57088E-03  4.78630E-03  1.41044E-03  0.00000E+00  5.18340E+05  4.59259E+01  7.31085E+02  6.55270E+05
  4.78630E-03  5.01187E-03  1.41044E-03  0.00000E+00  5.06538E+05  4.59259E+01  7.14439E+02  6.55985E+05
  5.01187E-03  5.24807E-03  1.41044E-03  0.00000E+00  4.95007E+05  4.59259E+01  6.98177E+02  6.56683E+05
  5.24807E-03  5.49541E-03  1.41044E-03  0.00000E+00  4.83743E+05  4.59259E+01  6.82288E+02  6.57365E+05
  5.49541E-03  5.75440E-03  1.41044E-03  0.00000E+00  4.72727E+05  4.59259E+01  6.66752E+02  6.58032E+05
  5.75440E-03  6.02560E-03  1.41044E-03  0.00000E+00  4.61972E+05  4.59259E+01  6.51583E+02  6.58683E+05
  6.02560E-03  6.30957E-03  1.41044E-03  0.00000E+00  4.51449E+05  4.23736E+01  6.36741E+02  6.59320E+05
  6.30957E-03  6.60693E-03  1.41044E-03  0.00000E+00  4.41181E+05  4.23736E+01  6.22258E+02  6.59942E+05
  6.60693E-03  6.91831E-03  1.41044E-03  0.00000E+00  4.31132E+05  4.23736E+01  6.08085E+02  6.60550E+05
  6.91831E-03  7.24436E-03  1.41044E-03  0.00000E+00  4.21323E+05  4.23736E+01  5.94250E+02  6.61145E+05
  7.24436E-03  7.58578E-03  1.41044E-03  0.00000E+00  4.11728E+05  4.23736E+01  5.80716E+02  6.61725E+05
  7.58578E-03  7.94328E-03  1.41044E-03  0.00000E+00  4.02359E+05  4.23736E+01  5.67503E+02  6.62293E+05
  7.94328E-03  8.31764E-03  1.41044E-03  0.00000E+00  3.93200E+05  4.23736E+01  5.54584E+02  6.62847E+05
  8.31764E-03  8.70964E-03  1.41044E-03  0.00000E+00  3.84250E+05  4.23736E+01  5.41960E+02  6.63389E+05
  8.70964E-03  9.12011E-03  1.41044E-03  0.00000E+00  3.75505E+05  4.23736E+01  5.29627E+02  6.63919E+05
  9.12011E-03  9.54993E-03  1.41044E-03  0.00000E+00  3.66954E+05  4.23736E+01  5.17565E+02  6.64437E+05
  9.54993E-03  1.00000E-02  1.41044E-03  0.00000E+00  3.58606E+05  4.23736E+01  5.05791E+02  6.64942E+05
  1.00000E-02  1.04713E-02  1.41044E-03  0.00000E+00  3.50439E+05  4.23736E+01  4.94273E+02  6.65437E+05
  1.04713E-02  1.09648E-02  1.41044E-03  0.00000E+00  3.42466E+05  4.23736E+01  4.83027E+02  6.65920E+05
  1.09648E-02  1.14815E-02  1.41044E-03  0.00000E+00  3.34660E+05  4.23736E+01  4.72017E+02  6.66392E+05
  1.14815E-02  1.20226E-02  1.41044E-03  0.00000E+00  3.27046E+05  4.01271E+01  4.61278E+02  6.66853E+05
  1.20226E-02  1.25892E-02  1.41044E-03  0.00000E+00  3.19603E+05  4.01271E+01  4.50780E+02  6.67304E+05
  1.25892E-02  1.31826E-02  1.41044E-03  0.00000E+00  3.12330E+05  4.01271E+01  4.40521E+02  6.67744E+05
  1.31826E-02  1.38038E-02  1.41044E-03  0.00000E+00  3.05218E+05  4.01271E+01  4.30491E+02  6.68175E+05
  1.38038E-02  1.44544E-02  1.41044E-03  0.00000E+00  2.98273E+05  4.01271E+01  4.20696E+02  6.68595E+05
  1.44544E-02  1.51356E-02  1.41044E-03  0.00000E+00  2.91486E+05  4.01271E+01  4.11122E+02  6.69007E+05
  1.51356E-02  1.58489E-02  1.41044E-03  0.00000E+00  2.84844E+05  4.01271E+01  4.01755E+02  6.69408E+05
  1.58489E-02  1.65959E-02  1.41044E-03  0.00000E+00  2.78366E+05  4.01271E+01  3.92618E+02  6.69801E+05
  1.65959E-02  1.73780E-02  1.41044E-03  0.00000E+00  2.72026E+05  4.01271E+01  3.83675E+02  6.70185E+05
  1.73780E-02  1.81970E-02  1.41044E-03  0.00000E+00  2.65839E+05  4.01271E+01  3.74949E+02  6.70560E+05
  1.81970E-02  1.90546E-02  1.41044E-03  0.00000E+00  2.59783E+05  4.01271E+01  3.66407E+02  6.70926E+05
  1.90546E-02  1.99526E-02  1.41044E-03  0.00000E+00  2.53871E+05  4.01271E+01  3.58070E+02  6.71284E+05
  1.99526E-02  2.08930E-02  1.41044E-03  0.00000E+00  2.48092E+05  3.92634E+01  3.49919E+02  6.71634E+05
  2.08930E-02  2.18776E-02  1.41044E-03  0.00000E+00  2.42446E+05  3.91232E+01  3.41955E+02  6.71976E+05
  2.18776E-02  2.29087E-02  1.41044E-03  0.00000E+00  2.36929E+05  3.89929E+01  3.34173E+02  6.72310E+05
  2.29087E-02  2.39883E-02  1.41044E-03  0.00000E+00  2.31537E+05  3.88721E+01  3.26568E+02  6.72637E+05
  2.39883E-02  2.51189E-02  1.41044E-03  0.00000E+00  2.26271E+05  3.87608E+01  3.19141E+02  6.72956E+05
  2.51189E-02  2.63027E-02  1.41044E-03  0.00000E+00  2.21118E+05  3.86832E+01  3.11873E+02  6.73268E+05
  2.63027E-02  2.75423E-02  1.41044E-03  0.00000E+00  2.16093E+05  3.86344E+01  3.04785E+02  6.73572E+05
  2.75423E-02  2.88403E-02  1.41044E-03  0.00000E+00  2.11177E+05  3.85641E+01  2.97852E+02  6.73870E+05
  2.88403E-02  3.01995E-02  1.41044E-03  0.00000E+00  2.06377E+05  3.84756E+01  2.91082E+02  6.74161E+05
  3.01995E-02  3.16228E-02  1.41044E-03  0.00000E+00  2.01685E+05  3.83933E+01  2.84465E+02  6.74446E+05
  3.16228E-02  3.31131E-02  1.41044E-03  0.00000E+00  1.97107E+05  3.83355E+01  2.78006E+02  6.74724E+05
  3.31131E-02  3.46737E-02  1.41044E-03  0.00000E+00  1.92633E+05  3.82990E+01  2.71697E+02  6.74996E+05
  3.46737E-02  3.63078E-02  1.41044E-03  0.00000E+00  1.88262E+05  3.81232E+01  2.65532E+02  6.75261E+05
  3.63078E-02  3.80189E-02  1.41044E-03  0.00000E+00  1.83998E+05  3.78747E+01  2.59517E+02  6.75521E+05
  3.80189E-02  3.98107E-02  1.41044E-03  0.00000E+00  1.79828E+05  3.78747E+01  2.53636E+02  6.75774E+05
  3.98107E-02  4.16869E-02  1.41044E-03  0.00000E+00  1.75760E+05  3.76386E+01  2.47899E+02  6.76022E+05
  4.16869E-02  4.36516E-02  1.41044E-03  0.00000E+00  1.71782E+05  3.76386E+01  2.42287E+02  6.76264E+05
  4.36516E-02  4.57088E-02  1.41044E-03  0.00000E+00  1.67899E+05  3.76386E+01  2.36811E+02  6.76501E+05
  4.57088E-02  4.78630E-02  1.41044E-03  0.00000E+00  1.64100E+05  3.76386E+01  2.31453E+02  6.76733E+05
  4.78630E-02  5.01187E-02  1.41044E-03  0.00000E+00  1.60390E+05  3.74760E+01  2.26220E+02  6.76959E+05
  5.01187E-02  5.24807E-02  1.41044E-03  0.00000E+00  1.56759E+05  3.74760E+01  2.21099E+02  6.77180E+05
  5.24807E-02  5.49541E-02  1.41044E-03  0.00000E+00  1.53209E+05  3.74760E+01  2.16091E+02  6.77396E+05
  5.49541E-02  5.75440E-02  1.41044E-03  0.00000E+00  1.49737E+05  3.74760E+01  2.11194E+02  6.77607E+05
  5.75440E-02  6.02560E-02  1.41044E-03  0.00000E+00  1.46338E+05  3.74216E+01  2.06400E+02  6.77814E+05
  6.02560E-02  6.30957E-02  1.41044E-03  0.00000E+00  1.43016E+05  3.74216E+01  2.01715E+02  6.78015E+05
  6.30957E-02  6.60693E-02  1.41044E-03  0.00000E+00  1.39764E+05  3.74216E+01  1.97128E+02  6.78213E+05
  6.60693E-02  6.91831E-02  1.41044E-03  0.00000E+00  1.36588E+05  3.74216E+01  1.92649E+02  6.78405E+05
  6.91831E-02  7.24436E-02  1.41044E-03  0.00000E+00  1.33478E+05  3.74310E+01  1.88263E+02  6.78593E+05
  7.24436E-02  7.58578E-02  1.41044E-03  0.00000E+00  1.30443E+05  3.74310E+01  1.83981E+02  6.78777E+05
  7.58578E-02  7.94328E-02  1.41044E-03  0.00000E+00  1.27473E+05  3.74310E+01  1.79792E+02  6.78957E+05
  7.94328E-02  8.31764E-02  1.41044E-03  0.00000E+00  1.24572E+05  3.75125E+01  1.75702E+02  6.79133E+05
  8.31764E-02  8.70964E-02  1.41044E-03  0.00000E+00  1.21737E+05  3.75125E+01  1.71702E+02  6.79305E+05
  8.70964E-02  9.12011E-02  1.41044E-03  0.00000E+00  1.18965E+05  3.75125E+01  1.67793E+02  6.79472E+05
  9.12011E-02  9.54993E-02  1.41044E-03  0.00000E+00  1.16258E+05  3.75125E+01  1.63975E+02  6.79636E+05
  9.54993E-02  1.00000E-01  1.41044E-03  0.00000E+00  1.13611E+05  3.77839E+01  1.60241E+02  6.79797E+05
  1.00000E-01  1.04713E-01  1.41044E-03  0.00000E+00  1.11027E+05  3.77839E+01  1.56596E+02  6.79953E+05
  1.04713E-01  1.09648E-01  1.41044E-03  0.00000E+00  1.08497E+05  3.77839E+01  1.53029E+02  6.80106E+05
  1.09648E-01  1.14815E-01  1.41044E-03  0.00000E+00  1.06028E+05  3.77839E+01  1.49545E+02  6.80256E+05
  1.14815E-01  1.20226E-01  1.41044E-03  0.00000E+00  1.03612E+05  3.77839E+01  1.46139E+02  6.80402E+05
  1.20226E-01  1.25893E-01  1.41044E-03  0.00000E+00  1.01257E+05  3.77839E+01  1.42816E+02  6.80545E+05
  1.25893E-01  1.31826E-01  1.41044E-03  0.00000E+00  9.89510E+04  3.77839E+01  1.39564E+02  6.80684E+05
  1.31826E-01  1.38038E-01  1.41044E-03  0.00000E+00  9.66983E+04  3.77839E+01  1.36387E+02  6.80821E+05
  1.38038E-01  1.44544E-01  1.41044E-03  0.00000E+00  9.44987E+04  3.80603E+01  1.33284E+02  6.80954E+05
  1.44544E-01  1.51356E-01  1.41044E-03  0.00000E+00  9.23468E+04  3.82736E+01  1.30249E+02  6.81084E+05
  1.51356E-01  1.58489E-01  1.41044E-03  0.00000E+00  9.02450E+04  3.82736E+01  1.27285E+02  6.81212E+05
  1.58489E-01  1.65959E-01  1.41044E-03  0.00000E+00  8.81900E+04  3.82736E+01  1.24386E+02  6.81336E+05
  1.65959E-01  1.73780E-01  1.41044E-03  0.00000E+00  8.61840E+04  3.82736E+01  1.21557E+02  6.81458E+05
  1.73780E-01  1.81970E-01  1.41044E-03  0.00000E+00  8.42210E+04  3.85398E+01  1.18788E+02  6.81576E+05
  1.81970E-01  1.90546E-01  1.41044E-03  0.00000E+00  8.23049E+04  3.85398E+01  1.16086E+02  6.81692E+05
  1.90546E-01  1.99526E-01  1.41044E-03  0.00000E+00  8.04300E+04  3.85398E+01  1.13441E+02  6.81806E+05
  1.99526E-01  2.08930E-01  1.41044E-03  0.00000E+00  7.86003E+04  3.88815E+01  1.10861E+02  6.81917E+05
  2.08930E-01  2.18776E-01  1.41044E-03  0.00000E+00  7.68107E+04  3.88815E+01  1.08337E+02  6.82025E+05
  2.18776E-01  2.29087E-01  1.41044E-03  0.00000E+00  7.50624E+04  3.88815E+01  1.05871E+02  6.82131E+05
  2.29087E-01  2.39883E-01  1.41044E-03  0.00000E+00  7.33547E+04  3.88815E+01  1.03462E+02  6.82234E+05
  2.39883E-01  2.51189E-01  1.41044E-03  0.00000E+00  7.16842E+04  3.92061E+01  1.01106E+02  6.82335E+05
  2.51189E-01  2.63027E-01  1.41044E-03  0.00000E+00  7.00528E+04  3.92061E+01  9.88051E+01  6.82434E+05
  2.63027E-01  2.75423E-01  1.41044E-03  0.00000E+00  6.84580E+04  3.93766E+01  9.65558E+01  6.82531E+05
  2.75423E-01  2.88403E-01  1.41044E-03  0.00000E+00  6.69013E+04  3.93766E+01  9.43601E+01  6.82625E+05
  2.88403E-01  3.01995E-01  1.41044E-03  0.00000E+00  6.53763E+04  3.94986E+01  9.22091E+01  6.82717E+05
  3.01995E-01  3.16228E-01  1.41044E-03  0.00000E+00  6.38888E+04  3.96159E+01  9.01112E+01  6.82808E+05
  3.16228E-01  3.31131E-01  1.41044E-03  0.00000E+00  6.24352E+04  3.98016E+01  8.80609E+01  6.82896E+05
  3.31131E-01  3.46737E-01  1.41044E-03  0.00000E+00  6.10144E+04  3.98016E+01  8.60569E+01  6.82982E+05
  3.46737E-01  3.63078E-01  1.41044E-03  0.00000E+00  5.96238E+04  4.00769E+01  8.40956E+01  6.83066E+05
  3.63078E-01  3.80189E-01  1.41044E-03  0.00000E+00  5.82671E+04  4.00769E+01  8.21820E+01  6.83148E+05
  3.80189E-01  3.98107E-01  1.41044E-03  0.00000E+00  5.69430E+04  4.00769E+01  8.03145E+01  6.83228E+05
  3.98107E-01  4.16869E-01  1.41044E-03  0.00000E+00  5.56453E+04  4.05271E+01  7.84842E+01  6.83307E+05
  4.16869E-01  4.36516E-01  1.41044E-03  0.00000E+00  5.43769E+04  4.05271E+01  7.66952E+01  6.83383E+05
  4.36516E-01  4.57088E-01  1.41044E-03  0.00000E+00  5.31402E+04  4.05271E+01  7.49510E+01  6.83458E+05
  4.57088E-01  4.78630E-01  1.41044E-03  0.00000E+00  5.19345E+04  4.05271E+01  7.32503E+01  6.83532E+05
  4.78630E-01  5.01187E-01  1.41044E-03  0.00000E+00  5.07488E+04  4.10360E+01  7.15780E+01  6.83603E+05
  5.01187E-01  5.24808E-01  1.41044E-03  0.00000E+00  4.95910E+04  4.10360E+01  6.99450E+01  6.83673E+05
  5.24808E-01  5.49541E-01  1.41044E-03  0.00000E+00  4.84657E+04  4.10360E+01  6.83578E+01  6.83741E+05
  5.49541E-01  5.75440E-01  1.41044E-03  0.00000E+00  4.73659E+04  4.10360E+01  6.68067E+01  6.83808E+05
  5.75440E-01  6.02560E-01  1.41044E-03  0.00000E+00  4.62825E+04  4.16354E+01  6.52785E+01  6.83874E+05
  6.02560E-01  6.30957E-01  1.41044E-03  0.00000E+00  4.52265E+04  4.16354E+01  6.37892E+01  6.83937E+05
  6.30957E-01  6.60693E-01  1.41044E-03  0.00000E+00  4.42043E+04  4.16354E+01  6.23474E+01  6.84000E+05
  6.60693E-01  6.91831E-01  1.41044E-03  0.00000E+00  4.31989E+04  4.16354E+01  6.09293E+01  6.84061E+05
  6.91831E-01  7.24436E-01  1.41044E-03  0.00000E+00  4.22076E+04  4.16354E+01  5.95312E+01  6.84120E+05
  7.24436E-01  7.58578E-01  1.41044E-03  0.00000E+00  4.12468E+04  4.16354E+01  5.81760E+01  6.84178E+05
  7.58578E-01  7.94328E-01  1.41044E-03  0.00000E+00  4.03175E+04  4.16354E+01  5.68653E+01  6.84235E+05
  7.94328E-01  8.31764E-01  1.41044E-03  0.00000E+00  3.93965E+04  4.20262E+01  5.55664E+01  6.84291E+05
  8.31764E-01  8.70964E-01  1.41044E-03  0.00000E+00  3.84860E+04  4.21433E+01  5.42820E+01  6.84345E+05
  8.70964E-01  9.12011E-01  1.41044E-03  0.00000E+00  3.76072E+04  4.22559E+01  5.30425E+01  6.84398E+05
  9.12011E-01  9.54993E-01  1.41044E-03  0.00000E+00  3.67535E+04  4.23493E+01  5.18386E+01  6.84450E+05
  9.54993E-01  1.00000E+00  1.41044E-03  0.00000E+00  3.59156E+04  4.24261E+01  5.06567E+01  6.84501E+05
  1.00000E+00  1.04713E+00  1.41044E-03  0.00000E+00  3.51117E+04  4.24751E+01  4.95228E+01  6.84550E+05
  1.04713E+00  1.09648E+00  1.41044E-03  0.00000E+00  3.43385E+04  4.25232E+01  4.84322E+01  6.84599E+05
  1.09648E+00  1.14815E+00  1.41044E-03  0.00000E+00  3.35626E+04  4.29373E+01  4.73380E+01  6.84646E+05
  1.14815E+00  1.20226E+00  1.41044E-03  0.00000E+00  3.27763E+04  4.29773E+01  4.62289E+01  6.84692E+05
  1.20226E+00  1.25892E+00  1.41044E-03  0.00000E+00  3.20192E+04  4.29969E+01  4.51611E+01  6.84737E+05
  1.25892E+00  1.31826E+00  1.41044E-03  0.00000E+00  3.13057E+04  4.37019E+01  4.41547E+01  6.84781E+05
  1.31826E+00  1.38038E+00  1.41044E-03  0.00000E+00  3.05916E+04  4.37019E+01  4.31475E+01  6.84825E+05
  1.38038E+00  1.44544E+00  1.41044E-03  0.00000E+00  2.98840E+04  4.37019E+01  4.21496E+01  6.84867E+05
  1.44544E+00  1.51356E+00  1.41044E-03  0.00000E+00  2.92069E+04  4.37019E+01  4.11945E+01  6.84908E+05
  1.51356E+00  1.58489E+00  1.41044E-03  0.00000E+00  2.85525E+04  4.37019E+01  4.02715E+01  6.84948E+05
  1.58489E+00  1.65959E+00  1.41044E-03  0.00000E+00  2.79071E+04  4.37019E+01  3.93613E+01  6.84988E+05
  1.65959E+00  1.73780E+00  1.41044E-03  0.00000E+00  2.72518E+04  4.37019E+01  3.84370E+01  6.85026E+05
  1.73780E+00  1.81970E+00  1.41044E-03  0.00000E+00  2.66422E+04  4.37019E+01  3.75771E+01  6.85064E+05
  1.81970E+00  1.90546E+00  1.41044E-03  0.00000E+00  2.60481E+04  4.37019E+01  3.67392E+01  6.85100E+05
  1.90546E+00  1.99526E+00  1.41044E-03  0.00000E+00  2.54530E+04  4.37019E+01  3.58998E+01  6.85136E+05
  1.99526E+00  2.08930E+00  1.41044E-03  0.00000E+00  2.48544E+04  4.45616E+01  3.50555E+01  6.85171E+05
  2.08930E+00  2.18776E+00  1.41044E-03  0.00000E+00  2.43133E+04  4.45616E+01  3.42924E+01  6.85206E+05
  2.18776E+00  2.29087E+00  1.41044E-03  0.00000E+00  2.37553E+04  4.45616E+01  3.35054E+01  6.85239E+05
  2.29087E+00  2.39883E+00  1.41044E-03  0.00000E+00  2.32079E+04  4.45616E+01  3.27333E+01  6.85272E+05
  2.39883E+00  2.51189E+00  1.41044E-03  0.00000E+00  2.26668E+04  4.45616E+01  3.19702E+01  6.85304E+05
  2.51189E+00  2.63027E+00  1.41044E-03  0.00000E+00  2.21787E+04  4.45616E+01  3.12816E+01  6.85335E+05
  2.63027E+00  2.75423E+00  1.41044E-03  0.00000E+00  2.16790E+04  4.49161E+01  3.05769E+01  6.85366E+05
  2.75423E+00  2.88403E+00  1.41044E-03  0.00000E+00  2.11579E+04  4.49161E+01  2.98418E+01  6.85395E+05
  2.88403E+00  3.01995E+00  1.41044E-03  0.00000E+00  2.06843E+04  4.51416E+01  2.91740E+01  6.85425E+05
  3.01995E+00  3.16228E+00  1.41044E-03  0.00000E+00  2.02251E+04  4.51416E+01  2.85262E+01  6.85453E+05
  3.16228E+00  3.31131E+00  1.41044E-03  0.00000E+00  1.97562E+04  4.51416E+01  2.78648E+01  6.85481E+05
  3.31131E+00  3.46737E+00  1.41044E-03  0.00000E+00  1.92937E+04  4.51416E+01  2.72126E+01  6.85508E+05
  3.46737E+00  3.63078E+00  1.41044E-03  0.00000E+00  1.88633E+04  4.53801E+01  2.66056E+01  6.85535E+05
  3.63078E+00  3.80189E+00  1.41044E-03  0.00000E+00  1.84513E+04  4.53801E+01  2.60243E+01  6.85561E+05
  3.80189E+00  3.98107E+00  1.41044E-03  0.00000E+00  1.80197E+04  4.53801E+01  2.54157E+01  6.85586E+05
  3.98107E+00  4.16869E+00  1.41044E-03  0.00000E+00  1.75935E+04  4.55804E+01  2.48146E+01  6.85611E+05
  4.16869E+00  4.36516E+00  1.41044E-03  0.00000E+00  1.72131E+04  4.55804E+01  2.42780E+01  6.85635E+05
  4.36516E+00  4.57088E+00  1.41044E-03  0.00000E+00  1.68194E+04  4.57524E+01  2.37227E+01  6.85659E+05
  4.57088E+00  4.78630E+00  1.41044E-03  0.00000E+00  1.64294E+04  4.57524E+01  2.31726E+01  6.85682E+05
  4.78630E+00  5.01187E+00  1.41044E-03  0.00000E+00  1.60445E+04  4.59025E+01  2.26298E+01  6.85705E+05
  5.01187E+00  5.24808E+00  1.41044E-03  0.00000E+00  1.57009E+04  4.59025E+01  2.21452E+01  6.85727E+05
  5.24808E+00  5.49541E+00  1.41044E-03  0.00000E+00  1.53468E+04  4.59025E+01  2.16457E+01  6.85749E+05
  5.49541E+00  5.75440E+00  1.41044E-03  0.00000E+00  1.49767E+04  4.60824E+01  2.11238E+01  6.85770E+05
  5.75440E+00  6.02560E+00  1.41044E-03  0.00000E+00  1.46425E+04  4.60824E+01  2.06523E+01  6.85790E+05
  6.02560E+00  6.30957E+00  1.41044E-03  0.00000E+00  1.43253E+04  4.60824E+01  2.02050E+01  6.85811E+05
  6.30957E+00  6.60693E+00  1.41044E-03  0.00000E+00  1.39932E+04  4.62287E+01  1.97365E+01  6.85830E+05
  6.60693E+00  6.91831E+00  1.41044E-03  0.00000E+00  1.36548E+04  4.63185E+01  1.92592E+01  6.85850E+05
  6.91831E+00  7.24436E+00  1.41044E-03  0.00000E+00  1.33607E+04  4.63185E+01  1.88444E+01  6.85869E+05
  7.24436E+00  7.58578E+00  1.41044E-03  0.00000E+00  1.30637E+04  4.64265E+01  1.84255E+01  6.85887E+05
  7.58578E+00  7.94328E+00  1.41044E-03  0.00000E+00  1.27527E+04  4.64265E+01  1.79869E+01  6.85905E+05
  7.94328E+00  8.31764E+00  1.41044E-03  0.00000E+00  1.24575E+04  4.65629E+01  1.75706E+01  6.85923E+05
  8.31764E+00  8.70964E+00  1.41044E-03  0.00000E+00  1.21893E+04  4.65629E+01  1.71923E+01  6.85940E+05
  8.70964E+00  9.12011E+00  1.41044E-03  0.00000E+00  1.19274E+04  4.67019E+01  1.68228E+01  6.85957E+05
  9.12011E+00  9.54993E+00  1.41044E-03  0.00000E+00  1.16539E+04  4.67019E+01  1.64371E+01  6.85973E+05
  9.54993E+00  1.00000E+01  1.41044E-03  0.00000E+00  1.13675E+04  4.68770E+01  1.60331E+01  6.85989E+05
  1.00000E+01  1.04713E+01  1.41044E-03  0.00000E+00  1.10992E+04  4.68770E+01  1.56548E+01  6.86005E+05
  1.04713E+01  1.09648E+01  1.41044E-03  0.00000E+00  1.08548E+04  4.68770E+01  1.53100E+01  6.86020E+05
  1.09648E+01  1.14815E+01  1.41044E-03  0.00000E+00  1.05989E+04  4.68770E+01  1.49491E+01  6.86035E+05
  1.14815E+01  1.20226E+01  1.41044E-03  0.00000E+00  1.03627E+04  4.71199E+01  1.46159E+01  6.86050E+05
  1.20226E+01  1.25892E+01  1.41044E-03  0.00000E+00  1.01393E+04  4.71199E+01  1.43008E+01  6.86064E+05
  1.25892E+01  1.31826E+01  1.41044E-03  0.00000E+00  9.90522E+03  4.72460E+01  1.39707E+01  6.86078E+05
  1.31826E+01  1.38038E+01  1.41044E-03  0.00000E+00  9.66526E+03  4.72460E+01  1.36322E+01  6.86091E+05
  1.38038E+01  1.44544E+01  1.41044E-03  0.00000E+00  9.45765E+03  4.72460E+01  1.33394E+01  6.86105E+05
  1.44544E+01  1.51356E+01  1.41044E-03  0.00000E+00  9.24985E+03  4.73921E+01  1.30463E+01  6.86118E+05
  1.51356E+01  1.58489E+01  1.41044E-03  0.00000E+00  9.03222E+03  4.73921E+01  1.27394E+01  6.86131E+05
  1.58489E+01  1.65959E+01  1.41044E-03  0.00000E+00  8.81497E+03  4.73921E+01  1.24330E+01  6.86143E+05
  1.65959E+01  1.73780E+01  1.41044E-03  0.00000E+00  8.62784E+03  4.75463E+01  1.21690E+01  6.86155E+05
  1.73780E+01  1.81970E+01  1.41044E-03  0.00000E+00  8.43587E+03  4.75463E+01  1.18983E+01  6.86167E+05
  1.81970E+01  1.90546E+01  1.41044E-03  0.00000E+00  8.23478E+03  4.75463E+01  1.16146E+01  6.86179E+05
  1.90546E+01  1.99526E+01  1.41044E-03  0.00000E+00  8.04056E+03  4.75463E+01  1.13407E+01  6.86190E+05
  1.99526E+01  2.08930E+01  1.41044E-03  0.00000E+00  7.86919E+03  4.76799E+01  1.10990E+01  6.86201E+05
  2.08930E+01  2.18776E+01  1.41044E-03  0.00000E+00  7.69052E+03  4.76799E+01  1.08470E+01  6.86212E+05
  2.18776E+01  2.29087E+01  1.41044E-03  0.00000E+00  7.50404E+03  4.77961E+01  1.05840E+01  6.86223E+05
  2.29087E+01  2.39883E+01  1.41044E-03  0.00000E+00  7.33778E+03  4.77961E+01  1.03495E+01  6.86233E+05
  2.39883E+01  2.51189E+01  1.41044E-03  0.00000E+00  7.17943E+03  4.79389E+01  1.01261E+01  6.86243E+05
  2.51189E+01  2.63027E+01  1.41044E-03  0.00000E+00  7.01356E+03  4.79389E+01  9.89218E+00  6.86253E+05
  2.63027E+01  2.75423E+01  1.41044E-03  0.00000E+00  6.84269E+03  4.79389E+01  9.65118E+00  6.86263E+05
  2.75423E+01  2.88403E+01  1.41044E-03  0.00000E+00  6.69399E+03  4.79389E+01  9.44145E+00  6.86272E+05
  2.88403E+01  3.01995E+01  1.41044E-03  0.00000E+00  6.54658E+03  4.80826E+01  9.23355E+00  6.86281E+05
  3.01995E+01  3.16228E+01  1.41044E-03  0.00000E+00  6.39225E+03  4.80826E+01  9.01586E+00  6.86290E+05
  3.16228E+01  3.31131E+01  1.41044E-03  0.00000E+00  6.24039E+03  4.82114E+01  8.80168E+00  6.86299E+05
  3.31131E+01  3.46737E+01  1.41044E-03  0.00000E+00  6.10827E+03  4.82114E+01  8.61533E+00  6.86308E+05
  3.46737E+01  3.63078E+01  1.41044E-03  0.00000E+00  5.97148E+03  4.82114E+01  8.42239E+00  6.86316E+05
  3.63078E+01  3.80189E+01  1.41044E-03  0.00000E+00  5.82826E+03  4.83428E+01  8.22039E+00  6.86324E+05
  3.80189E+01  3.98107E+01  1.41044E-03  0.00000E+00  5.69303E+03  4.83428E+01  8.02966E+00  6.86332E+05
  3.98107E+01  4.16869E+01  1.41044E-03  0.00000E+00  5.57220E+03  4.83428E+01  7.85924E+00  6.86340E+05
  4.16869E+01  4.36516E+01  1.41044E-03  0.00000E+00  5.44582E+03  4.84906E+01  7.68099E+00  6.86348E+05
  4.36516E+01  4.57088E+01  1.41044E-03  0.00000E+00  5.31367E+03  4.84906E+01  7.49460E+00  6.86355E+05
  4.57088E+01  4.78630E+01  1.41044E-03  0.00000E+00  5.19422E+03  4.84906E+01  7.32612E+00  6.86363E+05
  4.78630E+01  5.01187E+01  1.41044E-03  0.00000E+00  5.08176E+03  4.86414E+01  7.16751E+00  6.86370E+05
  5.01187E+01  5.24808E+01  1.41044E-03  0.00000E+00  4.96401E+03  4.86414E+01  7.00142E+00  6.86377E+05
  5.24808E+01  5.49541E+01  1.41044E-03  0.00000E+00  4.84381E+03  4.87966E+01  6.83189E+00  6.86384E+05
  5.49541E+01  5.75440E+01  1.41044E-03  0.00000E+00  4.74010E+03  4.87966E+01  6.68561E+00  6.86390E+05
  5.75440E+01  6.02560E+01  1.41044E-03  0.00000E+00  4.63585E+03  4.87966E+01  6.53858E+00  6.86397E+05
  6.02560E+01  6.30957E+01  1.41044E-03  0.00000E+00  4.52669E+03  4.89813E+01  6.38462E+00  6.86403E+05
  6.30957E+01  6.60693E+01  1.41044E-03  0.00000E+00  4.41811E+03  4.89813E+01  6.23147E+00  6.86410E+05
  6.60693E+01  6.91831E+01  1.41044E-03  0.00000E+00  4.32385E+03  4.89813E+01  6.09852E+00  6.86416E+05
  6.91831E+01  7.24436E+01  1.41044E-03  0.00000E+00  4.22672E+03  4.91976E+01  5.96153E+00  6.86422E+05
  7.24436E+01  7.58578E+01  1.41044E-03  0.00000E+00  4.12503E+03  4.91976E+01  5.81809E+00  6.86427E+05
  7.58578E+01  7.94328E+01  1.41044E-03  0.00000E+00  4.03103E+03  4.91976E+01  5.68551E+00  6.86433E+05
  7.94328E+01  8.31764E+01  1.41044E-03  0.00000E+00  3.94493E+03  4.94268E+01  5.56408E+00  6.86439E+05
  8.31764E+01  8.70964E+01  1.41044E-03  0.00000E+00  3.85477E+03  4.94268E+01  5.43692E+00  6.86444E+05
  8.70964E+01  9.12011E+01  1.41044E-03  0.00000E+00  3.76075E+03  4.96619E+01  5.30430E+00  6.86449E+05
  9.12011E+01  9.54993E+01  1.41044E-03  0.00000E+00  3.67497E+03  4.96619E+01  5.18332E+00  6.86455E+05
  9.54993E+01  1.00000E+02  1.41044E-03  0.00000E+00  3.59129E+03  4.99065E+01  5.06529E+00  6.86460E+05
  1.00000E+02  1.04713E+02  1.41044E-03  0.00000E+00  3.51225E+03  4.99065E+01  4.95381E+00  6.86465E+05
  1.04713E+02  1.09648E+02  1.41044E-03  0.00000E+00  3.44112E+03  4.99065E+01  4.85348E+00  6.86469E+05
  1.09648E+02  1.14815E+02  1.41044E-03  0.00000E+00  3.36666E+03  5.10028E+01  4.74846E+00  6.86474E+05
  1.14815E+02  1.20226E+02  1.41044E-03  0.00000E+00  3.28873E+03  5.13595E+01  4.63855E+00  6.86479E+05
  1.20226E+02  1.25893E+02  1.41044E-03  0.00000E+00  3.20720E+03  5.13595E+01  4.52356E+00  6.86483E+05
  1.25893E+02  1.31826E+02  1.41044E-03  0.00000E+00  3.12836E+03  5.17462E+01  4.41236E+00  6.86488E+05
  1.31826E+02  1.38038E+02  1.41044E-03  0.00000E+00  3.06208E+03  5.17462E+01  4.31887E+00  6.86492E+05
  1.38038E+02  1.44544E+02  1.41044E-03  0.00000E+00  2.99349E+03  5.21674E+01  4.22213E+00  6.86496E+05
  1.44544E+02  1.51356E+02  1.41044E-03  0.00000E+00  2.92161E+03  5.26275E+01  4.12075E+00  6.86500E+05
  1.51356E+02  1.58489E+02  1.41044E-03  0.00000E+00  2.85424E+03  5.26275E+01  4.02573E+00  6.86504E+05
  1.58489E+02  1.65959E+02  1.41044E-03  0.00000E+00  2.79352E+03  5.31312E+01  3.94008E+00  6.86508E+05
  1.65959E+02  1.73780E+02  1.41044E-03  0.00000E+00  2.72994E+03  5.36821E+01  3.85041E+00  6.86512E+05
  1.73780E+02  1.81970E+02  1.41044E-03  0.00000E+00  2.66352E+03  5.42831E+01  3.75672E+00  6.86516E+05
  1.81970E+02  1.90546E+02  1.41044E-03  0.00000E+00  2.60226E+03  5.49353E+01  3.67032E+00  6.86520E+05
  1.90546E+02  1.99526E+02  1.41044E-03  0.00000E+00  2.54305E+03  5.49353E+01  3.58681E+00  6.86523E+05
  1.99526E+02  2.08930E+02  1.41044E-03  0.00000E+00  2.48637E+03  5.56395E+01  3.50687E+00  6.86527E+05
  2.08930E+02  2.18776E+02  1.41044E-03  0.00000E+00  2.43587E+03  5.71988E+01  3.43564E+00  6.86530E+05
  2.18776E+02  2.29087E+02  1.41044E-03  0.00000E+00  2.38312E+03  5.71988E+01  3.36125E+00  6.86534E+05
  2.29087E+02  2.39883E+02  1.41044E-03  0.00000E+00  2.32796E+03  5.71988E+01  3.28344E+00  6.86537E+05
  2.39883E+02  2.51189E+02  1.41044E-03  0.00000E+00  2.27027E+03  7.04336E+01  3.20207E+00  6.86540E+05
  2.51189E+02  2.63027E+02  1.41044E-03  0.00000E+00  2.21633E+03  7.04336E+01  3.12600E+00  6.86543E+05
  2.63027E+02  2.75423E+02  1.41044E-03  0.00000E+00  2.17238E+03  7.09366E+01  3.06401E+00  6.86546E+05
  2.75423E+02  2.88403E+02  1.41044E-03  0.00000E+00  2.15305E+03  7.09366E+01  3.03674E+00  6.86549E+05
  2.88403E+02  3.01995E+02  1.41044E-03  0.00000E+00  2.19977E+03  1.65043E+01  3.10263E+00  6.86552E+05
  3.01995E+02  3.16228E+02  1.41044E-03  0.00000E+00  2.03278E+03  1.65043E+01  2.86711E+00  6.86555E+05
  3.16228E+02  3.31131E+02  1.41044E-03  0.00000E+00  2.00359E+03  1.65043E+01  2.82594E+00  6.86558E+05
  3.31131E+02  3.46737E+02  1.41044E-03  0.00000E+00  1.97302E+03  1.65043E+01  2.78282E+00  6.86561E+05
  3.46737E+02  3.63078E+02  1.41044E-03  0.00000E+00  1.94100E+03  1.65043E+01  2.73766E+00  6.86564E+05
  3.63078E+02  3.80189E+02  1.41044E-03  0.00000E+00  1.90748E+03  1.65043E+01  2.69039E+00  6.86566E+05
  3.80189E+02  3.98107E+02  1.41044E-03  0.00000E+00  1.87238E+03  1.65043E+01  2.64088E+00  6.86569E+05
  3.98107E+02  4.16869E+02  1.41044E-03  0.00000E+00  1.83563E+03  1.65043E+01  2.58904E+00  6.86572E+05
  4.16869E+02  4.36516E+02  1.41044E-03  0.00000E+00  1.79714E+03  1.65043E+01  2.53475E+00  6.86574E+05
  4.36516E+02  4.57088E+02  1.41044E-03  0.00000E+00  1.75683E+03  1.65043E+01  2.47790E+00  6.86577E+05
  4.57088E+02  4.78630E+02  1.41044E-03  0.00000E+00  1.71464E+03  1.65043E+01  2.41839E+00  6.86579E+05
  4.78630E+02  5.01187E+02  1.41044E-03  0.00000E+00  1.67045E+03  1.65043E+01  2.35606E+00  6.86581E+05
  5.01187E+02  5.24807E+02  1.41044E-03  0.00000E+00  1.62417E+03  1.65043E+01  2.29079E+00  6.86584E+05
  5.24807E+02  5.49541E+02  1.41044E-03  0.00000E+00  1.57572E+03  1.65043E+01  2.22246E+00  6.86586E+05
  5.49541E+02  5.75440E+02  1.41044E-03  0.00000E+00  1.52499E+03  1.65043E+01  2.15090E+00  6.86588E+05
  5.75440E+02  6.02560E+02  1.41044E-03  0.00000E+00  1.47212E+03  1.65043E+01  2.07633E+00  6.86590E+05
  6.02560E+02  6.30957E+02  1.41044E-03  0.00000E+00  1.43412E+03  1.65043E+01  2.02273E+00  6.86592E+05
  6.30957E+02  6.60693E+02  1.41044E-03  0.00000E+00  1.40500E+03  1.65043E+01  1.98166E+00  6.86594E+05
  6.60693E+02  6.91831E+02  1.41044E-03  0.00000E+00  1.37450E+03  1.65043E+01  1.93865E+00  6.86596E+05
  6.91831E+02  7.24436E+02  1.41044E-03  0.00000E+00  1.34256E+03  1.65043E+01  1.89360E+00  6.86598E+05
  7.24436E+02  7.58578E+02  1.41044E-03  0.00000E+00  1.30912E+03  1.65043E+01  1.84644E+00  6.86600E+05
  7.58578E+02  7.94328E+02  1.41044E-03  0.00000E+00  1.26561E+03  1.65043E+01  1.78507E+00  6.86602E+05
  7.94328E+02  8.31764E+02  1.41044E-03  0.00000E+00  1.15807E+03  1.65043E+01  1.63338E+00  6.86603E+05
  8.31764E+02  8.70964E+02  1.41044E-03  0.00000E+00  1.03236E+03  1.65043E+01  1.45608E+00  6.86605E+05
  8.70964E+02  9.12011E+02  1.41044E-03  0.00000E+00  9.00709E+02  1.65043E+01  1.27039E+00  6.86606E+05
  9.12011E+02  9.54993E+02  1.41044E-03  0.00000E+00  7.62860E+02  1.65043E+01  1.07597E+00  6.86607E+05
  9.54993E+02  1.00000E+03  1.41044E-03  0.00000E+00  6.18537E+02  1.65043E+01  8.72408E-01  6.86608E+05
  1.00000E+03  1.04713E+03  1.41044E-03  0.00000E+00  5.32373E+02  1.65043E+01  7.50879E-01  6.86609E+05
  1.04713E+03  1.09648E+03  1.41044E-03  0.00000E+00  5.08685E+02  1.65043E+01  7.17468E-01  6.86609E+05
  1.09648E+03  1.14815E+03  1.41044E-03  0.00000E+00  4.83927E+02  1.65043E+01  6.82548E-01  6.86610E+05
  1.14815E+03  1.20226E+03  1.41044E-03  0.00000E+00  4.58017E+02  1.65043E+01  6.46005E-01  6.86611E+05
  1.20226E+03  1.25893E+03  1.41044E-03  0.00000E+00  4.30908E+02  1.65043E+01  6.07769E-01  6.86611E+05
  1.25893E+03  1.31826E+03  1.41044E-03  0.00000E+00  4.02501E+02  1.65043E+01  5.67703E-01  6.86612E+05
  1.31826E+03  1.38038E+03  1.41044E-03  0.00000E+00  3.72747E+02  1.65043E+01  5.25736E-01  6.86612E+05
  1.38038E+03  1.44544E+03  1.41044E-03  0.00000E+00  3.41622E+02  1.65043E+01  4.81836E-01  6.86613E+05
  1.44544E+03  1.51356E+03  1.41044E-03  0.00000E+00  3.09003E+02  1.65043E+01  4.35829E-01  6.86613E+05
  1.51356E+03  1.58489E+03  1.41044E-03  0.00000E+00  2.74840E+02  1.65043E+01  3.87645E-01  6.86614E+05
  1.58489E+03  1.65959E+03  1.41044E-03  0.00000E+00  2.39087E+02  1.65043E+01  3.37217E-01  6.86614E+05
  1.65959E+03  1.73780E+03  1.41044E-03  0.00000E+00  2.01643E+02  1.65043E+01  2.84405E-01  6.86614E+05
  1.73780E+03  1.81970E+03  1.41044E-03  0.00000E+00  1.62437E+02  1.65043E+01  2.29107E-01  6.86614E+05
  1.81970E+03  1.90546E+03  1.41044E-03  0.00000E+00  1.21369E+02  1.65043E+01  1.71183E-01  6.86615E+05
  1.90546E+03  1.99526E+03  1.41044E-03  0.00000E+00  7.83663E+01  1.65043E+01  1.10531E-01  6.86615E+05
  1.99526E+03  2.08930E+03  1.41044E-03  0.00000E+00  5.23360E+01  1.65043E+01  7.38167E-02  6.86615E+05
  2.08930E+03  2.18776E+03  1.41044E-03  0.00000E+00  4.85697E+01  1.65043E+01  6.85046E-02  6.86615E+05
  2.18776E+03  2.29087E+03  1.41044E-03  0.00000E+00  4.46931E+01  1.65043E+01  6.30368E-02  6.86615E+05
  2.29087E+03  2.39883E+03  1.41044E-03  0.00000E+00  4.06356E+01  1.65043E+01  5.73140E-02  6.86615E+05
  2.39883E+03  2.51189E+03  1.41044E-03  0.00000E+00  3.63860E+01  1.65043E+01  5.13201E-02  6.86615E+05
  2.51189E+03  2.63027E+03  1.41044E-03  0.00000E+00  3.19343E+01  1.65043E+01  4.50414E-02  6.86615E+05
  2.63027E+03  2.75423E+03  1.41044E-03  0.00000E+00  2.72750E+01  1.65043E+01  3.84697E-02  6.86615E+05
  2.75423E+03  2.88403E+03  1.41044E-03  0.00000E+00  2.23965E+01  1.65043E+01  3.15889E-02  6.86615E+05
  2.88403E+03  3.01995E+03  1.41044E-03  0.00000E+00  1.73283E+01  1.45790E+01  2.44405E-02  6.86615E+05
  3.01995E+03  3.16228E+03  1.41044E-03  0.00000E+00  1.46379E+01  1.45790E+01  2.06458E-02  6.86615E+05
  3.16228E+03  3.31131E+03  1.41044E-03  0.00000E+00  1.33922E+01  1.45790E+01  1.88888E-02  6.86615E+05
  3.31131E+03  3.46737E+03  1.41044E-03  0.00000E+00  1.20875E+01  1.45790E+01  1.70486E-02  6.86615E+05
  3.46737E+03  3.63078E+03  1.41044E-03  0.00000E+00  1.07212E+01  1.45790E+01  1.51216E-02  6.86615E+05
  3.63078E+03  3.80189E+03  1.41044E-03  0.00000E+00  9.29080E+00  1.45790E+01  1.31041E-02  6.86615E+05
  3.80189E+03  3.98107E+03  1.41044E-03  0.00000E+00  7.98465E+00  1.45790E+01  1.12618E-02  6.86615E+05
  3.98107E+03  4.16869E+03  1.41044E-03  0.00000E+00  7.72705E+00  1.45790E+01  1.08985E-02  6.86615E+05
  4.16869E+03  4.36516E+03  1.41044E-03  0.00000E+00  7.64044E+00  1.45790E+01  1.07764E-02  6.86615E+05
  4.36516E+03  4.57088E+03  1.41044E-03  0.00000E+00  7.54975E+00  1.45790E+01  1.06484E-02  6.86615E+05
  4.57088E+03  4.78630E+03  1.41044E-03  0.00000E+00  7.45479E+00  1.45790E+01  1.05145E-02  6.86615E+05
  4.78630E+03  5.01187E+03  1.41044E-03  0.00000E+00  7.35535E+00  1.45790E+01  1.03743E-02  6.86615E+05
  5.01187E+03  5.24808E+03  1.41044E-03  0.00000E+00  7.25127E+00  1.45790E+01  1.02275E-02  6.86615E+05
  5.24808E+03  5.49541E+03  1.41044E-03  0.00000E+00  7.14234E+00  1.45790E+01  1.00738E-02  6.86615E+05
  5.49541E+03  5.75440E+03  1.41044E-03  0.00000E+00  7.02828E+00  1.45790E+01  9.91294E-03  6.86615E+05
  5.75440E+03  6.02560E+03  1.41044E-03  0.00000E+00  6.90911E+00  8.53011E+00  9.74487E-03  6.86615E+05
  6.02560E+03  6.30957E+03  1.41044E-03  0.00000E+00  6.82313E+00  8.53011E+00  9.62360E-03  6.86615E+05
  6.30957E+03  6.60693E+03  1.41044E-03  0.00000E+00  6.76091E+00  8.53011E+00  9.53583E-03  6.86615E+05
  6.60693E+03  6.91831E+03  1.41044E-03  0.00000E+00  6.69574E+00  8.53011E+00  9.44393E-03  6.86615E+05
  6.91831E+03  7.24436E+03  1.41044E-03  0.00000E+00  6.62752E+00  8.53011E+00  9.34771E-03  6.86615E+05
  7.24436E+03  7.58578E+03  1.41044E-03  0.00000E+00  6.55615E+00  8.53011E+00  9.24704E-03  6.86615E+05
  7.58578E+03  7.94328E+03  1.41044E-03  0.00000E+00  6.48142E+00  8.53011E+00  9.14163E-03  6.86615E+05
  7.94328E+03  8.31764E+03  1.41044E-03  0.00000E+00  6.40320E+00  8.53011E+00  9.03131E-03  6.86615E+05
  8.31764E+03  8.70964E+03  1.41044E-03  0.00000E+00  6.32134E+00  8.53011E+00  8.91585E-03  6.86615E+05
  8.70964E+03  9.12011E+03  1.41044E-03  0.00000E+00  6.23561E+00  8.53011E+00  8.79494E-03  6.86615E+05
  9.12011E+03  9.54993E+03  1.41044E-03  0.00000E+00  6.14591E+00  8.53011E+00  8.66841E-03  6.86615E+05
  9.54993E+03  1.00000E+04  1.41044E-03  0.00000E+00  6.05199E+00  8.53011E+00  8.53595E-03  6.86616E+05
  1.00000E+04  1.04713E+04  1.41044E-03  0.00000E+00  5.98505E+00  8.53011E+00  8.44154E-03  6.86616E+05
  1.04713E+04  1.09648E+04  1.41044E-03  0.00000E+00  5.94682E+00  8.53011E+00  8.38761E-03  6.86616E+05
  1.09648E+04  1.14815E+04  1.41044E-03  0.00000E+00  5.90676E+00  8.53011E+00  8.33112E-03  6.86616E+05
  1.14815E+04  1.20226E+04  1.41044E-03  0.00000E+00  5.86485E+00  8.53011E+00  8.27200E-03  6.86616E+05
  1.20226E+04  1.25892E+04  1.41044E-03  0.00000E+00  5.82099E+00  8.53011E+00  8.21014E-03  6.86616E+05
  1.25892E+04  1.31826E+04  1.41044E-03  0.00000E+00  5.77503E+00  8.53011E+00  8.14532E-03  6.86616E+05
  1.31826E+04  1.38038E+04  1.41044E-03  0.00000E+00  5.72689E+00  8.53011E+00  8.07742E-03  6.86616E+05
  1.38038E+04  1.44544E+04  1.41044E-03  0.00000E+00  5.67654E+00  8.53011E+00  8.00640E-03  6.86616E+05
  1.44544E+04  1.51356E+04  1.41044E-03  0.00000E+00  5.62376E+00  8.53011E+00  7.93197E-03  6.86616E+05
  1.51356E+04  1.58489E+04  1.41044E-03  0.00000E+00  5.56850E+00  8.53011E+00  7.85401E-03  6.86616E+05
  1.58489E+04  1.65959E+04  1.41044E-03  0.00000E+00  5.51065E+00  8.53011E+00  7.77243E-03  6.86616E+05
  1.65959E+04  1.73780E+04  1.41044E-03  0.00000E+00  5.45007E+00  8.53011E+00  7.68699E-03  6.86616E+05
  1.73780E+04  1.81970E+04  1.41044E-03  0.00000E+00  5.38664E+00  8.53011E+00  7.59752E-03  6.86616E+05
  1.81970E+04  1.90546E+04  1.41044E-03  0.00000E+00  5.32020E+00  8.53011E+00  7.50381E-03  6.86616E+05
  1.90546E+04  1.99526E+04  1.41044E-03  0.00000E+00  5.25063E+00  8.53011E+00  7.40569E-03  6.86616E+05
  1.99526E+04  2.08930E+04  1.41044E-03  0.00000E+00  5.19838E+00  8.53011E+00  7.33199E-03  6.86616E+05
  2.08930E+04  2.18776E+04  1.41044E-03  0.00000E+00  5.16911E+00  8.53011E+00  7.29070E-03  6.86616E+05
  2.18776E+04  2.29087E+04  1.41044E-03  0.00000E+00  5.13852E+00  8.53011E+00  7.24756E-03  6.86616E+05
  2.29087E+04  2.39883E+04  1.41044E-03  0.00000E+00  5.10650E+00  8.53011E+00  7.20240E-03  6.86616E+05
  2.39883E+04  2.51189E+04  1.41044E-03  0.00000E+00  5.07297E+00  8.53011E+00  7.15510E-03  6.86616E+05
  2.51189E+04  2.63027E+04  1.41044E-03  0.00000E+00  5.03784E+00  8.53011E+00  7.10555E-03  6.86616E+05
  2.63027E+04  2.75423E+04  1.41044E-03  0.00000E+00  5.00107E+00  8.53011E+00  7.05369E-03  6.86616E+05
  2.75423E+04  2.88403E+04  1.41044E-03  0.00000E+00  4.96257E+00  8.53011E+00  6.99940E-03  6.86616E+05
  2.88403E+04  3.01995E+04  1.41044E-03  0.00000E+00  4.92253E+00  6.82797E+00  6.94292E-03  6.86616E+05
  3.01995E+04  3.16228E+04  1.41044E-03  0.00000E+00  4.89840E+00  6.82797E+00  6.90889E-03  6.86616E+05
  3.16228E+04  3.31131E+04  1.41044E-03  0.00000E+00  4.88376E+00  6.82797E+00  6.88824E-03  6.86616E+05
  3.31131E+04  3.46737E+04  1.41044E-03  0.00000E+00  4.86843E+00  6.82797E+00  6.86662E-03  6.86616E+05
  3.46737E+04  3.63078E+04  1.41044E-03  0.00000E+00  4.85238E+00  6.82797E+00  6.84397E-03  6.86616E+05
  3.63078E+04  3.80189E+04  1.41044E-03  0.00000E+00  4.83557E+00  6.82797E+00  6.82027E-03  6.86616E+05
  3.80189E+04  3.98107E+04  1.41044E-03  0.00000E+00  4.81797E+00  6.82797E+00  6.79544E-03  6.86616E+05
  3.98107E+04  4.16869E+04  1.41044E-03  0.00000E+00  4.79971E+00  6.82797E+00  6.76969E-03  6.86616E+05
  4.16869E+04  4.36516E+04  1.41044E-03  0.00000E+00  4.78085E+00  6.82797E+00  6.74310E-03  6.86616E+05
  4.36516E+04  4.57088E+04  1.41044E-03  0.00000E+00  4.76111E+00  6.82797E+00  6.71525E-03  6.86616E+05
  4.57088E+04  4.78630E+04  1.41044E-03  0.00000E+00  4.74045E+00  6.82797E+00  6.68610E-03  6.86616E+05
  4.78630E+04  5.01187E+04  1.41044E-03  0.00000E+00  4.71880E+00  6.82797E+00  6.65557E-03  6.86616E+05
  5.01187E+04  5.24808E+04  1.41044E-03  0.00000E+00  4.69637E+00  6.82797E+00  6.62393E-03  6.86616E+05
  5.24808E+04  5.49541E+04  1.41044E-03  0.00000E+00  4.67308E+00  6.82797E+00  6.59108E-03  6.86616E+05
  5.49541E+04  5.75440E+04  1.41044E-03  0.00000E+00  4.64868E+00  6.82797E+00  6.55668E-03  6.86616E+05
  5.75440E+04  6.02560E+04  1.41044E-03  0.00000E+00  4.62323E+00  6.82797E+00  6.52078E-03  6.86616E+05
  6.02560E+04  6.30957E+04  1.41044E-03  0.00000E+00  4.60941E+00  6.82797E+00  6.50128E-03  6.86616E+05
  6.30957E+04  6.60693E+04  1.41044E-03  0.00000E+00  4.60412E+00  6.82797E+00  6.49383E-03  6.86616E+05
  6.60693E+04  6.91831E+04  1.41044E-03  0.00000E+00  4.59859E+00  6.82797E+00  6.48602E-03  6.86616E+05
  6.91831E+04  7.24436E+04  1.41044E-03  0.00000E+00  4.59290E+00  6.82797E+00  6.47799E-03  6.86616E+05
  7.24436E+04  7.58578E+04  1.41044E-03  0.00000E+00  4.58722E+00  6.82797E+00  6.46999E-03  6.86616E+05
  7.58578E+04  7.94328E+04  1.41044E-03  0.00000E+00  4.58130E+00  6.82797E+00  6.46163E-03  6.86616E+05
  7.94328E+04  8.31764E+04  1.41044E-03  0.00000E+00  4.57524E+00  6.82797E+00  6.45308E-03  6.86616E+05
  8.31764E+04  8.70964E+04  1.41044E-03  0.00000E+00  4.56915E+00  6.82797E+00  6.44450E-03  6.86616E+05
  8.70964E+04  9.12011E+04  1.41044E-03  0.00000E+00  4.56279E+00  6.82797E+00  6.43553E-03  6.86616E+05
  9.12011E+04  9.54993E+04  1.41044E-03  0.00000E+00  4.55636E+00  6.82797E+00  6.42646E-03  6.86616E+05
  9.54993E+04  1.00000E+05  1.41044E-03  0.00000E+00  4.54984E+00  6.82797E+00  6.41727E-03  6.86616E+05
  1.00000E+05  1.04713E+05  1.41044E-03  0.00000E+00  4.54714E+00  6.82797E+00  6.41346E-03  6.86616E+05
  1.04713E+05  1.09648E+05  1.41044E-03  0.00000E+00  4.54876E+00  6.82797E+00  6.41574E-03  6.86616E+05
  1.09648E+05  1.14815E+05  1.41044E-03  0.00000E+00  4.55047E+00  6.82797E+00  6.41815E-03  6.86616E+05
  1.14815E+05  1.20226E+05  1.41044E-03  0.00000E+00  4.55225E+00  6.82797E+00  6.42067E-03  6.86616E+05
  1.20226E+05  1.25892E+05  1.41044E-03  0.00000E+00  4.55412E+00  6.82797E+00  6.42331E-03  6.86616E+05
  1.25892E+05  1.31826E+05  1.41044E-03  0.00000E+00  4.55608E+00  6.82797E+00  6.42607E-03  6.86616E+05
  1.31826E+05  1.38038E+05  1.41044E-03  0.00000E+00  4.55814E+00  6.82797E+00  6.42896E-03  6.86616E+05
  1.38038E+05  1.44544E+05  1.41044E-03  0.00000E+00  4.56028E+00  6.82797E+00  6.43199E-03  6.86616E+05
  1.44544E+05  1.51356E+05  1.41044E-03  0.00000E+00  4.56257E+00  6.82797E+00  6.43522E-03  6.86616E+05
  1.51356E+05  1.58489E+05  1.41044E-03  0.00000E+00  4.56632E+00  6.82797E+00  6.44051E-03  6.86616E+05
  1.58489E+05  1.65959E+05  1.41044E-03  0.00000E+00  4.57093E+00  6.82797E+00  6.44701E-03  6.86616E+05
  1.65959E+05  1.73780E+05  1.41044E-03  0.00000E+00  4.57575E+00  6.82797E+00  6.45381E-03  6.86616E+05
  1.73780E+05  1.81970E+05  1.41044E-03  0.00000E+00  4.58080E+00  6.82797E+00  6.46093E-03  6.86616E+05
  1.81970E+05  1.90546E+05  1.41044E-03  0.00000E+00  4.58609E+00  6.82797E+00  6.46839E-03  6.86616E+05
  1.90546E+05  1.99526E+05  1.41044E-03  0.00000E+00  4.59163E+00  6.82797E+00  6.47620E-03  6.86616E+05
  1.99526E+05  2.08930E+05  1.41044E-03  0.00000E+00  4.59747E+00  6.53613E+00  6.48445E-03  6.86616E+05
  2.08930E+05  2.18776E+05  1.41044E-03  0.00000E+00  4.60141E+00  6.53613E+00  6.49000E-03  6.86616E+05
  2.18776E+05  2.29087E+05  1.41044E-03  0.00000E+00  4.60501E+00  6.53613E+00  6.49507E-03  6.86616E+05
  2.29087E+05  2.39883E+05  1.41044E-03  0.00000E+00  4.60874E+00  6.53613E+00  6.50034E-03  6.86616E+05
  2.39883E+05  2.51189E+05  1.41044E-03  0.00000E+00  4.61266E+00  6.53613E+00  6.50587E-03  6.86616E+05
  2.51189E+05  2.63027E+05  1.41044E-03  0.00000E+00  4.61777E+00  6.53613E+00  6.51308E-03  6.86616E+05
  2.63027E+05  2.75423E+05  1.41044E-03  0.00000E+00  4.62381E+00  6.53613E+00  6.52160E-03  6.86616E+05
  2.75423E+05  2.88403E+05  1.41044E-03  0.00000E+00  4.63014E+00  6.53613E+00  6.53052E-03  6.86616E+05
  2.88403E+05  3.01995E+05  1.41044E-03  0.00000E+00  4.63668E+00  6.53613E+00  6.53975E-03  6.86616E+05
  3.01995E+05  3.16228E+05  1.41044E-03  0.00000E+00  4.63857E+00  6.53613E+00  6.54241E-03  6.86616E+05
  3.16228E+05  3.31131E+05  1.41044E-03  0.00000E+00  4.63715E+00  6.53613E+00  6.54040E-03  6.86616E+05
  3.31131E+05  3.46737E+05  1.41044E-03  0.00000E+00  4.63562E+00  6.53613E+00  6.53825E-03  6.86616E+05
  3.46737E+05  3.63078E+05  1.41044E-03  0.00000E+00  4.63436E+00  6.53613E+00  6.53647E-03  6.86616E+05
  3.63078E+05  3.80189E+05  1.41044E-03  0.00000E+00  4.63373E+00  6.53613E+00  6.53559E-03  6.86616E+05
  3.80189E+05  3.98107E+05  1.41044E-03  0.00000E+00  4.63310E+00  6.53613E+00  6.53470E-03  6.86616E+05
  3.98107E+05  4.16869E+05  1.41044E-03  0.00000E+00  4.63105E+00  6.53613E+00  6.53181E-03  6.86616E+05
  4.16869E+05  4.36516E+05  1.41044E-03  0.00000E+00  4.62271E+00  6.53613E+00  6.52005E-03  6.86616E+05
  4.36516E+05  4.57088E+05  1.41044E-03  0.00000E+00  4.61332E+00  6.53613E+00  6.50680E-03  6.86616E+05
  4.57088E+05  4.78630E+05  1.41044E-03  0.00000E+00  4.60351E+00  6.53613E+00  6.49297E-03  6.86616E+05
  4.78630E+05  5.01187E+05  1.41044E-03  0.00000E+00  4.59324E+00  6.53613E+00  6.47848E-03  6.86616E+05
  5.01187E+05  5.24808E+05  1.41044E-03  0.00000E+00  4.58132E+00  6.53613E+00  6.46166E-03  6.86616E+05
  5.24808E+05  5.49541E+05  1.41044E-03  0.00000E+00  4.56454E+00  6.53613E+00  6.43800E-03  6.86616E+05
  5.49541E+05  5.75440E+05  1.41044E-03  0.00000E+00  4.54666E+00  6.53613E+00  6.41277E-03  6.86616E+05
  5.75440E+05  6.02560E+05  1.41044E-03  0.00000E+00  4.52795E+00  5.39147E+00  6.38640E-03  6.86616E+05
  6.02560E+05  6.30957E+05  1.41044E-03  0.00000E+00  4.50699E+00  5.39147E+00  6.35682E-03  6.86616E+05
  6.30957E+05  6.60693E+05  1.41044E-03  0.00000E+00  4.48163E+00  5.39147E+00  6.32106E-03  6.86616E+05
  6.60693E+05  6.91831E+05  1.41044E-03  0.00000E+00  4.45507E+00  5.39147E+00  6.28360E-03  6.86616E+05
  6.91831E+05  7.24436E+05  1.41044E-03  0.00000E+00  4.42646E+00  5.39147E+00  6.24325E-03  6.86616E+05
  7.24436E+05  7.58578E+05  1.41044E-03  0.00000E+00  4.39467E+00  5.39147E+00  6.19840E-03  6.86616E+05
  7.58578E+05  7.94328E+05  1.41044E-03  0.00000E+00  4.36201E+00  5.39147E+00  6.15234E-03  6.86616E+05
  7.94328E+05  8.31764E+05  1.41044E-03  0.00000E+00  4.32512E+00  5.39147E+00  6.10032E-03  6.86616E+05
  8.31764E+05  8.70964E+05  1.41044E-03  0.00000E+00  4.28569E+00  5.39147E+00  6.04470E-03  6.86616E+05
  8.70964E+05  9.12011E+05  1.41044E-03  0.00000E+00  4.24590E+00  5.39147E+00  5.98858E-03  6.86616E+05
  9.12011E+05  9.54993E+05  1.41044E-03  0.00000E+00  4.20421E+00  5.39147E+00  5.92978E-03  6.86616E+05
  9.54993E+05  1.00000E+06  1.41044E-03  0.00000E+00  4.15899E+00  4.37326E+00  5.86599E-03  6.86616E+05
  1.00000E+06  1.04713E+06  1.41044E-03  0.00000E+00  4.11126E+00  4.37326E+00  5.79867E-03  6.86616E+05
  1.04713E+06  1.09648E+06  1.41044E-03  0.00000E+00  4.06388E+00  4.37326E+00  5.73185E-03  6.86616E+05
  1.09648E+06  1.14815E+06  1.41044E-03  0.00000E+00  4.01435E+00  4.37326E+00  5.66198E-03  6.86616E+05
  1.14815E+06  1.20226E+06  1.41044E-03  0.00000E+00  3.96162E+00  4.37326E+00  5.58762E-03  6.86616E+05
  1.20226E+06  1.25892E+06  1.41044E-03  0.00000E+00  3.90681E+00  4.37326E+00  5.51030E-03  6.86616E+05
  1.25892E+06  1.31826E+06  1.41044E-03  0.00000E+00  3.85248E+00  4.37326E+00  5.43368E-03  6.86616E+05
  1.31826E+06  1.38038E+06  1.41044E-03  0.00000E+00  3.79574E+00  4.37326E+00  5.35366E-03  6.86616E+05
  1.38038E+06  1.44544E+06  1.41044E-03  0.00000E+00  3.73818E+00  4.37326E+00  5.27247E-03  6.86616E+05
  1.44544E+06  1.51356E+06  1.41044E-03  0.00000E+00  3.68071E+00  4.37326E+00  5.19140E-03  6.86616E+05
  1.51356E+06  1.58489E+06  1.41044E-03  0.00000E+00  3.62020E+00  4.37326E+00  5.10606E-03  6.86616E+05
  1.58489E+06  1.65959E+06  1.41044E-03  0.00000E+00  3.55852E+00  4.37326E+00  5.01906E-03  6.86616E+05
  1.65959E+06  1.73780E+06  1.41044E-03  0.00000E+00  3.49893E+00  4.37326E+00  4.93502E-03  6.86616E+05
  1.73780E+06  1.81970E+06  1.41044E-03  0.00000E+00  3.43820E+00  5.17070E+00  4.84937E-03  6.86616E+05
  1.81970E+06  1.90546E+06  1.41044E-03  0.00000E+00  3.37821E+00  5.17070E+00  4.76475E-03  6.86616E+05
  1.90546E+06  1.99526E+06  1.41044E-03  0.00000E+00  3.31706E+00  5.17070E+00  4.67850E-03  6.86616E+05
  1.99526E+06  2.08930E+06  1.41044E-03  0.00000E+00  3.25557E+00  5.17070E+00  4.59178E-03  6.86616E+05
  2.08930E+06  2.18776E+06  1.41044E-03  0.00000E+00  3.19484E+00  5.17070E+00  4.50612E-03  6.86616E+05
  2.18776E+06  2.29087E+06  1.41044E-03  0.00000E+00  3.13336E+00  5.17070E+00  4.41940E-03  6.86616E+05
  2.29087E+06  2.39883E+06  1.41044E-03  0.00000E+00  3.07291E+00  5.17070E+00  4.33415E-03  6.86616E+05
  2.39883E+06  2.51189E+06  1.41044E-03  0.00000E+00  3.01128E+00  5.17070E+00  4.24723E-03  6.86616E+05
  2.51189E+06  2.63027E+06  1.41044E-03  0.00000E+00  2.95237E+00  7.21681E+00  4.16413E-03  6.86616E+05
  2.63027E+06  2.75423E+06  1.41044E-03  0.00000E+00  2.89444E+00  7.21681E+00  4.08243E-03  6.86616E+05
  2.75423E+06  2.88403E+06  1.41044E-03  0.00000E+00  2.83633E+00  7.21681E+00  4.00047E-03  6.86616E+05
  2.88403E+06  3.01995E+06  1.41044E-03  0.00000E+00  2.77985E+00  7.21681E+00  3.92081E-03  6.86616E+05
  3.01995E+06  3.16228E+06  1.41044E-03  0.00000E+00  2.72520E+00  7.21681E+00  3.84372E-03  6.86616E+05
  3.16228E+06  3.31131E+06  1.41044E-03  0.00000E+00  2.67042E+00  7.21681E+00  3.76646E-03  6.86616E+05
  3.31131E+06  3.46737E+06  1.41044E-03  0.00000E+00  2.61838E+00  7.21681E+00  3.69306E-03  6.86616E+05
  3.46737E+06  3.63078E+06  1.41044E-03  0.00000E+00  2.56676E+00  7.21681E+00  3.62025E-03  6.86616E+05
  3.63078E+06  3.80189E+06  1.41044E-03  0.00000E+00  2.51682E+00  7.21681E+00  3.54981E-03  6.86616E+05
  3.80189E+06  3.98107E+06  1.41044E-03  0.00000E+00  2.46805E+00  7.21681E+00  3.48103E-03  6.86616E+05
  3.98107E+06  4.16869E+06  1.41044E-03  0.00000E+00  2.42154E+00  7.21681E+00  3.41543E-03  6.86616E+05
  4.16869E+06  4.36516E+06  1.41044E-03  0.00000E+00  2.37569E+00  7.21681E+00  3.35076E-03  6.86616E+05
  4.36516E+06  4.57088E+06  1.41044E-03  0.00000E+00  2.33160E+00  7.21681E+00  3.28858E-03  6.86616E+05
  4.57088E+06  4.78630E+06  1.41044E-03  0.00000E+00  2.28803E+00  7.07515E+00  3.22712E-03  6.86616E+05
  4.78630E+06  5.01187E+06  1.41044E-03  0.00000E+00  2.24634E+00  7.07515E+00  3.16833E-03  6.86616E+05
  5.01187E+06  5.24808E+06  1.41044E-03  0.00000E+00  2.20564E+00  7.07515E+00  3.11091E-03  6.86616E+05
  5.24808E+06  5.49541E+06  1.41044E-03  0.00000E+00  2.16582E+00  7.07515E+00  3.05475E-03  6.86616E+05
  5.49541E+06  5.75440E+06  1.41044E-03  0.00000E+00  2.13291E+00  7.07515E+00  3.00834E-03  6.86616E+05
  5.75440E+06  6.02560E+06  1.41044E-03  0.00000E+00  2.09529E+00  7.07515E+00  2.95527E-03  6.86616E+05
  6.02560E+06  6.30957E+06  1.41044E-03  0.00000E+00  2.05934E+00  7.07515E+00  2.90457E-03  6.86616E+05
  6.30957E+06  6.60693E+06  1.41044E-03  0.00000E+00  2.02369E+00  6.31327E+00  2.85428E-03  6.86616E+05
  6.60693E+06  6.91831E+06  1.41044E-03  0.00000E+00  1.98842E+00  6.31327E+00  2.80454E-03  6.86616E+05
  6.91831E+06  7.24436E+06  1.41044E-03  0.00000E+00  1.95382E+00  6.31327E+00  2.75574E-03  6.86616E+05
  7.24436E+06  7.58578E+06  1.41044E-03  0.00000E+00  1.92083E+00  6.31327E+00  2.70922E-03  6.86616E+05
  7.58578E+06  7.94328E+06  1.41044E-03  0.00000E+00  1.88923E+00  6.31327E+00  2.66465E-03  6.86616E+05
  7.94328E+06  8.31764E+06  1.41044E-03  0.00000E+00  1.85897E+00  6.31327E+00  2.62196E-03  6.86616E+05
  8.31764E+06  8.70964E+06  1.41044E-03  0.00000E+00  1.83033E+00  6.31327E+00  2.58157E-03  6.86616E+05
  8.70964E+06  9.12011E+06  1.41044E-03  0.00000E+00  1.80409E+00  4.70989E+00  2.54455E-03  6.86616E+05
  9.12011E+06  9.54993E+06  1.41044E-03  0.00000E+00  1.78119E+00  4.70989E+00  2.51225E-03  6.86616E+05
  9.54993E+06  1.00000E+07  1.41044E-03  0.00000E+00  1.75966E+00  4.70989E+00  2.48188E-03  6.86616E+05
  1.00000E+07  1.02000E+07  1.41044E-03  0.00000E+00  1.74588E+00  4.70989E+00  2.46246E-03  6.86616E+05
  1.02000E+07  1.04000E+07  1.41044E-03  0.00000E+00  1.73841E+00  4.70989E+00  2.45192E-03  6.86616E+05
  1.04000E+07  1.06000E+07  1.41044E-03  0.00000E+00  1.73146E+00  4.70989E+00  2.44212E-03  6.86616E+05
  1.06000E+07  1.08000E+07  1.41044E-03  0.00000E+00  1.72525E+00  4.70989E+00  2.43336E-03  6.86616E+05
  1.08000E+07  1.10000E+07  1.41044E-03  0.00000E+00  1.71950E+00  4.70989E+00  2.42525E-03  6.86616E+05
  1.10000E+07  1.12000E+07  1.41044E-03  0.00000E+00  1.71425E+00  4.70989E+00  2.41784E-03  6.86616E+05
  1.12000E+07  1.14000E+07  1.41044E-03  0.00000E+00  1.70949E+00  4.70989E+00  2.41112E-03  6.86616E+05
  1.14000E+07  1.16000E+07  1.41044E-03  0.00000E+00  1.70508E+00  4.70989E+00  2.40491E-03  6.86616E+05
  1.16000E+07  1.18000E+07  1.41044E-03  0.00000E+00  1.70140E+00  4.70989E+00  2.39972E-03  6.86616E+05
  1.18000E+07  1.20000E+07  1.41044E-03  0.00000E+00  1.69780E+00  4.70989E+00  2.39464E-03  6.86616E+05
  1.20000E+07  1.22000E+07  1.41044E-03  0.00000E+00  1.69457E+00  4.70989E+00  2.39009E-03  6.86616E+05
  1.22000E+07  1.24000E+07  1.41044E-03  0.00000E+00  1.69188E+00  4.70989E+00  2.38630E-03  6.86616E+05
  1.24000E+07  1.26000E+07  1.41044E-03  0.00000E+00  1.68924E+00  4.70989E+00  2.38257E-03  6.86616E+05
  1.26000E+07  1.28000E+07  1.41044E-03  0.00000E+00  1.68698E+00  4.70989E+00  2.37938E-03  6.86616E+05
  1.28000E+07  1.30000E+07  1.41044E-03  0.00000E+00  1.68482E+00  3.24515E+00  2.37633E-03  6.86616E+05
  1.30000E+07  1.32000E+07  1.41044E-03  0.00000E+00  1.68277E+00  3.24515E+00  2.37344E-03  6.86616E+05
  1.32000E+07  1.34000E+07  1.41044E-03  0.00000E+00  1.68086E+00  3.24515E+00  2.37075E-03  6.86616E+05
  1.34000E+07  1.36000E+07  1.41044E-03  0.00000E+00  1.67920E+00  3.24515E+00  2.36841E-03  6.86616E+05
  1.36000E+07  1.38000E+07  1.41044E-03  0.00000E+00  1.67780E+00  3.24515E+00  2.36643E-03  6.86616E+05
  1.38000E+07  1.40000E+07  1.41044E-03  0.00000E+00  1.67643E+00  3.24515E+00  2.36450E-03  6.86616E+05
  1.40000E+07  1.42000E+07  1.41044E-03  0.00000E+00  1.67509E+00  3.24515E+00  2.36260E-03  6.86616E+05
  1.42000E+07  1.44000E+07  1.41044E-03  0.00000E+00  1.67376E+00  3.24515E+00  2.36073E-03  6.86616E+05
  1.44000E+07  1.46000E+07  1.41044E-03  0.00000E+00  1.67242E+00  3.24515E+00  2.35884E-03  6.86616E+05
  1.46000E+07  1.48000E+07  1.41044E-03  0.00000E+00  1.67106E+00  3.24515E+00  2.35693E-03  6.86616E+05
  1.48000E+07  1.50000E+07  1.41044E-03  0.00000E+00  1.66972E+00  3.24515E+00  2.35504E-03  6.86616E+05
  1.50000E+07  1.52000E+07  1.41044E-03  0.00000E+00  1.66836E+00  3.24515E+00  2.35311E-03  6.86616E+05
  1.52000E+07  1.54000E+07  1.41044E-03  0.00000E+00  1.66695E+00  3.24515E+00  2.35113E-03  6.86616E+05
  1.54000E+07  1.56000E+07  1.41044E-03  0.00000E+00  1.66564E+00  3.24515E+00  2.34928E-03  6.86616E+05
  1.56000E+07  1.58000E+07  1.41044E-03  0.00000E+00  1.66439E+00  3.24515E+00  2.34752E-03  6.86616E+05
  1.58000E+07  1.60000E+07  1.41044E-03  0.00000E+00  1.66322E+00  2.32323E+00  2.34587E-03  6.86616E+05
  1.60000E+07  1.62000E+07  1.41044E-03  0.00000E+00  1.66199E+00  2.32323E+00  2.34413E-03  6.86616E+05
  1.62000E+07  1.64000E+07  1.41044E-03  0.00000E+00  1.66069E+00  2.32323E+00  2.34230E-03  6.86616E+05
  1.64000E+07  1.66000E+07  1.41044E-03  0.00000E+00  1.65943E+00  2.32323E+00  2.34052E-03  6.86616E+05
  1.66000E+07  1.68000E+07  1.41044E-03  0.00000E+00  1.65820E+00  2.32323E+00  2.33879E-03  6.86616E+05
  1.68000E+07  1.70000E+07  1.41044E-03  0.00000E+00  1.65700E+00  2.32323E+00  2.33709E-03  6.86616E+05
  1.70000E+07  1.72000E+07  1.41044E-03  0.00000E+00  1.65575E+00  2.32323E+00  2.33532E-03  6.86616E+05
  1.72000E+07  1.74000E+07  1.41044E-03  0.00000E+00  1.65444E+00  2.32323E+00  2.33348E-03  6.86616E+05
  1.74000E+07  1.76000E+07  1.41044E-03  0.00000E+00  1.65313E+00  2.32323E+00  2.33163E-03  6.86616E+05
  1.76000E+07  1.78000E+07  1.41044E-03  0.00000E+00  1.65182E+00  2.32323E+00  2.32978E-03  6.86616E+05
  1.78000E+07  1.80000E+07  1.41044E-03  0.00000E+00  1.65051E+00  2.32323E+00  2.32794E-03  6.86616E+05
  1.80000E+07  1.82000E+07  1.41044E-03  0.00000E+00  1.64925E+00  2.32323E+00  2.32616E-03  6.86616E+05
  1.82000E+07  1.84000E+07  1.41044E-03  0.00000E+00  1.64804E+00  2.32323E+00  2.32445E-03  6.86616E+05
  1.84000E+07  1.86000E+07  1.41044E-03  0.00000E+00  1.64682E+00  2.32323E+00  2.32274E-03  6.86616E+05
  1.86000E+07  1.88000E+07  1.41044E-03  0.00000E+00  1.64558E+00  2.32323E+00  2.32098E-03  6.86616E+05
  1.88000E+07  1.90000E+07  1.41044E-03  0.00000E+00  1.64431E+00  2.32323E+00  2.31919E-03  6.86616E+05
  1.90000E+07  1.92000E+07  1.41044E-03  0.00000E+00  1.64324E+00  2.32323E+00  2.31768E-03  6.86616E+05
  1.92000E+07  1.94000E+07  1.41044E-03  0.00000E+00  1.64235E+00  2.32323E+00  2.31643E-03  6.86616E+05
  1.94000E+07  1.96000E+07  1.41044E-03  0.00000E+00  1.64143E+00  2.32323E+00  2.31513E-03  6.86616E+05
  1.96000E+07  1.98000E+07  1.41044E-03  0.00000E+00  1.64046E+00  2.32323E+00  2.31376E-03  6.86616E+05
  1.98000E+07  2.00000E+07  1.41044E-03  0.00000E+00  1.63948E+00  2.12055E+00  2.31238E-03  6.86616E+05
  2.00000E+07  2.10000E+07  1.41044E-03  0.00000E+00  1.63712E+00  2.12055E+00  2.30905E-03  6.86617E+05
  2.10000E+07  2.20000E+07  1.41044E-03  0.00000E+00  1.63386E+00  2.12055E+00  2.30446E-03  6.86617E+05
  2.20000E+07  2.30000E+07  1.41044E-03  0.00000E+00  1.63110E+00  2.12055E+00  2.30057E-03  6.86617E+05
  2.30000E+07  2.40000E+07  1.41044E-03  0.00000E+00  1.62928E+00  2.34554E+00  2.29800E-03  6.86617E+05
  2.40000E+07  2.50000E+07  1.41044E-03  0.00000E+00  1.62736E+00  2.34554E+00  2.29530E-03  6.86617E+05
  2.50000E+07  2.60000E+07  1.41044E-03  0.00000E+00  1.62477E+00  2.34554E+00  2.29163E-03  6.86617E+05
  2.60000E+07  2.70000E+07  1.41044E-03  0.00000E+00  1.62231E+00  2.34554E+00  2.28817E-03  6.86617E+05
  2.70000E+07  2.80000E+07  1.41044E-03  0.00000E+00  1.61860E+00  2.59698E+00  2.28293E-03  6.86617E+05
  2.80000E+07  2.90000E+07  1.41044E-03  0.00000E+00  1.61404E+00  2.59698E+00  2.27650E-03  6.86617E+05
  2.90000E+07  3.00000E+07  1.41044E-03  0.00000E+00  1.60908E+00  2.59698E+00  2.26951E-03  6.86617E+05
  3.00000E+07  3.20000E+07  1.41044E-03  0.00000E+00  1.82976E+00  2.59698E+00  2.58077E-03  6.86617E+05
  3.20000E+07  3.40000E+07  1.41044E-03  0.00000E+00  1.82385E+00  2.59698E+00  2.57242E-03  6.86617E+05
  3.40000E+07  3.60000E+07  1.41044E-03  0.00000E+00  1.81328E+00  2.59698E+00  2.55751E-03  6.86617E+05
  3.60000E+07  3.80000E+07  1.41044E-03  0.00000E+00  1.79852E+00  2.59698E+00  2.53670E-03  6.86617E+05
  3.80000E+07  4.00000E+07  1.41044E-03  0.00000E+00  1.78007E+00  2.59698E+00  2.51068E-03  6.86617E+05
  4.00000E+07  4.20000E+07  1.41044E-03  0.00000E+00  1.75841E+00  2.59698E+00  2.48013E-03  6.86617E+05
  4.20000E+07  4.40000E+07  1.41044E-03  0.00000E+00  1.73403E+00  2.59698E+00  2.44574E-03  6.86617E+05
  4.40000E+07  4.60000E+07  1.41044E-03  0.00000E+00  1.70736E+00  2.59698E+00  2.40812E-03  6.86617E+05
  4.60000E+07  4.80000E+07  1.41044E-03  0.00000E+00  1.67881E+00  2.59698E+00  2.36786E-03  6.86617E+05
  4.80000E+07  5.00000E+07  1.41044E-03  0.00000E+00  1.64878E+00  2.59698E+00  2.32551E-03  6.86617E+05
  5.00000E+07  5.20000E+07  1.41044E-03  0.00000E+00  1.61761E+00  2.59698E+00  2.28154E-03  6.86617E+05
  5.20000E+07  5.40000E+07  1.41044E-03  0.00000E+00  1.58559E+00  2.59698E+00  2.23637E-03  6.86617E+05
  5.40000E+07  5.60000E+07  1.41044E-03  0.00000E+00  1.55299E+00  2.59698E+00  2.19039E-03  6.86617E+05
  5.60000E+07  5.80000E+07  1.41044E-03  0.00000E+00  1.52004E+00  2.59698E+00  2.14393E-03  6.86617E+05
  5.80000E+07  6.00000E+07  1.41044E-03  0.00000E+00  1.48696E+00  2.59698E+00  2.09727E-03  6.86617E+05
  6.00000E+07  6.50000E+07  1.41044E-03  0.00000E+00  1.42999E+00  2.59698E+00  2.01691E-03  6.86617E+05
  6.50000E+07  7.00000E+07  1.41044E-03  0.00000E+00  1.34920E+00  2.59698E+00  1.90296E-03  6.86617E+05
  7.00000E+07  7.50000E+07  1.41044E-03  0.00000E+00  1.27161E+00  2.59698E+00  1.79353E-03  6.86617E+05
  7.50000E+07  8.00000E+07  1.41044E-03  0.00000E+00  1.19853E+00  2.59698E+00  1.69046E-03  6.86617E+05
  8.00000E+07  9.00000E+07  1.41044E-03  0.00000E+00  1.10013E+00  2.59698E+00  1.55167E-03  6.86617E+05
  9.00000E+07  1.00000E+08  1.41044E-03  0.00000E+00  9.83438E-01  2.59698E+00  1.38708E-03  6.86617E+05
  1.00000E+08  1.10000E+08  1.41044E-03  0.00000E+00  8.85784E-01  2.59698E+00  1.24934E-03  6.86617E+05
  1.10000E+08  1.20000E+08  1.41044E-03  0.00000E+00  8.04922E-01  2.59698E+00  1.13529E-03  6.86617E+05
  1.20000E+08  1.30000E+08  1.41044E-03  0.00000E+00  7.38582E-01  2.59698E+00  1.04172E-03  6.86617E+05
  1.30000E+08  1.40000E+08  1.41044E-03  0.00000E+00  6.84439E-01  2.59698E+00  9.65359E-04  6.86617E+05
  1.40000E+08  1.50000E+08  1.41044E-03  0.00000E+00  6.40389E-01  2.59698E+00  9.03228E-04  6.86617E+05
  1.50000E+08  1.60000E+08  1.41044E-03  0.00000E+00  6.04707E-01  0.00000E+00  8.52901E-04  6.86617E+05
  1.60000E+08  1.80000E+08  1.41044E-03  0.00000E+00  5.65000E-01  0.00000E+00  7.96898E-04  6.86617E+05
  1.80000E+08  2.00000E+08  1.41044E-03  0.00000E+00  5.28236E-01  0.00000E+00  7.45044E-04  6.86617E+05
  2.00000E+08  2.40000E+08  1.41044E-03  0.00000E+00  5.15176E-01  0.00000E+00  7.26623E-04  6.86617E+05
  2.40000E+08  2.80000E+08  1.41044E-03  0.00000E+00  5.15176E-01  0.00000E+00  7.26623E-04  6.86617E+05
  2.80000E+08  3.20000E+08  1.41044E-03  0.00000E+00  5.15176E-01  0.00000E+00  7.26623E-04  6.86617E+05
  3.20000E+08  3.60000E+08  1.41044E-03  0.00000E+00  5.15176E-01  0.00000E+00  7.26623E-04  6.86617E+05
  3.60000E+08  4.00000E+08  1.41044E-03  0.00000E+00  5.15176E-01  0.00000E+00  7.26623E-04  6.86617E+05
  4.00000E+08  4.40000E+08  1.41044E-03  0.00000E+00  5.15176E-01  0.00000E+00  7.26623E-04  6.86617E+05
  4.40000E+08  4.80000E+08  1.41044E-03  0.00000E+00  5.15176E-01  0.00000E+00  7.26623E-04  6.86617E+05
  4.80000E+08  5.20000E+08  1.41044E-03  0.00000E+00  5.15176E-01  0.00000E+00  7.26623E-04  6.86617E+05
  5.20000E+08  5.60000E+08  1.41044E-03  0.00000E+00  5.15176E-01  0.00000E+00  7.26623E-04  6.86617E+05
  5.60000E+08  6.00000E+08  1.41044E-03  0.00000E+00  5.15176E-01  0.00000E+00  7.26623E-04  6.86617E+05
  6.00000E+08  6.40000E+08  1.41044E-03  0.00000E+00  5.15176E-01  0.00000E+00  7.26623E-04  6.86617E+05
  6.40000E+08  6.80000E+08  1.41044E-03  0.00000E+00  5.15176E-01  0.00000E+00  7.26623E-04  6.86617E+05
  6.80000E+08  7.20000E+08  1.41044E-03  0.00000E+00  5.15176E-01  0.00000E+00  7.26623E-04  6.86617E+05
  7.20000E+08  7.60000E+08  1.41044E-03  0.00000E+00  5.15176E-01  0.00000E+00  7.26623E-04  6.86617E+05
  7.60000E+08  8.00000E+08  1.41044E-03  0.00000E+00  5.15176E-01  0.00000E+00  7.26623E-04  6.86617E+05
  8.00000E+08  8.40000E+08  1.41044E-03  0.00000E+00  5.15176E-01  0.00000E+00  7.26623E-04  6.86617E+05
  8.40000E+08  8.80000E+08  1.41044E-03  0.00000E+00  5.15176E-01  0.00000E+00  7.26623E-04  6.86617E+05
  8.80000E+08  9.20000E+08  1.41044E-03  0.00000E+00  5.15176E-01  0.00000E+00  7.26623E-04  6.86617E+05
  9.20000E+08  9.60000E+08  1.41044E-03  0.00000E+00  5.15176E-01  0.00000E+00  7.26623E-04  6.86617E+05
  9.60000E+08  1.00000E+09  1.41044E-03  0.00000E+00  5.15176E-01  0.00000E+00  7.26623E-04  6.86617E+05
