
 LOG FILE: condense.log

 11:15:58 14 June 2018           

 Log  : FILES file = files
 Log  : fileroot   = condense


 ------------------------------------------------------------------
 Files specified by the FILES file and fileroot for this run.
 ------------------------------------------------------------------
 The numbers after the unit names are the internal unit numbers.

 input( 5)       condense.i
 graph(10)       condense.gra
 a2data(11)      /opt/fispact/nuclear_data/decay/a2_2012
 collapxi(12)    COLLAPX.1
                 COLLAPX.2
 arrayx(13)      ARRAYX
 hazards(14)     /opt/fispact/nuclear_data/decay/hazards_2012
 gnuplot(15)     condense.plt
 collapxo(17)    COLLAPX.1
                 COLLAPX.2
 ind_nuc(18)     /opt/fispact/nuclear_data/TENDL2015data/tendl15_decay12_index
 fluxes(20)      fluxes.1
                 fluxes.2
 output(38)      condense.out
 absorp(39)      /opt/fispact/nuclear_data/decay/abs_2012
 clear(40)       /opt/fispact/nuclear_data/decay/clear_2012
 tab1(44)        condense.tab1
 tab2(45)        condense.tab2
 tab3(46)        condense.tab3
 tab4(47)        condense.tab4
 runlog(48)      condense.log
 sens(50)        condense.sens
 prob_tab(51)    /opt/fispact/nuclear_data/TENDL2015data/tal2015-n/tp-709-294
                 /opt/fispact/nuclear_data/TENDL2015data/tal2015-n/tp-709-294
 xs_endf(52)     /opt/fispact/nuclear_data/TENDL2015data/tal2015-n/gxs-709
 dk_endf(53)     /opt/fispact/nuclear_data/decay/decay_2012
 fy_endf(54)     /opt/fispact/nuclear_data/GEFY61data/gefy61_nfy
 sf_endf(55)     /opt/fispact/nuclear_data/GEFY61data/gefy61_sfy
 xs_endfb(56)    /opt/fispact/nuclear_data/bin/tal2015-n.bin
 nucgraph(59)    condense.grn
 nucgnu(60)      condense.pln
 ------------------------------------------------------------------


 CLOBBER
 SPEK
 GETDECAY 1
 FISPACT
 * CONDENSE dec_2012,TENDL2015data/tal-n/uknfy4_2
  load decay data
 Log  : nuclide zai =       922420
 Log  : rtyp =        0.0000000    
 00001: Warning: decay_m:read_spectra: 2: 
        Invalid rtyp in spectrum subsection of decay file
        irt set to zero
  run reset cross-section
 END
 * END OF RUN
  run closedown
  deallocate and closedown


 ------------------------------------------------------------------
 Files that have been opened during this run.
 ------------------------------------------------------------------
 The numbers after the unit names are the internal unit numbers.

 input( 5)       condense.i
 arrayx(13)      ARRAYX
 ind_nuc(18)     /opt/fispact/nuclear_data/TENDL2015data/tendl15_decay12_index
 output(38)      condense.out
 runlog(48)      condense.log
 dk_endf(53)     /opt/fispact/nuclear_data/decay/decay_2012
 fy_endf(54)     /opt/fispact/nuclear_data/GEFY61data/gefy61_nfy
 ------------------------------------------------------------------


 Log  :                 fispact run time  =   13.249     secs
 Log  :                 rateeq_init_flux  =  0.40000E-05 secs
 Log  :                rateeq_irrad_step  =  0.20000E-05 secs
 Log  :                 rateeq_cool_step  =  0.30000E-05 secs
 Log  :            output_inventory_step  =  0.30000E-05 secs
 Log  :                    pathways_step  =  0.30000E-05 secs
 Log  :                 sensitivity_step  =  0.30000E-05 secs


  Error Summary 
 ------------- 
  total number of errors/warnings   =      1
  number of serious errors/warnings =      0
 11:16:18 14 June 2018           

 END OF LOG FILE

