



     ==============================================================================
     |                                                                            |
     |                                                                            |
     |             _____ ___ ____  ____   _    ____ _____    ___ ___              |
     |            |  ___|_ _/ ___||  _ \ / \  / ___|_   _|  |_ _|_ _|             |
     |            | |_   | |\___ \| |_) / _ \| |     | |_____| | | |              |
     |            |  _|  | | ___) |  __/ ___ \ |___  | |_____| | | |              |
     |            |_|   |___|____/|_| /_/   \_\____| |_|    |___|___|             |
     |                                                                            |
     |                            F I S P A C T - I I                             |
     |                            -------------------                             |
     |                                                                            |
     |                  Transmutation-Activation Inventory Code                   |
     |                   United Kingdom Atomic Energy Authority                   |
     |                                                                            |
     |                         Release 4.0 January 2018                           |
     |             Copyright (c) 2009-18, UK Atomic Energy Authority              |
     |                                                                            |
     ==============================================================================



1




     =========================================================================================================
     |                                                                                                       |
     |                      R U N   I D E N T I F I C A T I O N   I N F O R M A T I O N                      |
     |                                                                                                       |
     | INITIAL CROSS SECTION DATA                                                                            |
     | Collapsed library timestamp: 09:48:06 5 June 2018                                                     |
     | EAF source library label:                                                                             |
     | FLUX file label:             Thermal neutron                                                          |
     |                                                                                                       |
     | DECAY DATA                                                                                            |
     | Condensed library timestamp: 09:48:06 5 June 2018                                                     |
     | EAF source library label:    Decay input from separate files                                          |
     |                                                                                                       |
     | THIS RUN                                                                                              |
     | timestamp:                   09:48:06 5 June 2018                                                     |
     | fileroot :                   ex1                                                                      |
     | name of FILES file:          files2                                                                   |
     | FISPACT title:               * example 1                                                              |
     |                                                                                                       |
     | See the ex1.log file                                                                                  |
     | and summary details at the end of this file for further information on files used by this run         |
     |                                                                                                       |
     =========================================================================================================


fispact run time=                   65.186     secs


 ------------------------------------------------------------------
 Files that have been opened during this run.
 ------------------------------------------------------------------
 The numbers after the unit names are the internal unit numbers.

 input( 5)       ex1.i
 arrayx(13)      ARRAYX
 collapxo(17)    COLLAPX
 ind_nuc(18)     /Volumes/Pegasus2/Code/FISPACT-II/FISPACT-II/nuclear_data/TENDL2015data/tendl15_decay12_index
 fluxes(20)      fluxes
 output(38)      ex1.out
 runlog(48)      ex1.log
 xs_endf(52)     /Volumes/Pegasus2/Code/FISPACT-II/FISPACT-II/nuclear_data/TENDL2015data/tal2015-n/gxs-709
 dk_endf(53)     /Volumes/Pegasus2/Code/FISPACT-II/FISPACT-II/nuclear_data/decay/decay_2012
 fy_endf(54)     /Volumes/Pegasus2/Code/FISPACT-II/FISPACT-II/nuclear_data/GEFY61data/gefy61_nfy
 ------------------------------------------------------------------



     Run timestamp:09:48:06 5 June 2018            

     Current time: 09:49:11 5 June 2018            
