  0.0000E+00  0.0000E+00  0.0000E+00  0.0000E+00  0.0000E+00  0.0000E+00
  0.0000E+00  0.0000E+00  0.0000E+00  0.0000E+00  0.0000E+00  0.0000E+00
  0.0000E+00  0.0000E+00  0.0000E+00  0.0000E+00  0.0000E+00  0.0000E+00
  0.0000E+00  0.0000E+00  0.0000E+00  0.0000E+00  0.0000E+00  0.0000E+00
  0.0000E+00  0.0000E+00  0.0000E+00  0.0000E+00  0.0000E+00  0.0000E+00
  0.0000E+00  0.0000E+00  0.0000E+00  0.0000E+00  0.0000E+00  0.0000E+00
  0.0000E+00  0.0000E+00  0.0000E+00  0.0000E+00  0.0000E+00  0.0000E+00
  0.0000E+00  0.0000E+00  0.0000E+00  0.0000E+00  0.0000E+00  0.0000E+00
  0.0000E+00  0.0000E+00  0.0000E+00  0.0000E+00  0.0000E+00  0.0000E+00
  0.0000E+00  0.0000E+00  0.0000E+00  0.0000E+00  0.0000E+00  0.0000E+00
  0.0000E+00  0.0000E+00  0.0000E+00  0.0000E+00  0.0000E+00  0.0000E+00
  0.0000E+00  0.0000E+00  0.0000E+00  0.0000E+00  0.0000E+00  0.0000E+00
  0.0000E+00  0.0000E+00  0.0000E+00  0.0000E+00  0.0000E+00  0.0000E+00
  0.0000E+00  0.0000E+00  0.0000E+00  0.0000E+00  0.0000E+00  0.0000E+00
  0.0000E+00  0.0000E+00  0.0000E+00  0.0000E+00  0.0000E+00  0.0000E+00
  0.0000E+00  0.0000E+00  0.0000E+00  0.0000E+00  0.0000E+00  0.0000E+00
  0.0000E+00  0.0000E+00  0.0000E+00  0.0000E+00  0.0000E+00  0.0000E+00
  0.0000E+00  0.0000E+00  0.0000E+00  0.0000E+00  0.0000E+00  0.0000E+00
  0.0000E+00  8.8641E-04  8.4651E-04  8.0841E-04  7.7203E-04  7.3728E-04
  7.0410E-04  6.7241E-04  6.4214E-04  6.1324E-04  5.8564E-04  8.2326E-04
  2.1463E-03  2.0497E-03  1.9575E-03  1.8694E-03  3.0231E-03  3.1565E-03
  3.0144E-03  2.8787E-03  2.7492E-03  2.6254E-03  3.2162E-03  4.7482E-03
  4.5345E-03  4.3304E-03  4.1355E-03  3.9494E-03  6.1281E-03  6.1250E-03
  5.8494E-03  5.5861E-03  5.3347E-03  5.4682E-03  5.7363E-03  5.4782E-03
  5.2315E-03  4.9961E-03  4.8066E-03  5.8145E-03  5.5528E-03  5.3029E-03
  5.0642E-03  4.8363E-03  4.9096E-03  4.9547E-03  4.7317E-03  4.5186E-03
  4.6794E-03  5.4496E-03  5.2045E-03  4.9702E-03  4.7465E-03  4.5329E-03
  4.3289E-03  5.6837E-03  6.0369E-03  5.7652E-03  5.5057E-03  5.2579E-03
  4.9884E-03  4.6831E-03  4.4723E-03  4.2710E-03  4.0788E-03  3.8952E-03
  4.2425E-03  4.1368E-03  3.9506E-03  3.7728E-03  3.6030E-03  3.7753E-03
  3.9585E-03  3.7803E-03  3.6102E-03  3.4477E-03  3.2928E-03  3.8686E-03
  3.6945E-03  3.5282E-03  3.3694E-03  3.2177E-03  3.0729E-03  2.9346E-03
  2.8026E-03  2.6764E-03  2.5559E-03  2.5307E-03  2.9291E-03  2.7973E-03
  2.6714E-03  2.5511E-03  2.4363E-03  2.3267E-03  2.2219E-03  2.1220E-03
  2.0264E-03  1.9352E-03  2.0501E-03  2.4511E-03  2.3408E-03  2.2354E-03
  2.1348E-03  2.0387E-03  1.9470E-03  1.8594E-03  1.7757E-03  1.6958E-03
  1.6194E-03  1.8262E-03  2.1115E-03  2.0164E-03  1.9257E-03  1.8390E-03
  1.7562E-03  1.6772E-03  1.6017E-03  1.5296E-03  1.4608E-03  1.3950E-03
  1.6694E-03  1.8425E-03  1.7596E-03  1.6804E-03  1.6048E-03  1.5325E-03
  1.4636E-03  1.3977E-03  1.3348E-03  1.2747E-03  1.3642E-03  1.5567E-03
  1.4867E-03  1.4198E-03  1.3559E-03  1.2948E-03  1.5498E-03  1.5025E-03
  1.4349E-03  1.3703E-03  1.3086E-03  1.2497E-03  1.6032E-03  1.6029E-03
  1.5307E-03  1.4619E-03  1.3961E-03  1.3332E-03  1.2732E-03  1.2159E-03
  1.1612E-03  1.1089E-03  1.0590E-03  1.6144E-03  1.5433E-03  1.4738E-03
  1.4075E-03  1.3442E-03  1.2837E-03  1.2259E-03  1.1707E-03  1.1180E-03
  1.0677E-03  1.1057E-03  1.5719E-03  1.5011E-03  1.4336E-03  1.3690E-03
  1.3074E-03  1.2486E-03  1.1924E-03  1.1387E-03  1.0875E-03  1.0385E-03
  1.0993E-03  1.3138E-03  1.2547E-03  1.1982E-03  1.2814E-03  1.2909E-03
  1.2328E-03  1.1867E-03  1.3198E-03  1.2604E-03  1.2037E-03  1.3290E-03
  1.5035E-03  1.4359E-03  1.3712E-03  1.3095E-03  1.2506E-03  1.1943E-03
  1.1405E-03  1.0892E-03  1.0402E-03  9.9338E-04  1.2774E-03  1.4665E-03
  1.4005E-03  1.3375E-03  1.2773E-03  1.2198E-03  1.1649E-03  1.1125E-03
  1.0624E-03  1.0146E-03  9.6891E-04  1.3290E-03  1.4306E-03  1.3662E-03
  1.3048E-03  1.2460E-03  1.1900E-03  1.1364E-03  1.0852E-03  1.0364E-03
  9.8975E-04  9.4521E-04  1.3748E-03  1.3925E-03  1.3298E-03  1.2700E-03
  1.2128E-03  1.1582E-03  1.1061E-03  1.0563E-03  1.0088E-03  9.6339E-04
  9.2003E-04  1.4003E-03  1.3382E-03  1.2780E-03  1.2205E-03  1.1656E-03
  1.1131E-03  1.0630E-03  1.0151E-03  9.6947E-04  9.2583E-04  9.5508E-04
  1.3530E-03  1.2921E-03  1.2340E-03  1.1784E-03  1.1254E-03  1.0747E-03
  1.0264E-03  9.8016E-04  9.3607E-04  8.9392E-04  9.9351E-04  1.2993E-03
  1.2408E-03  1.1850E-03  1.1316E-03  1.0807E-03  1.0321E-03  9.8562E-04
  9.4126E-04  8.9890E-04  8.5844E-04  1.0191E-03  1.2393E-03  1.1835E-03
  1.1302E-03  1.0794E-03  1.0308E-03  9.8440E-04  9.4010E-04  8.9779E-04
  8.5738E-04  8.1879E-04  1.0031E-03  1.1223E-03  1.0718E-03  1.0235E-03
  9.7746E-04  9.3347E-04  8.9146E-04  8.5133E-04  8.1302E-04  7.7642E-04
  7.4148E-04  1.0006E-03  1.0749E-03  1.0265E-03  9.8031E-04  9.3619E-04
  8.9406E-04  8.5382E-04  8.1539E-04  7.7869E-04  7.4364E-04  7.1018E-04
  1.0731E-03  1.0919E-03  1.0428E-03  9.9581E-04  9.5101E-04  9.0819E-04
  8.6733E-04  8.2829E-04  7.9101E-04  7.5541E-04  7.2141E-04  8.8694E-04
  8.4836E-04  8.1017E-04  7.7371E-04  7.3889E-04  7.0563E-04  6.7387E-04
  6.4355E-04  6.1458E-04  5.8692E-04  6.2877E-04  1.0299E-03  9.8359E-04
  9.3932E-04  8.9704E-04  8.5667E-04  8.1811E-04  7.8129E-04  7.4613E-04
  7.1255E-04  6.8047E-04  7.6463E-04  1.0201E-03  9.7423E-04  9.3039E-04
  8.8852E-04  8.4852E-04  8.1033E-04  7.7386E-04  7.3903E-04  7.0577E-04
  6.7400E-04  8.4794E-04  1.0886E-03  1.0396E-03  9.9285E-04  9.4816E-04
  9.0548E-04  8.6474E-04  8.2580E-04  7.8865E-04  7.5315E-04  7.1924E-04
  8.5880E-04  9.5339E-04  9.1051E-04  8.6952E-04  8.3039E-04  7.9301E-04
  7.5732E-04  7.2324E-04  6.9068E-04  6.5960E-04  6.2991E-04  1.0151E-03
  1.1258E-03  1.0751E-03  1.0267E-03  9.8050E-04  9.3637E-04  8.9423E-04
  8.5398E-04  8.1555E-04  7.7884E-04  7.4379E-04  1.1674E-03  1.1937E-03
  1.1399E-03  1.0886E-03  1.0397E-03  9.9285E-04  9.4817E-04  9.0549E-04
  8.6474E-04  8.2582E-04  7.8866E-04  2.0529E-03  1.9815E-03  1.8924E-03
  1.8072E-03  1.7259E-03  1.6482E-03  1.5740E-03  1.5032E-03  1.4355E-03
  1.3709E-03  1.4256E-03  2.4814E-03  2.3698E-03  2.2631E-03  2.1613E-03
  2.0640E-03  1.9711E-03  1.8824E-03  1.7976E-03  1.7168E-03  2.1290E-03
  2.0332E-03  1.9417E-03  1.8543E-03  1.7854E-03  1.7830E-03  1.7028E-03
  1.6262E-03  1.5981E-03  1.6272E-03  1.5540E-03  1.4578E-03  1.2683E-03
  1.2112E-03  1.1567E-03  1.2303E-03  1.1816E-03  1.1284E-03  1.0470E-03
  8.4551E-04  8.0745E-04  7.7111E-04  7.6342E-04  8.3244E-04  7.9497E-04
  7.5919E-04  5.2343E-04  4.6675E-04  4.4574E-04  4.2568E-04  4.8798E-04
  4.7515E-04  4.5377E-04  4.3335E-04  4.0813E-04  2.8699E-04  2.7407E-04
  2.6174E-04  2.4996E-04  2.3871E-04  2.2796E-04  1.7794E-04  1.6049E-04
  1.5327E-04  1.4637E-04  1.3978E-04  1.3349E-04  1.2748E-04  1.2174E-04
  1.1627E-04  6.9588E-05  6.6456E-05  6.3465E-05  6.0608E-05  5.7881E-05
  5.5275E-05  5.2788E-05  5.0412E-05  4.8143E-05  4.5976E-05  4.3907E-05
  4.1931E-05  4.0043E-05  3.8241E-05  3.6520E-05  1.7092E-05  1.5379E-05
  1.4687E-05  1.4026E-05  1.3395E-05  1.2792E-05  1.2216E-05  1.1667E-05
  1.1142E-05  1.0640E-05  1.0161E-05  9.7038E-06  9.2671E-06  8.8500E-06
  8.4517E-06  8.0712E-06  7.7080E-06  7.3611E-06  7.0298E-06  6.4982E-06
  2.3323E-06  2.2274E-06  2.1271E-06  2.0314E-06  1.9400E-06  1.8526E-06
  1.7692E-06  1.6896E-06  1.6136E-06  1.5410E-06  1.4716E-06  1.4053E-06
  1.3421E-06  1.2817E-06  1.2240E-06  2.3379E-06  2.2326E-06  2.1322E-06
  2.0362E-06  1.9446E-06  1.8570E-06  1.7735E-06  1.6936E-06  1.6174E-06
  1.5446E-06  1.4751E-06  1.4087E-06  1.3453E-06  1.2848E-06  1.2269E-06
  6.4543E-06  6.4441E-06  6.1541E-06  5.8771E-06  5.6126E-06  5.3600E-06
  5.1187E-06  4.8884E-06  4.6684E-06  4.4582E-06  4.2576E-06  4.0660E-06
  3.8830E-06  3.7082E-06  3.5413E-06  3.3819E-06  3.2297E-06  3.0843E-06
  2.9455E-06  2.8130E-06  2.6863E-06  2.5654E-06  2.4500E-06  2.3397E-06
  2.2344E-06  2.1338E-06  2.0378E-06  1.9461E-06  1.8585E-06  1.7749E-06
  1.6950E-06  1.6187E-06  1.5458E-06  1.4762E-06  1.4098E-06  1.3464E-06
  1.2858E-06  1.2279E-06  1.1726E-06  1.1199E-06  1.0695E-06  1.0213E-06
  9.7536E-07  9.3146E-07  8.8953E-07  8.4950E-07  8.1127E-07  7.7475E-07
  7.3988E-07  7.0658E-07  6.7478E-07  6.4441E-07  6.1541E-07  5.8771E-07
  5.6126E-07  5.3600E-07  5.1187E-07  4.8884E-07  4.6684E-07  4.4582E-07
  4.2576E-07  4.0659E-07  3.8830E-07  3.7082E-07  3.5413E-07  3.3819E-07
  3.2297E-07  3.0843E-07  2.9455E-07  2.8130E-07  2.6863E-07  2.5655E-07
  2.4500E-07  2.3397E-07  2.2344E-07  2.1338E-07  2.0378E-07  1.9461E-07
  1.8585E-07  1.7749E-07  1.6950E-07  1.6187E-07  1.5459E-07  1.4762E-07
  1.4098E-07
 1.000
PQY PALUEL 14000 MWD/Te WIMS TOT=7.5716E-01                                                         
