



     ==============================================================================
     |                                                                            |
     |                                                                            |
     |             _____ ___ ____  ____   _    ____ _____    ___ ___              |
     |            |  ___|_ _/ ___||  _ \ / \  / ___|_   _|  |_ _|_ _|             |
     |            | |_   | |\___ \| |_) / _ \| |     | |_____| | | |              |
     |            |  _|  | | ___) |  __/ ___ \ |___  | |_____| | | |              |
     |            |_|   |___|____/|_| /_/   \_\____| |_|    |___|___|             |
     |                                                                            |
     |                            F I S P A C T - I I                             |
     |                            -------------------                             |
     |                                                                            |
     |                  Transmutation-Activation Inventory Code                   |
     |                   United Kingdom Atomic Energy Authority                   |
     |                                                                            |
     |                         Release 4.0 January 2018                           |
     |             Copyright (c) 2009-18, UK Atomic Energy Authority              |
     |                                                                            |
     ==============================================================================



1




     =========================================================================================================
     |                                                                                                       |
     |                      R U N   I D E N T I F I C A T I O N   I N F O R M A T I O N                      |
     |                                                                                                       |
     | INITIAL CROSS SECTION DATA                                                                            |
     | Collapsed library timestamp: 03:05:39 16 June 2019                                                    |
     | EAF source library label:                                                                             |
     | FLUX file label:             flux                                                                     |
     |                                                                                                       |
     | DECAY DATA                                                                                            |
     | Condensed library timestamp: 03:05:39 16 June 2019                                                    |
     | EAF source library label:    Decay input from separate files                                          |
     |                                                                                                       |
     | THIS RUN                                                                                              |
     | timestamp:                   03:05:39 16 June 2019                                                    |
     | fileroot :                   W_noSSF                                                                  |
     | name of FILES file:          files                                                                    |
     | FISPACT title:               * transmutation run                                                      |
     |                                                                                                       |
     | See the W_noSSF.log file                                                                              |
     | and summary details at the end of this file for further information on files used by this run         |
     |                                                                                                       |
     =========================================================================================================






                                   -------------------------------------------------------------------------------
                                   | NB: IN FOLLOWING TABLES                                                     |
                                   |                         ? MEANS CONVERGENCE NOT REACHED FOR NUCLIDE         |
                                   |                         & MEANS GAMMA SPECTRUM IS APPROXIMATELY CALCULATED  |
                                   |                         # MEANS NUCLIDE IS STABLE                           |
                                   |                         > MEANS NUCLIDE WAS PRESENT BEFORE IRRADIATION      |
                                   -------------------------------------------------------------------------------
                                   |                                                                             |
                                   |                                                                             |
                                   V                                                                             V
1 * * * TIME INTERVAL   1 * * * * * * * TIME IS   3.1558E+08 SECS OR  1.0000E+01 YEARS * * * ELAPSED TIME IS  10.000 y   * * * FLUX AMP IS  3.0000E+14 /cm^2/s  * * *
  NUCLIDE        ATOMS         GRAMS        Bq       b-Energy    a-Energy   g-Energy    DOSE RATE                                                            
                                                        kW          kW         kW         Sv/hr                                                              

  H   1    #  1.55707E+20   2.606E-04   0.000E+00   0.000E+00   0.00E+00   0.000E+00   0.000E+00                                                            
  H   2    #  6.41612E+18   2.146E-05   0.000E+00   0.000E+00   0.00E+00   0.000E+00   0.000E+00                                                            
  H   3       4.08430E+17   2.046E-06   7.276E+08   6.653E-10   0.00E+00   0.000E+00   0.000E+00                                                            
  He  3    #  4.33973E+16   2.173E-07   0.000E+00   0.000E+00   0.00E+00   0.000E+00   0.000E+00                                                            
  He  4    #  3.38131E+19   2.247E-04   0.000E+00   0.000E+00   0.00E+00   0.000E+00   0.000E+00                                                            
  Er166    #  8.03069E+00   2.213E-21   0.000E+00   0.000E+00   0.00E+00   0.000E+00   0.000E+00                                                            
  Er167    #  2.13531E+02   5.919E-20   0.000E+00   0.000E+00   0.00E+00   0.000E+00   0.000E+00                                                            
  Er168    #  1.35380E+04   3.775E-18   0.000E+00   0.000E+00   0.00E+00   0.000E+00   0.000E+00                                                            
  Er169       4.49043E+03   1.260E-18   3.832E-03   6.250E-20   0.00E+00   1.216E-23   2.707E-18                                                            
  Er170    #  5.36963E+06   1.515E-15   0.000E+00   0.000E+00   0.00E+00   0.000E+00   0.000E+00                                                            
  Er171       1.20389E+04   3.417E-18   3.084E-01   2.058E-17   0.00E+00   1.841E-17   6.612E-12                                                            
  Er172       1.37086E+05   3.914E-17   5.354E-01   1.104E-17   0.00E+00   4.423E-17   4.077E-11                                                            
  Er173       2.96478E+03   8.514E-19   2.446E+01   2.734E-15   0.00E+00   3.255E-15   3.148E-09                                                            
  Tm168       3.72412E+02   1.039E-19   3.209E-05   4.005E-22   0.00E+00   6.387E-21   6.825E-15                                                            
  Tm169    #  3.45391E+05   9.689E-17   0.000E+00   0.000E+00   0.00E+00   0.000E+00   0.000E+00                                                            
  Tm170       2.58494E+05   7.294E-17   1.613E-02   8.462E-19   0.00E+00   1.072E-20   2.652E-16                                                            
  Tm171       7.01858E+07   1.992E-14   8.044E-01   3.294E-18   0.00E+00   8.791E-20   1.944E-15                                                            
  Tm172       1.06819E+07   3.050E-15   3.234E+01   2.734E-15   0.00E+00   2.490E-15   4.230E-09                                                            
  Tm173       1.84726E+06   5.305E-16   4.316E+01   2.142E-15   0.00E+00   2.686E-15   1.213E-09                                                            
  Tm174       5.34043E+03   1.543E-18   1.143E+01   9.407E-16   0.00E+00   3.256E-15   3.033E-09                                                            
  Tm175       3.22593E+03   9.371E-19   2.457E+00   1.677E-16   0.00E+00   4.586E-16   5.070E-10                                                            
  Tm176       9.25800E+03   2.705E-18   5.629E+01   7.576E-15   0.00E+00   1.539E-14   2.519E-08                                                            
  Tm177       1.27586E+00   3.749E-22   9.826E-03   1.673E-18   0.00E+00   1.673E-18   0.000E+00                                                            
  Yb168       3.06193E+00   8.539E-22   5.173E-22   5.892E-38   8.08E-38   0.000E+00   0.000E+00                                                            
  Yb169       1.40038E+03   3.928E-19   3.509E-04   6.285E-21   0.00E+00   1.761E-20   1.439E-15                                                            
  Yb170    #  3.51289E+06   9.913E-16   0.000E+00   0.000E+00   0.00E+00   0.000E+00   0.000E+00                                                            
  Yb171    #  2.61194E+08   7.414E-14   0.000E+00   0.000E+00   0.00E+00   0.000E+00   0.000E+00                                                            
  Yb172    #  1.77636E+10   5.072E-12   0.000E+00   0.000E+00   0.00E+00   0.000E+00   0.000E+00                                                            
  Yb173    #  4.57301E+11   1.313E-10   0.000E+00   0.000E+00   0.00E+00   0.000E+00   0.000E+00                                                            
  Yb174    #  7.26688E+12   2.099E-09   0.000E+00   0.000E+00   0.00E+00   0.000E+00   0.000E+00                                                            
  Yb175       5.45970E+11   1.586E-10   1.047E+06   2.040E-11   0.00E+00   1.340E-11   4.439E-06                                                            
  Yb176    #  1.09287E+15   3.193E-07   0.000E+00   0.000E+00   0.00E+00   0.000E+00   0.000E+00                                                            
  Yb176m      1.51633E+07   4.430E-15   9.220E+05   2.135E-11   0.00E+00   1.337E-10   3.373E-05                                                            
  Yb177       1.15345E+11   3.389E-11   1.162E+07   7.932E-10   0.00E+00   3.708E-10   4.808E-04                                                            
  Yb177m      8.76181E+06   2.574E-15   9.475E+05   2.705E-11   0.00E+00   2.278E-11   1.725E-06                                                            
  Yb178       6.51257E+07   1.924E-14   1.017E+04   3.421E-13   0.00E+00   1.004E-12   4.305E-07                                                            
  Yb179       2.23937E+06   6.654E-16   3.234E+03   2.948E-13   0.00E+00   4.612E-13   3.975E-07                                                            
  Yb180       1.20992E+02   3.615E-20   5.824E-01   7.079E-17   0.00E+00   7.079E-17   0.000E+00                                                            
  Lu171       7.60463E+01   2.159E-20   7.395E-05   1.047E-21   0.00E+00   7.598E-21   7.680E-15                                                            
  Lu172       7.01083E+05   2.002E-16   8.395E-01   1.498E-17   0.00E+00   2.630E-16   3.673E-10                                                            
  Lu172m      8.71626E+01   2.489E-20   2.721E-01   1.753E-18   0.00E+00   7.270E-20   1.853E-14                                                            
  Lu173       7.60645E+09   2.184E-12   1.250E+02   9.252E-16   0.00E+00   3.409E-15   5.207E-10                                                            
  Lu174       1.59690E+12   4.612E-10   9.855E+03   7.077E-14   0.00E+00   1.842E-13   1.825E-07                                                            
  Lu174m      1.95801E+11   5.655E-11   1.106E+04   2.071E-13   0.00E+00   1.093E-13   1.806E-08                                                            
  Lu175    #  2.67446E+14   7.769E-08   0.000E+00   0.000E+00   0.00E+00   0.000E+00   0.000E+00                                                            
  Lu176       1.69049E+14   4.939E-08   9.283E-05   4.436E-21   0.00E+00   7.138E-21   2.356E-15                                                            
  Lu176m      3.46086E+10   1.011E-11   1.833E+06   1.369E-10   0.00E+00   4.179E-12   1.248E-07                                                            
  Lu177       4.33028E+13   1.272E-08   5.226E+07   1.234E-09   0.00E+00   2.799E-10   4.526E-05                                                            
  Lu177m      6.20771E+13   1.824E-08   3.107E+06   4.085E-11   0.00E+00   8.351E-11   3.979E-05                                                            
  Lu178       1.50825E+12   4.457E-10   6.135E+08   7.426E-08   0.00E+00   1.211E-08   1.963E-02                                                            
  Lu178m      6.45229E+11   1.907E-10   3.227E+08   2.533E-08   0.00E+00   5.439E-08   2.628E-02                                                            
  Lu179       9.27214E+11   2.755E-10   3.889E+07   3.030E-09   0.00E+00   1.834E-10   5.654E-05                                                            
  Lu180       1.27327E+10   3.805E-12   2.581E+07   2.447E-09   0.00E+00   6.006E-09   8.618E-03                                                            
  Lu181       2.03994E+07   6.130E-15   6.733E+04   9.601E-13   0.00E+00   6.041E-12   5.498E-06                                                            
  Lu182       1.20735E+06   3.648E-16   6.974E+03   1.777E-13   0.00E+00   2.302E-12   2.855E-06                                                            
  Lu183       5.59908E+02   1.701E-19   6.691E+00   1.204E-15   0.00E+00   6.983E-16   1.011E-09                                                            
  Hf172       8.19716E+03   2.340E-18   9.628E-05   1.059E-21   0.00E+00   1.686E-21   5.247E-17                                                            
  Hf173       1.59747E+06   4.588E-16   1.287E+01   1.073E-16   0.00E+00   8.178E-16   2.236E-10                                                            
  Hf174       1.11945E+11   3.233E-11   1.229E-12   0.000E+00   4.93E-28   0.000E+00   0.000E+00                                                            
  Hf175       7.38442E+12   2.145E-09   8.463E+05   6.171E-12   0.00E+00   4.922E-11   1.838E-05                                                            
  Hf176    #  8.08664E+15   2.363E-06   0.000E+00   0.000E+00   0.00E+00   0.000E+00   0.000E+00                                                            
  Hf177    #  5.14024E+16   1.510E-05   0.000E+00   0.000E+00   0.00E+00   0.000E+00   0.000E+00                                                            
  Hf177m      3.26918E+08   9.606E-14   2.098E+08   8.092E-09   0.00E+00   3.590E-08   1.050E-02                                                            
  Hf177n      3.27430E+11   9.621E-11   7.359E+07   2.966E-09   0.00E+00   1.388E-08   6.297E-03                                                            
  Hf178    #  2.00089E+18   5.912E-04   0.000E+00   0.000E+00   0.00E+00   0.000E+00   0.000E+00                                                            
  Hf178m      9.63031E+09   2.846E-12   1.669E+09   3.784E-08   0.00E+00   2.689E-07   1.307E-01                                                            
  Hf178n      9.43641E+15   2.788E-06   6.686E+06   7.886E-11   0.00E+00   1.310E-09   8.569E-04                                                            
  Hf179    #  7.08006E+19   2.104E-02   0.000E+00   0.000E+00   0.00E+00   0.000E+00   0.000E+00                                                            
  Hf179m      4.18326E+11   1.243E-10   1.553E+10   3.336E-07   0.00E+00   5.990E-07   1.073E-01                                                            
  Hf179n      1.24326E+16   3.694E-06   3.974E+09   1.186E-07   0.00E+00   5.851E-07   2.695E-01                                                            
  Hf180    #  2.59512E+20   7.754E-02   0.000E+00   0.000E+00   0.00E+00   0.000E+00   0.000E+00                                                            
  Hf180m      1.10852E+14   3.312E-08   3.881E+09   9.238E-08   0.00E+00   6.170E-07   3.170E-01                                                            
  Hf181       4.86044E+17   1.460E-04   9.201E+10   3.013E-06   0.00E+00   7.821E-06   4.871E+00                                                            
  Hf182       1.58996E+17   4.804E-05   3.880E+02   1.999E-15   0.00E+00   1.488E-14   2.860E-09                                                            
  Hf182m      1.02290E+11   3.091E-11   1.921E+07   6.948E-10   0.00E+00   2.772E-09   2.102E-03                                                            
  Hf183       8.32967E+13   2.531E-08   1.503E+10   1.022E-06   0.00E+00   1.824E-06   1.885E+00                                                            
  Hf184       5.49867E+09   1.680E-12   2.570E+05   1.905E-11   0.00E+00   9.737E-12   2.421E-06                                                            
  Hf184m      2.81484E+06   8.598E-16   4.065E+04   5.673E-12   0.00E+00   5.673E-12   0.000E+00                                                            
  Hf185       4.69108E+05   1.441E-16   1.548E+03   2.511E-13   0.00E+00   2.511E-13   0.000E+00                                                            
  Hf186       2.25813E+03   6.973E-19   1.003E+01   1.168E-15   0.00E+00   1.168E-15   0.000E+00                                                            
  Ta176       9.59547E+04   2.803E-17   2.284E+00   2.565E-17   0.00E+00   7.678E-16   1.292E-09                                                            
  Ta177       2.06727E+10   6.074E-12   7.057E+04   2.569E-13   0.00E+00   7.661E-13   1.235E-07                                                            
  Ta178       1.30052E+12   3.843E-10   1.617E+09   7.119E-09   0.00E+00   3.080E-08   2.608E-02                                                            
  Ta178m      6.95398E+12   2.055E-09   5.671E+08   1.386E-08   0.00E+00   1.048E-07   4.863E-02                                                            
  Ta179       1.86742E+19   5.549E-03   2.548E+11   3.019E-07   0.00E+00   1.194E-06   3.146E-02                                                            
  Ta180       7.43377E+16   2.221E-05   1.771E+12   1.818E-05   0.00E+00   1.304E-05   2.909E-01                                                            
  Ta180m      7.51019E+19   2.244E-02   9.164E-04   1.848E-20   0.00E+00   8.259E-20   2.592E-14                                                            
  Ta181    #  2.17206E+22   6.526E+00   0.000E+00   0.000E+00   0.00E+00   0.000E+00   0.000E+00                                                            
  Ta182       2.98510E+20   9.019E-02   2.088E+13   7.237E-04   0.00E+00   4.293E-03   6.534E+03                                                            
  Ta182m      4.80548E+12   1.452E-09   1.177E+13   2.700E-05   0.00E+00   3.616E-06   9.223E-01                                                            
  Ta182n      1.31091E+13   3.961E-09   9.561E+09   3.743E-07   0.00E+00   3.901E-07   3.152E-02                                                            
  Ta183       6.58828E+18   2.002E-03   1.038E+13   5.812E-04   0.00E+00   4.769E-04   9.460E+01                                                            
  Ta184       5.15518E+15   1.575E-06   1.141E+11   1.040E-05   0.00E+00   2.867E-05   2.751E+01                                                            
  Ta185       9.19156E+12   2.823E-09   2.167E+09   2.549E-07   0.00E+00   4.770E-08   7.248E-03                                                            
  Ta186       4.79590E+13   1.481E-08   5.277E+10   9.494E-06   0.00E+00   1.102E-05   9.425E+00                                                            
  Ta187       5.80324E+08   1.802E-13   3.352E+06   5.612E-10   0.00E+00   5.612E-10   0.000E+00                                                            
  Ta188       3.89473E+05   1.216E-16   1.350E+04   3.501E-12   0.00E+00   3.501E-12   0.000E+00                                                            
  W 177       3.00604E+05   8.833E-17   2.631E+01   3.451E-16   0.00E+00   3.437E-15   3.189E-09                                                            
  W 178       2.78878E+11   8.240E-11   1.036E+05   1.161E-13   0.00E+00   3.180E-13   1.141E-08                                                            
  W 179       8.87283E+14   2.637E-07   2.767E+11   5.709E-07   0.00E+00   2.396E-06   5.820E-02                                                            
  W 179m      3.30529E+13   9.822E-09   5.966E+10   1.510E-06   0.00E+00   1.998E-07   3.802E-02                                                            
  W 180    #> 2.51290E+21   7.509E-01   0.000E+00   0.000E+00   0.00E+00   0.000E+00   0.000E+00                                                            
  W 181       1.23175E+21   3.701E-01   8.168E+13   1.660E-04   0.00E+00   5.392E-04   1.291E+01                                                            
  W 182    #> 6.99766E+23   2.114E+02   0.000E+00   0.000E+00   0.00E+00   0.000E+00   0.000E+00                                                            
  W 183     > 5.13856E+23   1.561E+02   1.026E-01   0.000E+00   1.95E-17   0.000E+00   0.000E+00                                                            
  W 183m      3.32173E+14   1.009E-07   4.386E+13   1.293E-03   0.00E+00   8.810E-04   3.097E+01                                                            
  W 184     > 1.07810E+24   3.293E+02   5.920E-02   0.000E+00   1.57E-17   0.000E+00   0.000E+00                                                            
  W 185       1.69599E+21   5.209E-01   1.812E+14   3.681E-03   0.00E+00   1.456E-06   5.574E-02                                                            
  W 185m      5.15276E+15   1.583E-06   3.572E+13   9.842E-04   0.00E+00   1.473E-04   1.016E+01                                                            
  W 186     > 7.99044E+23   2.467E+02   2.975E-02   1.168E-18   2.68E-18   0.000E+00   0.000E+00                                                            
  W 187       3.73809E+19   1.160E-02   3.018E+14   1.457E-02   0.00E+00   2.138E-02   1.994E+04                                                            
  W 188       8.23407E+17   2.570E-04   9.467E+10   1.511E-06   0.00E+00   2.902E-08   5.483E-03                                                            
  W 189       1.47986E+11   4.643E-11   1.487E+08   1.985E-08   0.00E+00   2.930E-08   2.313E-02                                                            
  W 190       5.57655E+05   1.759E-16   2.147E+02   1.606E-14   0.00E+00   5.155E-15   2.089E-10                                                            
  Re181       1.64550E+07   4.944E-15   1.592E+02   3.243E-15   0.00E+00   2.008E-14   1.720E-08                                                            
  Re182       1.38426E+12   4.182E-10   4.164E+06   1.265E-10   0.00E+00   1.198E-09   1.458E-03                                                            
  Re182m      1.40649E+11   4.250E-11   2.132E+06   2.805E-11   0.00E+00   4.121E-10   6.106E-04                                                            
  Re183       6.07987E+16   1.847E-05   6.968E+09   1.216E-07   0.00E+00   1.801E-07   1.263E-02                                                            
  Re184       1.48386E+19   4.533E-03   3.363E+12   2.948E-05   0.00E+00   4.879E-04   5.814E+02                                                            
  Re184m      1.11598E+19   3.409E-03   5.329E+11   1.199E-05   0.00E+00   3.331E-05   2.703E+01                                                            
  Re185    #  3.14488E+22   9.659E+00   0.000E+00   0.000E+00   0.00E+00   0.000E+00   0.000E+00                                                            
  Re186       6.60055E+19   2.038E-02   1.412E+14   7.632E-03   0.00E+00   4.725E-04   3.313E+01                                                            
  Re186m      9.02657E+19   2.787E-02   9.931E+06   1.085E-10   0.00E+00   9.547E-11   2.470E-06                                                            
  Re187       8.18418E+22   2.541E+01   4.133E+04   4.370E-15   0.00E+00   0.000E+00   0.000E+00                                                            
  Re188       9.74698E+18   3.042E-03   1.105E+14   1.382E-02   0.00E+00   1.025E-03   7.297E+02                                                            
  Re188m      6.12137E+15   1.911E-06   3.802E+12   4.995E-05   0.00E+00   4.508E-05   1.371E+00                                                            
  Re189       6.06046E+14   1.902E-07   4.802E+09   2.546E-07   0.00E+00   4.274E-08   1.184E-02                                                            
  Re190       4.67609E+09   1.475E-12   1.743E+07   1.949E-09   0.00E+00   3.743E-09   3.351E-03                                                            
  Re190m      7.69717E+10   2.428E-11   4.639E+06   2.193E-10   0.00E+00   6.853E-10   5.651E-04                                                            
  Re191       1.24945E+07   3.962E-15   1.488E+04   1.733E-12   0.00E+00   5.314E-15   0.000E+00                                                            
  Re192       6.53670E+03   2.084E-18   7.308E+02   1.918E-13   0.00E+00   1.862E-14   4.924E-09                                                            
  Re193       2.41856E+00   7.750E-22   5.588E-02   9.229E-18   0.00E+00   9.229E-18   0.000E+00                                                            
  Os181m      8.45305E+00   2.540E-21   9.300E-04   1.252E-20   0.00E+00   2.056E-19   2.656E-13                                                            
  Os182       1.47670E+07   4.462E-15   1.287E+02   9.908E-16   0.00E+00   8.887E-15   4.620E-09                                                            
  Os183       1.08025E+12   3.282E-10   1.600E+07   1.861E-10   0.00E+00   1.620E-09   9.064E-04                                                            
  Os183m      2.59349E+11   7.879E-11   5.050E+06   2.913E-11   0.00E+00   8.082E-10   1.232E-03                                                            
  Os184       2.00678E+17   6.130E-05   7.871E-05   9.150E-21   1.87E-20   0.000E+00   0.000E+00                                                            
  Os185       2.74691E+19   8.436E-03   2.349E+12   6.900E-06   0.00E+00   2.707E-04   2.959E+02                                                            
  Os186       2.17912E+22   6.729E+00   2.393E-01   0.000E+00   1.08E-16   0.000E+00   0.000E+00                                                            
  Os187    #  2.16359E+21   6.717E-01   0.000E+00   0.000E+00   0.00E+00   0.000E+00   0.000E+00                                                            
  Os188    #  1.80747E+22   5.641E+00   0.000E+00   0.000E+00   0.00E+00   0.000E+00   0.000E+00                                                            
  Os189    #  1.22201E+21   3.834E-01   0.000E+00   0.000E+00   0.00E+00   0.000E+00   0.000E+00                                                            
  Os189m      3.46045E+16   1.086E-05   1.147E+12   5.275E-06   0.00E+00   3.998E-07   1.020E-01                                                            
  Os190    #  2.59352E+20   8.181E-02   0.000E+00   0.000E+00   0.00E+00   0.000E+00   0.000E+00                                                            
  Os191       1.05247E+17   3.337E-05   5.519E+10   3.318E-07   0.00E+00   0.000E+00   0.000E+00                                                            
  Os191m      3.40834E+15   1.081E-06   5.010E+10   5.344E-07   0.00E+00   6.266E-08   5.119E-03                                                            
  Os192    #  6.85739E+16   2.186E-05   0.000E+00   0.000E+00   0.00E+00   0.000E+00   0.000E+00                                                            
  Os192m      8.35003E+06   2.662E-15   9.810E+05   5.448E-12   0.00E+00   2.810E-10   0.000E+00                                                            
  Os193       9.26970E+11   2.970E-10   5.928E+06   3.605E-10   0.00E+00   6.369E-11   2.952E-05                                                            
  Os194       8.20202E+10   2.642E-11   3.008E+02   1.558E-15   0.00E+00   1.108E-16   3.148E-12                                                            
  Os195       1.06767E+04   3.457E-18   1.898E+01   2.175E-15   0.00E+00   4.324E-16   4.706E-10                                                            
  Ir187       1.98145E+01   6.151E-21   3.633E-04   3.713E-21   0.00E+00   1.755E-20   1.574E-14                                                            
  Ir188       3.14601E+06   9.819E-16   1.460E+01   9.728E-17   0.00E+00   4.911E-15   8.156E-09                                                            
  Ir189       1.25200E+11   3.928E-11   7.609E+04   5.459E-13   0.00E+00   9.688E-13   7.230E-08                                                            
  Ir190       4.16428E+14   1.314E-07   2.784E+08   3.216E-09   0.00E+00   6.593E-08   5.096E-02                                                            
  Ir190m      2.37634E+11   7.496E-11   4.085E+07   1.560E-10   0.00E+00   1.494E-11   3.812E-06                                                            
  Ir191    #  2.53833E+18   8.049E-04   0.000E+00   0.000E+00   0.00E+00   0.000E+00   0.000E+00                                                            
  Ir191m      3.90848E+11   1.239E-10   5.529E+10   8.479E-07   0.00E+00   6.678E-07   3.075E-02                                                            
  Ir191n      6.23114E+06   1.976E-15   7.853E+05   5.758E-12   0.00E+00   2.350E-10   1.807E-04                                                            
  Ir192       1.41919E+17   4.524E-05   1.542E+10   5.369E-07   0.00E+00   2.018E-06   1.187E+00                                                            
  Ir192m      1.40773E+12   4.487E-10   1.129E+10   9.849E-08   0.00E+00   4.412E-09   1.130E-03                                                            
  Ir192n      6.67551E+13   2.128E-08   6.084E+03   1.609E-13   0.00E+00   3.008E-15   6.356E-10                                                            
  Ir193    #  9.56067E+16   3.063E-05   0.000E+00   0.000E+00   0.00E+00   0.000E+00   0.000E+00                                                            
  Ir193m      1.40362E+15   4.498E-07   1.069E+09   1.331E-08   0.00E+00   4.440E-10   1.001E-04                                                            
  Ir194       3.00881E+13   9.691E-09   3.002E+08   3.897E-08   0.00E+00   4.376E-09   3.747E-03                                                            
  Ir195       1.97428E+09   6.392E-13   1.521E+05   9.217E-12   0.00E+00   1.422E-12   6.203E-08                                                            
  Ir195m      8.03714E+07   2.602E-14   4.072E+03   1.810E-13   0.00E+00   2.347E-13   1.365E-07                                                            
  Ir196       9.93691E+01   3.234E-20   1.325E+00   2.479E-16   0.00E+00   4.822E-17   4.672E-11                                                            
  Ir196m      1.39519E+03   4.540E-19   1.919E-01   1.383E-17   0.00E+00   7.593E-17   6.038E-11                                                            
  Pt188       1.10142E+02   3.438E-20   8.663E-05   1.035E-21   0.00E+00   2.850E-21   5.492E-16                                                            
  Pt189       8.55256E+05   2.684E-16   1.515E+01   2.125E-16   0.00E+00   1.148E-15   9.049E-10                                                            
  Pt190       1.45433E+11   4.587E-11   4.915E-09   0.000E+00   2.56E-24   0.000E+00   0.000E+00                                                            
  Pt191       2.87723E+13   9.124E-09   8.238E+07   8.703E-10   0.00E+00   3.884E-09   1.695E-03                                                            
  Pt192    #  7.95635E+17   2.536E-04   0.000E+00   0.000E+00   0.00E+00   0.000E+00   0.000E+00                                                            
  Pt193       1.93568E+16   6.202E-06   8.503E+06   1.070E-11   0.00E+00   4.602E-11   1.395E-06                                                            
  Pt193m      4.76633E+12   1.527E-09   8.811E+06   1.947E-10   0.00E+00   1.741E-11   1.087E-06                                                            
  Pt194    #  1.53649E+16   4.949E-06   0.000E+00   0.000E+00   0.00E+00   0.000E+00   0.000E+00                                                            
  Pt195    #  4.68981E+13   1.518E-08   0.000E+00   0.000E+00   0.00E+00   0.000E+00   0.000E+00                                                            
  Pt195m      1.03860E+10   3.362E-12   2.073E+04   5.613E-13   0.00E+00   2.524E-13   9.263E-09                                                            
  Pt196    #  2.20363E+12   7.171E-10   0.000E+00   0.000E+00   0.00E+00   0.000E+00   0.000E+00                                                            
  Pt197       1.11421E+07   3.644E-15   1.079E+02   4.396E-15   0.00E+00   4.213E-16   2.129E-11                                                            
  Pt197m      1.50447E+04   4.921E-18   1.824E+00   9.261E-17   0.00E+00   2.223E-17   5.314E-12                                                            
  Pt198    #  4.01342E+05   1.319E-16   0.000E+00   0.000E+00   0.00E+00   0.000E+00   0.000E+00                                                            
  Au195       1.51762E+03   4.913E-19   6.543E-05   4.403E-22   0.00E+00   9.088E-22   2.489E-17                                                            
  Au196       2.84138E+05   9.246E-17   3.687E-01   1.646E-18   0.00E+00   2.789E-17   1.146E-11                                                            
  Au196m      2.92257E+00   9.510E-22   2.501E-01   3.085E-18   0.00E+00   1.162E-19   2.595E-14                                                            
  Au196n      9.74353E+02   3.171E-19   1.954E-02   8.545E-19   0.00E+00   7.373E-19   5.359E-14                                                            
  Au197    #  3.19619E+09   1.045E-12   0.000E+00   0.000E+00   0.00E+00   0.000E+00   0.000E+00                                                            
  Au197m      1.39261E+00   4.555E-22   1.247E-01   3.673E-18   0.00E+00   4.505E-18   8.633E-13                                                            
  Au198       3.66779E+06   1.206E-15   1.092E+01   5.708E-16   0.00E+00   7.049E-16   5.466E-10                                                            
  Au198m      3.27038E+01   1.075E-20   1.141E-04   4.790E-21   0.00E+00   9.647E-21   1.537E-15                                                            
  Au199       5.67632E+03   1.875E-18   1.451E-02   3.372E-19   0.00E+00   2.233E-19   1.754E-14                                                            
  Hg195       2.77171E+00   8.973E-22   5.391E-05   4.799E-22   0.00E+00   1.723E-21   1.347E-15                                                            
  Hg195m      1.15395E+01   3.736E-21   5.332E-05   1.136E-21   0.00E+00   1.743E-21   7.574E-16                                                            
  Hg196       7.03302E+05   2.289E-16   6.179E-21   8.125E-37   0.00E+00   0.000E+00   0.000E+00                                                            
  Hg197       1.29377E+04   4.232E-18   3.856E-02   4.272E-19   0.00E+00   4.541E-19   1.369E-14                                                            
  Hg197m      2.68430E+03   8.780E-19   2.163E-02   6.949E-19   0.00E+00   2.702E-19   1.088E-14                                                            
  Hg198    #  3.23065E+08   1.062E-13   0.000E+00   0.000E+00   0.00E+00   0.000E+00   0.000E+00                                                            
  Hg199    #  2.49278E+06   8.236E-16   0.000E+00   0.000E+00   0.00E+00   0.000E+00   0.000E+00                                                            
  Hg199m      1.09688E+00   3.624E-22   3.010E-04   1.677E-20   0.00E+00   8.900E-21   1.336E-15                                                            
  Hg200    #  2.35292E+05   7.813E-17   0.000E+00   0.000E+00   0.00E+00   0.000E+00   0.000E+00                                                            
  Hg201    #  2.47709E+02   8.267E-20   0.000E+00   0.000E+00   0.00E+00   0.000E+00   0.000E+00                                                            
  Hg202    #  1.17920E+00   3.955E-22   0.000E+00   0.000E+00   0.00E+00   0.000E+00   0.000E+00                                                            
0  TOTAL NUMBER OF NUCLIDES PRINTED IN INVENTORY =  203
0  TOTAL CURIES   TOTAL ALPHA   TOTAL BETA    TOTAL GAMMA
                  CURIE-MeV     CURIE-MeV     CURIE-MeV
   2.57604E+04   2.46563E-11   7.35864E+03   5.08175E+03
0  ALPHA BECQUERELS = 4.160341E-01  BETA BECQUERELS = 8.562334E+14  GAMMA BECQUERELS = 9.690193E+13
0  TOTAL ACTIVITY FOR ALL MATERIALS     9.53135E+14 Bq
   TOTAL ACTIVITY EXCLUDING TRITIUM     9.53135E+14 Bq
0  TOTAL ALPHA HEAT PRODUCTION          1.46164E-16 kW
   TOTAL BETA  HEAT PRODUCTION          4.36224E-02 kW
   TOTAL GAMMA HEAT PRODUCTION          3.01249E-02 kW              TOTAL HEAT PRODUCTION 7.37473E-02 kW
0  INITIAL TOTAL MASS OF MATERIAL       1.00000E+00 kg              TOTAL HEAT EX TRITIUM 7.37473E-02 kW
0  TOTAL MASS OF MATERIAL               1.00062E+00 kg
   NEUTRON  FLUX DURING INTERVAL        3.00000E+14 n/cm**2/s
0  NUMBER OF FISSIONS                  -1.33961E+12                 BURN-UP OF ACTINIDES  0.00000E+00 %
0  Total Displacement Rate (n,Ddiss) =  5.40863E+14 Displacements/sec  =  1.65103E-10 Displacements Per Atom/sec  =  5.21026E-03 DPA/year
   Total Displacement Rate (n,Dinel) =  8.53479E+16 Displacements/sec  =  2.60531E-08 Displacements Per Atom/sec  =  8.22175E-01 DPA/year
   Total Displacement Rate (n,Del  ) =  1.09231E+17 Displacements/sec  =  3.33437E-08 Displacements Per Atom/sec  =  1.05225E+00 DPA/year
   Total Displacement Rate (n,Dtot ) =  3.73044E+17 Displacements/sec  =  1.13875E-07 Displacements Per Atom/sec  =  3.59362E+00 DPA/year
0  KERMA RATE (n,Kktot) =  1.25184E+22 eV/sec = 2.00567E+00 kW/kg = 3.87095E-02 kW/cm^3
   KERMA RATE (n,Kphot) =  1.24463E+22 eV/sec = 1.99411E+00 kW/kg = 3.84863E-02 kW/cm^3
   KERMA RATE (n,Kalph) =  2.30086E+18 eV/sec = 3.68638E-04 kW/kg = 7.11471E-06 kW/cm^3
   KERMA RATE (n,Kprot) =  6.34635E+18 eV/sec = 1.01680E-03 kW/kg = 1.96242E-05 kW/cm^3
   KERMA RATE (n,Kdiss) =  1.04805E+22 eV/sec = 1.67916E+00 kW/kg = 3.24078E-02 kW/cm^3
   KERMA RATE (n,Kfiss) =  0.00000E+00 eV/sec = 0.00000E+00 kW/kg = 0.00000E+00 kW/cm^3
   KERMA RATE (n,Kinel) =  8.86384E+20 eV/sec = 1.42014E-01 kW/kg = 2.74088E-03 kW/cm^3
   KERMA RATE (n,Knone) =  1.27739E+22 eV/sec = 2.04661E+00 kW/kg = 3.94995E-02 kW/cm^3
   KERMA RATE (n,Kel  ) =  1.82353E+19 eV/sec = 2.92162E-03 kW/kg = 5.63873E-05 kW/cm^3
   KERMA RATE (n,Ktot ) =  1.27922E+22 eV/sec = 2.04953E+00 kW/kg = 3.95559E-02 kW/cm^3
0  GAS   RATE (n,Xa   ) =  1.09045E+11 atoms per sec =  3.32870E-08 appm/sec
   GAS   RATE (n,Xh   ) =  1.10130E-02 atoms per sec =  3.36180E-21 appm/sec
   GAS   RATE (n,Xt   ) =  2.20332E+09 atoms per sec =  6.72582E-10 appm/sec
   GAS   RATE (n,Xd   ) =  2.16301E+10 atoms per sec =  6.60277E-09 appm/sec
   GAS   RATE (n,Xp   ) =  5.00687E+11 atoms per sec =  1.52839E-07 appm/sec
0  GAS   RATE (a decay) =  4.16034E-01 atoms per sec =  1.26998E-19 appm/sec
0  APPM OF He  4    =  1.0322E+01
   APPM OF He  3    =  1.3247E-02
   APPM OF H   3    =  1.2468E-01
   APPM OF H   2    =  1.9586E+00
   APPM OF H   1    =  4.7531E+01



                                               COMPOSITION  OF  MATERIAL  BY  ELEMENT
                                               --------------------------------------
0                                                             BETA                     GAMMA                     ALPHA
                      ATOMS      GRAM-ATOMS     GRAMS      CURIES-MeV      kW        CURIES-MeV      kW        CURIES-MeV      kW

    1       H       1.6253E+20   2.6989E-04   2.8409E-04   1.1223E-04   6.6531E-10   0.0000E+00   0.0000E+00   0.0000E+00   0.0000E+00
    2       He      3.3856E+19   5.6220E-05   2.2496E-04   0.0000E+00   0.0000E+00   0.0000E+00   0.0000E+00   0.0000E+00   0.0000E+00
   68       Er      5.5400E+06   9.1993E-18   1.5637E-15   4.6656E-10   2.7658E-15   5.5958E-10   3.3172E-15   0.0000E+00   0.0000E+00
   69       Tm      8.3337E+07   1.3838E-16   2.3677E-14   2.2884E-09   1.3566E-14   4.0955E-09   2.4278E-14   0.0000E+00   0.0000E+00
   70       Yb      1.1013E+15   1.8287E-09   3.2172E-07   1.4552E-04   8.6264E-10   9.1456E-05   5.4215E-10   1.3633E-32   8.0818E-38
   71       Lu      5.4680E+14   9.0799E-10   1.5949E-07   1.7963E-02   1.0648E-07   1.2325E-02   7.3063E-08   0.0000E+00   0.0000E+00
   72       Hf      3.3304E+20   5.5303E-04   9.9392E-02   7.8087E-01   4.6290E-06   1.9852E+00   1.1769E-05   8.3188E-23   4.9314E-28
   73       Ta      2.2120E+22   3.6730E-02   6.6466E+00   2.3126E+02   1.3709E-03   8.1441E+02   4.8279E-03   0.0000E+00   0.0000E+00
   74       W       3.0962E+24   5.1414E+00   9.4523E+02   3.4907E+03   2.0693E-02   3.8710E+03   2.2947E-02   6.3933E-12   3.7900E-17
   75       Re      1.1348E+23   1.8844E-01   3.5125E+01   3.6334E+03   2.1539E-02   3.4818E+02   2.0640E-03   0.0000E+00   0.0000E+00
   76       Os      4.3539E+22   7.2298E-02   1.3515E+01   2.2001E+00   1.3042E-05   4.5735E+01   2.7112E-04   1.8263E-11   1.0826E-16
   77       Ir      2.7778E+18   4.6126E-06   8.8138E-04   2.5962E-01   1.5390E-06   4.6571E-01   2.7607E-06   0.0000E+00   0.0000E+00
   78       Pt      8.3044E+17   1.3790E-06   2.6479E-04   1.8156E-04   1.0763E-09   6.6599E-04   3.9480E-09   4.3188E-19   2.5602E-24
   79       Au      3.2001E+09   5.3140E-15   1.0467E-12   9.7915E-11   5.8045E-16   1.2455E-10   7.3836E-16   0.0000E+00   0.0000E+00
   80       Hg      3.2651E+08   5.4219E-16   1.0734E-13   1.9239E-13   1.1405E-18   1.2427E-13   7.3667E-19   0.0000E+00   0.0000E+00



                                               GAMMA SPECTRUM AND ENERGIES/SECOND
                                               ----------------------------------

     NEUTRONS PER SECOND ARISING FROM SPONTANEOUS FISSION                    0.00000E+00    Calculated density (g/cc)   19.30
     POWER FROM ALPHA PARTICLES (MeV per Second)                             9.12283E-01
     POWER FROM BETA  PARTICLES (MeV per Second)                             2.72270E+14
     TOTAL GAMMA POWER FROM ACTIVATION  (MeV per Second)                     1.88025E+14    Total gammas (per cc per second)      1.48134E+13
     GAMMA RAY POWER FROM ACTIVATION DECAY  MeV/s    (  0.000-  0.010 MeV)   1.04083E+12    Gammas per group (per cc per second)  4.01759E+12
                                                     (  0.010-  0.020 MeV)   3.98240E+06                                          5.12402E+06
                                                     (  0.020-  0.050 MeV)   1.65076E+11                                          9.10275E+10
                                                     (  0.050-  0.100 MeV)   1.79510E+13                                          4.61940E+12
                                                     (  0.100-  0.200 MeV)   1.14155E+13                                          1.46879E+12
                                                     (  0.200-  0.300 MeV)   2.21373E+12                                          1.70900E+11
                                                     (  0.300-  0.400 MeV)   7.30208E+11                                          4.02657E+10
                                                     (  0.400-  0.600 MeV)   4.18763E+13                                          1.61642E+12
                                                     (  0.600-  0.800 MeV)   8.33710E+13                                          2.29866E+12
                                                     (  0.800-  1.000 MeV)   4.47689E+12                                          9.60044E+10
                                                     (  1.000-  1.220 MeV)   1.31932E+13                                          2.29395E+11
                                                     (  1.220-  1.440 MeV)   1.10374E+13                                          1.60167E+11
                                                     (  1.440-  1.660 MeV)   2.26483E+11                                          2.82008E+09
                                                     (  1.660-  2.000 MeV)   1.80045E+11                                          1.89883E+09
                                                     (  2.000-  2.500 MeV)   3.39797E+09                                          2.91470E+07
                                                     (  2.500-  3.000 MeV)   2.39583E+01                                          1.68144E-01
                                                     (  3.000-  4.000 MeV)   0.00000E+00                                          0.00000E+00
                                                     (  4.000-  5.000 MeV)   0.00000E+00                                          0.00000E+00
                                                     (  5.000-  6.500 MeV)   0.00000E+00                                          0.00000E+00
                                                     (  6.500-  8.000 MeV)   0.00000E+00                                          0.00000E+00
                                                     (  8.000- 10.000 MeV)   0.00000E+00                                          0.00000E+00
                                                     ( 10.000- 12.000 MeV)   0.00000E+00                                          0.00000E+00
                                                     ( 12.000- 14.000 MeV)   0.00000E+00                                          0.00000E+00
                                                     ( 14.000- 20.000 MeV)   0.00000E+00                                          0.00000E+00

    DOSE RATE (PLANE SOURCE) FROM GAMMAS WITH ENERGY 0-20 MeV IS            2.83432E+04 Sieverts/hour   ( 2.83432E+06 Rems/hour)




                                               DOMINANT NUCLIDES
                                               -----------------

      NUCLIDE   ACTIVITY    PERCENT  NUCLIDE     HEAT      PERCENT  NUCLIDE  DOSE RATE    PERCENT 
                  (Bq)      ACTIVITY             (kW)       HEAT              (Sv/hr)    DOSE RATE
       Total   9.5314E+14             Total   7.3747E-02             Total   2.8343E+04
    1  W 187   3.0178E+14  31.66E+00  W 187   3.5941E-02  48.74E+00  W 187   1.9944E+04  70.37E+00
    2  W 185   1.8117E+14  19.01E+00  Re188   1.4841E-02  20.12E+00  Ta182   6.5340E+03  23.05E+00
    3  Re186   1.4121E+14  14.82E+00  Re186   8.1042E-03  10.99E+00  Re188   7.2970E+02  25.75E-01
    4  Re188   1.1052E+14  11.60E+00  Ta182   5.0166E-03  68.02E-01  Re184   5.8141E+02  20.51E-01
    5  W 181   8.1681E+13  85.70E-01  W 185   3.6822E-03  49.93E-01  Os185   2.9594E+02  10.44E-01
    6  W 183m  4.3856E+13  46.01E-01  W 183m  2.1738E-03  29.48E-01  Ta183   9.4597E+01  33.38E-02
    7  W 185m  3.5716E+13  37.47E-01  W 185m  1.1315E-03  15.34E-01  Re186   3.3130E+01  11.69E-02
    8  Ta182   2.0879E+13  21.91E-01  Ta183   1.0581E-03  14.35E-01  W 183m  3.0975E+01  10.93E-02
    9  Ta182m  1.1770E+13  12.35E-01  W 181   7.0521E-04  95.62E-02  Ta184   2.7507E+01  97.05E-03
   10  Ta183   1.0384E+13  10.89E-01  Re184   5.1742E-04  70.16E-02  Re184m  2.7031E+01  95.37E-03
   11  Re188m  3.8020E+12  39.89E-02  Os185   2.7755E-04  37.64E-02  W 181   1.2906E+01  45.54E-03
   12  Re184   3.3628E+12  35.28E-02  Re188m  9.5026E-05  12.89E-02  W 185m  1.0158E+01  35.84E-03
   13  Os185   2.3494E+12  24.65E-02  Re184m  4.5307E-05  61.44E-03  Ta186   9.4247E+00  33.25E-03
   14  Ta180   1.7714E+12  18.59E-02  Ta184   3.9064E-05  52.97E-03  Hf181   4.8711E+00  17.19E-03
   15  Os189m  1.1468E+12  12.03E-02  Ta180   3.1216E-05  42.33E-03  Hf183   1.8848E+00  66.50E-04
   16  Re184m  5.3292E+11  55.91E-03  Ta182m  3.0617E-05  41.52E-03  Re188m  1.3708E+00  48.37E-04
   17  W 179   2.7666E+11  29.03E-03  Ta186   2.0510E-05  27.81E-03  Ir192   1.1868E+00  41.87E-04
   18  Ta179   2.5479E+11  26.73E-03  Hf181   1.0834E-05  14.69E-03  Ta182m  9.2227E-01  32.54E-04
   19  Ta184   1.1409E+11  11.97E-03  Os189m  5.6752E-06  76.95E-04  Hf180m  3.1701E-01  11.18E-04
   20  W 188   9.4666E+10  99.32E-04  W 179   2.9666E-06  40.23E-04  Ta180   2.9091E-01  10.26E-04
       Rest    4.6161E+11  48.43E-03  Rest    1.7609E-05  23.88E-03  Rest    1.1363E+00  40.09E-04

      NUCLIDE  GAMMA HEAT   PERCENT  NUCLIDE   BETA HEAT   PERCENT 
                  (kW)       GAMMA               (kW)       BETA
       Total   3.0125E-02             Total   4.3622E-02
    1  W 187   2.1376E-02  70.96E+00  W 187   1.4566E-02  33.39E+00
    2  Ta182   4.2929E-03  14.25E+00  Re188   1.3816E-02  31.67E+00
    3  Re188   1.0249E-03  34.02E-01  Re186   7.6317E-03  17.49E+00
    4  W 183m  8.8104E-04  29.25E-01  W 185   3.6807E-03  84.38E-01
    5  W 181   5.3925E-04  17.90E-01  W 183m  1.2928E-03  29.64E-01
    6  Re184   4.8794E-04  16.20E-01  W 185m  9.8419E-04  22.56E-01
    7  Ta183   4.7688E-04  15.83E-01  Ta182   7.2369E-04  16.59E-01
    8  Re186   4.7251E-04  15.68E-01  Ta183   5.8123E-04  13.32E-01
    9  Os185   2.7065E-04  89.84E-02  W 181   1.6596E-04  38.04E-02
   10  W 185m  1.4729E-04  48.89E-02  Re188m  4.9950E-05  11.45E-02
   11  Re188m  4.5077E-05  14.96E-02  Re184   2.9480E-05  67.58E-03
   12  Re184m  3.3312E-05  11.06E-02  Ta182m  2.7002E-05  61.90E-03
   13  Ta184   2.8667E-05  95.16E-03  Ta180   1.8180E-05  41.68E-03
   14  Ta180   1.3035E-05  43.27E-03  Re184m  1.1995E-05  27.50E-03
   15  Ta186   1.1016E-05  36.57E-03  Ta184   1.0397E-05  23.83E-03
   16  Hf181   7.8208E-06  25.96E-03  Ta186   9.4944E-06  21.76E-03
   17  Ta182m  3.6158E-06  12.00E-03  Os185   6.9000E-06  15.82E-03
   18  W 179   2.3957E-06  79.53E-04  Os189m  5.2753E-06  12.09E-03
   19  Ir192   2.0176E-06  66.97E-04  Hf181   3.0129E-06  69.07E-04
   20  Hf183   1.8238E-06  60.54E-04  W 188   1.5105E-06  34.63E-04
       Rest    7.1210E-06  23.64E-03  Rest    7.5632E-06  17.34E-03
1                                                            Summary Output

0           Time       Cumulative   Activity               Dose rate             Heat output           Ingestion dose        Inhalation dose        Tritium activity
           (step)       (Years)      (Bq)                   (Sv/h)                (kW)                    (Sv)                   (Sv)                  (Bq)
 -----Irradiation Phase-----
 Irradn    10.000 y     1.00E+01   9.53E+14               2.83E+04               7.37E-02               0.00E+00               0.00E+00               7.28E+08
0 Mass of material input =  1.0000E+00 kg.

  Total irradiation time =  3.155760E+08 s
  Total fluence          =  9.467280E+22 n/cm2
  Mean flux              =  3.000000E+14 n/cm2/s
  Number of on-times     =    1

fispact run time=                   5.7500     secs


 ------------------------------------------------------------------
 Files that have been opened during this run.
 ------------------------------------------------------------------
 The numbers after the unit names are the internal unit numbers.

 output(38)      W_noSSF.out
 runlog(48)      W_noSSF.log
 ------------------------------------------------------------------



     Run timestamp:03:05:39 16 June 2019           

     Current time: 03:05:45 16 June 2019           
