  0.0000E+00  0.0000E+00  0.0000E+00  0.0000E+00  0.0000E+00  0.0000E+00
  0.0000E+00  0.0000E+00  0.0000E+00  0.0000E+00  0.0000E+00  0.0000E+00
  0.0000E+00  0.0000E+00  0.0000E+00  0.0000E+00  0.0000E+00  0.0000E+00
  0.0000E+00  0.0000E+00  0.0000E+00  0.0000E+00  0.0000E+00  0.0000E+00
  0.0000E+00  0.0000E+00  0.0000E+00  0.0000E+00  0.0000E+00  0.0000E+00
  0.0000E+00  0.0000E+00  0.0000E+00  0.0000E+00  0.0000E+00  0.0000E+00
  0.0000E+00  0.0000E+00  0.0000E+00  0.0000E+00  0.0000E+00  0.0000E+00
  0.0000E+00  0.0000E+00  0.0000E+00  0.0000E+00  0.0000E+00  0.0000E+00
  0.0000E+00  0.0000E+00  0.0000E+00  0.0000E+00  0.0000E+00  0.0000E+00
  0.0000E+00  0.0000E+00  0.0000E+00  0.0000E+00  0.0000E+00  0.0000E+00
  0.0000E+00  0.0000E+00  0.0000E+00  0.0000E+00  0.0000E+00  0.0000E+00
  0.0000E+00  0.0000E+00  0.0000E+00  0.0000E+00  0.0000E+00  0.0000E+00
  0.0000E+00  0.0000E+00  0.0000E+00  0.0000E+00  0.0000E+00  0.0000E+00
  0.0000E+00  0.0000E+00  0.0000E+00  0.0000E+00  0.0000E+00  0.0000E+00
  0.0000E+00  0.0000E+00  0.0000E+00  0.0000E+00  0.0000E+00  0.0000E+00
  0.0000E+00  0.0000E+00  0.0000E+00  0.0000E+00  0.0000E+00  0.0000E+00
  0.0000E+00  0.0000E+00  0.0000E+00  0.0000E+00  0.0000E+00  0.0000E+00
  0.0000E+00  0.0000E+00  0.0000E+00  0.0000E+00  0.0000E+00  0.0000E+00
  0.0000E+00  7.1398E-04  7.1399E-04  7.1398E-04  7.1398E-04  7.1399E-04
  7.1398E-04  7.1398E-04  7.1399E-04  7.1399E-04  7.1398E-04  9.1984E-04
  2.0052E-03  2.0052E-03  2.0052E-03  2.0052E-03  2.7343E-03  2.8967E-03
  2.8967E-03  2.8967E-03  2.8967E-03  2.8967E-03  3.3245E-03  4.3599E-03
  4.3599E-03  4.3599E-03  4.3599E-03  4.3599E-03  5.6223E-03  5.7718E-03
  5.7719E-03  5.7718E-03  5.7718E-03  5.5752E-03  5.2983E-03  5.2983E-03
  5.2983E-03  5.2983E-03  5.2973E-03  5.2612E-03  5.2612E-03  5.2612E-03
  5.2611E-03  5.2612E-03  4.9790E-03  4.7152E-03  4.7152E-03  4.7151E-03
  4.7572E-03  4.8727E-03  4.8728E-03  4.8728E-03  4.8728E-03  4.8728E-03
  4.8728E-03  5.4255E-03  5.6478E-03  5.6478E-03  5.6478E-03  5.6478E-03
  5.2631E-03  4.2957E-03  4.2958E-03  4.2957E-03  4.2957E-03  4.2958E-03
  3.9569E-03  3.9004E-03  3.9004E-03  3.9004E-03  3.9004E-03  3.7847E-03
  3.6598E-03  3.6598E-03  3.6598E-03  3.6598E-03  3.6596E-03  3.1152E-03
  3.1152E-03  3.1152E-03  3.1153E-03  3.1152E-03  3.1152E-03  3.1152E-03
  3.1153E-03  3.1152E-03  3.1152E-03  3.0069E-03  2.3743E-03  2.3743E-03
  2.3743E-03  2.3743E-03  2.3743E-03  2.3743E-03  2.3743E-03  2.3743E-03
  2.3743E-03  2.3742E-03  2.2673E-03  1.9997E-03  1.9997E-03  1.9997E-03
  1.9997E-03  1.9997E-03  1.9997E-03  1.9997E-03  1.9997E-03  1.9997E-03
  1.9997E-03  1.8863E-03  1.7339E-03  1.7339E-03  1.7339E-03  1.7339E-03
  1.7339E-03  1.7339E-03  1.7339E-03  1.7339E-03  1.7339E-03  1.7339E-03
  1.6257E-03  1.5441E-03  1.5441E-03  1.5441E-03  1.5441E-03  1.5441E-03
  1.5441E-03  1.5441E-03  1.5441E-03  1.5441E-03  1.5040E-03  1.4330E-03
  1.4330E-03  1.4330E-03  1.4330E-03  1.4330E-03  1.4018E-03  1.3996E-03
  1.3996E-03  1.3996E-03  1.3996E-03  1.3996E-03  1.3509E-03  1.3422E-03
  1.3422E-03  1.3422E-03  1.3422E-03  1.3422E-03  1.3422E-03  1.3422E-03
  1.3422E-03  1.3422E-03  1.3422E-03  1.3012E-03  1.3011E-03  1.3011E-03
  1.3011E-03  1.3011E-03  1.3011E-03  1.3011E-03  1.3011E-03  1.3011E-03
  1.3011E-03  1.2973E-03  1.2739E-03  1.2739E-03  1.2739E-03  1.2739E-03
  1.2739E-03  1.2739E-03  1.2739E-03  1.2739E-03  1.2739E-03  1.2739E-03
  1.2684E-03  1.2546E-03  1.2546E-03  1.2546E-03  1.2546E-03  1.2546E-03
  1.2546E-03  1.2542E-03  1.2466E-03  1.2466E-03  1.2466E-03  1.2415E-03
  1.2346E-03  1.2346E-03  1.2346E-03  1.2346E-03  1.2346E-03  1.2346E-03
  1.2346E-03  1.2346E-03  1.2346E-03  1.2346E-03  1.2218E-03  1.2120E-03
  1.2120E-03  1.2120E-03  1.2120E-03  1.2120E-03  1.2120E-03  1.2120E-03
  1.2120E-03  1.2120E-03  1.2120E-03  1.1966E-03  1.1902E-03  1.1902E-03
  1.1902E-03  1.1902E-03  1.1902E-03  1.1902E-03  1.1902E-03  1.1902E-03
  1.1902E-03  1.1902E-03  1.1698E-03  1.1662E-03  1.1662E-03  1.1662E-03
  1.1662E-03  1.1662E-03  1.1662E-03  1.1662E-03  1.1662E-03  1.1662E-03
  1.1662E-03  1.1282E-03  1.1281E-03  1.1281E-03  1.1281E-03  1.1281E-03
  1.1281E-03  1.1281E-03  1.1281E-03  1.1281E-03  1.1281E-03  1.1238E-03
  1.0963E-03  1.0963E-03  1.0963E-03  1.0963E-03  1.0963E-03  1.0963E-03
  1.0963E-03  1.0963E-03  1.0963E-03  1.0963E-03  1.0861E-03  1.0598E-03
  1.0598E-03  1.0598E-03  1.0598E-03  1.0598E-03  1.0598E-03  1.0598E-03
  1.0598E-03  1.0598E-03  1.0598E-03  1.0419E-03  1.0175E-03  1.0175E-03
  1.0175E-03  1.0175E-03  1.0175E-03  1.0175E-03  1.0175E-03  1.0175E-03
  1.0175E-03  1.0175E-03  9.6640E-04  9.2750E-04  9.2750E-04  9.2750E-04
  9.2750E-04  9.2750E-04  9.2750E-04  9.2750E-04  9.2750E-04  9.2749E-04
  9.2750E-04  9.0397E-04  8.9416E-04  8.9415E-04  8.9414E-04  8.9415E-04
  8.9415E-04  8.9415E-04  8.9415E-04  8.9415E-04  8.9414E-04  8.9416E-04
  9.1134E-04  9.1435E-04  9.1434E-04  9.1433E-04  9.1435E-04  9.1433E-04
  9.1435E-04  9.1434E-04  9.1434E-04  9.1434E-04  9.1434E-04  7.1642E-04
  7.1504E-04  7.1504E-04  7.1504E-04  7.1504E-04  7.1504E-04  7.1504E-04
  7.1504E-04  7.1504E-04  7.1504E-04  7.3110E-04  8.3449E-04  8.3449E-04
  8.3449E-04  8.3449E-04  8.3449E-04  8.3449E-04  8.3449E-04  8.3449E-04
  8.3450E-04  8.3449E-04  8.3379E-04  8.3196E-04  8.3196E-04  8.3196E-04
  8.3197E-04  8.3196E-04  8.3196E-04  8.3196E-04  8.3197E-04  8.3197E-04
  8.3196E-04  8.5765E-04  8.9352E-04  8.9353E-04  8.9353E-04  8.9353E-04
  8.9352E-04  8.9353E-04  8.9352E-04  8.9354E-04  8.9353E-04  8.9351E-04
  8.3469E-04  7.8799E-04  7.8800E-04  7.8800E-04  7.8800E-04  7.8800E-04
  7.8800E-04  7.8800E-04  7.8800E-04  7.8800E-04  7.8800E-04  8.9529E-04
  9.3680E-04  9.3680E-04  9.3681E-04  9.3680E-04  9.3680E-04  9.3681E-04
  9.3680E-04  9.3680E-04  9.3680E-04  9.3680E-04  9.8995E-04  9.9933E-04
  9.9932E-04  9.9932E-04  9.9933E-04  9.9932E-04  9.9933E-04  9.9932E-04
  9.9933E-04  9.9933E-04  9.9933E-04  1.6574E-03  1.6683E-03  1.6683E-03
  1.6683E-03  1.6683E-03  1.6683E-03  1.6683E-03  1.6683E-03  1.6683E-03
  1.6683E-03  1.7065E-03  2.0833E-03  2.0833E-03  2.0833E-03  2.0834E-03
  2.0833E-03  2.0833E-03  2.0834E-03  2.0833E-03  2.0833E-03  1.9524E-03
  1.9525E-03  1.9524E-03  1.9525E-03  1.9109E-03  1.6837E-03  1.6837E-03
  1.6837E-03  1.6499E-03  1.5723E-03  1.5723E-03  1.5111E-03  1.2155E-03
  1.2156E-03  1.2156E-03  1.1620E-03  1.1590E-03  1.1591E-03  1.1002E-03
  7.9678E-04  7.9678E-04  7.9678E-04  7.9678E-04  7.9679E-04  7.9678E-04
  7.9678E-04  5.0344E-04  4.5412E-04  4.5412E-04  4.5412E-04  4.5413E-04
  4.5413E-04  4.5413E-04  4.5414E-04  4.4392E-04  2.5579E-04  2.5579E-04
  2.5579E-04  2.5579E-04  2.5579E-04  2.5579E-04  1.6271E-04  1.4010E-04
  1.4010E-04  1.4010E-04  1.4010E-04  1.4010E-04  1.4010E-04  1.4010E-04
  1.4010E-04  5.1362E-05  5.1362E-05  5.1362E-05  5.1362E-05  5.1362E-05
  5.1362E-05  5.1362E-05  5.1362E-05  5.1362E-05  5.1362E-05  5.1362E-05
  5.1362E-05  5.1362E-05  5.1362E-05  5.1362E-05  1.2855E-05  1.0764E-05
  1.0764E-05  1.0764E-05  1.0764E-05  1.0764E-05  1.0764E-05  1.0764E-05
  1.0764E-05  1.0764E-05  1.0764E-05  1.0764E-05  1.0764E-05  1.0764E-05
  1.0764E-05  1.0764E-05  1.0764E-05  1.0764E-05  1.0764E-05  1.0299E-05
  1.7255E-06  1.7255E-06  1.7255E-06  1.7255E-06  1.7256E-06  1.7255E-06
  1.7255E-06  1.7256E-06  1.7255E-06  1.7256E-06  1.7255E-06  1.7255E-06
  1.7256E-06  1.7255E-06  1.7256E-06  1.7255E-06  1.7255E-06  1.7255E-06
  1.7255E-06  1.7255E-06  1.7255E-06  1.7255E-06  1.7255E-06  1.7255E-06
  1.7255E-06  1.7255E-06  1.7255E-06  1.7255E-06  1.7255E-06  1.7255E-06
  1.7255E-06  1.7255E-06  1.7255E-06  1.7255E-06  1.7255E-06  1.7255E-06
  1.7255E-06  1.7255E-06  1.7255E-06  1.7255E-06  1.7255E-06  1.7255E-06
  1.7255E-06  1.7255E-06  1.7255E-06  1.7255E-06  1.7255E-06  1.7255E-06
  1.7255E-06  1.7255E-06  1.7255E-06  1.7255E-06  1.7255E-06  1.7255E-06
  1.7255E-06  1.7255E-06  1.7255E-06  1.7255E-06  1.7255E-06  1.7255E-06
  1.7255E-06  1.7255E-06  1.7255E-06  1.7255E-06  1.7255E-06  1.7255E-06
  1.7255E-06  1.7255E-06  1.7255E-06  1.7255E-06  1.7255E-06  1.7255E-06
  1.7255E-06  1.7255E-06  1.7255E-06  1.7255E-06  1.7255E-06  1.7255E-06
  1.7255E-06  1.7255E-06  1.7255E-06  1.7255E-06  1.7255E-06  1.7255E-06
  1.7255E-06  1.7255E-06  1.7255E-06  1.7255E-06  1.7255E-06  1.7255E-06
  1.7255E-06  1.7255E-06  1.7255E-06  1.7255E-06  1.7255E-06  1.7255E-06
  1.7255E-06  1.7255E-06  1.7255E-06  1.7255E-06  1.7255E-06  1.7255E-06
  1.7255E-06  1.7255E-06  1.7255E-06  1.7255E-06  1.7255E-06  1.7255E-06
  1.7255E-06  1.7255E-06  1.7255E-06  1.7255E-06  1.7255E-06  1.7255E-06
  1.7255E-06
 1.000
PQY PALUEL 14000 MWD/Te WIMS TOT=7.5716E-01                                                         
