



     ==============================================================================
     |                                                                            |
     |                                                                            |
     |             _____ ___ ____  ____   _    ____ _____    ___ ___              |
     |            |  ___|_ _/ ___||  _ \ / \  / ___|_   _|  |_ _|_ _|             |
     |            | |_   | |\___ \| |_) / _ \| |     | |_____| | | |              |
     |            |  _|  | | ___) |  __/ ___ \ |___  | |_____| | | |              |
     |            |_|   |___|____/|_| /_/   \_\____| |_|    |___|___|             |
     |                                                                            |
     |                            F I S P A C T - I I                             |
     |                            -------------------                             |
     |                                                                            |
     |                  Transmutation-Activation Inventory Code                   |
     |                   United Kingdom Atomic Energy Authority                   |
     |                                                                            |
     |                         Release 4.0 January 2018                           |
     |             Copyright (c) 2009-18, UK Atomic Energy Authority              |
     |                                                                            |
     ==============================================================================



1
  PROBABILITY TABLE INITIALISATION
  ================================

  Self shielding factors are computed using partial cross-sections

  EAF library infinite dilution values are replaced by self-shielded probability table values

  Probability table data directory: /cygdrive/c/FISPACT-II/TENDL2017data/tal2017-n/tp-709-294

  Temperature =  294K

  Probability Table Application List
  ----------------------------------
  Nuclide     Data File
  W 180       W180-294.tpe
  W 182       W182-294.tpe
  W 183       W183-294.tpe
  W 184       W184-294.tpe
  W 186       W186-294.tpe

  Material Mixture List
  ---------------------
  Nuclide     Percentage
  W 180        0.120
  W 182       26.500
  W 183       14.310
  W 184       30.640
  W 186       28.430
1
1


  P R O B A B I L I T Y  T A B L E  C H A N G E S  T O  C R O S S - S E C T I O N S
  =================================================================================


  The EAF/TENDL infinitely dilute values (old sigma) are replaced by the probability table effective cross-section (new sigma).
  The effective self-shielding factor is the ratio of new to old value


  parent     daughter     mt cal-mt    old sigma     new sigma     self shielding
  nuclide    nuclide                    barns          barns         factor (%)
  W 180      Hf177       107    101    3.75222E-04    3.75222E-04        100.00
  W 180      W 180         2      2    8.78638E+00    8.54730E+00         97.28
  W 180      W 181       102    101    4.71603E+00    4.50505E+00         95.53
  W 182      W 182         2      2    1.04577E+01    6.70601E+00         64.13
  W 182      W 183       102    101    2.20070E+00    8.41340E-01         38.23
  W 182      W 183m      102    101    4.20745E-03    2.41920E-03         57.50
  W 183      Hf180       107    101    9.02167E-05    8.99524E-05         99.71
  W 183      Hf180m      107    101    8.45136E-06    8.45127E-06        100.00
  W 183      W 183         2      2    9.39750E+00    6.76728E+00         72.01
  W 183      W 184       102    101    2.89704E+00    1.17175E+00         40.45
  W 184      W 184         2      2    8.90535E+00    6.56159E+00         73.68
  W 184      W 185       102    101    2.87281E-01    1.31046E-01         45.62
  W 184      W 185m      102    101    1.99988E-03    1.58628E-03         79.32
  W 186      W 186         2      2    1.28799E+01    9.59686E+00         74.51
  W 186      W 187       102    101    1.25918E+00    8.54365E-01         67.85




     =========================================================================================================
     |                                                                                                       |
     |                      R U N   I D E N T I F I C A T I O N   I N F O R M A T I O N                      |
     |                                                                                                       |
     | INITIAL CROSS SECTION DATA                                                                            |
     | Collapsed library timestamp: 03:08:05 16 June 2019                                                    |
     | EAF source library label:                                                                             |
     | FLUX file label:             flux                                                                     |
     |                                                                                                       |
     | DECAY DATA                                                                                            |
     | Condensed library timestamp: 03:08:05 16 June 2019                                                    |
     | EAF source library label:    Decay input from separate files                                          |
     |                                                                                                       |
     | THIS RUN                                                                                              |
     | timestamp:                   03:08:05 16 June 2019                                                    |
     | fileroot :                   W_SSF                                                                    |
     | name of FILES file:          files                                                                    |
     | FISPACT title:               * transmutation run                                                      |
     |                                                                                                       |
     | See the W_SSF.log file                                                                                |
     | and summary details at the end of this file for further information on files used by this run         |
     |                                                                                                       |
     =========================================================================================================






                                   -------------------------------------------------------------------------------
                                   | NB: IN FOLLOWING TABLES                                                     |
                                   |                         ? MEANS CONVERGENCE NOT REACHED FOR NUCLIDE         |
                                   |                         & MEANS GAMMA SPECTRUM IS APPROXIMATELY CALCULATED  |
                                   |                         # MEANS NUCLIDE IS STABLE                           |
                                   |                         > MEANS NUCLIDE WAS PRESENT BEFORE IRRADIATION      |
                                   -------------------------------------------------------------------------------
                                   |                                                                             |
                                   |                                                                             |
                                   V                                                                             V
1 * * * TIME INTERVAL   1 * * * * * * * TIME IS   3.1558E+08 SECS OR  1.0000E+01 YEARS * * * ELAPSED TIME IS  10.000 y   * * * FLUX AMP IS  3.0000E+14 /cm^2/s  * * *
  NUCLIDE        ATOMS         GRAMS        Bq       b-Energy    a-Energy   g-Energy    DOSE RATE                                                            
                                                        kW          kW         kW         Sv/hr                                                              

  H   1    #  1.55841E+20   2.608E-04   0.000E+00   0.000E+00   0.00E+00   0.000E+00   0.000E+00                                                            
  H   2    #  6.34764E+18   2.123E-05   0.000E+00   0.000E+00   0.00E+00   0.000E+00   0.000E+00                                                            
  H   3       3.83177E+17   1.919E-06   6.826E+08   6.242E-10   0.00E+00   0.000E+00   0.000E+00                                                            
  He  3    #  4.10214E+16   2.054E-07   0.000E+00   0.000E+00   0.00E+00   0.000E+00   0.000E+00                                                            
  He  4    #  3.38695E+19   2.251E-04   0.000E+00   0.000E+00   0.00E+00   0.000E+00   0.000E+00                                                            
  Er166    #  8.06436E+00   2.222E-21   0.000E+00   0.000E+00   0.00E+00   0.000E+00   0.000E+00                                                            
  Er167    #  2.14518E+02   5.946E-20   0.000E+00   0.000E+00   0.00E+00   0.000E+00   0.000E+00                                                            
  Er168    #  1.36015E+04   3.793E-18   0.000E+00   0.000E+00   0.00E+00   0.000E+00   0.000E+00                                                            
  Er169       4.52269E+03   1.269E-18   3.860E-03   6.295E-20   0.00E+00   1.225E-23   2.730E-18                                                            
  Er170    #  5.40334E+06   1.525E-15   0.000E+00   0.000E+00   0.00E+00   0.000E+00   0.000E+00                                                            
  Er171       1.21783E+04   3.457E-18   3.120E-01   2.081E-17   0.00E+00   1.862E-17   6.694E-12                                                            
  Er172       1.38756E+05   3.962E-17   5.419E-01   1.118E-17   0.00E+00   4.477E-17   4.129E-11                                                            
  Er173       3.00058E+03   8.617E-19   2.476E+01   2.767E-15   0.00E+00   3.294E-15   3.188E-09                                                            
  Tm168       3.74390E+02   1.044E-19   3.226E-05   4.027E-22   0.00E+00   6.421E-21   6.866E-15                                                            
  Tm169    #  3.47288E+05   9.742E-17   0.000E+00   0.000E+00   0.00E+00   0.000E+00   0.000E+00                                                            
  Tm170       2.60499E+05   7.351E-17   1.625E-02   8.528E-19   0.00E+00   1.080E-20   2.675E-16                                                            
  Tm171       7.07862E+07   2.009E-14   8.113E-01   3.322E-18   0.00E+00   8.866E-20   1.963E-15                                                            
  Tm172       1.07896E+07   3.081E-15   3.266E+01   2.762E-15   0.00E+00   2.515E-15   4.275E-09                                                            
  Tm173       1.87241E+06   5.377E-16   4.375E+01   2.171E-15   0.00E+00   2.722E-15   1.231E-09                                                            
  Tm174       5.58500E+03   1.613E-18   1.195E+01   9.838E-16   0.00E+00   3.405E-15   3.174E-09                                                            
  Tm175       3.27179E+03   9.505E-19   2.492E+00   1.701E-16   0.00E+00   4.652E-16   5.145E-10                                                            
  Tm176       9.36989E+03   2.738E-18   5.697E+01   7.667E-15   0.00E+00   1.557E-14   2.550E-08                                                            
  Tm177       1.31829E+00   3.874E-22   1.015E-02   1.728E-18   0.00E+00   1.728E-18   0.000E+00                                                            
  Yb168       3.07626E+00   8.578E-22   5.198E-22   5.920E-38   8.12E-38   0.000E+00   0.000E+00                                                            
  Yb169       1.40737E+03   3.948E-19   3.526E-04   6.317E-21   0.00E+00   1.770E-20   1.447E-15                                                            
  Yb170    #  3.53066E+06   9.963E-16   0.000E+00   0.000E+00   0.00E+00   0.000E+00   0.000E+00                                                            
  Yb171    #  2.62642E+08   7.455E-14   0.000E+00   0.000E+00   0.00E+00   0.000E+00   0.000E+00                                                            
  Yb172    #  1.78801E+10   5.105E-12   0.000E+00   0.000E+00   0.00E+00   0.000E+00   0.000E+00                                                            
  Yb173    #  4.61076E+11   1.324E-10   0.000E+00   0.000E+00   0.00E+00   0.000E+00   0.000E+00                                                            
  Yb174    #  7.35112E+12   2.123E-09   0.000E+00   0.000E+00   0.00E+00   0.000E+00   0.000E+00                                                            
  Yb175       5.55857E+11   1.615E-10   1.066E+06   2.077E-11   0.00E+00   1.365E-11   4.524E-06                                                            
  Yb176    #  1.10607E+15   3.231E-07   0.000E+00   0.000E+00   0.00E+00   0.000E+00   0.000E+00                                                            
  Yb176m      1.54289E+07   4.508E-15   9.381E+05   2.173E-11   0.00E+00   1.361E-10   3.436E-05                                                            
  Yb177       1.19183E+11   3.502E-11   1.201E+07   8.196E-10   0.00E+00   3.831E-10   4.971E-04                                                            
  Yb177m      9.05032E+06   2.659E-15   9.787E+05   2.794E-11   0.00E+00   2.353E-11   1.783E-06                                                            
  Yb178       6.51627E+07   1.925E-14   1.017E+04   3.423E-13   0.00E+00   1.005E-12   4.311E-07                                                            
  Yb179       2.21843E+06   6.592E-16   3.204E+03   2.921E-13   0.00E+00   4.569E-13   3.941E-07                                                            
  Yb180       1.25518E+02   3.751E-20   6.042E-01   7.344E-17   0.00E+00   7.344E-17   0.000E+00                                                            
  Lu171       7.65943E+01   2.174E-20   7.448E-05   1.054E-21   0.00E+00   7.653E-21   7.740E-15                                                            
  Lu172       7.06165E+05   2.016E-16   8.456E-01   1.509E-17   0.00E+00   2.649E-16   3.701E-10                                                            
  Lu172m      8.77965E+01   2.507E-20   2.741E-01   1.766E-18   0.00E+00   7.323E-20   1.869E-14                                                            
  Lu173       7.66174E+09   2.200E-12   1.260E+02   9.319E-16   0.00E+00   3.434E-15   5.250E-10                                                            
  Lu174       1.60979E+12   4.650E-10   9.934E+03   7.134E-14   0.00E+00   1.857E-13   1.840E-07                                                            
  Lu174m      1.97665E+11   5.709E-11   1.117E+04   2.091E-13   0.00E+00   1.103E-13   1.824E-08                                                            
  Lu175    #  2.70125E+14   7.847E-08   0.000E+00   0.000E+00   0.00E+00   0.000E+00   0.000E+00                                                            
  Lu176       1.71596E+14   5.013E-08   9.423E-05   4.502E-21   0.00E+00   7.246E-21   2.393E-15                                                            
  Lu176m      3.51981E+10   1.028E-11   1.864E+06   1.393E-10   0.00E+00   4.250E-12   1.271E-07                                                            
  Lu177       4.54628E+13   1.336E-08   5.487E+07   1.295E-09   0.00E+00   2.939E-10   4.756E-05                                                            
  Lu177m      6.50435E+13   1.911E-08   3.255E+06   4.281E-11   0.00E+00   8.750E-11   4.172E-05                                                            
  Lu178       1.60090E+12   4.730E-10   6.512E+08   7.882E-08   0.00E+00   1.285E-08   2.085E-02                                                            
  Lu178m      6.84849E+11   2.024E-10   3.425E+08   2.689E-08   0.00E+00   5.773E-08   2.792E-02                                                            
  Lu179       9.60720E+11   2.855E-10   4.030E+07   3.139E-09   0.00E+00   1.900E-10   5.863E-05                                                            
  Lu180       1.31609E+10   3.933E-12   2.667E+07   2.529E-09   0.00E+00   6.207E-09   8.913E-03                                                            
  Lu181       2.04054E+07   6.131E-15   6.735E+04   9.604E-13   0.00E+00   6.043E-12   5.503E-06                                                            
  Lu182       1.19606E+06   3.614E-16   6.909E+03   1.760E-13   0.00E+00   2.280E-12   2.830E-06                                                            
  Lu183       5.80939E+02   1.765E-19   6.943E+00   1.249E-15   0.00E+00   7.246E-16   1.049E-09                                                            
  Hf172       8.24481E+03   2.354E-18   9.684E-05   1.065E-21   0.00E+00   1.696E-21   5.283E-17                                                            
  Hf173       1.60845E+06   4.619E-16   1.296E+01   1.081E-16   0.00E+00   8.234E-16   2.253E-10                                                            
  Hf174       1.12714E+11   3.256E-11   1.238E-12   0.000E+00   4.97E-28   0.000E+00   0.000E+00                                                            
  Hf175       7.45888E+12   2.167E-09   8.548E+05   6.233E-12   0.00E+00   4.972E-11   1.858E-05                                                            
  Hf176    #  8.17063E+15   2.387E-06   0.000E+00   0.000E+00   0.00E+00   0.000E+00   0.000E+00                                                            
  Hf177    #  5.23576E+16   1.538E-05   0.000E+00   0.000E+00   0.00E+00   0.000E+00   0.000E+00                                                            
  Hf177m      3.34038E+08   9.815E-14   2.144E+08   8.268E-09   0.00E+00   3.668E-08   1.073E-02                                                            
  Hf177n      3.34432E+11   9.826E-11   7.517E+07   3.029E-09   0.00E+00   1.418E-08   6.437E-03                                                            
  Hf178    #  2.04400E+18   6.040E-04   0.000E+00   0.000E+00   0.00E+00   0.000E+00   0.000E+00                                                            
  Hf178m      9.84979E+09   2.910E-12   1.707E+09   3.870E-08   0.00E+00   2.751E-07   1.338E-01                                                            
  Hf178n      9.64899E+15   2.851E-06   6.837E+06   8.064E-11   0.00E+00   1.340E-09   8.768E-04                                                            
  Hf179    #  7.20128E+19   2.140E-02   0.000E+00   0.000E+00   0.00E+00   0.000E+00   0.000E+00                                                            
  Hf179m      4.40620E+11   1.309E-10   1.636E+10   3.514E-07   0.00E+00   6.310E-07   1.131E-01                                                            
  Hf179n      1.37237E+16   4.078E-06   4.386E+09   1.310E-07   0.00E+00   6.459E-07   2.978E-01                                                            
  Hf180    #  2.68170E+20   8.013E-02   0.000E+00   0.000E+00   0.00E+00   0.000E+00   0.000E+00                                                            
  Hf180m      1.11228E+14   3.324E-08   3.894E+09   9.269E-08   0.00E+00   6.191E-07   3.183E-01                                                            
  Hf181       4.86260E+17   1.461E-04   9.205E+10   3.014E-06   0.00E+00   7.824E-06   4.877E+00                                                            
  Hf182       1.57509E+17   4.759E-05   3.844E+02   1.980E-15   0.00E+00   1.474E-14   2.837E-09                                                            
  Hf182m      1.01022E+11   3.052E-11   1.898E+07   6.861E-10   0.00E+00   2.738E-09   2.078E-03                                                            
  Hf183       8.64202E+13   2.625E-08   1.559E+10   1.060E-06   0.00E+00   1.892E-06   1.957E+00                                                            
  Hf184       4.21491E+09   1.288E-12   1.970E+05   1.460E-11   0.00E+00   7.464E-12   1.857E-06                                                            
  Hf184m      2.00513E+06   6.125E-16   2.896E+04   4.041E-12   0.00E+00   4.041E-12   0.000E+00                                                            
  Hf185       3.30268E+05   1.014E-16   1.090E+03   1.768E-13   0.00E+00   1.768E-13   0.000E+00                                                            
  Hf186       2.34478E+03   7.241E-19   1.042E+01   1.213E-15   0.00E+00   1.213E-15   0.000E+00                                                            
  Ta176       9.76625E+04   2.853E-17   2.324E+00   2.610E-17   0.00E+00   7.815E-16   1.316E-09                                                            
  Ta177       2.10407E+10   6.182E-12   7.183E+04   2.615E-13   0.00E+00   7.797E-13   1.258E-07                                                            
  Ta178       1.32378E+12   3.912E-10   1.646E+09   7.247E-09   0.00E+00   3.135E-08   2.656E-02                                                            
  Ta178m      7.07796E+12   2.091E-09   5.772E+08   1.411E-08   0.00E+00   1.067E-07   4.954E-02                                                            
  Ta179       1.90070E+19   5.648E-03   2.593E+11   3.073E-07   0.00E+00   1.215E-06   3.205E-02                                                            
  Ta180       7.86732E+16   2.351E-05   1.875E+12   1.924E-05   0.00E+00   1.380E-05   3.082E-01                                                            
  Ta180m      7.87434E+19   2.353E-02   9.609E-04   1.937E-20   0.00E+00   8.660E-20   2.720E-14                                                            
  Ta181    #  2.30562E+22   6.928E+00   0.000E+00   0.000E+00   0.00E+00   0.000E+00   0.000E+00                                                            
  Ta182       3.16323E+20   9.557E-02   2.212E+13   7.669E-04   0.00E+00   4.549E-03   6.928E+03                                                            
  Ta182m      5.10277E+12   1.542E-09   1.250E+13   2.867E-05   0.00E+00   3.839E-06   9.804E-01                                                            
  Ta182n      1.42885E+13   4.317E-09   1.042E+10   4.080E-07   0.00E+00   4.251E-07   3.439E-02                                                            
  Ta183       6.97155E+18   2.118E-03   1.099E+13   6.150E-04   0.00E+00   5.046E-04   1.002E+02                                                            
  Ta184       4.85033E+15   1.482E-06   1.073E+11   9.782E-06   0.00E+00   2.697E-05   2.590E+01                                                            
  Ta185       9.16403E+12   2.815E-09   2.161E+09   2.541E-07   0.00E+00   4.756E-08   7.232E-03                                                            
  Ta186       4.98000E+13   1.538E-08   5.479E+10   9.859E-06   0.00E+00   1.144E-05   9.793E+00                                                            
  Ta187       4.13432E+08   1.284E-13   2.388E+06   3.998E-10   0.00E+00   3.998E-10   0.000E+00                                                            
  Ta188       2.74118E+05   8.556E-17   9.500E+03   2.464E-12   0.00E+00   2.464E-12   0.000E+00                                                            
  W 177       3.06977E+05   9.020E-17   2.687E+01   3.524E-16   0.00E+00   3.509E-15   3.258E-09                                                            
  W 178       2.84791E+11   8.415E-11   1.058E+05   1.185E-13   0.00E+00   3.248E-13   1.166E-08                                                            
  W 179       9.06257E+14   2.693E-07   2.826E+11   5.831E-07   0.00E+00   2.447E-06   5.951E-02                                                            
  W 179m      3.37597E+13   1.003E-08   6.094E+10   1.543E-06   0.00E+00   2.041E-07   3.887E-02                                                            
  W 180    #> 2.56664E+21   7.669E-01   0.000E+00   0.000E+00   0.00E+00   0.000E+00   0.000E+00                                                            
  W 181       1.38210E+21   4.153E-01   9.165E+13   1.862E-04   0.00E+00   6.051E-04   1.450E+01                                                            
  W 182    #> 7.94224E+23   2.400E+02   0.000E+00   0.000E+00   0.00E+00   0.000E+00   0.000E+00                                                            
  W 183     > 4.98759E+23   1.515E+02   9.959E-02   0.000E+00   1.89E-17   0.000E+00   0.000E+00                                                            
  W 183m      3.11367E+14   9.459E-08   4.111E+13   1.212E-03   0.00E+00   8.259E-04   2.907E+01                                                            
  W 184     > 1.01283E+24   3.094E+02   5.562E-02   0.000E+00   1.48E-17   0.000E+00   0.000E+00                                                            
  W 185       1.23204E+21   3.784E-01   1.316E+14   2.674E-03   0.00E+00   1.058E-06   4.053E-02                                                            
  W 185m      5.32243E+15   1.635E-06   3.689E+13   1.017E-03   0.00E+00   1.521E-04   1.050E+01                                                            
  W 186     > 8.29718E+23   2.562E+02   3.089E-02   1.212E-18   2.78E-18   0.000E+00   0.000E+00                                                            
  W 187       2.63366E+19   8.176E-03   2.126E+14   1.026E-02   0.00E+00   1.506E-02   1.406E+04                                                            
  W 188       5.79529E+17   1.809E-04   6.663E+10   1.063E-06   0.00E+00   2.042E-08   3.863E-03                                                            
  W 189       1.04155E+11   3.268E-11   1.046E+08   1.397E-08   0.00E+00   2.062E-08   1.629E-02                                                            
  W 190       3.92487E+05   1.238E-16   1.511E+02   1.131E-14   0.00E+00   3.628E-15   1.472E-10                                                            
  Re181       1.21384E+07   3.647E-15   1.174E+02   2.392E-15   0.00E+00   1.481E-14   1.269E-08                                                            
  Re182       1.02112E+12   3.085E-10   3.072E+06   9.334E-11   0.00E+00   8.837E-10   1.076E-03                                                            
  Re182m      1.03751E+11   3.135E-11   1.573E+06   2.069E-11   0.00E+00   3.040E-10   4.507E-04                                                            
  Re183       4.48481E+16   1.362E-05   5.140E+09   8.969E-08   0.00E+00   1.329E-07   9.324E-03                                                            
  Re184       1.09398E+19   3.342E-03   2.479E+12   2.173E-05   0.00E+00   3.597E-04   4.289E+02                                                            
  Re184m      8.23429E+18   2.515E-03   3.932E+11   8.850E-06   0.00E+00   2.458E-05   1.996E+01                                                            
  Re185    #  2.31745E+22   7.117E+00   0.000E+00   0.000E+00   0.00E+00   0.000E+00   0.000E+00                                                            
  Re186       4.84462E+19   1.496E-02   1.036E+14   5.601E-03   0.00E+00   3.468E-04   2.434E+01                                                            
  Re186m      6.37521E+19   1.969E-02   7.014E+06   7.664E-11   0.00E+00   6.743E-11   1.747E-06                                                            
  Re187       5.66517E+22   1.759E+01   2.861E+04   3.025E-15   0.00E+00   0.000E+00   0.000E+00                                                            
  Re188       6.74700E+18   2.106E-03   7.651E+13   9.563E-03   0.00E+00   7.095E-04   5.054E+02                                                            
  Re188m      4.23726E+15   1.322E-06   2.632E+12   3.458E-05   0.00E+00   3.120E-05   9.499E-01                                                            
  Re189       4.19362E+14   1.316E-07   3.323E+09   1.762E-07   0.00E+00   2.957E-08   8.201E-03                                                            
  Re190       3.20124E+09   1.010E-12   1.193E+07   1.334E-09   0.00E+00   2.562E-09   2.296E-03                                                            
  Re190m      5.26896E+10   1.662E-11   3.176E+06   1.501E-10   0.00E+00   4.691E-10   3.871E-04                                                            
  Re191       8.55140E+06   2.712E-15   1.018E+04   1.186E-12   0.00E+00   3.637E-15   0.000E+00                                                            
  Re192       4.46388E+03   1.423E-18   4.991E+02   1.310E-13   0.00E+00   1.272E-14   3.365E-09                                                            
  Re193       1.65162E+00   5.292E-22   3.816E-02   6.303E-18   0.00E+00   6.303E-18   0.000E+00                                                            
  Os181m      6.26601E+00   1.883E-21   6.894E-04   9.278E-21   0.00E+00   1.524E-19   1.970E-13                                                            
  Os182       1.09464E+07   3.307E-15   9.537E+01   7.345E-16   0.00E+00   6.587E-15   3.427E-09                                                            
  Os183       8.00754E+11   2.433E-10   1.186E+07   1.380E-10   0.00E+00   1.201E-09   6.724E-04                                                            
  Os183m      1.92248E+11   5.841E-11   3.743E+06   2.159E-11   0.00E+00   5.991E-10   9.135E-04                                                            
  Os184       1.48756E+17   4.544E-05   5.835E-05   6.783E-21   1.38E-20   0.000E+00   0.000E+00                                                            
  Os185       2.03166E+19   6.240E-03   1.738E+12   5.103E-06   0.00E+00   2.002E-04   2.190E+02                                                            
  Os186       1.61096E+22   4.974E+00   1.769E-01   0.000E+00   8.00E-17   0.000E+00   0.000E+00                                                            
  Os187    #  1.59343E+21   4.947E-01   0.000E+00   0.000E+00   0.00E+00   0.000E+00   0.000E+00                                                            
  Os188    #  1.24483E+22   3.885E+00   0.000E+00   0.000E+00   0.00E+00   0.000E+00   0.000E+00                                                            
  Os189    #  8.38548E+20   2.631E-01   0.000E+00   0.000E+00   0.00E+00   0.000E+00   0.000E+00                                                            
  Os189m      2.38264E+16   7.476E-06   7.896E+11   3.632E-06   0.00E+00   2.753E-07   7.031E-02                                                            
  Os190    #  1.77515E+20   5.599E-02   0.000E+00   0.000E+00   0.00E+00   0.000E+00   0.000E+00                                                            
  Os191       7.20331E+16   2.284E-05   3.777E+10   2.271E-07   0.00E+00   0.000E+00   0.000E+00                                                            
  Os191m      2.33285E+15   7.397E-07   3.429E+10   3.657E-07   0.00E+00   4.289E-08   3.508E-03                                                            
  Os192    #  4.68288E+16   1.493E-05   0.000E+00   0.000E+00   0.00E+00   0.000E+00   0.000E+00                                                            
  Os192m      5.71420E+06   1.821E-15   6.713E+05   3.728E-12   0.00E+00   1.923E-10   0.000E+00                                                            
  Os193       6.33020E+11   2.028E-10   4.048E+06   2.462E-10   0.00E+00   4.349E-11   2.018E-05                                                            
  Os194       5.59651E+10   1.803E-11   2.052E+02   1.063E-15   0.00E+00   7.563E-17   2.151E-12                                                            
  Os195       7.28506E+03   2.359E-18   1.295E+01   1.484E-15   0.00E+00   2.950E-16   3.213E-10                                                            
  Ir187       1.35436E+01   4.205E-21   2.484E-04   2.538E-21   0.00E+00   1.200E-20   1.077E-14                                                            
  Ir188       2.15037E+06   6.712E-16   9.977E+00   6.650E-17   0.00E+00   3.357E-15   5.578E-09                                                            
  Ir189       8.55774E+10   2.685E-11   5.201E+04   3.731E-13   0.00E+00   6.622E-13   4.947E-08                                                            
  Ir190       2.84646E+14   8.979E-08   1.903E+08   2.199E-09   0.00E+00   4.507E-08   3.486E-02                                                            
  Ir190m      1.62439E+11   5.124E-11   2.793E+07   1.067E-10   0.00E+00   1.022E-11   2.609E-06                                                            
  Ir191    #  1.73513E+18   5.502E-04   0.000E+00   0.000E+00   0.00E+00   0.000E+00   0.000E+00                                                            
  Ir191m      2.67502E+11   8.482E-11   3.784E+10   5.803E-07   0.00E+00   4.570E-07   2.107E-02                                                            
  Ir191n      4.25903E+06   1.351E-15   5.368E+05   3.936E-12   0.00E+00   1.606E-10   1.236E-04                                                            
  Ir192       9.69928E+16   3.092E-05   1.054E+10   3.670E-07   0.00E+00   1.379E-06   8.117E-01                                                            
  Ir192m      9.62279E+11   3.067E-10   7.720E+09   6.733E-08   0.00E+00   3.016E-09   7.730E-04                                                            
  Ir192n      4.55645E+13   1.452E-08   4.153E+03   1.098E-13   0.00E+00   2.053E-15   4.343E-10                                                            
  Ir193    #  6.52681E+16   2.091E-05   0.000E+00   0.000E+00   0.00E+00   0.000E+00   0.000E+00                                                            
  Ir193m      9.59251E+14   3.074E-07   7.308E+08   9.099E-09   0.00E+00   3.034E-10   6.848E-05                                                            
  Ir194       2.05403E+13   6.616E-09   2.049E+08   2.660E-08   0.00E+00   2.987E-09   2.560E-03                                                            
  Ir195       1.34779E+09   4.363E-13   1.038E+05   6.292E-12   0.00E+00   9.711E-13   4.239E-08                                                            
  Ir195m      5.48673E+07   1.776E-14   2.780E+03   1.235E-13   0.00E+00   1.602E-13   9.327E-08                                                            
  Ir196       6.78296E+01   2.207E-20   9.042E-01   1.692E-16   0.00E+00   3.291E-17   3.191E-11                                                            
  Ir196m      9.52416E+02   3.099E-19   1.310E-01   9.444E-18   0.00E+00   5.184E-17   4.125E-11                                                            
  Pt188       7.51212E+01   2.345E-20   5.908E-05   7.058E-22   0.00E+00   1.944E-21   3.749E-16                                                            
  Pt189       5.83332E+05   1.830E-16   1.033E+01   1.449E-16   0.00E+00   7.827E-16   6.176E-10                                                            
  Pt190       9.91937E+10   3.129E-11   3.352E-09   0.000E+00   1.75E-24   0.000E+00   0.000E+00                                                            
  Pt191       1.96405E+13   6.228E-09   5.623E+07   5.941E-10   0.00E+00   2.652E-09   1.158E-03                                                            
  Pt192    #  5.43119E+17   1.731E-04   0.000E+00   0.000E+00   0.00E+00   0.000E+00   0.000E+00                                                            
  Pt193       1.32028E+16   4.230E-06   5.800E+06   7.300E-12   0.00E+00   3.139E-11   9.524E-07                                                            
  Pt193m      3.25310E+12   1.042E-09   6.013E+06   1.329E-10   0.00E+00   1.188E-11   7.427E-07                                                            
  Pt194    #  1.04796E+16   3.375E-06   0.000E+00   0.000E+00   0.00E+00   0.000E+00   0.000E+00                                                            
  Pt195    #  3.19725E+13   1.035E-08   0.000E+00   0.000E+00   0.00E+00   0.000E+00   0.000E+00                                                            
  Pt195m      7.08408E+09   2.293E-12   1.414E+04   3.828E-13   0.00E+00   1.722E-13   6.325E-09                                                            
  Pt196    #  1.50183E+12   4.887E-10   0.000E+00   0.000E+00   0.00E+00   0.000E+00   0.000E+00                                                            
  Pt197       7.59359E+06   2.484E-15   7.350E+01   2.996E-15   0.00E+00   2.871E-16   1.453E-11                                                            
  Pt197m      1.02533E+04   3.354E-18   1.243E+00   6.312E-17   0.00E+00   1.515E-17   3.625E-12                                                            
  Pt198    #  2.73513E+05   8.991E-17   0.000E+00   0.000E+00   0.00E+00   0.000E+00   0.000E+00                                                            
  Au195       1.03449E+03   3.349E-19   4.460E-05   3.001E-22   0.00E+00   6.195E-22   1.698E-17                                                            
  Au196       1.93635E+05   6.301E-17   2.512E-01   1.122E-18   0.00E+00   1.900E-17   7.817E-12                                                            
  Au196m      1.99168E+00   6.481E-22   1.704E-01   2.103E-18   0.00E+00   7.919E-20   1.771E-14                                                            
  Au196n      6.64004E+02   2.161E-19   1.332E-02   5.823E-19   0.00E+00   5.024E-19   3.656E-14                                                            
  Au197    #  2.17814E+09   7.124E-13   0.000E+00   0.000E+00   0.00E+00   0.000E+00   0.000E+00                                                            
  Au198       2.49953E+06   8.217E-16   7.443E+00   3.890E-16   0.00E+00   4.804E-16   3.728E-10                                                            
  Au198m      2.22874E+01   7.327E-21   7.774E-05   3.264E-21   0.00E+00   6.574E-21   1.048E-15                                                            
  Au199       3.86831E+03   1.278E-18   9.886E-03   2.298E-19   0.00E+00   1.522E-19   1.196E-14                                                            
  Hg195       1.88924E+00   6.116E-22   3.674E-05   3.271E-22   0.00E+00   1.174E-21   9.186E-16                                                            
  Hg195m      7.86555E+00   2.546E-21   3.635E-05   7.745E-22   0.00E+00   1.188E-21   5.166E-16                                                            
  Hg196       4.79382E+05   1.560E-16   4.212E-21   5.538E-37   0.00E+00   0.000E+00   0.000E+00                                                            
  Hg197       8.81903E+03   2.884E-18   2.629E-02   2.912E-19   0.00E+00   3.096E-19   9.343E-15                                                            
  Hg197m      1.82977E+03   5.985E-19   1.474E-02   4.737E-19   0.00E+00   1.842E-19   7.421E-15                                                            
  Hg198    #  2.20219E+08   7.239E-14   0.000E+00   0.000E+00   0.00E+00   0.000E+00   0.000E+00                                                            
  Hg199    #  1.69998E+06   5.617E-16   0.000E+00   0.000E+00   0.00E+00   0.000E+00   0.000E+00                                                            
  Hg200    #  1.60610E+05   5.333E-17   0.000E+00   0.000E+00   0.00E+00   0.000E+00   0.000E+00                                                            
  Hg201    #  1.69318E+02   5.650E-20   0.000E+00   0.000E+00   0.00E+00   0.000E+00   0.000E+00                                                            
0  TOTAL NUMBER OF NUCLIDES PRINTED IN INVENTORY =  200
0  TOTAL CURIES   TOTAL ALPHA   TOTAL BETA    TOTAL GAMMA
                  CURIE-MeV     CURIE-MeV     CURIE-MeV
   2.02883E+04   1.96549E-11   5.40647E+03   3.95490E+03
0  ALPHA BECQUERELS = 3.476003E-01  BETA BECQUERELS = 6.562735E+14  GAMMA BECQUERELS = 9.439357E+13
0  TOTAL ACTIVITY FOR ALL MATERIALS     7.50667E+14 Bq
   TOTAL ACTIVITY EXCLUDING TRITIUM     7.50666E+14 Bq
0  TOTAL ALPHA HEAT PRODUCTION          1.16515E-16 kW
   TOTAL BETA  HEAT PRODUCTION          3.20498E-02 kW
   TOTAL GAMMA HEAT PRODUCTION          2.34449E-02 kW              TOTAL HEAT PRODUCTION 5.54947E-02 kW
0  INITIAL TOTAL MASS OF MATERIAL       1.00000E+00 kg              TOTAL HEAT EX TRITIUM 5.54947E-02 kW
0  TOTAL MASS OF MATERIAL               1.00022E+00 kg
   NEUTRON  FLUX DURING INTERVAL        3.00000E+14 n/cm**2/s
0  NUMBER OF FISSIONS                  -9.93015E+11                 BURN-UP OF ACTINIDES  0.00000E+00 %
0  Total Displacement Rate (n,Ddiss) =  5.24579E+14 Displacements/sec  =  1.60132E-10 Displacements Per Atom/sec  =  5.05338E-03 DPA/year
   Total Displacement Rate (n,Dinel) =  8.39679E+16 Displacements/sec  =  2.56319E-08 Displacements Per Atom/sec  =  8.08881E-01 DPA/year
   Total Displacement Rate (n,Del  ) =  1.07332E+17 Displacements/sec  =  3.27639E-08 Displacements Per Atom/sec  =  1.03395E+00 DPA/year
   Total Displacement Rate (n,Dtot ) =  3.66985E+17 Displacements/sec  =  1.12025E-07 Displacements Per Atom/sec  =  3.53524E+00 DPA/year
0  KERMA RATE (n,Kktot) =  1.23584E+22 eV/sec = 1.98004E+00 kW/kg = 3.82148E-02 kW/cm^3
   KERMA RATE (n,Kphot) =  1.22862E+22 eV/sec = 1.96847E+00 kW/kg = 3.79915E-02 kW/cm^3
   KERMA RATE (n,Kalph) =  2.30281E+18 eV/sec = 3.68951E-04 kW/kg = 7.12076E-06 kW/cm^3
   KERMA RATE (n,Kprot) =  6.35603E+18 eV/sec = 1.01835E-03 kW/kg = 1.96541E-05 kW/cm^3
   KERMA RATE (n,Kdiss) =  1.03261E+22 eV/sec = 1.65443E+00 kW/kg = 3.19305E-02 kW/cm^3
   KERMA RATE (n,Kfiss) =  0.00000E+00 eV/sec = 0.00000E+00 kW/kg = 0.00000E+00 kW/cm^3
   KERMA RATE (n,Kinel) =  8.83845E+20 eV/sec = 1.41608E-01 kW/kg = 2.73303E-03 kW/cm^3
   KERMA RATE (n,Knone) =  1.26128E+22 eV/sec = 2.02079E+00 kW/kg = 3.90013E-02 kW/cm^3
   KERMA RATE (n,Kel  ) =  1.82256E+19 eV/sec = 2.92006E-03 kW/kg = 5.63571E-05 kW/cm^3
   KERMA RATE (n,Ktot ) =  1.26310E+22 eV/sec = 2.02371E+00 kW/kg = 3.90576E-02 kW/cm^3
0  GAS   RATE (n,Xa   ) =  1.09169E+11 atoms per sec =  3.33248E-08 appm/sec
   GAS   RATE (n,Xh   ) =  8.14589E-03 atoms per sec =  2.48660E-21 appm/sec
   GAS   RATE (n,Xt   ) =  2.02402E+09 atoms per sec =  6.17850E-10 appm/sec
   GAS   RATE (n,Xd   ) =  2.12672E+10 atoms per sec =  6.49200E-09 appm/sec
   GAS   RATE (n,Xp   ) =  5.02134E+11 atoms per sec =  1.53280E-07 appm/sec
0  GAS   RATE (a decay) =  3.47600E-01 atoms per sec =  1.06108E-19 appm/sec
0  APPM OF He  4    =  1.0339E+01
   APPM OF He  3    =  1.2522E-02
   APPM OF H   3    =  1.1697E-01
   APPM OF H   2    =  1.9377E+00
   APPM OF H   1    =  4.7572E+01



                                               COMPOSITION  OF  MATERIAL  BY  ELEMENT
                                               --------------------------------------
0                                                             BETA                     GAMMA                     ALPHA
                      ATOMS      GRAM-ATOMS     GRAMS      CURIES-MeV      kW        CURIES-MeV      kW        CURIES-MeV      kW

    1       H       1.6257E+20   2.6996E-04   2.8395E-04   1.0529E-04   6.2418E-10   0.0000E+00   0.0000E+00   0.0000E+00   0.0000E+00
    2       He      3.3910E+19   5.6310E-05   2.2532E-04   0.0000E+00   0.0000E+00   0.0000E+00   0.0000E+00   0.0000E+00   0.0000E+00
   68       Er      5.5756E+06   9.2585E-18   1.5738E-15   4.7219E-10   2.7992E-15   5.6634E-10   3.3573E-15   0.0000E+00   0.0000E+00
   69       Tm      8.4075E+07   1.3961E-16   2.3887E-14   2.3211E-09   1.3760E-14   4.1635E-09   2.4681E-14   0.0000E+00   0.0000E+00
   70       Yb      1.1146E+15   1.8508E-09   3.2560E-07   1.5024E-04   8.9066E-10   9.4099E-05   5.5782E-10   1.3697E-32   8.1197E-38
   71       Lu      5.5734E+14   9.2548E-10   1.6257E-07   1.9038E-02   1.1286E-07   1.3052E-02   7.7373E-08   0.0000E+00   0.0000E+00
   72       Hf      3.4295E+20   5.6949E-04   1.0235E-01   7.9287E-01   4.7002E-06   2.0146E+00   1.1942E-05   8.3760E-23   4.9653E-28
   73       Ta      2.3477E+22   3.8985E-02   7.0546E+00   2.4468E+02   1.4505E-03   8.6227E+02   5.1116E-03   0.0000E+00   0.0000E+00
   74       W       3.1407E+24   5.2153E+00   9.5863E+02   2.5900E+03   1.5354E-02   2.8082E+03   1.6647E-02   6.1536E-12   3.6479E-17
   75       Re      7.9964E+22   1.3278E-01   2.4747E+01   2.5692E+03   1.5230E-02   2.4831E+02   1.4720E-03   0.0000E+00   0.0000E+00
   76       Os      3.1188E+22   5.1789E-02   9.6797E+00   1.5737E+00   9.3288E-06   3.3822E+01   2.0050E-04   1.3501E-11   8.0037E-17
   77       Ir      1.8987E+18   3.1529E-06   6.0245E-04   1.7757E-01   1.0526E-06   3.1839E-01   1.8875E-06   0.0000E+00   0.0000E+00
   78       Pt      5.6686E+17   9.4129E-07   1.8075E-04   1.2393E-04   7.3466E-10   4.5461E-04   2.6950E-09   2.9457E-19   1.7462E-24
   79       Au      2.1808E+09   3.6214E-15   7.1330E-13   6.6305E-11   3.9306E-16   8.4363E-11   5.0011E-16   0.0000E+00   0.0000E+00
   80       Hg      2.2257E+08   3.6959E-16   7.3167E-14   1.2922E-13   7.6600E-19   8.3685E-14   4.9609E-19   0.0000E+00   0.0000E+00



                                               GAMMA SPECTRUM AND ENERGIES/SECOND
                                               ----------------------------------

     NEUTRONS PER SECOND ARISING FROM SPONTANEOUS FISSION                    0.00000E+00    Calculated density (g/cc)   19.30
     POWER FROM ALPHA PARTICLES (MeV per Second)                             7.27230E-01
     POWER FROM BETA  PARTICLES (MeV per Second)                             2.00039E+14
     TOTAL GAMMA POWER FROM ACTIVATION  (MeV per Second)                     1.46331E+14    Total gammas (per cc per second)      1.24048E+13
     GAMMA RAY POWER FROM ACTIVATION DECAY  MeV/s    (  0.000-  0.010 MeV)   9.51953E+11    Gammas per group (per cc per second)  3.67454E+12
                                                     (  0.010-  0.020 MeV)   4.22844E+06                                          5.44059E+06
                                                     (  0.020-  0.050 MeV)   1.59207E+11                                          8.77910E+10
                                                     (  0.050-  0.100 MeV)   1.56252E+13                                          4.02089E+12
                                                     (  0.100-  0.200 MeV)   9.02011E+12                                          1.16059E+12
                                                     (  0.200-  0.300 MeV)   2.24061E+12                                          1.72975E+11
                                                     (  0.300-  0.400 MeV)   7.55019E+11                                          4.16339E+10
                                                     (  0.400-  0.600 MeV)   2.95340E+13                                          1.14001E+12
                                                     (  0.600-  0.800 MeV)   5.88252E+13                                          1.62189E+12
                                                     (  0.800-  1.000 MeV)   3.29303E+12                                          7.06172E+10
                                                     (  1.000-  1.220 MeV)   1.38920E+13                                          2.41545E+11
                                                     (  1.220-  1.440 MeV)   1.16446E+13                                          1.68978E+11
                                                     (  1.440-  1.660 MeV)   1.60299E+11                                          1.99598E+09
                                                     (  1.660-  2.000 MeV)   1.24637E+11                                          1.31448E+09
                                                     (  2.000-  2.500 MeV)   2.35213E+09                                          2.01761E+07
                                                     (  2.500-  3.000 MeV)   2.42184E+01                                          1.69969E-01
                                                     (  3.000-  4.000 MeV)   0.00000E+00                                          0.00000E+00
                                                     (  4.000-  5.000 MeV)   0.00000E+00                                          0.00000E+00
                                                     (  5.000-  6.500 MeV)   0.00000E+00                                          0.00000E+00
                                                     (  6.500-  8.000 MeV)   0.00000E+00                                          0.00000E+00
                                                     (  8.000- 10.000 MeV)   0.00000E+00                                          0.00000E+00
                                                     ( 10.000- 12.000 MeV)   0.00000E+00                                          0.00000E+00
                                                     ( 12.000- 14.000 MeV)   0.00000E+00                                          0.00000E+00
                                                     ( 14.000- 20.000 MeV)   0.00000E+00                                          0.00000E+00

    DOSE RATE (PLANE SOURCE) FROM GAMMAS WITH ENERGY 0-20 MeV IS            2.23880E+04 Sieverts/hour   ( 2.23880E+06 Rems/hour)




                                               DOMINANT NUCLIDES
                                               -----------------

      NUCLIDE   ACTIVITY    PERCENT  NUCLIDE     HEAT      PERCENT  NUCLIDE  DOSE RATE    PERCENT 
                  (Bq)      ACTIVITY             (kW)       HEAT              (Sv/hr)    DOSE RATE
       Total   7.5067E+14             Total   5.5495E-02             Total   2.2388E+04
    1  W 187   2.1262E+14  28.32E+00  W 187   2.5322E-02  45.63E+00  W 187   1.4062E+04  62.81E+00
    2  W 185   1.3161E+14  17.53E+00  Re188   1.0273E-02  18.51E+00  Ta182   6.9276E+03  30.94E+00
    3  Re186   1.0364E+14  13.81E+00  Re186   5.9483E-03  10.72E+00  Re188   5.0542E+02  22.58E-01
    4  W 181   9.1651E+13  12.21E+00  Ta182   5.3160E-03  95.79E-01  Re184   4.2891E+02  19.16E-01
    5  Re188   7.6506E+13  10.19E+00  W 185   2.6749E-03  48.20E-01  Os185   2.1902E+02  97.83E-02
    6  W 183m  4.1109E+13  54.76E-01  W 183m  2.0377E-03  36.72E-01  Ta183   1.0019E+02  44.75E-02
    7  W 185m  3.6892E+13  49.15E-01  W 185m  1.1687E-03  21.06E-01  W 183m  2.9066E+01  12.98E-02
    8  Ta182   2.2125E+13  29.47E-01  Ta183   1.1197E-03  20.18E-01  Ta184   2.5897E+01  11.57E-02
    9  Ta182m  1.2498E+13  16.65E-01  W 181   7.9129E-04  14.26E-01  Re186   2.4339E+01  10.87E-02
   10  Ta183   1.0988E+13  14.64E-01  Re184   3.8147E-04  68.74E-02  Re184m  1.9957E+01  89.14E-03
   11  Re188m  2.6318E+12  35.06E-02  Os185   2.0528E-04  36.99E-02  W 181   1.4497E+01  64.75E-03
   12  Re184   2.4792E+12  33.03E-02  Re188m  6.5778E-05  11.85E-02  W 185m  1.0504E+01  46.92E-03
   13  Ta180   1.8747E+12  24.97E-02  Ta184   3.6754E-05  66.23E-03  Ta186   9.7931E+00  43.74E-03
   14  Os185   1.7376E+12  23.15E-02  Re184m  3.3430E-05  60.24E-03  Hf181   4.8771E+00  21.78E-03
   15  Os189m  7.8960E+11  10.52E-02  Ta180   3.3036E-05  59.53E-03  Hf183   1.9568E+00  87.40E-04
   16  Re184m  3.9321E+11  52.38E-03  Ta182m  3.2512E-05  58.58E-03  Ta182m  9.8043E-01  43.79E-04
   17  W 179   2.8258E+11  37.64E-03  Ta186   2.1298E-05  38.38E-03  Re188m  9.4990E-01  42.43E-04
   18  Ta179   2.5933E+11  34.55E-03  Hf181   1.0839E-05  19.53E-03  Ir192   8.1172E-01  36.26E-04
   19  Ta184   1.0734E+11  14.30E-03  Os189m  3.9075E-06  70.41E-04  Hf180m  3.1834E-01  14.22E-04
   20  Hf181   9.2049E+10  12.26E-03  W 179   3.0301E-06  54.60E-04  Ta180   3.0820E-01  13.77E-04
       Rest    3.7924E+11  50.52E-03  Rest    1.5695E-05  28.28E-03  Rest    1.0898E+00  48.68E-04

      NUCLIDE  GAMMA HEAT   PERCENT  NUCLIDE   BETA HEAT   PERCENT 
                  (kW)       GAMMA               (kW)       BETA
       Total   2.3445E-02             Total   3.2050E-02
    1  W 187   1.5060E-02  64.24E+00  W 187   1.0262E-02  32.02E+00
    2  Ta182   4.5491E-03  19.40E+00  Re188   9.5634E-03  29.84E+00
    3  W 183m  8.2586E-04  35.23E-01  Re186   5.6014E-03  17.48E+00
    4  Re188   7.0948E-04  30.26E-01  W 185   2.6738E-03  83.43E-01
    5  W 181   6.0507E-04  25.81E-01  W 183m  1.2118E-03  37.81E-01
    6  Ta183   5.0462E-04  21.52E-01  W 185m  1.0166E-03  31.72E-01
    7  Re184   3.5974E-04  15.34E-01  Ta182   7.6688E-04  23.93E-01
    8  Re186   3.4681E-04  14.79E-01  Ta183   6.1504E-04  19.19E-01
    9  Os185   2.0018E-04  85.38E-02  W 181   1.8622E-04  58.10E-02
   10  W 185m  1.5214E-04  64.89E-02  Re188m  3.4576E-05  10.79E-02
   11  Re188m  3.1202E-05  13.31E-02  Ta182m  2.8672E-05  89.46E-03
   12  Ta184   2.6972E-05  11.50E-02  Re184   2.1734E-05  67.81E-03
   13  Re184m  2.4580E-05  10.48E-02  Ta180   1.9241E-05  60.03E-03
   14  Ta180   1.3796E-05  58.84E-03  Ta186   9.8589E-06  30.76E-03
   15  Ta186   1.1439E-05  48.79E-03  Ta184   9.7818E-06  30.52E-03
   16  Hf181   7.8243E-06  33.37E-03  Re184m  8.8505E-06  27.61E-03
   17  Ta182m  3.8395E-06  16.38E-03  Os185   5.1034E-06  15.92E-03
   18  W 179   2.4470E-06  10.44E-03  Os189m  3.6322E-06  11.33E-03
   19  Hf183   1.8922E-06  80.71E-04  Hf181   3.0143E-06  94.05E-04
   20  Ir192   1.3789E-06  58.81E-04  W 179m  1.5426E-06  48.13E-04
       Rest    6.4313E-06  27.43E-03  Rest    6.3657E-06  19.86E-03
1                                                            Summary Output

0           Time       Cumulative   Activity               Dose rate             Heat output           Ingestion dose        Inhalation dose        Tritium activity
           (step)       (Years)      (Bq)                   (Sv/h)                (kW)                    (Sv)                   (Sv)                  (Bq)
 -----Irradiation Phase-----
 Irradn    10.000 y     1.00E+01   7.51E+14               2.24E+04               5.55E-02               0.00E+00               0.00E+00               6.83E+08
0 Mass of material input =  1.0000E+00 kg.

  Total irradiation time =  3.155760E+08 s
  Total fluence          =  9.467280E+22 n/cm2
  Mean flux              =  3.000000E+14 n/cm2/s
  Number of on-times     =    1

fispact run time=                   6.1710     secs


 ------------------------------------------------------------------
 Files that have been opened during this run.
 ------------------------------------------------------------------
 The numbers after the unit names are the internal unit numbers.

 output(38)      W_SSF.out
 runlog(48)      W_SSF.log
 ------------------------------------------------------------------



     Run timestamp:03:08:05 16 June 2019           

     Current time: 03:08:11 16 June 2019           
