
 LOG FILE: inventory.log

 10:18:37 6 June 2018            

 Log  : FILES file = files
 Log  : fileroot   = inventory


 ------------------------------------------------------------------
 Files specified by the FILES file and fileroot for this run.
 ------------------------------------------------------------------
 The numbers after the unit names are the internal unit numbers.

 input( 5)       inventory.i
 graph(10)       inventory.gra
 a2data(11)      /Volumes/Pegasus2/Code/FISPACT-II/FISPACT-II/nuclear_data/decay/a2_2012
 collapxi(12)    COLLAPX
 arrayx(13)      ARRAYX
 hazards(14)     /Volumes/Pegasus2/Code/FISPACT-II/FISPACT-II/nuclear_data/decay/hazards_2012
 gnuplot(15)     inventory.plt
 collapxo(17)    COLLAPX
 ind_nuc(18)     /Volumes/Pegasus2/Code/FISPACT-II/FISPACT-II/nuclear_data/TENDL2017data/tendl17_decay12_index
 fluxes(20)      fluxes
 output(38)      inventory.out
 absorp(39)      /Volumes/Pegasus2/Code/FISPACT-II/FISPACT-II/nuclear_data/decay/abs_2012
 clear(40)       /Volumes/Pegasus2/Code/FISPACT-II/FISPACT-II/nuclear_data/decay/clear_2012
 tab1(44)        inventory.tab1
 tab2(45)        inventory.tab2
 tab3(46)        inventory.tab3
 tab4(47)        inventory.tab4
 runlog(48)      inventory.log
 sens(50)        inventory.sens
 prob_tab(51)    /Volumes/Pegasus2/Code/FISPACT-II/FISPACT-II/nuclear_data/TENDL2017data/tal2017-n/tp-709-294
 xs_endf(52)     /Volumes/Pegasus2/Code/FISPACT-II/FISPACT-II/nuclear_data/TENDL2017data/tal2017-n/gxs-709
 dk_endf(53)     /Volumes/Pegasus2/Code/FISPACT-II/FISPACT-II/nuclear_data/decay/decay_2012
 fy_endf(54)     /Volumes/Pegasus2/Code/FISPACT-II/FISPACT-II/nuclear_data/GEFY61data/gefy61_nfy
 sf_endf(55)     /Volumes/Pegasus2/Code/FISPACT-II/FISPACT-II/nuclear_data/GEFY61data/gefy61_sfy
 xs_endfb(56)    inventory.bin
 nucgraph(59)    inventory.grn
 nucgnu(60)      inventory.pln
 ------------------------------------------------------------------


 CLOBBER
 JSON
 GETXS 0
 GETDECAY 0
 FISPACT
 * FNS 5 Minutes Inconel-600
  load cross-sections
  load decay data
  collapse fission yields
 Log  : nuc_no =         3347
 Log  : nuclide name = Rn214    
 00001: Warning: nuclide_m:nuclide_collapse_fissyld: 1: 
        cross-section data for fission (mt=18) not found, it is either
        missing from endf data or pruned by xs_threshold
 Log  : nuc_no =         3348
 Log  : nuclide name = Rn215    
 00002: Warning: nuclide_m:nuclide_collapse_fissyld: 1: 
        cross-section data for fission (mt=18) not found, it is either
        missing from endf data or pruned by xs_threshold
 Log  : nuc_no =         3349
 Log  : nuclide name = Rn216    
 00003: Warning: nuclide_m:nuclide_collapse_fissyld: 1: 
        cross-section data for fission (mt=18) not found, it is either
        missing from endf data or pruned by xs_threshold
 Log  : nuc_no =         3350
 Log  : nuclide name = Rn217    
 00004: Warning: nuclide_m:nuclide_collapse_fissyld: 1: 
        cross-section data for fission (mt=18) not found, it is either
        missing from endf data or pruned by xs_threshold
 Log  : nuc_no =         3351
 Log  : nuclide name = Rn218    
 00005: Warning: nuclide_m:nuclide_collapse_fissyld: 1: 
        cross-section data for fission (mt=18) not found, it is either
        missing from endf data or pruned by xs_threshold
 Log  : nuc_no =         3387
 Log  : nuclide name = Fr217    
 00006: Warning: nuclide_m:nuclide_collapse_fissyld: 1: 
        cross-section data for fission (mt=18) not found, it is either
        missing from endf data or pruned by xs_threshold
 Log  : nuc_no =         3388
 Log  : nuclide name = Fr218    
 00007: Warning: nuclide_m:nuclide_collapse_fissyld: 1: 
        cross-section data for fission (mt=18) not found, it is either
        missing from endf data or pruned by xs_threshold
 Log  : nuc_no =         3390
 Log  : nuclide name = Fr219    
 00008: Warning: nuclide_m:nuclide_collapse_fissyld: 1: 
        cross-section data for fission (mt=18) not found, it is either
        missing from endf data or pruned by xs_threshold
 Log  : nuc_no =         3425
 Log  : nuclide name = Ra219    
 00009: Warning: nuclide_m:nuclide_collapse_fissyld: 1: 
        cross-section data for fission (mt=18) not found, it is either
        missing from endf data or pruned by xs_threshold
 Log  : nuc_no =         3426
 Log  : nuclide name = Ra220    
 00010: Warning: nuclide_m:nuclide_collapse_fissyld: 1: 
        cross-section data for fission (mt=18) not found, it is either
        missing from endf data or pruned by xs_threshold
 Log  : nuc_no =         3498
 Log  : nuclide name = Th229m   
 00011: Warning: nuclide_m:nuclide_collapse_fissyld: 1: 
        cross-section data for fission (mt=18) not found, it is either
        missing from endf data or pruned by xs_threshold
  run reset cross-section
 DENSITY 8.42
 MASS 1.0E-3 4
 NI 75.82
 MN 0.39
 FE 7.82
 CR 15.97
 MIND 1E3
 GRAPH 1 2 1
 3
 UNCERTAINTY 2
 HALF
 HAZARDS
  load hazards data
 FLUX 1.116E+10
 ATOMS
  load initial values
  run output inventory
 TIME 5.0
  fill rate equation matrix for cooling
  fill rate equation matrix for irradiation
  start pathstep recording
  initialise dominant analysis
  test for gas, kerma and dpa data
 MINS
 ATOMS
  run add rateeq for pathways
  run irradiation init
  run irradiation step
  run add pathstep
  run output inventory
 FLUX 0.
 ZERO
 TIME 36
 ATOMS
 TIME 15
 ATOMS
 TIME 16
 ATOMS
 TIME 15
 ATOMS
 TIME 15
 ATOMS
 TIME 26
 ATOMS
 TIME 33
 ATOMS
 TIME 36
 ATOMS
 TIME 53
 ATOMS
 TIME 66
 ATOMS
 TIME 66
 ATOMS
 TIME 97
 ATOMS
 TIME 127
 ATOMS
 TIME 126
 ATOMS
 TIME 187
 ATOMS
 TIME 246
 ATOMS
 TIME 244
 ATOMS
 TIME 246
 ATOMS
 TIME 428
 ATOMS
 TIME 606
 ATOMS
 TIME 607
 ATOMS
 TIME 36
 ATOMS
  run pathways initialisation
  run pathways uncertainty
 Log  : Target nuclide = Co 62    
 Log  :           inventory contribution  =  1.00995019E+02  %
 00012: Warning: pathways_m:pathways_output: 1: 
        inventory sum from paths > 100% inventory from full rate equation
        reduce main or path TOLERANCE parameters for better accuracy
 Log  :                path contribution  =  1.00995019E+02  %
 00013: Warning: pathways_m:pl_chain: 2: 
        path contribution > 100%
        reduce main or path TOLERANCE parameters for better accuracy
 Log  : Target nuclide = V  53    
 Log  :           inventory contribution  =  1.00968289E+02  %
 00014: Warning: pathways_m:pathways_output: 1: 
        inventory sum from paths > 100% inventory from full rate equation
        reduce main or path TOLERANCE parameters for better accuracy
 Log  : Target nuclide = V  54    
 Log  :           inventory contribution  =  1.03601019E+02  %
 00015: Warning: pathways_m:pathways_output: 1: 
        inventory sum from paths > 100% inventory from full rate equation
        reduce main or path TOLERANCE parameters for better accuracy
 Log  :                path contribution  =  1.03601019E+02  %
 00016: Warning: pathways_m:pl_chain: 2: 
        path contribution > 100%
        reduce main or path TOLERANCE parameters for better accuracy
  run cooling step
  run add pathstep
  run output inventory
  run pathways uncertainty
 TIME 15
 ATOMS
  run cooling step
  run add pathstep
  run output inventory
  run pathways uncertainty
 TIME 16
 ATOMS
  run cooling step
  run add pathstep
  run output inventory
  run pathways uncertainty
 TIME 15
 ATOMS
  run cooling step
  run add pathstep
  run output inventory
  run pathways uncertainty
 TIME 15
 ATOMS
  run cooling step
  run add pathstep
  run output inventory
  run pathways uncertainty
 TIME 26
 ATOMS
  run cooling step
  run add pathstep
  run output inventory
  run pathways uncertainty
 TIME 33
 ATOMS
  run cooling step
  run add pathstep
  run output inventory
  run pathways uncertainty
 TIME 36
 ATOMS
  run cooling step
  run add pathstep
  run output inventory
  run pathways uncertainty
 TIME 53
 ATOMS
  run cooling step
  run add pathstep
  run output inventory
  run pathways uncertainty
 TIME 66
 ATOMS
  run cooling step
  run add pathstep
  run output inventory
  run pathways uncertainty
 TIME 66
 ATOMS
  run cooling step
  run add pathstep
  run output inventory
  run pathways uncertainty
 TIME 97
 ATOMS
  run cooling step
  run add pathstep
  run output inventory
  run pathways uncertainty
 TIME 127
 ATOMS
  run cooling step
  run add pathstep
  run output inventory
  run pathways uncertainty
 TIME 126
 ATOMS
  run cooling step
  run add pathstep
  run output inventory
  run pathways uncertainty
 TIME 187
 ATOMS
  run cooling step
  run add pathstep
  run output inventory
  run pathways uncertainty
 TIME 246
 ATOMS
  run cooling step
  run add pathstep
  run output inventory
  run pathways uncertainty
 TIME 244
 ATOMS
  run cooling step
  run add pathstep
  run output inventory
  run pathways uncertainty
 TIME 246
 ATOMS
  run cooling step
  run add pathstep
  run output inventory
  run pathways uncertainty
 TIME 428
 ATOMS
  run cooling step
  run add pathstep
  run output inventory
  run pathways uncertainty
 TIME 606
 ATOMS
  run cooling step
  run add pathstep
  run output inventory
  run pathways uncertainty
 TIME 607
 ATOMS
  run cooling step
  run add pathstep
  run output inventory
  run pathways uncertainty
 END
 * END
  run output summary
  run closedown
  deallocate and closedown


 ------------------------------------------------------------------
 Files that have been opened during this run.
 ------------------------------------------------------------------
 The numbers after the unit names are the internal unit numbers.

 input( 5)       inventory.i
 graph(10)       inventory.gra
 collapxi(12)    COLLAPX
 arrayx(13)      ARRAYX
 hazards(14)     /Volumes/Pegasus2/Code/FISPACT-II/FISPACT-II/nuclear_data/decay/hazards_2012
 gnuplot(15)     inventory.plt
 ind_nuc(18)     /Volumes/Pegasus2/Code/FISPACT-II/FISPACT-II/nuclear_data/TENDL2017data/tendl17_decay12_index
 output(38)      inventory.out
 absorp(39)      /Volumes/Pegasus2/Code/FISPACT-II/FISPACT-II/nuclear_data/decay/abs_2012
 runlog(48)      inventory.log
 ------------------------------------------------------------------


 Log  :                 fispact run time  =   1.6391     secs
 Log  :                 rateeq_init_flux  =  0.28600E-03 secs
 Log  :                rateeq_irrad_step  =  0.41864     secs
 Log  :                 rateeq_cool_step  =  0.44109E-01 secs
 Log  :            output_inventory_step  =  0.13731     secs
 Log  :                    pathways_step  =  0.16176E-01 secs
 Log  :                 sensitivity_step  =  0.10000E-05 secs


  Error Summary 
 ------------- 
  total number of errors/warnings   =     16
  number of serious errors/warnings =      0
 10:18:39 6 June 2018            

 END OF LOG FILE

