



     ==============================================================================
     |                                                                            |
     |                                                                            |
     |             _____ ___ ____  ____   _    ____ _____    ___ ___              |
     |            |  ___|_ _/ ___||  _ \ / \  / ___|_   _|  |_ _|_ _|             |
     |            | |_   | |\___ \| |_) / _ \| |     | |_____| | | |              |
     |            |  _|  | | ___) |  __/ ___ \ |___  | |_____| | | |              |
     |            |_|   |___|____/|_| /_/   \_\____| |_|    |___|___|             |
     |                                                                            |
     |                            F I S P A C T - I I                             |
     |                            -------------------                             |
     |                                                                            |
     |                  Transmutation-Activation Inventory Code                   |
     |                   United Kingdom Atomic Energy Authority                   |
     |                                                                            |
     |                         Release 4.0 January 2018                           |
     |             Copyright (c) 2009-18, UK Atomic Energy Authority              |
     |                                                                            |
     ==============================================================================



1
  PROBABILITY TABLE INITIALISATION
  ================================

  Self shielding factors are computed using partial cross-sections

  EAF library infinite dilution values are replaced by self-shielded probability table values

  Probability table data directory: /cygdrive/c/FISPACT-II/TENDL2017data/tal2017-n/tp-709-294

  Temperature =  294K

  Probability Table Application List
  ----------------------------------
  Nuclide     Data File
  W 180       W180-294.tpe
  W 182       W182-294.tpe
  W 183       W183-294.tpe
  W 184       W184-294.tpe
  W 186       W186-294.tpe
  Re185       Re185-294.tpe
  Re187       Re187-294.tpe

  Material Mixture List
  ---------------------
  Nuclide     Percentage
  W 180        0.116
  W 182       25.589
  W 183       13.818
  W 184       29.587
  W 186       27.453
  Re185        0.924
  Re187        1.546
  Os184        0.000
  Os186        0.015
  Os187        0.015
  Os188        0.129
  Os189        0.157
  Os190        0.255
  Os192        0.396
1
1


  P R O B A B I L I T Y  T A B L E  C H A N G E S  T O  C R O S S - S E C T I O N S
  =================================================================================


  The EAF/TENDL infinitely dilute values (old sigma) are replaced by the probability table effective cross-section (new sigma).
  The effective self-shielding factor is the ratio of new to old value


  parent     daughter     mt cal-mt    old sigma     new sigma     self shielding
  nuclide    nuclide                    barns          barns         factor (%)
  W 180      W 180         2      2    8.78638E+00    8.59668E+00         97.84
  W 180      W 181       102    101    4.71603E+00    4.55013E+00         96.48
  W 182      W 182         2      2    1.04577E+01    6.74580E+00         64.51
  W 182      W 183       102    101    2.20070E+00    8.48639E-01         38.56
  W 182      W 183m      102    101    4.20745E-03    2.43110E-03         57.78
  W 183      Hf180       107    101    9.02167E-05    8.99672E-05         99.72
  W 183      Hf180m      107    101    8.45136E-06    8.45127E-06        100.00
  W 183      W 183         2      2    9.39750E+00    6.82534E+00         72.63
  W 183      W 184       102    101    2.89704E+00    1.20234E+00         41.50
  W 184      W 184         2      2    8.90535E+00    6.59118E+00         74.01
  W 184      W 185       102    101    2.87281E-01    1.33932E-01         46.62
  W 184      W 185m      102    101    1.99988E-03    1.59432E-03         79.72
  W 186      W 186         2      2    1.28799E+01    9.62842E+00         74.76
  W 186      W 187       102    101    1.25918E+00    8.57886E-01         68.13
  Re185      Ta182       107    101    6.85525E-05    6.85521E-05        100.00
  Re185      Ta182m      107    101    8.17337E-05    8.17336E-05        100.00
  Re185      Re185         2      2    8.36439E+00    7.91851E+00         94.67
  Re185      Re186       102    101    1.39982E+01    1.18358E+01         84.55
  Re185      Re186m      102    101    2.92391E-02    2.52885E-02         86.49
  Re187      Ta184       107    101    8.68644E-05    8.68641E-05        100.00
  Re187      Re187         2      2    8.63887E+00    7.79893E+00         90.28
  Re187      Re188       102    101    4.34382E+00    3.21651E+00         74.05
  Re187      Re188m      102    101    1.54812E-01    1.17173E-01         75.69




     =========================================================================================================
     |                                                                                                       |
     |                      R U N   I D E N T I F I C A T I O N   I N F O R M A T I O N                      |
     |                                                                                                       |
     | INITIAL CROSS SECTION DATA                                                                            |
     | Collapsed library timestamp: 02:50:47 16 June 2019                                                    |
     | EAF source library label:                                                                             |
     | FLUX file label:             flux                                                                     |
     |                                                                                                       |
     | DECAY DATA                                                                                            |
     | Condensed library timestamp: 02:50:47 16 June 2019                                                    |
     | EAF source library label:    Decay input from separate files                                          |
     |                                                                                                       |
     | THIS RUN                                                                                              |
     | timestamp:                   02:50:47 16 June 2019                                                    |
     | fileroot :                   W_SSF_ext                                                                |
     | name of FILES file:          files                                                                    |
     | FISPACT title:               * transmutation run                                                      |
     |                                                                                                       |
     | See the W_SSF_ext.log file                                                                            |
     | and summary details at the end of this file for further information on files used by this run         |
     |                                                                                                       |
     =========================================================================================================






                                   -------------------------------------------------------------------------------
                                   | NB: IN FOLLOWING TABLES                                                     |
                                   |                         ? MEANS CONVERGENCE NOT REACHED FOR NUCLIDE         |
                                   |                         & MEANS GAMMA SPECTRUM IS APPROXIMATELY CALCULATED  |
                                   |                         # MEANS NUCLIDE IS STABLE                           |
                                   |                         > MEANS NUCLIDE WAS PRESENT BEFORE IRRADIATION      |
                                   -------------------------------------------------------------------------------
                                   |                                                                             |
                                   |                                                                             |
                                   V                                                                             V
1 * * * TIME INTERVAL   1 * * * * * * * TIME IS   3.1558E+08 SECS OR  1.0000E+01 YEARS * * * ELAPSED TIME IS  10.000 y   * * * FLUX AMP IS  3.0000E+14 /cm^2/s  * * *
  NUCLIDE        ATOMS         GRAMS        Bq       b-Energy    a-Energy   g-Energy    DOSE RATE                                                            
                                                        kW          kW         kW         Sv/hr                                                              

  H   1    #  1.55820E+20   2.608E-04   0.000E+00   0.000E+00   0.00E+00   0.000E+00   0.000E+00                                                            
  H   2    #  6.36245E+18   2.128E-05   0.000E+00   0.000E+00   0.00E+00   0.000E+00   0.000E+00                                                            
  H   3       3.85482E+17   1.931E-06   6.867E+08   6.279E-10   0.00E+00   0.000E+00   0.000E+00                                                            
  He  3    #  4.12105E+16   2.064E-07   0.000E+00   0.000E+00   0.00E+00   0.000E+00   0.000E+00                                                            
  He  4    #  3.38405E+19   2.249E-04   0.000E+00   0.000E+00   0.00E+00   0.000E+00   0.000E+00                                                            
  Er166    #  8.05884E+00   2.220E-21   0.000E+00   0.000E+00   0.00E+00   0.000E+00   0.000E+00                                                            
  Er167    #  2.14355E+02   5.942E-20   0.000E+00   0.000E+00   0.00E+00   0.000E+00   0.000E+00                                                            
  Er168    #  1.35905E+04   3.790E-18   0.000E+00   0.000E+00   0.00E+00   0.000E+00   0.000E+00                                                            
  Er169       4.51736E+03   1.267E-18   3.855E-03   6.288E-20   0.00E+00   1.223E-23   2.727E-18                                                            
  Er170    #  5.39806E+06   1.523E-15   0.000E+00   0.000E+00   0.00E+00   0.000E+00   0.000E+00                                                            
  Er171       1.21660E+04   3.453E-18   3.117E-01   2.079E-17   0.00E+00   1.860E-17   6.688E-12                                                            
  Er172       1.38620E+05   3.958E-17   5.414E-01   1.116E-17   0.00E+00   4.473E-17   4.125E-11                                                            
  Er173       2.99766E+03   8.609E-19   2.474E+01   2.764E-15   0.00E+00   3.291E-15   3.185E-09                                                            
  Tm168       3.74048E+02   1.043E-19   3.223E-05   4.023E-22   0.00E+00   6.415E-21   6.859E-15                                                            
  Tm169    #  3.46962E+05   9.733E-17   0.000E+00   0.000E+00   0.00E+00   0.000E+00   0.000E+00                                                            
  Tm170       2.60252E+05   7.344E-17   1.624E-02   8.520E-19   0.00E+00   1.079E-20   2.673E-16                                                            
  Tm171       7.07162E+07   2.007E-14   8.105E-01   3.319E-18   0.00E+00   8.857E-20   1.961E-15                                                            
  Tm172       1.07765E+07   3.077E-15   3.262E+01   2.758E-15   0.00E+00   2.512E-15   4.270E-09                                                            
  Tm173       1.86977E+06   5.369E-16   4.369E+01   2.168E-15   0.00E+00   2.719E-15   1.229E-09                                                            
  Tm174       5.58489E+03   1.613E-18   1.195E+01   9.838E-16   0.00E+00   3.405E-15   3.174E-09                                                            
  Tm175       3.26868E+03   9.496E-19   2.490E+00   1.699E-16   0.00E+00   4.647E-16   5.140E-10                                                            
  Tm176       9.36076E+03   2.735E-18   5.692E+01   7.660E-15   0.00E+00   1.556E-14   2.548E-08                                                            
  Tm177   &   1.31827E+00   3.873E-22   1.015E-02   1.728E-18   0.00E+00   1.728E-18   6.641E-13                                                            
  Yb168       3.07406E+00   8.572E-22   5.194E-22   5.915E-38   8.11E-38   0.000E+00   0.000E+00                                                            
  Yb169       1.40631E+03   3.945E-19   3.524E-04   6.312E-21   0.00E+00   1.769E-20   1.446E-15                                                            
  Yb170    #  3.52797E+06   9.955E-16   0.000E+00   0.000E+00   0.00E+00   0.000E+00   0.000E+00                                                            
  Yb171    #  2.62405E+08   7.448E-14   0.000E+00   0.000E+00   0.00E+00   0.000E+00   0.000E+00                                                            
  Yb172    #  1.78599E+10   5.099E-12   0.000E+00   0.000E+00   0.00E+00   0.000E+00   0.000E+00                                                            
  Yb173    #  4.60469E+11   1.322E-10   0.000E+00   0.000E+00   0.00E+00   0.000E+00   0.000E+00                                                            
  Yb174    #  7.34369E+12   2.121E-09   0.000E+00   0.000E+00   0.00E+00   0.000E+00   0.000E+00                                                            
  Yb175       5.55132E+11   1.613E-10   1.064E+06   2.074E-11   0.00E+00   1.363E-11   4.518E-06                                                            
  Yb176    #  1.10499E+15   3.228E-07   0.000E+00   0.000E+00   0.00E+00   0.000E+00   0.000E+00                                                            
  Yb176m      1.54059E+07   4.501E-15   9.367E+05   2.170E-11   0.00E+00   1.359E-10   3.431E-05                                                            
  Yb177       1.19181E+11   3.502E-11   1.201E+07   8.196E-10   0.00E+00   3.831E-10   4.971E-04                                                            
  Yb177m      9.05004E+06   2.659E-15   9.786E+05   2.794E-11   0.00E+00   2.352E-11   1.783E-06                                                            
  Yb178       6.51857E+07   1.926E-14   1.018E+04   3.424E-13   0.00E+00   1.005E-12   4.313E-07                                                            
  Yb179       2.21936E+06   6.595E-16   3.205E+03   2.922E-13   0.00E+00   4.571E-13   3.943E-07                                                            
  Yb180   &   1.25461E+02   3.749E-20   6.039E-01   7.341E-17   0.00E+00   7.341E-17   1.683E-11                                                            
  Lu171       7.65230E+01   2.172E-20   7.441E-05   1.053E-21   0.00E+00   7.646E-21   7.733E-15                                                            
  Lu172       7.05507E+05   2.014E-16   8.448E-01   1.507E-17   0.00E+00   2.646E-16   3.698E-10                                                            
  Lu172m      8.77145E+01   2.504E-20   2.739E-01   1.764E-18   0.00E+00   7.316E-20   1.867E-14                                                            
  Lu173       7.65459E+09   2.198E-12   1.258E+02   9.310E-16   0.00E+00   3.431E-15   5.245E-10                                                            
  Lu174       1.60819E+12   4.645E-10   9.924E+03   7.127E-14   0.00E+00   1.855E-13   1.838E-07                                                            
  Lu174m      1.97437E+11   5.703E-11   1.115E+04   2.088E-13   0.00E+00   1.102E-13   1.822E-08                                                            
  Lu175    #  2.69799E+14   7.838E-08   0.000E+00   0.000E+00   0.00E+00   0.000E+00   0.000E+00                                                            
  Lu176       1.71247E+14   5.003E-08   9.404E-05   4.493E-21   0.00E+00   7.231E-21   2.388E-15                                                            
  Lu176m      3.51056E+10   1.026E-11   1.859E+06   1.389E-10   0.00E+00   4.239E-12   1.267E-07                                                            
  Lu177       4.54603E+13   1.336E-08   5.487E+07   1.295E-09   0.00E+00   2.939E-10   4.756E-05                                                            
  Lu177m      6.50491E+13   1.911E-08   3.256E+06   4.281E-11   0.00E+00   8.751E-11   4.173E-05                                                            
  Lu178       1.60090E+12   4.730E-10   6.512E+08   7.882E-08   0.00E+00   1.285E-08   2.085E-02                                                            
  Lu178m      6.84847E+11   2.024E-10   3.425E+08   2.689E-08   0.00E+00   5.773E-08   2.792E-02                                                            
  Lu179       9.59967E+11   2.853E-10   4.027E+07   3.137E-09   0.00E+00   1.898E-10   5.858E-05                                                            
  Lu180       1.31607E+10   3.933E-12   2.667E+07   2.529E-09   0.00E+00   6.207E-09   8.913E-03                                                            
  Lu181       2.04128E+07   6.134E-15   6.738E+04   9.607E-13   0.00E+00   6.045E-12   5.505E-06                                                            
  Lu182       1.19656E+06   3.615E-16   6.912E+03   1.761E-13   0.00E+00   2.281E-12   2.831E-06                                                            
  Lu183       5.80671E+02   1.764E-19   6.939E+00   1.248E-15   0.00E+00   7.242E-16   1.049E-09                                                            
  Hf172       8.23507E+03   2.351E-18   9.673E-05   1.064E-21   0.00E+00   1.694E-21   5.277E-17                                                            
  Hf173       1.60623E+06   4.613E-16   1.294E+01   1.079E-16   0.00E+00   8.222E-16   2.250E-10                                                            
  Hf174       1.12559E+11   3.251E-11   1.236E-12   0.000E+00   4.96E-28   0.000E+00   0.000E+00                                                            
  Hf175       7.44426E+12   2.163E-09   8.532E+05   6.221E-12   0.00E+00   4.962E-11   1.855E-05                                                            
  Hf176    #  8.15421E+15   2.382E-06   0.000E+00   0.000E+00   0.00E+00   0.000E+00   0.000E+00                                                            
  Hf177    #  5.22295E+16   1.535E-05   0.000E+00   0.000E+00   0.00E+00   0.000E+00   0.000E+00                                                            
  Hf177m      3.32750E+08   9.777E-14   2.136E+08   8.236E-09   0.00E+00   3.654E-08   1.069E-02                                                            
  Hf177n      3.33040E+11   9.785E-11   7.485E+07   3.017E-09   0.00E+00   1.412E-08   6.411E-03                                                            
  Hf178    #  2.04175E+18   6.033E-04   0.000E+00   0.000E+00   0.00E+00   0.000E+00   0.000E+00                                                            
  Hf178m      9.83529E+09   2.906E-12   1.704E+09   3.864E-08   0.00E+00   2.747E-07   1.336E-01                                                            
  Hf178n      9.64032E+15   2.849E-06   6.830E+06   8.057E-11   0.00E+00   1.339E-09   8.761E-04                                                            
  Hf179    #  7.19032E+19   2.137E-02   0.000E+00   0.000E+00   0.00E+00   0.000E+00   0.000E+00                                                            
  Hf179m      4.40276E+11   1.308E-10   1.635E+10   3.512E-07   0.00E+00   6.305E-07   1.130E-01                                                            
  Hf179n      1.37159E+16   4.076E-06   4.384E+09   1.309E-07   0.00E+00   6.455E-07   2.976E-01                                                            
  Hf180    #  2.68167E+20   8.013E-02   0.000E+00   0.000E+00   0.00E+00   0.000E+00   0.000E+00                                                            
  Hf180m      1.11088E+14   3.319E-08   3.889E+09   9.258E-08   0.00E+00   6.184E-07   3.180E-01                                                            
  Hf181       4.86434E+17   1.462E-04   9.208E+10   3.015E-06   0.00E+00   7.827E-06   4.879E+00                                                            
  Hf182       1.57575E+17   4.761E-05   3.846E+02   1.981E-15   0.00E+00   1.475E-14   2.838E-09                                                            
  Hf182m      1.01110E+11   3.055E-11   1.899E+07   6.867E-10   0.00E+00   2.740E-09   2.080E-03                                                            
  Hf183       8.63804E+13   2.624E-08   1.559E+10   1.060E-06   0.00E+00   1.891E-06   1.956E+00                                                            
  Hf184       4.22596E+09   1.291E-12   1.975E+05   1.464E-11   0.00E+00   7.483E-12   1.862E-06                                                            
  Hf184m  &   2.01218E+06   6.146E-16   2.906E+04   4.056E-12   0.00E+00   4.056E-12   1.161E-06                                                            
  Hf185   &   3.31487E+05   1.018E-16   1.094E+03   1.774E-13   0.00E+00   1.774E-13   6.359E-08                                                            
  Hf186   &   2.34366E+03   7.237E-19   1.041E+01   1.212E-15   0.00E+00   1.212E-15   2.587E-10                                                            
  Ta176       9.73471E+04   2.844E-17   2.317E+00   2.602E-17   0.00E+00   7.790E-16   1.312E-09                                                            
  Ta177       2.09728E+10   6.162E-12   7.160E+04   2.607E-13   0.00E+00   7.772E-13   1.254E-07                                                            
  Ta178       1.31951E+12   3.899E-10   1.641E+09   7.223E-09   0.00E+00   3.125E-08   2.647E-02                                                            
  Ta178m      7.05507E+12   2.085E-09   5.753E+08   1.407E-08   0.00E+00   1.064E-07   4.938E-02                                                            
  Ta179       1.89456E+19   5.630E-03   2.585E+11   3.063E-07   0.00E+00   1.211E-06   3.195E-02                                                            
  Ta180       7.86669E+16   2.351E-05   1.875E+12   1.924E-05   0.00E+00   1.379E-05   3.082E-01                                                            
  Ta180m      7.87502E+19   2.353E-02   9.609E-04   1.938E-20   0.00E+00   8.661E-20   2.720E-14                                                            
  Ta181    #  2.30562E+22   6.928E+00   0.000E+00   0.000E+00   0.00E+00   0.000E+00   0.000E+00                                                            
  Ta182       3.16329E+20   9.557E-02   2.213E+13   7.669E-04   0.00E+00   4.549E-03   6.928E+03                                                            
  Ta182m      5.10277E+12   1.542E-09   1.250E+13   2.867E-05   0.00E+00   3.839E-06   9.805E-01                                                            
  Ta182n      1.43133E+13   4.325E-09   1.044E+10   4.087E-07   0.00E+00   4.259E-07   3.445E-02                                                            
  Ta183       6.97154E+18   2.118E-03   1.099E+13   6.150E-04   0.00E+00   5.046E-04   1.002E+02                                                            
  Ta184       4.85902E+15   1.484E-06   1.075E+11   9.799E-06   0.00E+00   2.702E-05   2.594E+01                                                            
  Ta185       9.16582E+12   2.815E-09   2.161E+09   2.542E-07   0.00E+00   4.757E-08   7.234E-03                                                            
  Ta186       4.97763E+13   1.537E-08   5.477E+10   9.854E-06   0.00E+00   1.143E-05   9.789E+00                                                            
  Ta187   &   4.14881E+08   1.288E-13   2.396E+06   4.012E-10   0.00E+00   4.012E-10   1.505E-04                                                            
  Ta188   &   2.75131E+05   8.587E-17   9.535E+03   2.473E-12   0.00E+00   2.473E-12   1.604E-06                                                            
  W 177       3.05737E+05   8.983E-17   2.676E+01   3.510E-16   0.00E+00   3.495E-15   3.245E-09                                                            
  W 178       2.83641E+11   8.381E-11   1.053E+05   1.181E-13   0.00E+00   3.235E-13   1.162E-08                                                            
  W 179       9.02483E+14   2.682E-07   2.814E+11   5.806E-07   0.00E+00   2.437E-06   5.926E-02                                                            
  W 179m      3.36191E+13   9.990E-09   6.068E+10   1.536E-06   0.00E+00   2.032E-07   3.871E-02                                                            
  W 180    #> 2.55595E+21   7.637E-01   0.000E+00   0.000E+00   0.00E+00   0.000E+00   0.000E+00                                                            
  W 181       1.38151E+21   4.151E-01   9.161E+13   1.861E-04   0.00E+00   6.048E-04   1.449E+01                                                            
  W 182    #> 7.93670E+23   2.398E+02   0.000E+00   0.000E+00   0.00E+00   0.000E+00   0.000E+00                                                            
  W 183     > 4.97984E+23   1.513E+02   9.944E-02   0.000E+00   1.89E-17   0.000E+00   0.000E+00                                                            
  W 183m      3.11637E+14   9.467E-08   4.114E+13   1.213E-03   0.00E+00   8.266E-04   2.909E+01                                                            
  W 184     > 1.01392E+24   3.097E+02   5.568E-02   0.000E+00   1.48E-17   0.000E+00   0.000E+00                                                            
  W 185       1.24028E+21   3.809E-01   1.325E+14   2.692E-03   0.00E+00   1.065E-06   4.081E-02                                                            
  W 185m      5.32039E+15   1.634E-06   3.688E+13   1.016E-03   0.00E+00   1.521E-04   1.050E+01                                                            
  W 186     > 8.29323E+23   2.561E+02   3.087E-02   1.212E-18   2.78E-18   0.000E+00   0.000E+00                                                            
  W 187       2.64327E+19   8.206E-03   2.134E+14   1.030E-02   0.00E+00   1.512E-02   1.411E+04                                                            
  W 188       5.81669E+17   1.815E-04   6.687E+10   1.067E-06   0.00E+00   2.050E-08   3.877E-03                                                            
  W 189       1.04540E+11   3.280E-11   1.050E+08   1.402E-08   0.00E+00   2.070E-08   1.635E-02                                                            
  W 190       3.93931E+05   1.243E-16   1.517E+02   1.135E-14   0.00E+00   3.641E-15   1.477E-10                                                            
  Re181       1.31926E+07   3.964E-15   1.276E+02   2.600E-15   0.00E+00   1.610E-14   1.380E-08                                                            
  Re182       1.10983E+12   3.353E-10   3.339E+06   1.014E-10   0.00E+00   9.605E-10   1.170E-03                                                            
  Re182m      1.12770E+11   3.407E-11   1.710E+06   2.249E-11   0.00E+00   3.304E-10   4.898E-04                                                            
  Re183       4.87475E+16   1.481E-05   5.587E+09   9.749E-08   0.00E+00   1.444E-07   1.013E-02                                                            
  Re184       1.19127E+19   3.639E-03   2.700E+12   2.367E-05   0.00E+00   3.917E-04   4.671E+02                                                            
  Re184m      8.94749E+18   2.733E-03   4.273E+11   9.617E-06   0.00E+00   2.671E-05   2.169E+01                                                            
  Re185    #  2.52667E+22   7.760E+00   0.000E+00   0.000E+00   0.00E+00   0.000E+00   0.000E+00                                                            
  Re186       4.50658E+19   1.392E-02   9.641E+13   5.211E-03   0.00E+00   3.226E-04   2.264E+01                                                            
  Re186m      6.38898E+19   1.973E-02   7.029E+06   7.681E-11   0.00E+00   6.757E-11   1.751E-06                                                            
  Re187       5.99302E+22   1.861E+01   3.026E+04   3.200E-15   0.00E+00   0.000E+00   0.000E+00                                                            
  Re188       5.29038E+18   1.651E-03   5.999E+13   7.499E-03   0.00E+00   5.563E-04   3.963E+02                                                            
  Re188m      3.39264E+15   1.059E-06   2.107E+12   2.768E-05   0.00E+00   2.498E-05   7.606E-01                                                            
  Re189       3.31017E+14   1.039E-07   2.623E+09   1.391E-07   0.00E+00   2.334E-08   6.473E-03                                                            
  Re190       2.44198E+09   7.703E-13   9.100E+06   1.018E-09   0.00E+00   1.954E-09   1.751E-03                                                            
  Re190m      4.01800E+10   1.267E-11   2.422E+06   1.145E-10   0.00E+00   3.577E-10   2.952E-04                                                            
  Re191   &   6.51776E+06   2.067E-15   7.762E+03   9.041E-13   0.00E+00   2.772E-15   5.919E-10                                                            
  Re192       3.38409E+03   1.079E-18   3.783E+02   9.928E-14   0.00E+00   9.642E-15   2.551E-09                                                            
  Re193   &   1.25209E+00   4.012E-22   2.893E-02   4.778E-18   0.00E+00   4.778E-18   1.759E-12                                                            
  Os181m      5.62627E+00   1.691E-21   6.190E-04   8.331E-21   0.00E+00   1.369E-19   1.769E-13                                                            
  Os182       9.82879E+06   2.970E-15   8.563E+01   6.595E-16   0.00E+00   5.915E-15   3.078E-09                                                            
  Os183       7.19011E+11   2.184E-10   1.065E+07   1.239E-10   0.00E+00   1.078E-09   6.037E-04                                                            
  Os183m      1.72623E+11   5.244E-11   3.361E+06   1.939E-11   0.00E+00   5.380E-10   8.203E-04                                                            
  Os184       1.33572E+17   4.080E-05   5.239E-05   6.091E-21   1.24E-20   0.000E+00   0.000E+00                                                            
  Os185       1.84052E+19   5.653E-03   1.574E+12   4.623E-06   0.00E+00   1.813E-04   1.984E+02                                                            
  Os186       1.46183E+22   4.514E+00   1.605E-01   0.000E+00   7.26E-17   0.000E+00   0.000E+00                                                            
  Os187    #  1.41167E+21   4.383E-01   0.000E+00   0.000E+00   0.00E+00   0.000E+00   0.000E+00                                                            
  Os188    #  9.63434E+21   3.007E+00   0.000E+00   0.000E+00   0.00E+00   0.000E+00   0.000E+00                                                            
  Os189    #  6.43215E+20   2.018E-01   0.000E+00   0.000E+00   0.00E+00   0.000E+00   0.000E+00                                                            
  Os189m      1.84284E+16   5.782E-06   6.107E+11   2.809E-06   0.00E+00   2.129E-07   5.438E-02                                                            
  Os190    #  1.35320E+20   4.268E-02   0.000E+00   0.000E+00   0.00E+00   0.000E+00   0.000E+00                                                            
  Os191       5.49031E+16   1.741E-05   2.879E+10   1.731E-07   0.00E+00   0.000E+00   0.000E+00                                                            
  Os191m      1.77833E+15   5.639E-07   2.614E+10   2.788E-07   0.00E+00   3.269E-08   2.674E-03                                                            
  Os192    #  3.55011E+16   1.132E-05   0.000E+00   0.000E+00   0.00E+00   0.000E+00   0.000E+00                                                            
  Os192m  &   4.35404E+06   1.388E-15   5.115E+05   2.841E-12   0.00E+00   1.465E-10   4.367E-05                                                            
  Os193       4.79892E+11   1.538E-10   3.069E+06   1.866E-10   0.00E+00   3.297E-11   1.530E-05                                                            
  Os194       4.23441E+10   1.364E-11   1.553E+02   8.045E-16   0.00E+00   5.723E-17   1.627E-12                                                            
  Os195       5.51199E+03   1.785E-18   9.796E+00   1.123E-15   0.00E+00   2.232E-16   2.431E-10                                                            
  Ir187       1.02901E+01   3.195E-21   1.887E-04   1.928E-21   0.00E+00   9.115E-21   8.180E-15                                                            
  Ir188       1.63379E+06   5.099E-16   7.580E+00   5.052E-17   0.00E+00   2.550E-15   4.238E-09                                                            
  Ir189       6.50199E+10   2.040E-11   3.952E+04   2.835E-13   0.00E+00   5.031E-13   3.759E-08                                                            
  Ir190       2.16282E+14   6.822E-08   1.446E+08   1.671E-09   0.00E+00   3.424E-08   2.649E-02                                                            
  Ir190m      1.23438E+11   3.894E-11   2.122E+07   8.105E-11   0.00E+00   7.762E-12   1.983E-06                                                            
  Ir191    #  1.31853E+18   4.181E-04   0.000E+00   0.000E+00   0.00E+00   0.000E+00   0.000E+00                                                            
  Ir191m      2.03887E+11   6.465E-11   2.884E+10   4.423E-07   0.00E+00   3.484E-07   1.606E-02                                                            
  Ir191n      3.23574E+06   1.026E-15   4.078E+05   2.990E-12   0.00E+00   1.220E-10   9.389E-05                                                            
  Ir192       7.36700E+16   2.348E-05   8.006E+09   2.787E-07   0.00E+00   1.047E-06   6.165E-01                                                            
  Ir192m      7.31237E+11   2.331E-10   5.866E+09   5.116E-08   0.00E+00   2.292E-09   5.874E-04                                                            
  Ir192n      3.45027E+13   1.100E-08   3.145E+03   8.315E-14   0.00E+00   1.555E-15   3.289E-10                                                            
  Ir193    #  4.94413E+16   1.584E-05   0.000E+00   0.000E+00   0.00E+00   0.000E+00   0.000E+00                                                            
  Ir193m      7.28524E+14   2.334E-07   5.550E+08   6.910E-09   0.00E+00   2.304E-10   5.201E-05                                                            
  Ir194       1.55595E+13   5.012E-09   1.552E+08   2.015E-08   0.00E+00   2.263E-09   1.939E-03                                                            
  Ir195       1.02096E+09   3.305E-13   7.863E+04   4.767E-12   0.00E+00   7.356E-13   3.211E-08                                                            
  Ir195m      4.15625E+07   1.346E-14   2.106E+03   9.358E-14   0.00E+00   1.214E-13   7.065E-08                                                            
  Ir196       5.13684E+01   1.672E-20   6.847E-01   1.281E-16   0.00E+00   2.493E-17   2.417E-11                                                            
  Ir196m      7.21389E+02   2.347E-19   9.921E-02   7.153E-18   0.00E+00   3.926E-17   3.124E-11                                                            
  Pt188       5.67795E+01   1.772E-20   4.466E-05   5.335E-22   0.00E+00   1.469E-21   2.833E-16                                                            
  Pt189       4.40929E+05   1.384E-16   7.810E+00   1.096E-16   0.00E+00   5.917E-16   4.668E-10                                                            
  Pt190       7.49786E+10   2.365E-11   2.534E-09   0.000E+00   1.32E-24   0.000E+00   0.000E+00                                                            
  Pt191       1.48751E+13   4.717E-09   4.259E+07   4.499E-10   0.00E+00   2.008E-09   8.770E-04                                                            
  Pt192    #  4.11349E+17   1.311E-04   0.000E+00   0.000E+00   0.00E+00   0.000E+00   0.000E+00                                                            
  Pt193       9.98050E+15   3.198E-06   4.384E+06   5.519E-12   0.00E+00   2.373E-11   7.200E-07                                                            
  Pt193m      2.46292E+12   7.892E-10   4.553E+06   1.006E-10   0.00E+00   8.996E-12   5.623E-07                                                            
  Pt194    #  7.92107E+15   2.551E-06   0.000E+00   0.000E+00   0.00E+00   0.000E+00   0.000E+00                                                            
  Pt195    #  2.41398E+13   7.815E-09   0.000E+00   0.000E+00   0.00E+00   0.000E+00   0.000E+00                                                            
  Pt195m      5.35515E+09   1.734E-12   1.069E+04   2.894E-13   0.00E+00   1.301E-13   4.782E-09                                                            
  Pt196    #  1.13286E+12   3.686E-10   0.000E+00   0.000E+00   0.00E+00   0.000E+00   0.000E+00                                                            
  Pt197       5.72799E+06   1.873E-15   5.544E+01   2.260E-15   0.00E+00   2.166E-16   1.096E-11                                                            
  Pt197m      7.73432E+03   2.530E-18   9.376E-01   4.761E-17   0.00E+00   1.143E-17   2.734E-12                                                            
  Pt198    #  2.06235E+05   6.780E-17   0.000E+00   0.000E+00   0.00E+00   0.000E+00   0.000E+00                                                            
  Au195       7.80103E+02   2.526E-19   3.363E-05   2.263E-22   0.00E+00   4.672E-22   1.281E-17                                                            
  Au196       1.46002E+05   4.751E-17   1.894E-01   8.456E-19   0.00E+00   1.433E-17   5.895E-12                                                            
  Au196m      1.50175E+00   4.887E-22   1.285E-01   1.585E-18   0.00E+00   5.971E-20   1.335E-14                                                            
  Au196n      5.00667E+02   1.629E-19   1.004E-02   4.391E-19   0.00E+00   3.788E-19   2.757E-14                                                            
  Au197    #  1.64235E+09   5.372E-13   0.000E+00   0.000E+00   0.00E+00   0.000E+00   0.000E+00                                                            
  Au198       1.88467E+06   6.196E-16   5.612E+00   2.933E-16   0.00E+00   3.622E-16   2.811E-10                                                            
  Au198m      1.68050E+01   5.524E-21   5.862E-05   2.461E-21   0.00E+00   4.957E-21   7.905E-16                                                            
  Au199       2.91673E+03   9.637E-19   7.454E-03   1.733E-19   0.00E+00   1.147E-19   9.021E-15                                                            
  Hg195       1.42460E+00   4.612E-22   2.771E-05   2.466E-22   0.00E+00   8.856E-22   6.927E-16                                                            
  Hg195m      5.93106E+00   1.920E-21   2.741E-05   5.840E-22   0.00E+00   8.958E-22   3.896E-16                                                            
  Hg196       3.61481E+05   1.176E-16   3.176E-21   4.176E-37   0.00E+00   0.000E+00   0.000E+00                                                            
  Hg197       6.65050E+03   2.175E-18   1.982E-02   2.196E-19   0.00E+00   2.334E-19   7.046E-15                                                            
  Hg197m      1.37985E+03   4.513E-19   1.112E-02   3.572E-19   0.00E+00   1.389E-19   5.597E-15                                                            
  Hg198    #  1.66070E+08   5.459E-14   0.000E+00   0.000E+00   0.00E+00   0.000E+00   0.000E+00                                                            
  Hg199    #  1.28270E+06   4.238E-16   0.000E+00   0.000E+00   0.00E+00   0.000E+00   0.000E+00                                                            
  Hg200    #  1.21356E+05   4.030E-17   0.000E+00   0.000E+00   0.00E+00   0.000E+00   0.000E+00                                                            
  Hg201    #  1.28225E+02   4.279E-20   0.000E+00   0.000E+00   0.00E+00   0.000E+00   0.000E+00                                                            
0  TOTAL NUMBER OF NUCLIDES PRINTED IN INVENTORY =  200
0  TOTAL CURIES   TOTAL ALPHA   TOTAL BETA    TOTAL GAMMA
                  CURIE-MeV     CURIE-MeV     CURIE-MeV
   1.96733E+04   1.84025E-11   5.00068E+03   3.93577E+03
0  ALPHA BECQUERELS = 3.311168E-01  BETA BECQUERELS = 6.341930E+14  GAMMA BECQUERELS = 9.371759E+13
0  TOTAL ACTIVITY FOR ALL MATERIALS     7.27911E+14 Bq
   TOTAL ACTIVITY EXCLUDING TRITIUM     7.27910E+14 Bq
0  TOTAL ALPHA HEAT PRODUCTION          1.09091E-16 kW
   TOTAL BETA  HEAT PRODUCTION          2.96443E-02 kW
   TOTAL GAMMA HEAT PRODUCTION          2.33315E-02 kW              TOTAL HEAT PRODUCTION 5.29758E-02 kW
0  INITIAL TOTAL MASS OF MATERIAL       1.00000E+00 kg              TOTAL HEAT EX TRITIUM 5.29758E-02 kW
0  TOTAL MASS OF MATERIAL               1.00021E+00 kg
   NEUTRON  FLUX DURING INTERVAL        3.00000E+14 n/cm**2/s
0  NUMBER OF FISSIONS                  -8.91646E+11                 BURN-UP OF ACTINIDES  0.00000E+00 %
0  Total Displacement Rate (n,Ddiss) =  5.24125E+14 Displacements/sec  =  1.59993E-10 Displacements Per Atom/sec  =  5.04901E-03 DPA/year
   Total Displacement Rate (n,Dinel) =  8.39439E+16 Displacements/sec  =  2.56246E-08 Displacements Per Atom/sec  =  8.08650E-01 DPA/year
   Total Displacement Rate (n,Del  ) =  1.07366E+17 Displacements/sec  =  3.27743E-08 Displacements Per Atom/sec  =  1.03428E+00 DPA/year
   Total Displacement Rate (n,Dtot ) =  3.67051E+17 Displacements/sec  =  1.12045E-07 Displacements Per Atom/sec  =  3.53588E+00 DPA/year
0  KERMA RATE (n,Kktot) =  1.24029E+22 eV/sec = 1.98717E+00 kW/kg = 3.83523E-02 kW/cm^3
   KERMA RATE (n,Kphot) =  1.23307E+22 eV/sec = 1.97560E+00 kW/kg = 3.81291E-02 kW/cm^3
   KERMA RATE (n,Kalph) =  2.29729E+18 eV/sec = 3.68067E-04 kW/kg = 7.10368E-06 kW/cm^3
   KERMA RATE (n,Kprot) =  6.35451E+18 eV/sec = 1.01811E-03 kW/kg = 1.96494E-05 kW/cm^3
   KERMA RATE (n,Kdiss) =  1.03703E+22 eV/sec = 1.66150E+00 kW/kg = 3.20670E-02 kW/cm^3
   KERMA RATE (n,Kfiss) =  0.00000E+00 eV/sec = 0.00000E+00 kW/kg = 0.00000E+00 kW/cm^3
   KERMA RATE (n,Kinel) =  8.83907E+20 eV/sec = 1.41618E-01 kW/kg = 2.73322E-03 kW/cm^3
   KERMA RATE (n,Knone) =  1.26572E+22 eV/sec = 2.02791E+00 kW/kg = 3.91387E-02 kW/cm^3
   KERMA RATE (n,Kel  ) =  1.82271E+19 eV/sec = 2.92030E-03 kW/kg = 5.63619E-05 kW/cm^3
   KERMA RATE (n,Ktot ) =  1.26755E+22 eV/sec = 2.03083E+00 kW/kg = 3.91951E-02 kW/cm^3
0  GAS   RATE (n,Xa   ) =  1.08924E+11 atoms per sec =  3.32501E-08 appm/sec
   GAS   RATE (n,Xh   ) =  7.37889E-03 atoms per sec =  2.25247E-21 appm/sec
   GAS   RATE (n,Xt   ) =  2.04615E+09 atoms per sec =  6.24604E-10 appm/sec
   GAS   RATE (n,Xd   ) =  2.13862E+10 atoms per sec =  6.52832E-09 appm/sec
   GAS   RATE (n,Xp   ) =  5.01991E+11 atoms per sec =  1.53237E-07 appm/sec
0  GAS   RATE (a decay) =  3.31117E-01 atoms per sec =  1.01076E-19 appm/sec
0  APPM OF He  4    =  1.0330E+01
   APPM OF He  3    =  1.2580E-02
   APPM OF H   3    =  1.1767E-01
   APPM OF H   2    =  1.9422E+00
   APPM OF H   1    =  4.7565E+01



                                               COMPOSITION  OF  MATERIAL  BY  ELEMENT
                                               --------------------------------------
0                                                             BETA                     GAMMA                     ALPHA
                      ATOMS      GRAM-ATOMS     GRAMS      CURIES-MeV      kW        CURIES-MeV      kW        CURIES-MeV      kW

    1       H       1.6257E+20   2.6995E-04   2.8398E-04   1.0593E-04   6.2793E-10   0.0000E+00   0.0000E+00   0.0000E+00   0.0000E+00
    2       He      3.3882E+19   5.6262E-05   2.2513E-04   0.0000E+00   0.0000E+00   0.0000E+00   0.0000E+00   0.0000E+00   0.0000E+00
   68       Er      5.5702E+06   9.2495E-18   1.5723E-15   4.7173E-10   2.7964E-15   5.6579E-10   3.3540E-15   0.0000E+00   0.0000E+00
   69       Tm      8.3988E+07   1.3947E-16   2.3862E-14   2.3188E-09   1.3746E-14   4.1597E-09   2.4659E-14   0.0000E+00   0.0000E+00
   70       Yb      1.1135E+15   1.8490E-09   3.2529E-07   1.5023E-04   8.9059E-10   9.4061E-05   5.5760E-10   1.3687E-32   8.1139E-38
   71       Lu      5.5666E+14   9.2436E-10   1.6238E-07   1.9038E-02   1.1286E-07   1.3052E-02   7.7372E-08   0.0000E+00   0.0000E+00
   72       Hf      3.4284E+20   5.6930E-04   1.0232E-01   7.9288E-01   4.7002E-06   2.0145E+00   1.1942E-05   8.3644E-23   4.9585E-28
   73       Ta      2.3477E+22   3.8985E-02   7.0546E+00   2.4468E+02   1.4505E-03   8.6229E+02   5.1117E-03   0.0000E+00   0.0000E+00
   74       W       3.1401E+24   5.2143E+00   9.5844E+02   2.5995E+03   1.5410E-02   2.8175E+03   1.6702E-02   6.1510E-12   3.6464E-17
   75       Re      8.5332E+22   1.4170E-01   2.6407E+01   2.1543E+03   1.2771E-02   2.2309E+02   1.3225E-03   0.0000E+00   0.0000E+00
   76       Os      2.6461E+22   4.3940E-02   8.2093E+00   1.3301E+00   7.8848E-06   3.0633E+01   1.8159E-04   1.2251E-11   7.2627E-17
   77       Ir      1.4426E+18   2.3955E-06   4.5774E-04   1.3512E-01   8.0102E-07   2.4204E-01   1.4348E-06   0.0000E+00   0.0000E+00
   78       Pt      4.2929E+17   7.1286E-07   1.3688E-04   9.3853E-05   5.5637E-10   3.4430E-04   2.0410E-09   2.2266E-19   1.3199E-24
   79       Au      1.6444E+09   2.7306E-15   5.3783E-13   4.9995E-11   2.9637E-16   6.3611E-11   3.7709E-16   0.0000E+00   0.0000E+00
   80       Hg      1.6784E+08   2.7871E-16   5.5177E-14   9.7443E-14   5.7765E-19   6.3108E-14   3.7411E-19   0.0000E+00   0.0000E+00



                                               GAMMA SPECTRUM AND ENERGIES/SECOND
                                               ----------------------------------

     NEUTRONS PER SECOND ARISING FROM SPONTANEOUS FISSION                    0.00000E+00    Calculated density (g/cc)   19.30
     POWER FROM ALPHA PARTICLES (MeV per Second)                             6.80891E-01
     POWER FROM BETA  PARTICLES (MeV per Second)                             1.85025E+14
     TOTAL GAMMA POWER FROM ACTIVATION  (MeV per Second)                     1.45624E+14    Total gammas (per cc per second)      1.22817E+13
     GAMMA RAY POWER FROM ACTIVATION DECAY  MeV/s    (  0.000-  0.010 MeV)   9.42960E+11    Gammas per group (per cc per second)  3.63982E+12
                                                     (  0.010-  0.020 MeV)   4.25131E+06                                          5.47002E+06
                                                     (  0.020-  0.050 MeV)   1.59305E+11                                          8.78451E+10
                                                     (  0.050-  0.100 MeV)   1.55268E+13                                          3.99557E+12
                                                     (  0.100-  0.200 MeV)   8.53961E+12                                          1.09876E+12
                                                     (  0.200-  0.300 MeV)   2.24449E+12                                          1.73275E+11
                                                     (  0.300-  0.400 MeV)   7.52123E+11                                          4.14742E+10
                                                     (  0.400-  0.600 MeV)   2.95458E+13                                          1.14047E+12
                                                     (  0.600-  0.800 MeV)   5.88449E+13                                          1.62244E+12
                                                     (  0.800-  1.000 MeV)   3.24843E+12                                          6.96607E+10
                                                     (  1.000-  1.220 MeV)   1.38638E+13                                          2.41056E+11
                                                     (  1.220-  1.440 MeV)   1.16269E+13                                          1.68721E+11
                                                     (  1.440-  1.660 MeV)   1.27892E+11                                          1.59247E+09
                                                     (  1.660-  2.000 MeV)   9.77341E+10                                          1.03075E+09
                                                     (  2.000-  2.500 MeV)   1.84435E+09                                          1.58204E+07
                                                     (  2.500-  3.000 MeV)   2.74607E+01                                          1.92724E-01
                                                     (  3.000-  4.000 MeV)   5.36404E-01                                          2.95788E-03
                                                     (  4.000-  5.000 MeV)   0.00000E+00                                          0.00000E+00
                                                     (  5.000-  6.500 MeV)   0.00000E+00                                          0.00000E+00
                                                     (  6.500-  8.000 MeV)   0.00000E+00                                          0.00000E+00
                                                     (  8.000- 10.000 MeV)   0.00000E+00                                          0.00000E+00
                                                     ( 10.000- 12.000 MeV)   0.00000E+00                                          0.00000E+00
                                                     ( 12.000- 14.000 MeV)   0.00000E+00                                          0.00000E+00
                                                     ( 14.000- 20.000 MeV)   0.00000E+00                                          0.00000E+00

    DOSE RATE (PLANE SOURCE) FROM GAMMAS WITH ENERGY 0-20 MeV IS            2.23477E+04 Sieverts/hour   ( 2.23477E+06 Rems/hour)




                                               DOMINANT NUCLIDES
                                               -----------------

      NUCLIDE   ACTIVITY    PERCENT  NUCLIDE     HEAT      PERCENT  NUCLIDE  DOSE RATE    PERCENT 
                  (Bq)      ACTIVITY             (kW)       HEAT              (Sv/hr)    DOSE RATE
       Total   7.2791E+14             Total   5.2976E-02             Total   2.2348E+04
    1  W 187   2.1339E+14  29.32E+00  W 187   2.5415E-02  47.97E+00  W 187   1.4113E+04  63.15E+00
    2  W 185   1.3249E+14  18.20E+00  Re188   8.0550E-03  15.21E+00  Ta182   6.9277E+03  31.00E+00
    3  Re186   9.6411E+13  13.24E+00  Re186   5.5332E-03  10.44E+00  Re184   4.6706E+02  20.90E-01
    4  W 181   9.1612E+13  12.59E+00  Ta182   5.3161E-03  10.03E+00  Re188   3.9631E+02  17.73E-01
    5  Re188   5.9989E+13  82.41E-01  W 185   2.6928E-03  50.83E-01  Os185   1.9842E+02  88.79E-02
    6  W 183m  4.1145E+13  56.52E-01  W 183m  2.0394E-03  38.50E-01  Ta183   1.0020E+02  44.84E-02
    7  W 185m  3.6878E+13  50.66E-01  W 185m  1.1683E-03  22.05E-01  W 183m  2.9092E+01  13.02E-02
    8  Ta182   2.2125E+13  30.40E-01  Ta183   1.1197E-03  21.14E-01  Ta184   2.5944E+01  11.61E-02
    9  Ta182m  1.2498E+13  17.17E-01  W 181   7.9095E-04  14.93E-01  Re186   2.2642E+01  10.13E-02
   10  Ta183   1.0988E+13  15.10E-01  Re184   4.1540E-04  78.41E-02  Re184m  2.1686E+01  97.04E-03
   11  Re184   2.6997E+12  37.09E-02  Os185   1.8597E-04  35.10E-02  W 181   1.4491E+01  64.84E-03
   12  Re188m  2.1072E+12  28.95E-02  Re188m  5.2666E-05  99.42E-03  W 185m  1.0500E+01  46.98E-03
   13  Ta180   1.8746E+12  25.75E-02  Ta184   3.6820E-05  69.50E-03  Ta186   9.7886E+00  43.80E-03
   14  Os185   1.5742E+12  21.63E-02  Re184m  3.6326E-05  68.57E-03  Hf181   4.8789E+00  21.83E-03
   15  Os189m  6.1071E+11  83.90E-03  Ta180   3.3034E-05  62.36E-03  Hf183   1.9559E+00  87.52E-04
   16  Re184m  4.2727E+11  58.70E-03  Ta182m  3.2512E-05  61.37E-03  Ta182m  9.8047E-01  43.87E-04
   17  W 179   2.8140E+11  38.66E-03  Ta186   2.1288E-05  40.18E-03  Re188m  7.6059E-01  34.03E-04
   18  Ta179   2.5849E+11  35.51E-03  Hf181   1.0842E-05  20.47E-03  Ir192   6.1655E-01  27.59E-04
   19  Ta184   1.0754E+11  14.77E-03  Os189m  3.0223E-06  57.05E-04  Hf180m  3.1795E-01  14.23E-04
   20  Hf181   9.2082E+10  12.65E-03  W 179   3.0174E-06  56.96E-04  Ta180   3.0819E-01  13.79E-04
       Rest    3.4812E+11  47.82E-03  Rest    1.4802E-05  27.94E-03  Rest    1.0563E+00  47.27E-04

      NUCLIDE  GAMMA HEAT   PERCENT  NUCLIDE   BETA HEAT   PERCENT 
                  (kW)       GAMMA               (kW)       BETA
       Total   2.3331E-02             Total   2.9644E-02
    1  W 187   1.5115E-02  64.78E+00  W 187   1.0300E-02  34.74E+00
    2  Ta182   4.5492E-03  19.50E+00  Re188   7.4987E-03  25.30E+00
    3  W 183m  8.2657E-04  35.43E-01  Re186   5.2106E-03  17.58E+00
    4  W 181   6.0481E-04  25.92E-01  W 185   2.6917E-03  90.80E-01
    5  Re188   5.5631E-04  23.84E-01  W 183m  1.2129E-03  40.91E-01
    6  Ta183   5.0462E-04  21.63E-01  W 185m  1.0162E-03  34.28E-01
    7  Re184   3.9173E-04  16.79E-01  Ta182   7.6689E-04  25.87E-01
    8  Re186   3.2261E-04  13.83E-01  Ta183   6.1504E-04  20.75E-01
    9  Os185   1.8135E-04  77.73E-02  W 181   1.8614E-04  62.79E-02
   10  W 185m  1.5208E-04  65.18E-02  Ta182m  2.8672E-05  96.72E-03
   11  Ta184   2.7020E-05  11.58E-02  Re188m  2.7684E-05  93.39E-03
   12  Re184m  2.6709E-05  11.45E-02  Re184   2.3667E-05  79.84E-03
   13  Re188m  2.4983E-05  10.71E-02  Ta180   1.9239E-05  64.90E-03
   14  Ta180   1.3795E-05  59.12E-03  Ta186   9.8542E-06  33.24E-03
   15  Ta186   1.1433E-05  49.00E-03  Ta184   9.7993E-06  33.06E-03
   16  Hf181   7.8271E-06  33.55E-03  Re184m  9.6170E-06  32.44E-03
   17  Ta182m  3.8395E-06  16.46E-03  Os185   4.6232E-06  15.60E-03
   18  W 179   2.4368E-06  10.44E-03  Hf181   3.0154E-06  10.17E-03
   19  Hf183   1.8913E-06  81.06E-04  Os189m  2.8093E-06  94.77E-04
   20  Ta179   1.2112E-06  51.91E-04  W 179m  1.5362E-06  51.82E-04
       Rest    6.0781E-06  26.05E-03  Rest    5.9435E-06  20.05E-03
1                                                            Summary Output

0           Time       Cumulative   Activity               Dose rate             Heat output           Ingestion dose        Inhalation dose        Tritium activity
           (step)       (Years)      (Bq)                   (Sv/h)                (kW)                    (Sv)                   (Sv)                  (Bq)
 -----Irradiation Phase-----
 Irradn    10.000 y     1.00E+01   7.28E+14               2.23E+04               5.30E-02               0.00E+00               0.00E+00               6.87E+08
0 Mass of material input =  1.0000E+00 kg.

  Total irradiation time =  3.155760E+08 s
  Total fluence          =  9.467280E+22 n/cm2
  Mean flux              =  3.000000E+14 n/cm2/s
  Number of on-times     =    1

fispact run time=                   7.3130     secs


 ------------------------------------------------------------------
 Files that have been opened during this run.
 ------------------------------------------------------------------
 The numbers after the unit names are the internal unit numbers.

 output(38)      W_SSF_ext.out
 runlog(48)      W_SSF_ext.log
 ------------------------------------------------------------------



     Run timestamp:02:50:47 16 June 2019           

     Current time: 02:50:55 16 June 2019           
