



     ==============================================================================
     |                                                                            |
     |                                                                            |
     |             _____ ___ ____  ____   _    ____ _____    ___ ___              |
     |            |  ___|_ _/ ___||  _ \ / \  / ___|_   _|  |_ _|_ _|             |
     |            | |_   | |\___ \| |_) / _ \| |     | |_____| | | |              |
     |            |  _|  | | ___) |  __/ ___ \ |___  | |_____| | | |              |
     |            |_|   |___|____/|_| /_/   \_\____| |_|    |___|___|             |
     |                                                                            |
     |                            F I S P A C T - I I                             |
     |                            -------------------                             |
     |                                                                            |
     |                  Transmutation-Activation Inventory Code                   |
     |                   United Kingdom Atomic Energy Authority                   |
     |                                                                            |
     |                         Release 4.0 January 2018                           |
     |             Copyright (c) 2009-18, UK Atomic Energy Authority              |
     |                                                                            |
     ==============================================================================



1




     =========================================================================================================
     |                                                                                                       |
     |                      R U N   I D E N T I F I C A T I O N   I N F O R M A T I O N                      |
     |                                                                                                       |
     | INITIAL CROSS SECTION DATA                                                                            |
     | Collapsed library timestamp: 10:38:01 17 June 2019                                                    |
     | EAF source library label:                                                                             |
     | FLUX file label:             Flat spectra - dummy                                                     |
     |                                                                                                       |
     | DECAY DATA                                                                                            |
     | Condensed library timestamp: 10:38:01 17 June 2019                                                    |
     | EAF source library label:    Decay input from separate files                                          |
     |                                                                                                       |
     | THIS RUN                                                                                              |
     | timestamp:                   10:38:01 17 June 2019                                                    |
     | fileroot :                   simpleinventorywithoutcompress                                           |
     | name of FILES file:          files                                                                    |
     | FISPACT title:               * a simple inventory case without using compress_xs_endf                 |
     |                                                                                                       |
     | See the simpleinventorywithoutcompress.log file                                                       |
     | and summary details at the end of this file for further information on files used by this run         |
     |                                                                                                       |
     =========================================================================================================






                                   -------------------------------------------------------------------------------
                                   | NB: IN FOLLOWING TABLES                                                     |
                                   |                         ? MEANS CONVERGENCE NOT REACHED FOR NUCLIDE         |
                                   |                         & MEANS GAMMA SPECTRUM IS APPROXIMATELY CALCULATED  |
                                   |                         # MEANS NUCLIDE IS STABLE                           |
                                   |                         > MEANS NUCLIDE WAS PRESENT BEFORE IRRADIATION      |
                                   -------------------------------------------------------------------------------
                                   |                                                                             |
                                   |                                                                             |
                                   V                                                                             V
1 * * * TIME INTERVAL   1 * * * * * * * TIME IS   0.0000E+00 SECS * * * ELAPSED TIME IS   0.000ps   * * * FLUX AMP IS  0.0000E+00 /cm^2/s  * * * * * * * * * * * * * *
  NUCLIDE        ATOMS         GRAMS        Bq       b-Energy    a-Energy   g-Energy    DOSE RATE   INGESTION  INHALATION   HALF LIFE                        
                                                        kW          kW         kW         Sv/hr      DOSE(Sv)    DOSE(Sv)    seconds                         

  Fe 56    #> 1.00000E+20   9.288E-03   0.000E+00   0.000E+00   0.00E+00   0.000E+00   0.000E+00   0.000E+00   0.000E+00     Stable                         
0  TOTAL NUMBER OF NUCLIDES PRINTED IN INVENTORY =    1
0  TOTAL CURIES   TOTAL ALPHA   TOTAL BETA    TOTAL GAMMA
                  CURIE-MeV     CURIE-MeV     CURIE-MeV
   0.00000E+00   0.00000E+00   0.00000E+00   0.00000E+00
0  ALPHA BECQUERELS = 0.000000E+00  BETA BECQUERELS = 0.000000E+00  GAMMA BECQUERELS = 0.000000E+00
0  TOTAL ACTIVITY FOR ALL MATERIALS     0.00000E+00 Bq
                                        0.00000E+00 Ci/cc           DENSITY   1.00E+00 gm/cc
   TOTAL ACTIVITY EXCLUDING TRITIUM     0.00000E+00 Bq
                                        0.00000E+00 Ci/cc
0  TOTAL ALPHA HEAT PRODUCTION          0.00000E+00 kW
   TOTAL BETA  HEAT PRODUCTION          0.00000E+00 kW
   TOTAL GAMMA HEAT PRODUCTION          0.00000E+00 kW              TOTAL HEAT PRODUCTION 0.00000E+00 kW
0  INITIAL TOTAL MASS OF MATERIAL       9.28821E-06 kg              TOTAL HEAT EX TRITIUM 0.00000E+00 kW
0  TOTAL MASS OF MATERIAL               9.28821E-06 kg
   NEUTRON  FLUX DURING INTERVAL        0.00000E+00 n/cm**2/s
0  NUMBER OF FISSIONS                   0.00000E+00                 BURN-UP OF ACTINIDES  0.00000E+00 %
0  INGESTION  HAZARD FOR ALL MATERIALS  0.00000E+00 Sv/kg
   INHALATION HAZARD FOR ALL MATERIALS  0.00000E+00 Sv/kg
0  INGESTION  HAZARD EXCLUDING TRITIUM  0.00000E+00 Sv/kg
   INHALATION HAZARD EXCLUDING TRITIUM  0.00000E+00 Sv/kg



                                               COMPOSITION  OF  MATERIAL  BY  ELEMENT
                                               --------------------------------------
0                                                             BETA                     GAMMA                     ALPHA
                      ATOMS      GRAM-ATOMS     GRAMS      CURIES-MeV      kW        CURIES-MeV      kW        CURIES-MeV      kW

   26       Fe      1.0000E+20   1.6605E-04   9.2882E-03   0.0000E+00   0.0000E+00   0.0000E+00   0.0000E+00   0.0000E+00   0.0000E+00
1 * * * TIME INTERVAL   2 * * * * * * * TIME IS   3.0000E+02 SECS OR  5.0000E+00 MINS  * * * ELAPSED TIME IS   5.000 m   * * * FLUX AMP IS  0.0000E+00 /cm^2/s  * * *
  NUCLIDE        ATOMS         GRAMS        Bq       b-Energy    a-Energy   g-Energy    DOSE RATE   INGESTION  INHALATION   HALF LIFE                        
                                                        kW          kW         kW         Sv/hr      DOSE(Sv)    DOSE(Sv)    seconds                         

  Fe 56    #> 1.00000E+20   9.288E-03   0.000E+00   0.000E+00   0.00E+00   0.000E+00   0.000E+00   0.000E+00   0.000E+00     Stable                         
0  TOTAL NUMBER OF NUCLIDES PRINTED IN INVENTORY =    1
0  TOTAL CURIES   TOTAL ALPHA   TOTAL BETA    TOTAL GAMMA
                  CURIE-MeV     CURIE-MeV     CURIE-MeV
   0.00000E+00   0.00000E+00   0.00000E+00   0.00000E+00
0  ALPHA BECQUERELS = 0.000000E+00  BETA BECQUERELS = 0.000000E+00  GAMMA BECQUERELS = 0.000000E+00
0  TOTAL ACTIVITY FOR ALL MATERIALS     0.00000E+00 Bq
                                        0.00000E+00 Ci/cc           DENSITY   1.00E+00 gm/cc
   TOTAL ACTIVITY EXCLUDING TRITIUM     0.00000E+00 Bq
                                        0.00000E+00 Ci/cc
0  TOTAL ALPHA HEAT PRODUCTION          0.00000E+00 kW
   TOTAL BETA  HEAT PRODUCTION          0.00000E+00 kW
   TOTAL GAMMA HEAT PRODUCTION          0.00000E+00 kW              TOTAL HEAT PRODUCTION 0.00000E+00 kW
0  INITIAL TOTAL MASS OF MATERIAL       9.28821E-06 kg              TOTAL HEAT EX TRITIUM 0.00000E+00 kW
0  TOTAL MASS OF MATERIAL               9.28821E-06 kg
   NEUTRON  FLUX DURING INTERVAL        0.00000E+00 n/cm**2/s
0  NUMBER OF FISSIONS                   0.00000E+00                 BURN-UP OF ACTINIDES  0.00000E+00 %
0  INGESTION  HAZARD FOR ALL MATERIALS  0.00000E+00 Sv/kg
   INHALATION HAZARD FOR ALL MATERIALS  0.00000E+00 Sv/kg
0  INGESTION  HAZARD EXCLUDING TRITIUM  0.00000E+00 Sv/kg
   INHALATION HAZARD EXCLUDING TRITIUM  0.00000E+00 Sv/kg



                                               COMPOSITION  OF  MATERIAL  BY  ELEMENT
                                               --------------------------------------
0                                                             BETA                     GAMMA                     ALPHA
                      ATOMS      GRAM-ATOMS     GRAMS      CURIES-MeV      kW        CURIES-MeV      kW        CURIES-MeV      kW

   26       Fe      1.0000E+20   1.6605E-04   9.2882E-03   0.0000E+00   0.0000E+00   0.0000E+00   0.0000E+00   0.0000E+00   0.0000E+00



                                               GAMMA SPECTRUM AND ENERGIES/SECOND
                                               ----------------------------------

     NEUTRONS PER SECOND ARISING FROM SPONTANEOUS FISSION                    0.00000E+00    Entered density (g/cc)       1.00
     POWER FROM ALPHA PARTICLES (MeV per Second)                             0.00000E+00
     POWER FROM BETA  PARTICLES (MeV per Second)                             0.00000E+00
     TOTAL GAMMA POWER FROM ACTIVATION  (MeV per Second)                     0.00000E+00    Total gammas (per cc per second)      0.00000E+00
     GAMMA RAY POWER FROM ACTIVATION DECAY  MeV/s    (  0.000-  0.010 MeV)   0.00000E+00    Gammas per group (per cc per second)  0.00000E+00
                                                     (  0.010-  0.020 MeV)   0.00000E+00                                          0.00000E+00
                                                     (  0.020-  0.050 MeV)   0.00000E+00                                          0.00000E+00
                                                     (  0.050-  0.100 MeV)   0.00000E+00                                          0.00000E+00
                                                     (  0.100-  0.200 MeV)   0.00000E+00                                          0.00000E+00
                                                     (  0.200-  0.300 MeV)   0.00000E+00                                          0.00000E+00
                                                     (  0.300-  0.400 MeV)   0.00000E+00                                          0.00000E+00
                                                     (  0.400-  0.600 MeV)   0.00000E+00                                          0.00000E+00
                                                     (  0.600-  0.800 MeV)   0.00000E+00                                          0.00000E+00
                                                     (  0.800-  1.000 MeV)   0.00000E+00                                          0.00000E+00
                                                     (  1.000-  1.220 MeV)   0.00000E+00                                          0.00000E+00
                                                     (  1.220-  1.440 MeV)   0.00000E+00                                          0.00000E+00
                                                     (  1.440-  1.660 MeV)   0.00000E+00                                          0.00000E+00
                                                     (  1.660-  2.000 MeV)   0.00000E+00                                          0.00000E+00
                                                     (  2.000-  2.500 MeV)   0.00000E+00                                          0.00000E+00
                                                     (  2.500-  3.000 MeV)   0.00000E+00                                          0.00000E+00
                                                     (  3.000-  4.000 MeV)   0.00000E+00                                          0.00000E+00
                                                     (  4.000-  5.000 MeV)   0.00000E+00                                          0.00000E+00
                                                     (  5.000-  6.500 MeV)   0.00000E+00                                          0.00000E+00
                                                     (  6.500-  8.000 MeV)   0.00000E+00                                          0.00000E+00
                                                     (  8.000- 10.000 MeV)   0.00000E+00                                          0.00000E+00
                                                     ( 10.000- 12.000 MeV)   0.00000E+00                                          0.00000E+00
                                                     ( 12.000- 14.000 MeV)   0.00000E+00                                          0.00000E+00
                                                     ( 14.000- 20.000 MeV)   0.00000E+00                                          0.00000E+00

    DOSE RATE (PLANE SOURCE) FROM GAMMAS WITH ENERGY 0-20 MeV IS            0.00000E+00 Sieverts/hour   ( 0.00000E+00 Rems/hour)




                                                                           DOMINANT NUCLIDES
                                                                           -----------------

      NUCLIDE   ACTIVITY    PERCENT  NUCLIDE     HEAT      PERCENT  NUCLIDE  DOSE RATE    PERCENT  NUCLIDE  INGESTION    PERCENT  NUCLIDE  INHALATION   PERCENT 
                  (Bq)      ACTIVITY             (kW)       HEAT              (Sv/hr)    DOSE RATE            (Sv)      INGESTION            (Sv)     INHALATION
       Total   0.0000E+00             Total   0.0000E+00             Total   0.0000E+00             Total   0.0000E+00             Total   0.0000E+00

      NUCLIDE  GAMMA HEAT   PERCENT  NUCLIDE   BETA HEAT   PERCENT 
                  (kW)       GAMMA               (kW)       BETA
       Total   0.0000E+00             Total   0.0000E+00
1 * * * TIME INTERVAL   3 * * * * * * * TIME IS   1.8000E+02 SECS OR  3.0000E+00 MINS  * * * ELAPSED TIME IS   8.000 m   * * * FLUX AMP IS  0.0000E+00 /cm^2/s  * * *
  NUCLIDE        ATOMS         GRAMS        Bq       b-Energy    a-Energy   g-Energy    DOSE RATE   INGESTION  INHALATION   HALF LIFE                        
                                                        kW          kW         kW         Sv/hr      DOSE(Sv)    DOSE(Sv)    seconds                         

  Fe 56    #> 1.00000E+20   9.288E-03   0.000E+00   0.000E+00   0.00E+00   0.000E+00   0.000E+00   0.000E+00   0.000E+00     Stable                         
0  TOTAL NUMBER OF NUCLIDES PRINTED IN INVENTORY =    1
0  TOTAL CURIES   TOTAL ALPHA   TOTAL BETA    TOTAL GAMMA
                  CURIE-MeV     CURIE-MeV     CURIE-MeV
   0.00000E+00   0.00000E+00   0.00000E+00   0.00000E+00
0  ALPHA BECQUERELS = 0.000000E+00  BETA BECQUERELS = 0.000000E+00  GAMMA BECQUERELS = 0.000000E+00
0  TOTAL ACTIVITY FOR ALL MATERIALS     0.00000E+00 Bq
                                        0.00000E+00 Ci/cc           DENSITY   1.00E+00 gm/cc
   TOTAL ACTIVITY EXCLUDING TRITIUM     0.00000E+00 Bq
                                        0.00000E+00 Ci/cc
0  TOTAL ALPHA HEAT PRODUCTION          0.00000E+00 kW
   TOTAL BETA  HEAT PRODUCTION          0.00000E+00 kW
   TOTAL GAMMA HEAT PRODUCTION          0.00000E+00 kW              TOTAL HEAT PRODUCTION 0.00000E+00 kW
0  INITIAL TOTAL MASS OF MATERIAL       9.28821E-06 kg              TOTAL HEAT EX TRITIUM 0.00000E+00 kW
0  TOTAL MASS OF MATERIAL               9.28821E-06 kg
   NEUTRON  FLUX DURING INTERVAL        0.00000E+00 n/cm**2/s
0  NUMBER OF FISSIONS                   0.00000E+00                 BURN-UP OF ACTINIDES  0.00000E+00 %
0  INGESTION  HAZARD FOR ALL MATERIALS  0.00000E+00 Sv/kg
   INHALATION HAZARD FOR ALL MATERIALS  0.00000E+00 Sv/kg
0  INGESTION  HAZARD EXCLUDING TRITIUM  0.00000E+00 Sv/kg
   INHALATION HAZARD EXCLUDING TRITIUM  0.00000E+00 Sv/kg



                                               COMPOSITION  OF  MATERIAL  BY  ELEMENT
                                               --------------------------------------
0                                                             BETA                     GAMMA                     ALPHA
                      ATOMS      GRAM-ATOMS     GRAMS      CURIES-MeV      kW        CURIES-MeV      kW        CURIES-MeV      kW

   26       Fe      1.0000E+20   1.6605E-04   9.2882E-03   0.0000E+00   0.0000E+00   0.0000E+00   0.0000E+00   0.0000E+00   0.0000E+00



                                               GAMMA SPECTRUM AND ENERGIES/SECOND
                                               ----------------------------------

     NEUTRONS PER SECOND ARISING FROM SPONTANEOUS FISSION                    0.00000E+00    Entered density (g/cc)       1.00
     POWER FROM ALPHA PARTICLES (MeV per Second)                             0.00000E+00
     POWER FROM BETA  PARTICLES (MeV per Second)                             0.00000E+00
     TOTAL GAMMA POWER FROM ACTIVATION  (MeV per Second)                     0.00000E+00    Total gammas (per cc per second)      0.00000E+00
     GAMMA RAY POWER FROM ACTIVATION DECAY  MeV/s    (  0.000-  0.010 MeV)   0.00000E+00    Gammas per group (per cc per second)  0.00000E+00
                                                     (  0.010-  0.020 MeV)   0.00000E+00                                          0.00000E+00
                                                     (  0.020-  0.050 MeV)   0.00000E+00                                          0.00000E+00
                                                     (  0.050-  0.100 MeV)   0.00000E+00                                          0.00000E+00
                                                     (  0.100-  0.200 MeV)   0.00000E+00                                          0.00000E+00
                                                     (  0.200-  0.300 MeV)   0.00000E+00                                          0.00000E+00
                                                     (  0.300-  0.400 MeV)   0.00000E+00                                          0.00000E+00
                                                     (  0.400-  0.600 MeV)   0.00000E+00                                          0.00000E+00
                                                     (  0.600-  0.800 MeV)   0.00000E+00                                          0.00000E+00
                                                     (  0.800-  1.000 MeV)   0.00000E+00                                          0.00000E+00
                                                     (  1.000-  1.220 MeV)   0.00000E+00                                          0.00000E+00
                                                     (  1.220-  1.440 MeV)   0.00000E+00                                          0.00000E+00
                                                     (  1.440-  1.660 MeV)   0.00000E+00                                          0.00000E+00
                                                     (  1.660-  2.000 MeV)   0.00000E+00                                          0.00000E+00
                                                     (  2.000-  2.500 MeV)   0.00000E+00                                          0.00000E+00
                                                     (  2.500-  3.000 MeV)   0.00000E+00                                          0.00000E+00
                                                     (  3.000-  4.000 MeV)   0.00000E+00                                          0.00000E+00
                                                     (  4.000-  5.000 MeV)   0.00000E+00                                          0.00000E+00
                                                     (  5.000-  6.500 MeV)   0.00000E+00                                          0.00000E+00
                                                     (  6.500-  8.000 MeV)   0.00000E+00                                          0.00000E+00
                                                     (  8.000- 10.000 MeV)   0.00000E+00                                          0.00000E+00
                                                     ( 10.000- 12.000 MeV)   0.00000E+00                                          0.00000E+00
                                                     ( 12.000- 14.000 MeV)   0.00000E+00                                          0.00000E+00
                                                     ( 14.000- 20.000 MeV)   0.00000E+00                                          0.00000E+00

    DOSE RATE (PLANE SOURCE) FROM GAMMAS WITH ENERGY 0-20 MeV IS            0.00000E+00 Sieverts/hour   ( 0.00000E+00 Rems/hour)




                                                                           DOMINANT NUCLIDES
                                                                           -----------------

      NUCLIDE   ACTIVITY    PERCENT  NUCLIDE     HEAT      PERCENT  NUCLIDE  DOSE RATE    PERCENT  NUCLIDE  INGESTION    PERCENT  NUCLIDE  INHALATION   PERCENT 
                  (Bq)      ACTIVITY             (kW)       HEAT              (Sv/hr)    DOSE RATE            (Sv)      INGESTION            (Sv)     INHALATION
       Total   0.0000E+00             Total   0.0000E+00             Total   0.0000E+00             Total   0.0000E+00             Total   0.0000E+00

      NUCLIDE  GAMMA HEAT   PERCENT  NUCLIDE   BETA HEAT   PERCENT 
                  (kW)       GAMMA               (kW)       BETA
       Total   0.0000E+00             Total   0.0000E+00
1 * * * TIME INTERVAL   4 * * * * * * * TIME IS   6.0000E+02 SECS OR  1.0000E+01 MINS  * * * ELAPSED TIME IS  18.000 m   * * * FLUX AMP IS  1.3000E+13 /cm^2/s  * * *
  NUCLIDE        ATOMS         GRAMS        Bq       b-Energy    a-Energy   g-Energy    DOSE RATE   INGESTION  INHALATION   HALF LIFE                        
                                                        kW          kW         kW         Sv/hr      DOSE(Sv)    DOSE(Sv)    seconds                         

  H   1    #  5.91323E+10   9.896E-14   0.000E+00   0.000E+00   0.00E+00   0.000E+00   0.000E+00   0.000E+00   0.000E+00     Stable                         
  H   2    #  1.15972E+10   3.879E-14   0.000E+00   0.000E+00   0.00E+00   0.000E+00   0.000E+00   0.000E+00   0.000E+00     Stable                         
  H   3       2.47392E+09   1.239E-14   4.407E+00   4.030E-18   0.00E+00   0.000E+00   0.000E+00   1.851E-10   1.146E-09   3.891E+08                        
  He  3    #  7.04668E+09   3.529E-14   0.000E+00   0.000E+00   0.00E+00   0.000E+00   0.000E+00   0.000E+00   0.000E+00     Stable                         
  He  4    #  1.26872E+10   8.433E-14   0.000E+00   0.000E+00   0.00E+00   0.000E+00   0.000E+00   0.000E+00   0.000E+00     Stable                         
  P  31    #  2.01700E+06   1.037E-16   0.000E+00   0.000E+00   0.00E+00   0.000E+00   0.000E+00   0.000E+00   0.000E+00     Stable                         
  S  31       1.25496E+04   6.456E-19   3.382E+03   1.082E-12   0.00E+00   5.625E-13   7.731E-02   2.334E-09   2.537E-09   2.572E+00                        
  S  32    #  5.35109E+07   2.841E-15   0.000E+00   0.000E+00   0.00E+00   0.000E+00   0.000E+00   0.000E+00   0.000E+00     Stable                         
  S  33    #  1.16603E+08   6.384E-15   0.000E+00   0.000E+00   0.00E+00   0.000E+00   0.000E+00   0.000E+00   0.000E+00     Stable                         
  S  34    #  1.75385E+08   9.893E-15   0.000E+00   0.000E+00   0.00E+00   0.000E+00   0.000E+00   0.000E+00   0.000E+00     Stable                         
  S  35       3.91260E+07   2.272E-15   3.595E+00   2.806E-17   0.00E+00   0.000E+00   0.000E+00   2.768E-09   6.830E-09   7.544E+06                        
  S  36    #  1.31194E+07   7.835E-16   0.000E+00   0.000E+00   0.00E+00   0.000E+00   0.000E+00   0.000E+00   0.000E+00     Stable                         
  S  37       5.06279E+05   3.108E-17   1.172E+03   1.490E-13   0.00E+00   5.515E-13   1.217E-01   1.758E-08   1.524E-08   2.994E+02                        
  S  38       2.00450E+05   1.264E-17   1.360E+01   1.065E-15   0.00E+00   3.693E-15   7.934E-04   8.159E-09   4.895E-09   1.022E+04                        
  Cl 33       1.12386E+04   6.154E-19   3.102E+03   1.035E-12   0.00E+00   5.209E-13   7.205E-02   9.617E-10   7.446E-10   2.511E+00                        
  Cl 34       5.99234E+04   3.381E-18   2.722E+04   8.913E-12   0.00E+00   4.488E-12   6.075E-01   5.172E-09   3.811E-09   1.526E+00                        
  Cl 34m      1.66196E+07   9.376E-16   5.981E+03   4.230E-13   0.00E+00   1.897E-12   3.598E-01   5.802E-07   4.426E-07   1.926E+03                        
  Cl 35    #  1.70265E+08   9.887E-15   0.000E+00   0.000E+00   0.00E+00   0.000E+00   0.000E+00   0.000E+00   0.000E+00     Stable                         
  Cl 36       1.72768E+08   1.032E-14   1.261E-05   5.517E-22   0.00E+00   3.703E-26   4.884E-15   1.172E-14   9.203E-14   9.499E+12                        
  Cl 37    #  1.03722E+08   6.367E-15   0.000E+00   0.000E+00   0.00E+00   0.000E+00   0.000E+00   0.000E+00   0.000E+00     Stable                         
  Cl 38       1.94054E+07   1.223E-15   6.026E+03   1.470E-12   0.00E+00   1.442E-12   3.074E-01   7.232E-07   2.712E-07   2.232E+03                        
  Cl 38m      1.54104E+04   9.716E-19   1.494E+04   1.028E-15   0.00E+00   1.607E-12   2.535E-01   8.665E-10   4.332E-10   7.150E-01                        
  Cl 39       6.94497E+06   4.494E-16   1.443E+03   1.902E-13   0.00E+00   3.362E-13   6.413E-02   1.227E-07   6.638E-08   3.336E+03                        
  Cl 40       2.40022E+05   1.593E-17   2.054E+03   4.999E-13   0.00E+00   1.343E-12   2.845E-01   3.697E-08   2.876E-08   8.100E+01                        
  Cl 41   &   1.38967E+04   9.454E-19   2.508E+02   7.713E-14   0.00E+00   7.713E-14   9.729E-03   2.157E-09   1.630E-09   3.840E+01                        
  Ar 35       1.65415E+04   9.607E-19   6.460E+03   2.345E-12   0.00E+00   1.086E-12   1.501E-01   4.393E-07   2.196E-07   1.775E+00                        
  Ar 36    #  9.71358E+07   5.801E-15   0.000E+00   0.000E+00   0.00E+00   0.000E+00   0.000E+00   0.000E+00   0.000E+00     Stable                         
  Ar 37       2.39907E+08   1.473E-14   5.493E+01   1.716E-17   0.00E+00   1.962E-18   2.134E-07   5.438E-07   2.087E-06   3.027E+06                        
  Ar 38    #  3.74995E+08   2.364E-14   0.000E+00   0.000E+00   0.00E+00   0.000E+00   0.000E+00   0.000E+00   0.000E+00     Stable                         
  Ar 39       1.49263E+08   9.658E-15   1.219E-02   4.270E-19   0.00E+00   0.000E+00   0.000E+00   1.341E-08   4.631E-07   8.489E+09                        
  Ar 40    #  6.66113E+07   4.420E-15   0.000E+00   0.000E+00   0.00E+00   0.000E+00   0.000E+00   0.000E+00   0.000E+00     Stable                         
  Ar 41       1.35803E+07   9.238E-16   1.431E+03   1.063E-13   0.00E+00   2.946E-13   5.816E-02   1.861E-04   9.591E-05   6.576E+03                        
  Ar 42       2.43563E+06   1.697E-16   1.621E-03   6.047E-20   0.00E+00   0.000E+00   0.000E+00   6.485E-09   2.594E-07   1.041E+09                        
  Ar 43       1.09292E+05   7.798E-18   2.351E+02   5.193E-14   0.00E+00   5.613E-14   1.088E-02   2.586E-06   1.458E-06   3.222E+02                        
  K  37       4.94920E+03   3.039E-19   2.798E+03   1.052E-12   0.00E+00   4.807E-13   6.747E-02   1.931E-10   4.757E-11   1.226E+00                        
  K  38       2.08350E+07   1.314E-15   3.163E+04   6.088E-12   0.00E+00   1.617E-11   3.113E+00   1.044E-06   2.499E-07   4.566E+02                        
  K  38m      2.21797E+04   1.398E-18   1.664E+04   6.164E-12   0.00E+00   2.747E-12   3.713E-01   8.486E-10   1.997E-10   9.240E-01                        
  K  39    #  2.58524E+08   1.673E-14   0.000E+00   0.000E+00   0.00E+00   0.000E+00   0.000E+00   0.000E+00   0.000E+00     Stable                         
  K  40       3.38851E+08   2.249E-14   5.884E-09   4.274E-25   0.00E+00   1.468E-25   3.005E-14   3.648E-17   1.236E-17   3.992E+16                        
  K  41    #  2.02809E+08   1.379E-14   0.000E+00   0.000E+00   0.00E+00   0.000E+00   0.000E+00   0.000E+00   0.000E+00     Stable                         
  K  42       7.36845E+07   5.134E-15   1.148E+03   2.613E-13   0.00E+00   5.076E-14   1.037E-02   4.936E-07   1.378E-07   4.449E+04                        
  K  43       2.35510E+07   1.680E-15   2.043E+02   1.013E-14   0.00E+00   3.162E-14   4.380E-03   5.106E-08   2.860E-08   7.992E+04                        
  K  44       3.35963E+06   2.453E-16   1.754E+03   4.035E-13   0.00E+00   6.719E-13   1.369E-01   1.473E-07   3.508E-08   1.328E+03                        
  K  45       7.76169E+05   5.795E-17   5.183E+02   8.192E-14   0.00E+00   1.523E-13   3.042E-02   2.799E-08   7.775E-09   1.038E+03                        
  K  46       2.83858E+04   2.166E-18   1.874E+02   6.968E-14   0.00E+00   7.958E-14   1.654E-02   1.612E-09   3.935E-10   1.050E+02                        
  Ca 39       1.02682E+04   6.645E-19   8.280E+03   3.398E-12   0.00E+00   1.356E-12   1.850E-01   1.325E-09   2.981E-09   8.596E-01                        
  Ca 40    #  1.44534E+08   9.591E-15   0.000E+00   0.000E+00   0.00E+00   0.000E+00   0.000E+00   0.000E+00   0.000E+00     Stable                         
  Ca 41       4.25849E+08   2.897E-14   9.081E-05   4.137E-23   0.00E+00   6.360E-24   6.498E-13   1.725E-14   1.635E-14   3.250E+12                        
  Ca 42    #  6.28897E+08   4.382E-14   0.000E+00   0.000E+00   0.00E+00   0.000E+00   0.000E+00   0.000E+00   0.000E+00     Stable                         
  Ca 43    #  3.91072E+08   2.790E-14   0.000E+00   0.000E+00   0.00E+00   0.000E+00   0.000E+00   0.000E+00   0.000E+00     Stable                         
  Ca 44    #  1.63371E+08   1.192E-14   0.000E+00   0.000E+00   0.00E+00   0.000E+00   0.000E+00   0.000E+00   0.000E+00     Stable                         
  Ca 45       3.63230E+07   2.712E-15   1.788E+00   2.211E-17   0.00E+00   2.733E-24   2.818E-13   1.269E-09   6.615E-09   1.408E+07                        
  Ca 46    #  8.57844E+06   6.546E-16   0.000E+00   0.000E+00   0.00E+00   0.000E+00   0.000E+00   0.000E+00   0.000E+00     Stable                         
  Ca 47       1.07227E+06   8.360E-17   1.896E+00   1.047E-16   0.00E+00   3.221E-16   6.261E-05   3.033E-09   3.981E-09   3.921E+05                        
  Ca 48   &   1.91447E+05   1.524E-17   7.934E-23   2.776E-38   0.00E+00   5.975E-40   8.013E-29   1.666E-30   8.727E-30   1.673E+27                        
  Sc 41       1.07270E+03   7.298E-20   1.247E+03   5.077E-13   0.00E+00   2.042E-13   2.787E-02   1.372E-08   5.362E-09   5.963E-01                        
  Sc 42       1.89428E+04   1.320E-18   1.929E+04   7.749E-12   0.00E+00   3.155E-12   4.304E-01   2.507E-07   9.450E-08   6.808E-01                        
  Sc 42m      2.17660E+06   1.517E-16   2.433E+04   4.895E-12   0.00E+00   1.639E-11   2.933E+00   4.380E-05   1.679E-05   6.200E+01                        
  Sc 43       2.64032E+08   1.884E-14   1.307E+04   8.789E-13   0.00E+00   2.061E-12   2.769E-01   2.482E-06   1.437E-06   1.401E+04                        
  Sc 44       2.77468E+08   2.025E-14   1.346E+04   1.285E-12   0.00E+00   4.605E-12   7.566E-01   4.710E-06   2.422E-06   1.429E+04                        
  Sc 44m      2.10147E+08   1.534E-14   6.905E+02   3.631E-15   0.00E+00   3.045E-14   3.079E-03   1.657E-06   9.667E-07   2.110E+05                        
  Sc 45    #  5.06491E+08   3.781E-14   0.000E+00   0.000E+00   0.00E+00   0.000E+00   0.000E+00   0.000E+00   0.000E+00     Stable                         
  Sc 45m      7.89669E+04   5.895E-18   1.684E+05   3.160E-13   0.00E+00   1.889E-14   1.976E-03   3.537E-09   1.381E-09   3.250E-01                        
  Sc 46       2.32304E+08   1.773E-14   2.224E+01   3.994E-16   0.00E+00   7.161E-15   1.300E-03   3.336E-08   1.513E-07   7.239E+06                        
  Sc 46m      1.39628E+06   1.066E-16   5.176E+04   4.884E-13   0.00E+00   6.879E-13   3.401E-02   7.246E-07   2.795E-07   1.870E+01                        
  Sc 47       1.18606E+08   9.247E-15   2.840E+02   7.396E-15   0.00E+00   4.931E-15   2.428E-04   1.533E-07   2.073E-07   2.895E+05                        
  Sc 48       1.76130E+07   1.402E-15   7.766E+01   2.732E-15   0.00E+00   4.168E-14   7.792E-03   1.320E-07   8.542E-08   1.572E+05                        
  Sc 49       4.93267E+06   4.009E-16   9.962E+02   1.309E-13   0.00E+00   5.332E-16   3.549E-05   8.169E-08   3.985E-08   3.432E+03                        
  Sc 50       1.27467E+05   1.057E-17   8.620E+02   2.243E-13   0.00E+00   4.417E-13   8.321E-02   2.241E-06   8.620E-07   1.025E+02                        
  Ti 44       5.17783E+07   3.780E-15   1.896E-02   3.227E-20   0.00E+00   4.199E-19   7.248E-09   1.099E-10   2.275E-09   1.893E+09                        
  Ti 45       2.30919E+08   1.724E-14   1.444E+04   8.635E-13   0.00E+00   2.016E-12   2.753E-01   2.165E-06   1.343E-06   1.109E+04                        
  Ti 46    #  6.78765E+08   5.179E-14   0.000E+00   0.000E+00   0.00E+00   0.000E+00   0.000E+00   0.000E+00   0.000E+00     Stable                         
  Ti 47    #  5.82513E+08   4.542E-14   0.000E+00   0.000E+00   0.00E+00   0.000E+00   0.000E+00   0.000E+00   0.000E+00     Stable                         
  Ti 48    #  4.14629E+08   3.301E-14   0.000E+00   0.000E+00   0.00E+00   0.000E+00   0.000E+00   0.000E+00   0.000E+00     Stable                         
  Ti 49    #  1.09946E+08   8.936E-15   0.000E+00   0.000E+00   0.00E+00   0.000E+00   0.000E+00   0.000E+00   0.000E+00     Stable                         
  Ti 50    #  4.83214E+07   4.008E-15   0.000E+00   0.000E+00   0.00E+00   0.000E+00   0.000E+00   0.000E+00   0.000E+00     Stable                         
  Ti 51       2.66614E+06   2.256E-16   5.310E+03   7.393E-13   0.00E+00   3.102E-13   3.743E-02   7.966E-08   5.841E-08   3.480E+02                        
  Ti 52       8.67538E+04   7.483E-18   5.895E+02   7.128E-14   0.00E+00   1.213E-14   5.905E-04   7.074E-09   4.834E-09   1.020E+02                        
  V  46       2.92254E+04   2.230E-18   4.795E+04   2.162E-11   0.00E+00   7.848E-12   1.071E+00   1.918E-09   1.390E-09   4.225E-01                        
  V  47       2.37959E+08   1.855E-14   8.433E+04   1.085E-11   0.00E+00   1.344E-11   1.842E+00   5.313E-06   2.445E-06   1.956E+03                        
  V  48       6.36209E+08   5.066E-14   3.195E+02   7.642E-15   0.00E+00   1.493E-13   2.669E-02   6.390E-07   7.668E-07   1.380E+06                        
  V  49       9.67191E+08   7.861E-14   2.351E+01   1.350E-17   0.00E+00   3.567E-18   3.658E-07   4.232E-10   7.994E-10   2.851E+07                        
  V  50       4.87655E+08   4.045E-14   7.651E-17   1.922E-34   0.00E+00   1.745E-32   3.494E-21   4.897E-25   8.416E-25   4.418E+24                        
  V  51    #  4.40824E+08   3.729E-14   0.000E+00   0.000E+00   0.00E+00   0.000E+00   0.000E+00   0.000E+00   0.000E+00     Stable                         
  V  52       4.06046E+07   3.502E-15   1.253E+05   2.136E-11   0.00E+00   2.907E-11   5.728E+00   1.754E-06   1.152E-06   2.247E+02                        
  V  53       3.38313E+06   2.974E-16   2.413E+04   3.885E-12   0.00E+00   4.026E-12   7.538E-01   1.182E-07   8.685E-08   9.720E+01                        
  V  54       6.96093E+04   6.236E-18   9.689E+02   2.107E-13   0.00E+00   6.361E-13   1.260E-01   6.491E-09   4.747E-09   4.980E+01                        
  Cr 48       1.96467E+07   1.564E-15   1.755E+02   2.311E-16   0.00E+00   1.217E-14   1.178E-03   3.509E-08   3.860E-08   7.762E+04                        
  Cr 49       1.69718E+08   1.380E-14   4.679E+04   4.472E-12   0.00E+00   7.851E-12   9.861E-01   2.854E-06   1.638E-06   2.514E+03                        
  Cr 50       1.02173E+09   8.474E-14   1.247E-16   2.332E-32   0.00E+00   0.000E+00   0.000E+00   1.621E-25   1.621E-25   5.680E+24                        
  Cr 51       1.69138E+09   1.431E-13   4.898E+02   2.876E-16   0.00E+00   2.567E-15   2.854E-04   1.861E-08   1.812E-08   2.394E+06                        
  Cr 52    #  3.58916E+09   3.096E-13   0.000E+00   0.000E+00   0.00E+00   0.000E+00   0.000E+00   0.000E+00   0.000E+00     Stable                         
  Cr 53    #  3.43094E+09   3.016E-13   0.000E+00   0.000E+00   0.00E+00   0.000E+00   0.000E+00   0.000E+00   0.000E+00     Stable                         
  Cr 54    #  3.71003E+08   3.323E-14   0.000E+00   0.000E+00   0.00E+00   0.000E+00   0.000E+00   0.000E+00   0.000E+00     Stable                         
  Cr 55       8.81877E+06   8.045E-16   2.878E+04   5.056E-12   0.00E+00   1.956E-14   6.389E-04   4.029E-08   1.784E-08   2.124E+02                        
  Mn 50       1.26914E+03   1.053E-19   3.099E+03   1.539E-12   5.38E-16   5.069E-13   6.915E-02   5.578E-11   2.386E-11   2.839E-01                        
  Mn 50m      5.83313E+05   4.839E-17   3.851E+03   1.024E-12   0.00E+00   2.949E-12   5.163E-01   4.236E-08   1.694E-08   1.050E+02                        
  Mn 51       1.59897E+08   1.353E-14   3.998E+04   5.989E-12   0.00E+00   6.391E-12   8.734E-01   3.718E-06   1.639E-06   2.772E+03                        
  Mn 52       4.55700E+08   3.931E-14   6.534E+02   7.491E-15   0.00E+00   3.624E-13   6.460E-02   1.176E-06   9.148E-07   4.834E+05                        
  Mn 52m      3.48943E+08   3.010E-14   1.901E+05   3.451E-11   0.00E+00   7.338E-11   1.264E+01   1.312E-05   5.514E-06   1.272E+03                        
  Mn 53       3.91246E+09   3.439E-13   2.335E-05   1.497E-23   0.00E+00   5.321E-24   5.572E-13   7.006E-16   1.261E-15   1.161E+14                        
  Mn 54       6.17587E+09   5.532E-13   1.587E+02   1.024E-16   0.00E+00   2.126E-14   3.714E-03   1.127E-07   2.381E-07   2.697E+07                        
  Mn 55    #  1.42162E+10   1.297E-12   0.000E+00   0.000E+00   0.00E+00   0.000E+00   0.000E+00   0.000E+00   0.000E+00     Stable                         
  Mn 56       6.01601E+09   5.588E-13   4.485E+05   5.901E-11   0.00E+00   1.229E-10   2.411E+01   1.121E-04   5.383E-05   9.297E+03                        
  Fe 52       5.52000E+06   4.762E-16   1.284E+02   3.951E-15   0.00E+00   1.528E-14   1.781E-03   1.798E-07   8.092E-08   2.979E+04                        
  Fe 53       7.93629E+07   6.977E-15   1.077E+05   1.911E-11   0.00E+00   2.044E-11   2.746E+00   9.912E-07   9.696E-07   5.106E+02                        
  Fe 53m      1.14750E+06   1.009E-16   5.138E+03   0.000E+00   0.00E+00   2.498E-12   4.694E-01   3.340E-08   3.288E-08   1.548E+02                        
  Fe 54    #  2.30854E+09   2.068E-13   0.000E+00   0.000E+00   0.00E+00   0.000E+00   0.000E+00   0.000E+00   0.000E+00     Stable                         
  Fe 55       3.22995E+10   2.947E-12   2.594E+02   1.664E-16   0.00E+00   6.904E-17   7.511E-06   8.560E-08   1.997E-07   8.631E+07                        
  Fe 56    #> 1.00000E+20   9.288E-03   0.000E+00   0.000E+00   0.00E+00   0.000E+00   0.000E+00   0.000E+00   0.000E+00     Stable                         
  Fe 57    #  6.22989E+12   5.890E-10   0.000E+00   0.000E+00   0.00E+00   0.000E+00   0.000E+00   0.000E+00   0.000E+00     Stable                         
  Fe 58    #  1.94761E+05   1.874E-17   0.000E+00   0.000E+00   0.00E+00   0.000E+00   0.000E+00   0.000E+00   0.000E+00     Stable                         
0  TOTAL NUMBER OF NUCLIDES PRINTED IN INVENTORY =  112
0  TOTAL CURIES   TOTAL ALPHA   TOTAL BETA    TOTAL GAMMA
                  CURIE-MeV     CURIE-MeV     CURIE-MeV
   4.35316E-05   9.07277E-11   4.06036E-05   6.04780E-05
0  ALPHA BECQUERELS = 0.000000E+00  BETA BECQUERELS = 1.363538E+06  GAMMA BECQUERELS = 2.471310E+05
0  TOTAL ACTIVITY FOR ALL MATERIALS     1.61067E+06 Bq
                                        4.68676E-03 Ci/cc           DENSITY   1.00E+00 gm/cc
   TOTAL ACTIVITY EXCLUDING TRITIUM     1.61066E+06 Bq
                                        4.68675E-03 Ci/cc
0  TOTAL ALPHA HEAT PRODUCTION          5.37838E-16 kW
   TOTAL BETA  HEAT PRODUCTION          2.40700E-10 kW
   TOTAL GAMMA HEAT PRODUCTION          3.58517E-10 kW              TOTAL HEAT PRODUCTION 5.99217E-10 kW
0  INITIAL TOTAL MASS OF MATERIAL       9.28821E-06 kg              TOTAL HEAT EX TRITIUM 5.99217E-10 kW
0  TOTAL MASS OF MATERIAL               9.28821E-06 kg
   NEUTRON  FLUX DURING INTERVAL        1.30000E+13 n/cm**2/s
0  NUMBER OF FISSIONS                   0.00000E+00                 BURN-UP OF ACTINIDES  0.00000E+00 %
0  INGESTION  HAZARD FOR ALL MATERIALS  3.93865E-04 Sv/kg
   INHALATION HAZARD FOR ALL MATERIALS  1.96067E-04 Sv/kg
0  INGESTION  HAZARD EXCLUDING TRITIUM  3.93865E-04 Sv/kg
   INHALATION HAZARD EXCLUDING TRITIUM  1.96066E-04 Sv/kg
0  Total Displacement Rate (n,Ddiss) =  3.66829E+10 Displacements/sec  =  3.66829E-10 Displacements Per Atom/sec  =  1.15762E-02 DPA/year
   Total Displacement Rate (n,Dinel) =  1.20100E+11 Displacements/sec  =  1.20100E-09 Displacements Per Atom/sec  =  3.79008E-02 DPA/year
   Total Displacement Rate (n,Del  ) =  1.79068E+11 Displacements/sec  =  1.79068E-09 Displacements Per Atom/sec  =  5.65094E-02 DPA/year
   Total Displacement Rate (n,Dtot ) =  6.43958E+11 Displacements/sec  =  6.43958E-09 Displacements Per Atom/sec  =  2.03218E-01 DPA/year
0  KERMA RATE (n,Kktot) =  8.35472E+16 eV/sec = 1.44115E+00 kW/kg = 1.44115E-03 kW/cm^3
   KERMA RATE (n,Kphot) =  8.05773E+16 eV/sec = 1.38992E+00 kW/kg = 1.38992E-03 kW/cm^3
   KERMA RATE (n,Kalph) =  7.16532E+13 eV/sec = 1.23599E-03 kW/kg = 1.23599E-06 kW/cm^3
   KERMA RATE (n,Kprot) =  1.13010E+14 eV/sec = 1.94937E-03 kW/kg = 1.94937E-06 kW/cm^3
   KERMA RATE (n,Kdiss) =  7.96066E+16 eV/sec = 1.37318E+00 kW/kg = 1.37318E-03 kW/cm^3
   KERMA RATE (n,Kfiss) =  0.00000E+00 eV/sec = 0.00000E+00 kW/kg = 0.00000E+00 kW/cm^3
   KERMA RATE (n,Kinel) =  9.32300E+14 eV/sec = 1.60818E-02 kW/kg = 1.60818E-05 kW/cm^3
   KERMA RATE (n,Knone) =  8.37024E+16 eV/sec = 1.44383E+00 kW/kg = 1.44383E-03 kW/cm^3
   KERMA RATE (n,Kel  ) =  3.11783E+13 eV/sec = 5.37813E-04 kW/kg = 5.37813E-07 kW/cm^3
   KERMA RATE (n,Ktot ) =  8.37336E+16 eV/sec = 1.44437E+00 kW/kg = 1.44437E-03 kW/cm^3
0  GAS   RATE (n,Xa   ) =  2.11454E+07 atoms per sec =  2.11454E-07 appm/sec
   GAS   RATE (n,Xh   ) =  1.17452E+07 atoms per sec =  1.17452E-07 appm/sec
   GAS   RATE (n,Xt   ) =  4.12392E+06 atoms per sec =  4.12392E-08 appm/sec
   GAS   RATE (n,Xd   ) =  1.93286E+07 atoms per sec =  1.93286E-07 appm/sec
   GAS   RATE (n,Xp   ) =  9.85546E+07 atoms per sec =  9.85546E-07 appm/sec
0  APPM OF He  4    =  1.2687E-04
   APPM OF He  3    =  7.0467E-05
   APPM OF H   3    =  2.4739E-05
   APPM OF H   2    =  1.1597E-04
   APPM OF H   1    =  5.9132E-04



                                               COMPOSITION  OF  MATERIAL  BY  ELEMENT
                                               --------------------------------------
0                                                             BETA                     GAMMA                     ALPHA
                      ATOMS      GRAM-ATOMS     GRAMS      CURIES-MeV      kW        CURIES-MeV      kW        CURIES-MeV      kW

    1       H       7.3203E+10   1.2156E-13   1.5014E-13   6.7980E-13   4.0299E-18   0.0000E+00   0.0000E+00   0.0000E+00   0.0000E+00
    2       He      1.9734E+10   3.2769E-14   1.1962E-13   0.0000E+00   0.0000E+00   0.0000E+00   0.0000E+00   0.0000E+00   0.0000E+00
   15       P       2.0170E+06   3.3493E-18   1.0374E-16   0.0000E+00   0.0000E+00   0.0000E+00   0.0000E+00   0.0000E+00   0.0000E+00
   16       S       3.9846E+08   6.6166E-16   2.2217E-14   2.0777E-07   1.2317E-12   1.8855E-07   1.1177E-12   0.0000E+00   0.0000E+00
   17       Cl      4.9007E+08   8.1377E-16   2.9205E-14   2.1271E-06   1.2609E-11   1.9755E-06   1.1711E-11   0.0000E+00   0.0000E+00
   18       Ar      9.4405E+08   1.5676E-15   5.9347E-14   4.2221E-07   2.5029E-12   2.4239E-07   1.4369E-12   0.0000E+00   0.0000E+00
   19       K       9.2244E+08   1.5318E-15   6.1443E-14   2.3837E-06   1.4131E-11   3.4382E-06   2.0382E-11   0.0000E+00   0.0000E+00
   20       Ca      1.7999E+09   2.9888E-15   1.2566E-13   5.7322E-07   3.3981E-12   2.2878E-07   1.3562E-12   0.0000E+00   0.0000E+00
   21       Sc      1.6354E+09   2.7156E-15   1.2129E-13   2.7816E-06   1.6490E-11   4.6643E-06   2.7650E-11   0.0000E+00   0.0000E+00
   22       Ti      2.1196E+09   3.5197E-15   1.6442E-13   2.8240E-07   1.6741E-12   3.9452E-07   2.3387E-12   0.0000E+00   0.0000E+00
   23       V       2.8139E+09   4.6726E-15   2.2937E-13   9.7727E-06   5.7933E-11   9.3064E-06   5.5169E-11   0.0000E+00   0.0000E+00
   24       Cr      1.0302E+10   1.7108E-14   8.8839E-13   1.6074E-06   9.5285E-12   1.3302E-06   7.8856E-12   0.0000E+00   0.0000E+00
   25       Mn      3.1286E+10   5.1951E-14   2.8358E-12   1.7221E-05   1.0209E-10   3.4837E-05   2.0651E-10   9.0728E-11   5.3784E-16
   26       Fe      1.0000E+20   1.6605E-04   9.2882E-03   3.2240E-06   1.9112E-11   3.8723E-06   2.2955E-11   0.0000E+00   0.0000E+00



                                               GAMMA SPECTRUM AND ENERGIES/SECOND
                                               ----------------------------------

     NEUTRONS PER SECOND ARISING FROM SPONTANEOUS FISSION                    0.00000E+00    Entered density (g/cc)       1.00
     POWER FROM ALPHA PARTICLES (MeV per Second)                             3.35692E+00
     POWER FROM BETA  PARTICLES (MeV per Second)                             1.50233E+06
     TOTAL GAMMA POWER FROM ACTIVATION  (MeV per Second)                     2.23769E+06    Total gammas (per cc per second)      2.96079E+08
     GAMMA RAY POWER FROM ACTIVATION DECAY  MeV/s    (  0.000-  0.010 MeV)   1.55295E+02    Gammas per group (per cc per second)  3.34392E+06
                                                     (  0.010-  0.020 MeV)   7.65844E+00                                          5.49689E+04
                                                     (  0.020-  0.050 MeV)   5.92188E+00                                          1.82163E+04
                                                     (  0.050-  0.100 MeV)   2.80353E+03                                          4.02450E+06
                                                     (  0.100-  0.200 MeV)   7.13783E+03                                          5.12322E+06
                                                     (  0.200-  0.300 MeV)   4.85314E+02                                          2.09002E+05
                                                     (  0.300-  0.400 MeV)   2.13193E+04                                          6.55802E+06
                                                     (  0.400-  0.600 MeV)   7.17444E+05                                          1.54485E+08
                                                     (  0.600-  0.800 MeV)   1.83872E+04                                          2.82804E+06
                                                     (  0.800-  1.000 MeV)   3.78976E+05                                          4.53354E+07
                                                     (  1.000-  1.220 MeV)   5.01892E+04                                          4.86805E+06
                                                     (  1.220-  1.440 MeV)   4.94638E+05                                          4.00409E+07
                                                     (  1.440-  1.660 MeV)   5.09792E+04                                          3.54103E+06
                                                     (  1.660-  2.000 MeV)   2.27255E+05                                          1.33700E+07
                                                     (  2.000-  2.500 MeV)   2.25903E+05                                          1.08096E+07
                                                     (  2.500-  3.000 MeV)   2.84234E+04                                          1.11278E+06
                                                     (  3.000-  4.000 MeV)   1.08721E+04                                          3.34436E+05
                                                     (  4.000-  5.000 MeV)   4.16087E+02                                          9.95496E+03
                                                     (  5.000-  6.500 MeV)   6.60759E+02                                          1.23721E+04
                                                     (  6.500-  8.000 MeV)   0.00000E+00                                          0.00000E+00
                                                     (  8.000- 10.000 MeV)   0.00000E+00                                          0.00000E+00
                                                     ( 10.000- 12.000 MeV)   0.00000E+00                                          0.00000E+00
                                                     ( 12.000- 14.000 MeV)   0.00000E+00                                          0.00000E+00
                                                     ( 14.000- 20.000 MeV)   0.00000E+00                                          0.00000E+00

    DOSE RATE (PLANE SOURCE) FROM GAMMAS WITH ENERGY 0-20 MeV IS            6.32104E+01 Sieverts/hour   ( 6.32104E+03 Rems/hour)




                                                                           DOMINANT NUCLIDES
                                                                           -----------------

      NUCLIDE   ACTIVITY    PERCENT  NUCLIDE     HEAT      PERCENT  NUCLIDE  DOSE RATE    PERCENT  NUCLIDE  INGESTION    PERCENT  NUCLIDE  INHALATION   PERCENT 
                  (Bq)      ACTIVITY             (kW)       HEAT              (Sv/hr)    DOSE RATE            (Sv)      INGESTION            (Sv)     INHALATION
       Total   1.6107E+06             Total   5.9922E-10             Total   6.3210E+01             Total   3.9387E-04             Total   1.9607E-04
    1  Mn 56   4.4855E+05  27.85E+00  Mn 56   1.8192E-10  30.36E+00  Mn 56   2.4107E+01  38.14E+00  Ar 41   1.8609E-04  47.25E+00  Ar 41   9.5906E-05  48.92E+00
    2  Mn 52m  1.9015E+05  11.81E+00  Mn 52m  1.0789E-10  18.01E+00  Mn 52m  1.2642E+01  20.00E+00  Mn 56   1.1214E-04  28.47E+00  Mn 56   5.3826E-05  27.45E+00
    3  Sc 45m  1.6842E+05  10.46E+00  V  52   5.0425E-11  84.15E-01  V  52   5.7277E+00  90.61E-01  Sc 42m  4.3801E-05  11.12E+00  Sc 42m  1.6790E-05  85.64E-01
    4  V  52   1.2526E+05  77.77E-01  Fe 53   3.9550E-11  66.00E-01  K  38   3.1127E+00  49.24E-01  Mn 52m  1.3120E-05  33.31E-01  Mn 52m  5.5143E-06  28.12E-01
    5  Fe 53   1.0774E+05  66.89E-01  V  46   2.9467E-11  49.18E-01  Sc 42m  2.9328E+00  46.40E-01  V  47   5.3125E-06  13.49E-01  V  47   2.4454E-06  12.47E-01
    6  V  47   8.4326E+04  52.35E-01  V  47   2.4294E-11  40.54E-01  Fe 53   2.7464E+00  43.45E-01  Sc 44   4.7099E-06  11.96E-01  Sc 44   2.4222E-06  12.35E-01
    7  Sc 46m  5.1755E+04  32.13E-01  K  38   2.2256E-11  37.14E-01  V  47   1.8416E+00  29.13E-01  Mn 51   3.7184E-06  94.41E-02  Ar 37   2.0872E-06  10.65E-01
    8  V  46   4.7947E+04  29.77E-01  Sc 42m  2.1286E-11  35.52E-01  V  46   1.0708E+00  16.94E-01  Cr 49   2.8544E-06  72.47E-02  Mn 51   1.6393E-06  83.61E-02
    9  Cr 49   4.6794E+04  29.05E-01  Cl 34   1.3401E-11  22.36E-01  Cr 49   9.8613E-01  15.60E-01  Ar 43   2.5863E-06  65.67E-02  Cr 49   1.6378E-06  83.53E-02
   10  Mn 51   3.9983E+04  24.82E-01  Mn 51   1.2380E-11  20.66E-01  Mn 51   8.7345E-01  13.82E-01  Sc 43   2.4824E-06  63.03E-02  Ar 43   1.4577E-06  74.35E-02
   11  K  38   3.1629E+04  19.64E-01  Cr 49   1.2323E-11  20.57E-01  Sc 44   7.5664E-01  11.97E-01  Sc 50   2.2412E-06  56.90E-02  Sc 43   1.4372E-06  73.30E-02
   12  Cr 55   2.8779E+04  17.87E-01  Sc 42   1.0904E-11  18.20E-01  V  53   7.5379E-01  11.93E-01  Ti 45   2.1653E-06  54.98E-02  Ti 45   1.3425E-06  68.47E-02
   13  Cl 34   2.7219E+04  16.90E-01  K  38m  8.9117E-12  14.87E-01  Cl 34   6.0747E-01  96.10E-02  V  52   1.7536E-06  44.52E-02  V  52   1.1524E-06  58.77E-02
   14  Sc 42m  2.4334E+04  15.11E-01  V  53   7.9112E-12  13.20E-01  Mn 50m  5.1634E-01  81.69E-02  Sc 44m  1.6571E-06  42.07E-02  Fe 53   9.6963E-07  49.45E-02
   15  V  53   2.4126E+04  14.98E-01  Sc 44   5.8899E-12  98.29E-02  Fe 53m  4.6945E-01  74.27E-02  Mn 52   1.1762E-06  29.86E-02  Sc 44m  9.6667E-07  49.30E-02
   16  Sc 42   1.9286E+04  11.97E-01  Cr 55   5.0755E-12  84.70E-02  Sc 42   4.3044E-01  68.10E-02  K  38   1.0438E-06  26.50E-02  Mn 52   9.1479E-07  46.66E-02
   17  K  38m  1.6638E+04  10.33E-01  Ca 39   4.7538E-12  79.33E-02  K  38m  3.7134E-01  58.75E-02  Fe 53   9.9117E-07  25.17E-02  Sc 50   8.6198E-07  43.96E-02
   18  Cl 38m  1.4939E+04  92.75E-02  Mn 50m  3.9731E-12  66.31E-02  Cl 34m  3.5977E-01  56.92E-02  Sc 46m  7.2458E-07  18.40E-02  V  48   7.6685E-07  39.11E-02
   19  Ti 45   1.4436E+04  89.62E-02  Ar 35   3.4308E-12  57.25E-02  Cl 38   3.0738E-01  48.63E-02  Cl 38   7.2316E-07  18.36E-02  Ar 39   4.6313E-07  23.62E-02
   20  Sc 44   1.3457E+04  83.55E-02  Sc 43   2.9404E-12  49.07E-02  Cl 40   2.8449E-01  45.01E-02  V  48   6.3904E-07  16.22E-02  Cl 34m  4.4261E-07  22.57E-02
       Rest    8.4918E+04  52.72E-01  Rest    3.0230E-11  50.45E-01  Rest    2.3132E+00  36.60E-01  Rest    3.9414E-06  10.01E-01  Rest    3.0229E-06  15.42E-01

      NUCLIDE  GAMMA HEAT   PERCENT  NUCLIDE   BETA HEAT   PERCENT 
                  (kW)       GAMMA               (kW)       BETA
       Total   3.5852E-10             Total   2.4070E-10
    1  Mn 56   1.2291E-10  34.28E+00  Mn 56   5.9015E-11  24.52E+00
    2  Mn 52m  7.3378E-11  20.47E+00  Mn 52m  3.4515E-11  14.34E+00
    3  V  52   2.9066E-11  81.07E-01  V  46   2.1619E-11  89.82E-01
    4  Fe 53   2.0442E-11  57.02E-01  V  52   2.1359E-11  88.74E-01
    5  Sc 42m  1.6391E-11  45.72E-01  Fe 53   1.9108E-11  79.38E-01
    6  K  38   1.6168E-11  45.10E-01  V  47   1.0851E-11  45.08E-01
    7  V  47   1.3444E-11  37.50E-01  Cl 34   8.9127E-12  37.03E-01
    8  Cr 49   7.8513E-12  21.90E-01  Sc 42   7.7488E-12  32.19E-01
    9  V  46   7.8476E-12  21.89E-01  K  38m  6.1643E-12  25.61E-01
   10  Mn 51   6.3911E-12  17.83E-01  K  38   6.0877E-12  25.29E-01
   11  Sc 44   4.6048E-12  12.84E-01  Mn 51   5.9894E-12  24.88E-01
   12  Cl 34   4.4883E-12  12.52E-01  Cr 55   5.0559E-12  21.01E-01
   13  V  53   4.0261E-12  11.23E-01  Sc 42m  4.8954E-12  20.34E-01
   14  Sc 42   3.1553E-12  88.01E-02  Cr 49   4.4720E-12  18.58E-01
   15  Mn 50m  2.9490E-12  82.26E-02  V  53   3.8851E-12  16.14E-01
   16  K  38m  2.7474E-12  76.63E-02  Ca 39   3.3980E-12  14.12E-01
   17  Fe 53m  2.4982E-12  69.68E-02  Ar 35   2.3446E-12  97.41E-02
   18  Sc 43   2.0615E-12  57.50E-02  Mn 50   1.5392E-12  63.94E-02
   19  Ti 45   2.0164E-12  56.24E-02  Cl 38   1.4705E-12  61.09E-02
   20  Cl 34m  1.8966E-12  52.90E-02  Sc 44   1.2851E-12  53.39E-02
       Rest    1.4189E-11  39.58E-01  Rest    1.0984E-11  45.63E-01
1 * * * TIME INTERVAL   5 * * * COOLING TIME IS   3.6000E+05 SECS OR  4.1667E+00 DAYS  * * * ELAPSED TIME IS   4.179 d   * * * FLUX AMP IS  0.0000E+00 /cm^2/s  * * *
  NUCLIDE        ATOMS         GRAMS        Bq       b-Energy    a-Energy   g-Energy    DOSE RATE   INGESTION  INHALATION   HALF LIFE                        
                                                        kW          kW         kW         Sv/hr      DOSE(Sv)    DOSE(Sv)    seconds                         

  H   1    #  5.91323E+10   9.896E-14   0.000E+00   0.000E+00   0.00E+00   0.000E+00   0.000E+00   0.000E+00   0.000E+00     Stable                         
  H   2    #  1.15972E+10   3.879E-14   0.000E+00   0.000E+00   0.00E+00   0.000E+00   0.000E+00   0.000E+00   0.000E+00     Stable                         
  H   3       2.47234E+09   1.238E-14   4.404E+00   4.027E-18   0.00E+00   0.000E+00   0.000E+00   1.850E-10   1.145E-09   3.891E+08                        
  He  3    #  7.04826E+09   3.530E-14   0.000E+00   0.000E+00   0.00E+00   0.000E+00   0.000E+00   0.000E+00   0.000E+00     Stable                         
  He  4    #  1.26872E+10   8.433E-14   0.000E+00   0.000E+00   0.00E+00   0.000E+00   0.000E+00   0.000E+00   0.000E+00     Stable                         
  P  31    #  2.02955E+06   1.044E-16   0.000E+00   0.000E+00   0.00E+00   0.000E+00   0.000E+00   0.000E+00   0.000E+00     Stable                         
  S  32    #  5.35109E+07   2.841E-15   0.000E+00   0.000E+00   0.00E+00   0.000E+00   0.000E+00   0.000E+00   0.000E+00     Stable                         
  S  33    #  1.16614E+08   6.385E-15   0.000E+00   0.000E+00   0.00E+00   0.000E+00   0.000E+00   0.000E+00   0.000E+00     Stable                         
  S  34    #  1.92064E+08   1.083E-14   0.000E+00   0.000E+00   0.00E+00   0.000E+00   0.000E+00   0.000E+00   0.000E+00     Stable                         
  S  35       3.78531E+07   2.198E-15   3.478E+00   2.715E-17   0.00E+00   0.000E+00   0.000E+00   2.678E-09   6.608E-09   7.544E+06                        
  S  36    #  1.31194E+07   7.835E-16   0.000E+00   0.000E+00   0.00E+00   0.000E+00   0.000E+00   0.000E+00   0.000E+00     Stable                         
  Cl 35    #  1.71555E+08   9.962E-15   0.000E+00   0.000E+00   0.00E+00   0.000E+00   0.000E+00   0.000E+00   0.000E+00     Stable                         
  Cl 36       1.72768E+08   1.032E-14   1.261E-05   5.517E-22   0.00E+00   3.703E-26   4.884E-15   1.172E-14   9.203E-14   9.499E+12                        
  Cl 37    #  1.23210E+08   7.563E-15   0.000E+00   0.000E+00   0.00E+00   0.000E+00   0.000E+00   0.000E+00   0.000E+00     Stable                         
  Ar 36    #  9.71358E+07   5.801E-15   0.000E+00   0.000E+00   0.00E+00   0.000E+00   0.000E+00   0.000E+00   0.000E+00     Stable                         
  Ar 37       2.20931E+08   1.356E-14   5.058E+01   1.580E-17   0.00E+00   1.806E-18   1.965E-07   5.008E-07   1.922E-06   3.027E+06                        
  Ar 38    #  4.15474E+08   2.619E-14   0.000E+00   0.000E+00   0.00E+00   0.000E+00   0.000E+00   0.000E+00   0.000E+00     Stable                         
  Ar 39       1.56203E+08   1.011E-14   1.275E-02   4.468E-19   0.00E+00   0.000E+00   0.000E+00   1.403E-08   4.847E-07   8.489E+09                        
  Ar 40    #  6.68513E+07   4.436E-15   0.000E+00   0.000E+00   0.00E+00   0.000E+00   0.000E+00   0.000E+00   0.000E+00     Stable                         
  Ar 42       2.43505E+06   1.697E-16   1.621E-03   6.046E-20   0.00E+00   0.000E+00   0.000E+00   6.483E-09   2.593E-07   1.041E+09                        
  K  39    #  2.58538E+08   1.673E-14   0.000E+00   0.000E+00   0.00E+00   0.000E+00   0.000E+00   0.000E+00   0.000E+00     Stable                         
  K  40       3.38851E+08   2.249E-14   5.884E-09   4.274E-25   0.00E+00   1.468E-25   3.005E-14   3.648E-17   1.236E-17   3.992E+16                        
  K  41    #  2.16403E+08   1.472E-14   0.000E+00   0.000E+00   0.00E+00   0.000E+00   0.000E+00   0.000E+00   0.000E+00     Stable                         
  K  42       1.19545E+05   8.330E-18   1.862E+00   4.239E-16   0.00E+00   8.235E-17   1.683E-05   8.008E-10   2.235E-10   4.449E+04                        
  K  43       9.66545E+05   6.895E-17   8.383E+00   4.158E-16   0.00E+00   1.298E-15   1.798E-04   2.096E-09   1.174E-09   7.992E+04                        
  Ca 40    #  1.44534E+08   9.591E-15   0.000E+00   0.000E+00   0.00E+00   0.000E+00   0.000E+00   0.000E+00   0.000E+00     Stable                         
  Ca 41       4.25850E+08   2.897E-14   9.081E-05   4.137E-23   0.00E+00   6.360E-24   6.498E-13   1.725E-14   1.635E-14   3.250E+12                        
  Ca 42    #  7.04658E+08   4.910E-14   0.000E+00   0.000E+00   0.00E+00   0.000E+00   0.000E+00   0.000E+00   0.000E+00     Stable                         
  Ca 43    #  6.77800E+08   4.835E-14   0.000E+00   0.000E+00   0.00E+00   0.000E+00   0.000E+00   0.000E+00   0.000E+00     Stable                         
  Ca 44    #  5.85574E+08   4.274E-14   0.000E+00   0.000E+00   0.00E+00   0.000E+00   0.000E+00   0.000E+00   0.000E+00     Stable                         
  Ca 45       3.64477E+07   2.721E-15   1.794E+00   2.219E-17   0.00E+00   2.743E-24   2.828E-13   1.274E-09   6.637E-09   1.408E+07                        
  Ca 46    #  8.60683E+06   6.568E-16   0.000E+00   0.000E+00   0.00E+00   0.000E+00   0.000E+00   0.000E+00   0.000E+00     Stable                         
  Ca 47       5.67135E+05   4.422E-17   1.003E+00   5.536E-17   0.00E+00   1.703E-16   3.311E-05   1.604E-09   2.105E-09   3.921E+05                        
  Ca 48   &   1.91447E+05   1.524E-17   7.934E-23   2.776E-38   0.00E+00   5.975E-40   8.013E-29   1.666E-30   8.727E-30   1.673E+27                        
  Sc 44       4.60493E+06   3.361E-16   2.233E+02   2.133E-14   0.00E+00   7.642E-14   1.256E-02   7.817E-08   4.020E-08   1.429E+04                        
  Sc 44m      6.41732E+07   4.684E-15   2.109E+02   1.109E-15   0.00E+00   9.299E-15   9.403E-04   5.060E-07   2.952E-07   2.110E+05                        
  Sc 45    #  7.38141E+08   5.510E-14   0.000E+00   0.000E+00   0.00E+00   0.000E+00   0.000E+00   0.000E+00   0.000E+00     Stable                         
  Sc 46       2.25782E+08   1.723E-14   2.162E+01   3.882E-16   0.00E+00   6.960E-15   1.264E-03   3.243E-08   1.470E-07   7.239E+06                        
  Sc 47       5.03563E+07   3.926E-15   1.206E+02   3.140E-15   0.00E+00   2.094E-15   1.031E-04   6.510E-08   8.801E-08   2.895E+05                        
  Sc 48       3.57149E+06   2.844E-16   1.575E+01   5.540E-16   0.00E+00   8.451E-15   1.580E-03   2.677E-08   1.732E-08   1.572E+05                        
  Ti 44       5.17714E+07   3.779E-15   1.895E-02   3.227E-20   0.00E+00   4.198E-19   7.247E-09   1.099E-10   2.274E-09   1.893E+09                        
  Ti 46    #  6.86712E+08   5.240E-14   0.000E+00   0.000E+00   0.00E+00   0.000E+00   0.000E+00   0.000E+00   0.000E+00     Stable                         
  Ti 47    #  8.89228E+08   6.933E-14   0.000E+00   0.000E+00   0.00E+00   0.000E+00   0.000E+00   0.000E+00   0.000E+00     Stable                         
  Ti 48    #  5.36221E+08   4.269E-14   0.000E+00   0.000E+00   0.00E+00   0.000E+00   0.000E+00   0.000E+00   0.000E+00     Stable                         
  Ti 49    #  1.24771E+08   1.014E-14   0.000E+00   0.000E+00   0.00E+00   0.000E+00   0.000E+00   0.000E+00   0.000E+00     Stable                         
  Ti 50    #  4.84490E+07   4.018E-15   0.000E+00   0.000E+00   0.00E+00   0.000E+00   0.000E+00   0.000E+00   0.000E+00     Stable                         
  V  48       5.47580E+08   4.360E-14   2.750E+02   6.577E-15   0.00E+00   1.285E-13   2.297E-02   5.500E-07   6.600E-07   1.380E+06                        
  V  49       1.12702E+09   9.160E-14   2.740E+01   1.573E-17   0.00E+00   4.157E-18   4.263E-07   4.932E-10   9.316E-10   2.851E+07                        
  V  50       4.87655E+08   4.045E-14   7.651E-17   1.922E-34   0.00E+00   1.745E-32   3.494E-21   4.897E-25   8.416E-25   4.418E+24                        
  V  51    #  6.26607E+08   5.301E-14   0.000E+00   0.000E+00   0.00E+00   0.000E+00   0.000E+00   0.000E+00   0.000E+00     Stable                         
  Cr 48       7.25695E+05   5.779E-17   6.481E+00   8.537E-18   0.00E+00   4.497E-16   4.351E-05   1.296E-09   1.426E-09   7.762E+04                        
  Cr 50       1.02232E+09   8.479E-14   1.247E-16   2.333E-32   0.00E+00   0.000E+00   0.000E+00   1.622E-25   1.622E-25   5.680E+24                        
  Cr 51       1.66816E+09   1.411E-13   4.831E+02   2.836E-16   0.00E+00   2.532E-15   2.815E-04   1.836E-08   1.787E-08   2.394E+06                        
  Cr 52    #  4.16442E+09   3.592E-13   0.000E+00   0.000E+00   0.00E+00   0.000E+00   0.000E+00   0.000E+00   0.000E+00     Stable                         
  Cr 53    #  3.43432E+09   3.019E-13   0.000E+00   0.000E+00   0.00E+00   0.000E+00   0.000E+00   0.000E+00   0.000E+00     Stable                         
  Cr 54    #  4.27954E+08   3.833E-14   0.000E+00   0.000E+00   0.00E+00   0.000E+00   0.000E+00   0.000E+00   0.000E+00     Stable                         
  Mn 52       2.75598E+08   2.377E-14   3.952E+02   4.531E-15   0.00E+00   2.191E-13   3.907E-02   7.113E-07   5.532E-07   4.834E+05                        
  Mn 53       3.99297E+09   3.510E-13   2.383E-05   1.528E-23   0.00E+00   5.430E-24   5.687E-13   7.150E-16   1.287E-15   1.161E+14                        
  Mn 54       6.11899E+09   5.481E-13   1.573E+02   1.015E-16   0.00E+00   2.107E-14   3.679E-03   1.117E-07   2.359E-07   2.697E+07                        
  Mn 55    #  1.43182E+10   1.306E-12   0.000E+00   0.000E+00   0.00E+00   0.000E+00   0.000E+00   0.000E+00   0.000E+00     Stable                         
  Fe 54    #  2.30854E+09   2.068E-13   0.000E+00   0.000E+00   0.00E+00   0.000E+00   0.000E+00   0.000E+00   0.000E+00     Stable                         
  Fe 55       3.22063E+10   2.938E-12   2.587E+02   1.659E-16   0.00E+00   6.884E-17   7.489E-06   8.535E-08   1.992E-07   8.631E+07                        
  Fe 56    #> 1.00000E+20   9.288E-03   0.000E+00   0.000E+00   0.00E+00   0.000E+00   0.000E+00   0.000E+00   0.000E+00     Stable                         
  Fe 57    #  6.22989E+12   5.890E-10   0.000E+00   0.000E+00   0.00E+00   0.000E+00   0.000E+00   0.000E+00   0.000E+00     Stable                         
  Fe 58    #  1.94761E+05   1.874E-17   0.000E+00   0.000E+00   0.00E+00   0.000E+00   0.000E+00   0.000E+00   0.000E+00     Stable                         
0  TOTAL NUMBER OF NUCLIDES PRINTED IN INVENTORY =   65
0  TOTAL CURIES   TOTAL ALPHA   TOTAL BETA    TOTAL GAMMA
                  CURIE-MeV     CURIE-MeV     CURIE-MeV
   6.12627E-08   0.00000E+00   6.60693E-09   8.03845E-08
0  ALPHA BECQUERELS = 0.000000E+00  BETA BECQUERELS = 2.058459E+03  GAMMA BECQUERELS = 2.082592E+02
0  TOTAL ACTIVITY FOR ALL MATERIALS     2.26672E+03 Bq
                                        6.59575E-06 Ci/cc           DENSITY   1.00E+00 gm/cc
   TOTAL ACTIVITY EXCLUDING TRITIUM     2.26231E+03 Bq
                                        6.58293E-06 Ci/cc
0  TOTAL ALPHA HEAT PRODUCTION          0.00000E+00 kW
   TOTAL BETA  HEAT PRODUCTION          3.91662E-14 kW
   TOTAL GAMMA HEAT PRODUCTION          4.76524E-13 kW              TOTAL HEAT PRODUCTION 5.15690E-13 kW
0  INITIAL TOTAL MASS OF MATERIAL       9.28821E-06 kg              TOTAL HEAT EX TRITIUM 5.15686E-13 kW
0  TOTAL MASS OF MATERIAL               9.28821E-06 kg
   NEUTRON  FLUX DURING INTERVAL        0.00000E+00 n/cm**2/s
0  NUMBER OF FISSIONS                   0.00000E+00                 BURN-UP OF ACTINIDES  0.00000E+00 %
0  INGESTION  HAZARD FOR ALL MATERIALS  2.71704E-06 Sv/kg
   INHALATION HAZARD FOR ALL MATERIALS  4.94259E-06 Sv/kg
0  INGESTION  HAZARD EXCLUDING TRITIUM  2.71685E-06 Sv/kg
   INHALATION HAZARD EXCLUDING TRITIUM  4.94145E-06 Sv/kg
0  APPM OF He  4    =  1.2687E-04
   APPM OF He  3    =  7.0483E-05
   APPM OF H   3    =  2.4723E-05
   APPM OF H   2    =  1.1597E-04
   APPM OF H   1    =  5.9132E-04



                                               COMPOSITION  OF  MATERIAL  BY  ELEMENT
                                               --------------------------------------
0                                                             BETA                     GAMMA                     ALPHA
                      ATOMS      GRAM-ATOMS     GRAMS      CURIES-MeV      kW        CURIES-MeV      kW        CURIES-MeV      kW

    1       H       7.3202E+10   1.2155E-13   1.5013E-13   6.7936E-13   4.0273E-18   0.0000E+00   0.0000E+00   0.0000E+00   0.0000E+00
    2       He      1.9735E+10   3.2772E-14   1.1962E-13   0.0000E+00   0.0000E+00   0.0000E+00   0.0000E+00   0.0000E+00   0.0000E+00
   15       P       2.0295E+06   3.3701E-18   1.0439E-16   0.0000E+00   0.0000E+00   0.0000E+00   0.0000E+00   0.0000E+00   0.0000E+00
   16       S       4.1316E+08   6.8607E-16   2.3041E-14   4.5794E-12   2.7147E-17   0.0000E+00   0.0000E+00   0.0000E+00   0.0000E+00
   17       Cl      4.6753E+08   7.7636E-16   2.7844E-14   9.3072E-17   5.5173E-22   6.2465E-21   3.7029E-26   0.0000E+00   0.0000E+00
   18       Ar      9.5903E+08   1.5925E-15   6.0267E-14   2.7511E-12   1.6308E-17   3.0471E-13   1.8064E-18   0.0000E+00   0.0000E+00
   19       K       8.1488E+08   1.3531E-15   5.4011E-14   1.4165E-10   8.3971E-16   2.3279E-10   1.3800E-15   0.0000E+00   0.0000E+00
   20       Ca      2.5842E+09   4.2912E-15   1.8218E-13   1.3081E-11   7.7546E-17   2.8735E-11   1.7034E-16   0.0000E+00   0.0000E+00
   21       Sc      1.0866E+09   1.8044E-15   8.1564E-14   4.4733E-09   2.6518E-14   1.7413E-08   1.0323E-13   0.0000E+00   0.0000E+00
   22       Ti      2.3372E+09   3.8809E-15   1.8236E-13   5.4435E-15   3.2269E-20   7.0822E-14   4.1984E-19   0.0000E+00   0.0000E+00
   23       V       2.7889E+09   4.6310E-15   2.2866E-13   1.1122E-09   6.5931E-15   2.1674E-08   1.2848E-13   0.0000E+00   0.0000E+00
   24       Cr      1.0718E+10   1.7797E-14   9.2539E-13   4.9287E-11   2.9218E-16   5.0293E-10   2.9814E-15   0.0000E+00   0.0000E+00
   25       Mn      2.4706E+10   4.1025E-14   2.2291E-12   7.8138E-10   4.6321E-15   4.0521E-08   2.4021E-13   0.0000E+00   0.0000E+00
   26       Fe      1.0000E+20   1.6605E-04   9.2882E-03   2.7988E-11   1.6591E-16   1.1612E-11   6.8838E-17   0.0000E+00   0.0000E+00



                                               GAMMA SPECTRUM AND ENERGIES/SECOND
                                               ----------------------------------

     NEUTRONS PER SECOND ARISING FROM SPONTANEOUS FISSION                    0.00000E+00    Entered density (g/cc)       1.00
     POWER FROM ALPHA PARTICLES (MeV per Second)                             0.00000E+00
     POWER FROM BETA  PARTICLES (MeV per Second)                             2.44456E+02
     TOTAL GAMMA POWER FROM ACTIVATION  (MeV per Second)                     2.97423E+03    Total gammas (per cc per second)      4.21733E+05
     GAMMA RAY POWER FROM ACTIVATION DECAY  MeV/s    (  0.000-  0.010 MeV)   1.38537E+00    Gammas per group (per cc per second)  2.98308E+04
                                                     (  0.010-  0.020 MeV)   9.78743E-10                                          7.02499E-06
                                                     (  0.020-  0.050 MeV)   2.62442E-06                                          8.07297E-03
                                                     (  0.050-  0.100 MeV)   2.60321E-03                                          3.73694E+00
                                                     (  0.100-  0.200 MeV)   1.39752E+01                                          1.00308E+04
                                                     (  0.200-  0.300 MeV)   4.96384E+01                                          2.13769E+04
                                                     (  0.300-  0.400 MeV)   2.21682E+01                                          6.81914E+03
                                                     (  0.400-  0.600 MeV)   4.76622E+02                                          1.02629E+05
                                                     (  0.600-  0.800 MeV)   2.71821E+02                                          4.18074E+04
                                                     (  0.800-  1.000 MeV)   8.21173E+02                                          9.82337E+04
                                                     (  1.000-  1.220 MeV)   3.07574E+02                                          2.98328E+04
                                                     (  1.220-  1.440 MeV)   9.89953E+02                                          8.01366E+04
                                                     (  1.440-  1.660 MeV)   3.88719E+00                                          2.70005E+02
                                                     (  1.660-  2.000 MeV)   2.76007E-01                                          1.62382E+01
                                                     (  2.000-  2.500 MeV)   1.50210E+01                                          7.18761E+02
                                                     (  2.500-  3.000 MeV)   6.64477E-01                                          2.60145E+01
                                                     (  3.000-  4.000 MeV)   1.25342E-02                                          3.85563E-01
                                                     (  4.000-  5.000 MeV)   1.39461E-28                                          3.33663E-27
                                                     (  5.000-  6.500 MeV)   0.00000E+00                                          0.00000E+00
                                                     (  6.500-  8.000 MeV)   0.00000E+00                                          0.00000E+00
                                                     (  8.000- 10.000 MeV)   0.00000E+00                                          0.00000E+00
                                                     ( 10.000- 12.000 MeV)   0.00000E+00                                          0.00000E+00
                                                     ( 12.000- 14.000 MeV)   0.00000E+00                                          0.00000E+00
                                                     ( 14.000- 20.000 MeV)   0.00000E+00                                          0.00000E+00

    DOSE RATE (PLANE SOURCE) FROM GAMMAS WITH ENERGY 0-20 MeV IS            8.27276E-02 Sieverts/hour   ( 8.27276E+00 Rems/hour)




                                                                           DOMINANT NUCLIDES
                                                                           -----------------

      NUCLIDE   ACTIVITY    PERCENT  NUCLIDE     HEAT      PERCENT  NUCLIDE  DOSE RATE    PERCENT  NUCLIDE  INGESTION    PERCENT  NUCLIDE  INHALATION   PERCENT 
                  (Bq)      ACTIVITY             (kW)       HEAT              (Sv/hr)    DOSE RATE            (Sv)      INGESTION            (Sv)     INHALATION
       Total   2.2667E+03             Total   5.1569E-13             Total   8.2728E-02             Total   2.7170E-06             Total   4.9426E-06
    1  Cr 51   4.8308E+02  21.31E+00  Mn 52   2.2368E-13  43.37E+00  Mn 52   3.9068E-02  47.23E+00  Mn 52   7.1131E-07  26.18E+00  Ar 37   1.9221E-06  38.89E+00
    2  Mn 52   3.9517E+02  17.43E+00  V  48   1.3506E-13  26.19E+00  V  48   2.2972E-02  27.77E+00  V  48   5.5002E-07  20.24E+00  V  48   6.6002E-07  13.35E+00
    3  V  48   2.7501E+02  12.13E+00  Sc 44   9.7750E-14  18.96E+00  Sc 44   1.2557E-02  15.18E+00  Sc 44m  5.0605E-07  18.62E+00  Mn 52   5.5324E-07  11.19E+00
    4  Fe 55   2.5865E+02  11.41E+00  Mn 54   2.1167E-14  41.05E-01  Mn 54   3.6794E-03  44.48E-01  Ar 37   5.0077E-07  18.43E+00  Ar 39   4.8467E-07  98.06E-01
    5  Sc 44   2.2333E+02  98.53E-01  Sc 44m  1.0408E-14  20.18E-01  Sc 48   1.5801E-03  19.10E-01  Mn 54   1.1166E-07  41.10E-01  Sc 44m  2.9519E-07  59.72E-01
    6  Sc 44m  2.1085E+02  93.02E-01  Sc 48   9.0047E-15  17.46E-01  Sc 46   1.2638E-03  15.28E-01  Fe 55   8.5355E-08  31.41E-01  Ar 42   2.5932E-07  52.47E-01
    7  Mn 54   1.5727E+02  69.38E-01  Sc 46   7.3483E-15  14.25E-01  Sc 44m  9.4029E-04  11.37E-01  Sc 44   7.8167E-08  28.77E-01  Mn 54   2.3591E-07  47.73E-01
    8  Sc 47   1.2056E+02  53.19E-01  Sc 47   5.2337E-15  10.15E-01  Cr 51   2.8152E-04  34.03E-02  Sc 47   6.5101E-08  23.96E-01  Fe 55   1.9916E-07  40.29E-01
    9  Ar 37   5.0583E+01  22.32E-01  Cr 51   2.8154E-15  54.59E-02  K  43   1.7977E-04  21.73E-02  Sc 46   3.2427E-08  11.93E-01  Sc 46   1.4700E-07  29.74E-01
   10  V  49   2.7399E+01  12.09E-01  K  43   1.7134E-15  33.23E-02  Sc 47   1.0308E-04  12.46E-02  Sc 48   2.6769E-08  98.52E-02  Sc 47   8.8006E-08  17.81E-01
   11  Sc 46   2.1618E+01  95.37E-02  K  42   5.0630E-16  98.18E-03  Cr 48   4.3506E-05  52.59E-03  Cr 51   1.8357E-08  67.56E-02  Sc 44   4.0200E-08  81.33E-02
   12  Sc 48   1.5747E+01  69.47E-02  Cr 48   4.5820E-16  88.85E-03  Ca 47   3.3115E-05  40.03E-03  Ar 39   1.4030E-08  51.64E-02  Cr 51   1.7874E-08  36.16E-02
   13  K  43   8.3829E+00  36.98E-02  Fe 55   2.3475E-16  45.52E-03  K  42   1.6825E-05  20.34E-03  Ar 42   6.4830E-09  23.86E-02  Sc 48   1.7321E-08  35.05E-02
   14  Cr 48   6.4808E+00  28.59E-02  Ca 47   2.2570E-16  43.77E-03  Fe 55   7.4893E-06  90.53E-04  S  35   2.6779E-09  98.56E-03  Ca 45   6.6374E-09  13.43E-02
   15  H   3   4.4042E+00  19.43E-02  S  35   2.7147E-17  52.64E-04  V  49   4.2629E-07  51.53E-05  K  43   2.0957E-09  77.13E-03  S  35   6.6077E-09  13.37E-02
   16  S  35   3.4778E+00  15.34E-02  Ca 45   2.2189E-17  43.03E-04  Ar 37   1.9653E-07  23.76E-05  Ca 47   1.6042E-09  59.04E-03  Ti 44   2.2743E-09  46.01E-03
   17  K  42   1.8624E+00  82.16E-03  V  49   1.9886E-17  38.56E-04  Ti 44   7.2472E-09  87.60E-07  Cr 48   1.2962E-09  47.70E-03  Ca 47   2.1055E-09  42.60E-03
   18  Ca 45   1.7939E+00  79.14E-03  Ar 37   1.7607E-17  34.14E-04  Ca 41   6.4979E-13  78.55E-11  Ca 45   1.2737E-09  46.88E-03  Cr 48   1.4258E-09  28.85E-03
   19  Ca 47   1.0026E+00  44.23E-03  H   3   4.0273E-18  78.10E-05  Mn 53   5.6865E-13  68.74E-11  K  42   8.0083E-10  29.47E-03  K  43   1.1736E-09  23.74E-03
   20  Ti 44   1.8953E-02  83.61E-05  Ti 44   4.5211E-19  87.67E-06  Ca 45   2.8277E-13  34.18E-11  V  49   4.9317E-10  18.15E-03  H   3   1.1451E-09  23.17E-03
       Rest    1.4502E-02  63.98E-05  Rest    5.0789E-19  98.49E-06  Rest    3.4931E-14  42.22E-12  Rest    2.9493E-10  10.85E-03  Rest    1.1551E-09  23.37E-03

      NUCLIDE  GAMMA HEAT   PERCENT  NUCLIDE   BETA HEAT   PERCENT 
                  (kW)       GAMMA               (kW)       BETA
       Total   4.7652E-13             Total   3.9166E-14
    1  Mn 52   2.1915E-13  45.99E+00  Sc 44   2.1327E-14  54.45E+00
    2  V  48   1.2848E-13  26.96E+00  V  48   6.5774E-15  16.79E+00
    3  Sc 44   7.6422E-14  16.04E+00  Mn 52   4.5306E-15  11.57E+00
    4  Mn 54   2.1066E-14  44.21E-01  Sc 47   3.1401E-15  80.17E-01
    5  Sc 44m  9.2993E-15  19.51E-01  Sc 44m  1.1087E-15  28.31E-01
    6  Sc 48   8.4507E-15  17.73E-01  Sc 48   5.5399E-16  14.14E-01
    7  Sc 46   6.9601E-15  14.61E-01  K  42   4.2395E-16  10.82E-01
    8  Cr 51   2.5318E-15  53.13E-02  K  43   4.1576E-16  10.62E-01
    9  Sc 47   2.0935E-15  43.93E-02  Sc 46   3.8816E-16  99.11E-02
   10  K  43   1.2976E-15  27.23E-02  Cr 51   2.8364E-16  72.42E-02
   11  Cr 48   4.4966E-16  94.36E-03  Fe 55   1.6591E-16  42.36E-02
   12  Ca 47   1.7034E-16  35.75E-03  Mn 54   1.0147E-16  25.91E-02
   13  K  42   8.2351E-17  17.28E-03  Ca 47   5.5357E-17  14.13E-02
   14  Fe 55   6.8838E-17  14.45E-03  S  35   2.7147E-17  69.31E-03
   15  V  49   4.1568E-18  87.23E-05  Ca 45   2.2189E-17  56.65E-03
   16  Ar 37   1.8064E-18  37.91E-05  Ar 37   1.5801E-17  40.34E-03
   17  Ti 44   4.1984E-19  88.10E-06  V  49   1.5729E-17  40.16E-03
   18  Ca 41   6.3599E-24  13.35E-10  Cr 48   8.5374E-18  21.80E-03
   19  Mn 53   5.4303E-24  11.40E-10  H   3   4.0273E-18  10.28E-03
   20  Ca 45   2.7428E-24  57.56E-11  Ar 39   4.4681E-19  11.41E-04
       Rest    1.8386E-25  38.58E-12  Rest    9.3334E-20  23.83E-05
1                                                            Summary Output

0           Time       Cumulative   Activity               Dose rate             Heat output           Ingestion dose        Inhalation dose        Tritium activity
           (step)       (Years)      (Bq)                   (Sv/h)                (kW)                    (Sv)                   (Sv)                  (Bq)
 -----Irradiation Phase-----
 Irradn     5.000 m     9.51E-06   0.00E+00               0.00E+00               0.00E+00               0.00E+00               0.00E+00               0.00E+00
 Irradn     3.000 m     1.52E-05   0.00E+00               0.00E+00               0.00E+00               0.00E+00               0.00E+00               0.00E+00
 Irradn    10.000 m     3.42E-05   1.61E+06               6.32E+01               5.99E-10               3.94E-04               1.96E-04               4.41E+00
 Cooling    4.167 d     1.14E-02   2.27E+03               8.27E-02               5.16E-13               2.72E-06               4.94E-06               4.40E+00
0 Mass of material input =  9.2882E-06 kg.    Material density =  1.00 g/cc

  Total irradiation time =  1.080000E+03 s
  Total fluence          =  7.800000E+15 n/cm2
  Mean flux              =  7.222222E+12 n/cm2/s
  Number of on-times     =    3

fispact run time=                   94.927     secs


 ------------------------------------------------------------------
 Files that have been opened during this run.
 ------------------------------------------------------------------
 The numbers after the unit names are the internal unit numbers.

 input( 5)       simpleinventorywithoutcompress.i
 arrayx(13)      ARRAYX
 hazards(14)     /Volumes/Pegasus2/Code/FISPACT-II//nuclear_data/decay/hazards_2012
 collapxo(17)    COLLAPX
 ind_nuc(18)     /Volumes/Pegasus2/Code/FISPACT-II//nuclear_data/decay/decay_2012_index_2012
 fluxes(20)      fluxes
 output(38)      simpleinventorywithoutcompress.out
 absorp(39)      /Volumes/Pegasus2/Code/FISPACT-II//nuclear_data/decay/abs_2012
 runlog(48)      simpleinventorywithoutcompress.log
 xs_endf(52)     /Volumes/Pegasus2/Code/FISPACT-II//nuclear_data/TENDL2017data/tal2017-n/gxs-709
 dk_endf(53)     /Volumes/Pegasus2/Code/FISPACT-II//nuclear_data/decay/decay_2012
 fy_endf(54)     /Volumes/Pegasus2/Code/FISPACT-II//nuclear_data/GEFY61data/gefy61_nfy
 ------------------------------------------------------------------



     Run timestamp:10:38:01 17 June 2019           

     Current time: 10:39:47 17 June 2019           
