      En-low      En-high        flux      flux-unc         gxs       gxs-unc   greac-rate     cum-rate 

  1.00000E-05  1.04713E-05  1.41044E-03  0.00000E+00  9.72835E+01  7.75422E+01  1.37212E-01  1.37212E-01
  1.04713E-05  1.09648E-05  1.41044E-03  0.00000E+00  9.50691E+01  7.75422E+01  1.34089E-01  2.71301E-01
  1.09648E-05  1.14815E-05  1.41044E-03  0.00000E+00  9.29026E+01  7.75422E+01  1.31033E-01  4.02335E-01
  1.14815E-05  1.20226E-05  1.41044E-03  0.00000E+00  9.07888E+01  7.75422E+01  1.28052E-01  5.30387E-01
  1.20226E-05  1.25893E-05  1.41044E-03  0.00000E+00  8.87222E+01  7.75422E+01  1.25137E-01  6.55524E-01
  1.25893E-05  1.31826E-05  1.41044E-03  0.00000E+00  8.67039E+01  7.75422E+01  1.22290E-01  7.77814E-01
  1.31826E-05  1.38038E-05  1.41044E-03  0.00000E+00  8.47284E+01  7.75422E+01  1.19504E-01  8.97318E-01
  1.38038E-05  1.44544E-05  1.41044E-03  0.00000E+00  8.28021E+01  7.75422E+01  1.16787E-01  1.01411E+00
  1.44544E-05  1.51356E-05  1.41044E-03  0.00000E+00  8.09161E+01  7.75422E+01  1.14127E-01  1.12823E+00
  1.51356E-05  1.58489E-05  1.41044E-03  0.00000E+00  7.90742E+01  7.75422E+01  1.11529E-01  1.23976E+00
  1.58489E-05  1.65959E-05  1.41044E-03  0.00000E+00  7.72745E+01  7.75422E+01  1.08991E-01  1.34875E+00
  1.65959E-05  1.73780E-05  1.41044E-03  0.00000E+00  7.55153E+01  7.75422E+01  1.06510E-01  1.45526E+00
  1.73780E-05  1.81970E-05  1.41044E-03  0.00000E+00  7.37971E+01  7.75422E+01  1.04086E-01  1.55935E+00
  1.81970E-05  1.90546E-05  1.41044E-03  0.00000E+00  7.21160E+01  7.75422E+01  1.01715E-01  1.66106E+00
  1.90546E-05  1.99526E-05  1.41044E-03  0.00000E+00  7.04751E+01  7.75422E+01  9.94007E-02  1.76046E+00
  1.99526E-05  2.08930E-05  1.41044E-03  0.00000E+00  6.88701E+01  7.75422E+01  9.71370E-02  1.85760E+00
  2.08930E-05  2.18776E-05  1.41044E-03  0.00000E+00  6.73036E+01  7.75422E+01  9.49275E-02  1.95253E+00
  2.18776E-05  2.29087E-05  1.41044E-03  0.00000E+00  6.57704E+01  7.75422E+01  9.27650E-02  2.04529E+00
  2.29087E-05  2.39883E-05  1.41044E-03  0.00000E+00  6.42746E+01  7.75422E+01  9.06553E-02  2.13595E+00
  2.39883E-05  2.51189E-05  1.41044E-03  0.00000E+00  6.28111E+01  7.75422E+01  8.85911E-02  2.22454E+00
  2.51189E-05  2.63027E-05  1.41044E-03  0.00000E+00  6.13812E+01  7.75422E+01  8.65744E-02  2.31111E+00
  2.63027E-05  2.75423E-05  1.41044E-03  0.00000E+00  5.99843E+01  7.75422E+01  8.46041E-02  2.39572E+00
  2.75423E-05  2.88403E-05  1.41044E-03  0.00000E+00  5.86189E+01  7.75422E+01  8.26782E-02  2.47840E+00
  2.88403E-05  3.01995E-05  1.41044E-03  0.00000E+00  5.72848E+01  7.75422E+01  8.07965E-02  2.55919E+00
  3.01995E-05  3.16228E-05  1.41044E-03  0.00000E+00  5.59798E+01  7.75422E+01  7.89559E-02  2.63815E+00
  3.16228E-05  3.31131E-05  1.41044E-03  0.00000E+00  5.47066E+01  7.75422E+01  7.71603E-02  2.71531E+00
  3.31131E-05  3.46737E-05  1.41044E-03  0.00000E+00  5.34605E+01  7.75422E+01  7.54026E-02  2.79071E+00
  3.46737E-05  3.63078E-05  1.41044E-03  0.00000E+00  5.22442E+01  7.75422E+01  7.36872E-02  2.86440E+00
  3.63078E-05  3.80189E-05  1.41044E-03  0.00000E+00  5.10544E+01  7.75422E+01  7.20091E-02  2.93641E+00
  3.80189E-05  3.98107E-05  1.41044E-03  0.00000E+00  4.98928E+01  7.75422E+01  7.03707E-02  3.00678E+00
  3.98107E-05  4.16869E-05  1.41044E-03  0.00000E+00  4.87568E+01  7.75422E+01  6.87684E-02  3.07555E+00
  4.16869E-05  4.36516E-05  1.41044E-03  0.00000E+00  4.76470E+01  7.75422E+01  6.72031E-02  3.14275E+00
  4.36516E-05  4.57088E-05  1.41044E-03  0.00000E+00  4.65626E+01  7.75422E+01  6.56736E-02  3.20842E+00
  4.57088E-05  4.78630E-05  1.41044E-03  0.00000E+00  4.55024E+01  7.75422E+01  6.41783E-02  3.27260E+00
  4.78630E-05  5.01187E-05  1.41044E-03  0.00000E+00  4.44672E+01  7.75422E+01  6.27181E-02  3.33532E+00
  5.01187E-05  5.24808E-05  1.41044E-03  0.00000E+00  4.34543E+01  7.75422E+01  6.12895E-02  3.39661E+00
  5.24808E-05  5.49541E-05  1.41044E-03  0.00000E+00  4.24659E+01  7.75422E+01  5.98954E-02  3.45651E+00
  5.49541E-05  5.75440E-05  1.41044E-03  0.00000E+00  4.14986E+01  7.75422E+01  5.85312E-02  3.51504E+00
  5.75440E-05  6.02560E-05  1.41044E-03  0.00000E+00  4.05546E+01  7.75422E+01  5.71997E-02  3.57224E+00
  6.02560E-05  6.30957E-05  1.41044E-03  0.00000E+00  3.96309E+01  7.75422E+01  5.58969E-02  3.62813E+00
  6.30957E-05  6.60693E-05  1.41044E-03  0.00000E+00  3.87292E+01  7.75422E+01  5.46251E-02  3.68276E+00
  6.60693E-05  6.91831E-05  1.41044E-03  0.00000E+00  3.78476E+01  7.75422E+01  5.33816E-02  3.73614E+00
  6.91831E-05  7.24436E-05  1.41044E-03  0.00000E+00  3.69858E+01  7.75422E+01  5.21662E-02  3.78831E+00
  7.24436E-05  7.58578E-05  1.41044E-03  0.00000E+00  3.61442E+01  7.75422E+01  5.09791E-02  3.83929E+00
  7.58578E-05  7.94328E-05  1.41044E-03  0.00000E+00  3.53210E+01  7.75422E+01  4.98181E-02  3.88910E+00
  7.94328E-05  8.31764E-05  1.41044E-03  0.00000E+00  3.45176E+01  7.75422E+01  4.86849E-02  3.93779E+00
  8.31764E-05  8.70964E-05  1.41044E-03  0.00000E+00  3.37314E+01  7.75422E+01  4.75760E-02  3.98536E+00
  8.70964E-05  9.12011E-05  1.41044E-03  0.00000E+00  3.29641E+01  7.75422E+01  4.64938E-02  4.03186E+00
  9.12011E-05  9.54993E-05  1.41044E-03  0.00000E+00  3.22132E+01  7.75422E+01  4.54347E-02  4.07729E+00
  9.54993E-05  1.00000E-04  1.41044E-03  0.00000E+00  3.14804E+01  7.75422E+01  4.44011E-02  4.12169E+00
  1.00000E-04  1.04713E-04  1.41044E-03  0.00000E+00  3.07637E+01  7.75422E+01  4.33903E-02  4.16508E+00
  1.04713E-04  1.09648E-04  1.41044E-03  0.00000E+00  3.00634E+01  7.75422E+01  4.24026E-02  4.20749E+00
  1.09648E-04  1.14815E-04  1.41044E-03  0.00000E+00  2.93786E+01  7.75422E+01  4.14367E-02  4.24892E+00
  1.14815E-04  1.20226E-04  1.41044E-03  0.00000E+00  2.87097E+01  7.75422E+01  4.04932E-02  4.28942E+00
  1.20226E-04  1.25893E-04  1.41044E-03  0.00000E+00  2.80568E+01  7.75422E+01  3.95724E-02  4.32899E+00
  1.25893E-04  1.31826E-04  1.41044E-03  0.00000E+00  2.74178E+01  7.75422E+01  3.86711E-02  4.36766E+00
  1.31826E-04  1.38038E-04  1.41044E-03  0.00000E+00  2.67939E+01  7.75422E+01  3.77911E-02  4.40545E+00
  1.38038E-04  1.44544E-04  1.41044E-03  0.00000E+00  2.61840E+01  7.75422E+01  3.69308E-02  4.44238E+00
  1.44544E-04  1.51356E-04  1.41044E-03  0.00000E+00  2.55883E+01  7.75422E+01  3.60906E-02  4.47847E+00
  1.51356E-04  1.58489E-04  1.41044E-03  0.00000E+00  2.50052E+01  7.75422E+01  3.52683E-02  4.51374E+00
  1.58489E-04  1.65959E-04  1.41044E-03  0.00000E+00  2.44364E+01  7.75422E+01  3.44661E-02  4.54821E+00
  1.65959E-04  1.73780E-04  1.41044E-03  0.00000E+00  2.38801E+01  7.75422E+01  3.36813E-02  4.58189E+00
  1.73780E-04  1.81970E-04  1.41044E-03  0.00000E+00  2.33366E+01  7.75422E+01  3.29148E-02  4.61480E+00
  1.81970E-04  1.90546E-04  1.41044E-03  0.00000E+00  2.28053E+01  7.75422E+01  3.21655E-02  4.64697E+00
  1.90546E-04  1.99526E-04  1.41044E-03  0.00000E+00  2.22859E+01  7.75422E+01  3.14329E-02  4.67840E+00
  1.99526E-04  2.08930E-04  1.41044E-03  0.00000E+00  2.17790E+01  7.75422E+01  3.07179E-02  4.70912E+00
  2.08930E-04  2.18776E-04  1.41044E-03  0.00000E+00  2.12830E+01  7.75422E+01  3.00183E-02  4.73914E+00
  2.18776E-04  2.29087E-04  1.41044E-03  0.00000E+00  2.07988E+01  7.75422E+01  2.93353E-02  4.76847E+00
  2.29087E-04  2.39883E-04  1.41044E-03  0.00000E+00  2.03252E+01  7.75422E+01  2.86674E-02  4.79714E+00
  2.39883E-04  2.51189E-04  1.41044E-03  0.00000E+00  1.98628E+01  7.76520E+01  2.80153E-02  4.82516E+00
  2.51189E-04  2.63027E-04  1.41044E-03  0.00000E+00  1.94103E+01  7.76520E+01  2.73771E-02  4.85253E+00
  2.63027E-04  2.75423E-04  1.41044E-03  0.00000E+00  1.89688E+01  7.76520E+01  2.67542E-02  4.87929E+00
  2.75423E-04  2.88403E-04  1.41044E-03  0.00000E+00  1.85370E+01  7.76520E+01  2.61453E-02  4.90543E+00
  2.88403E-04  3.01995E-04  1.41044E-03  0.00000E+00  1.81149E+01  7.76520E+01  2.55500E-02  4.93098E+00
  3.01995E-04  3.16228E-04  1.41044E-03  0.00000E+00  1.77026E+01  7.76520E+01  2.49684E-02  4.95595E+00
  3.16228E-04  3.31131E-04  1.41044E-03  0.00000E+00  1.72995E+01  7.76520E+01  2.43999E-02  4.98035E+00
  3.31131E-04  3.46737E-04  1.41044E-03  0.00000E+00  1.69060E+01  7.76520E+01  2.38448E-02  5.00420E+00
  3.46737E-04  3.63078E-04  1.41044E-03  0.00000E+00  1.65209E+01  7.76520E+01  2.33016E-02  5.02750E+00
  3.63078E-04  3.80189E-04  1.41044E-03  0.00000E+00  1.61451E+01  7.76520E+01  2.27716E-02  5.05027E+00
  3.80189E-04  3.98107E-04  1.41044E-03  0.00000E+00  1.57773E+01  7.76520E+01  2.22529E-02  5.07252E+00
  3.98107E-04  4.16869E-04  1.41044E-03  0.00000E+00  1.54184E+01  7.76520E+01  2.17467E-02  5.09427E+00
  4.16869E-04  4.36516E-04  1.41044E-03  0.00000E+00  1.50673E+01  7.76520E+01  2.12515E-02  5.11552E+00
  4.36516E-04  4.57088E-04  1.41044E-03  0.00000E+00  1.47244E+01  7.76520E+01  2.07678E-02  5.13629E+00
  4.57088E-04  4.78630E-04  1.41044E-03  0.00000E+00  1.43893E+01  7.76520E+01  2.02951E-02  5.15658E+00
  4.78630E-04  5.01187E-04  1.41044E-03  0.00000E+00  1.40616E+01  7.76520E+01  1.98331E-02  5.17642E+00
  5.01187E-04  5.24807E-04  1.41044E-03  0.00000E+00  1.37417E+01  7.76520E+01  1.93818E-02  5.19580E+00
  5.24807E-04  5.49541E-04  1.41044E-03  0.00000E+00  1.34287E+01  7.76520E+01  1.89404E-02  5.21474E+00
  5.49541E-04  5.75440E-04  1.41044E-03  0.00000E+00  1.31233E+01  7.76520E+01  1.85095E-02  5.23325E+00
  5.75440E-04  6.02560E-04  1.41044E-03  0.00000E+00  1.28243E+01  7.76520E+01  1.80879E-02  5.25134E+00
  6.02560E-04  6.30957E-04  1.41044E-03  0.00000E+00  1.25326E+01  7.76520E+01  1.76765E-02  5.26901E+00
  6.30957E-04  6.60693E-04  1.41044E-03  0.00000E+00  1.22472E+01  7.76520E+01  1.72739E-02  5.28629E+00
  6.60693E-04  6.91831E-04  1.41044E-03  0.00000E+00  1.19686E+01  7.76520E+01  1.68809E-02  5.30317E+00
  6.91831E-04  7.24436E-04  1.41044E-03  0.00000E+00  1.16960E+01  7.76520E+01  1.64965E-02  5.31966E+00
  7.24436E-04  7.58578E-04  1.41044E-03  0.00000E+00  1.14298E+01  7.76520E+01  1.61210E-02  5.33578E+00
  7.58578E-04  7.94328E-04  1.41044E-03  0.00000E+00  1.11697E+01  7.79149E+01  1.57541E-02  5.35154E+00
  7.94328E-04  8.31764E-04  1.41044E-03  0.00000E+00  1.09153E+01  7.79149E+01  1.53954E-02  5.36693E+00
  8.31764E-04  8.70964E-04  1.41044E-03  0.00000E+00  1.06670E+01  7.79149E+01  1.50452E-02  5.38198E+00
  8.70964E-04  9.12011E-04  1.41044E-03  0.00000E+00  1.04241E+01  7.79149E+01  1.47025E-02  5.39668E+00
  9.12011E-04  9.54993E-04  1.41044E-03  0.00000E+00  1.01869E+01  7.79149E+01  1.43680E-02  5.41105E+00
  9.54993E-04  1.00000E-03  1.41044E-03  0.00000E+00  9.95489E+00  7.79149E+01  1.40407E-02  5.42509E+00
  1.00000E-03  1.04713E-03  1.41044E-03  0.00000E+00  9.72850E+00  7.79149E+01  1.37214E-02  5.43881E+00
  1.04713E-03  1.09648E-03  1.41044E-03  0.00000E+00  9.50688E+00  7.79149E+01  1.34089E-02  5.45222E+00
  1.09648E-03  1.14815E-03  1.41044E-03  0.00000E+00  9.29042E+00  7.79149E+01  1.31036E-02  5.46532E+00
  1.14815E-03  1.20226E-03  1.41044E-03  0.00000E+00  9.07888E+00  7.79149E+01  1.28052E-02  5.47813E+00
  1.20226E-03  1.25892E-03  1.41044E-03  0.00000E+00  8.87235E+00  7.79149E+01  1.25139E-02  5.49064E+00
  1.25892E-03  1.31826E-03  1.41044E-03  0.00000E+00  8.67044E+00  7.79149E+01  1.22291E-02  5.50287E+00
  1.31826E-03  1.38038E-03  1.41044E-03  0.00000E+00  8.47292E+00  7.79149E+01  1.19505E-02  5.51482E+00
  1.38038E-03  1.44544E-03  1.41044E-03  0.00000E+00  8.28029E+00  7.79149E+01  1.16788E-02  5.52650E+00
  1.44544E-03  1.51356E-03  1.41044E-03  0.00000E+00  8.09166E+00  7.79149E+01  1.14128E-02  5.53791E+00
  1.51356E-03  1.58489E-03  1.41044E-03  0.00000E+00  7.90754E+00  7.79149E+01  1.11531E-02  5.54907E+00
  1.58489E-03  1.65959E-03  1.41044E-03  0.00000E+00  7.72746E+00  7.79149E+01  1.08991E-02  5.55997E+00
  1.65959E-03  1.73780E-03  1.41044E-03  0.00000E+00  7.55168E+00  7.79149E+01  1.06512E-02  5.57062E+00
  1.73780E-03  1.81970E-03  1.41044E-03  0.00000E+00  7.37972E+00  7.79149E+01  1.04086E-02  5.58103E+00
  1.81970E-03  1.90546E-03  1.41044E-03  0.00000E+00  7.21176E+00  7.79149E+01  1.01717E-02  5.59120E+00
  1.90546E-03  1.99526E-03  1.41044E-03  0.00000E+00  7.04755E+00  7.79149E+01  9.94013E-03  5.60114E+00
  1.99526E-03  2.08930E-03  1.41044E-03  0.00000E+00  6.88714E+00  7.79149E+01  9.71388E-03  5.61085E+00
  2.08930E-03  2.18776E-03  1.41044E-03  0.00000E+00  6.73043E+00  7.79149E+01  9.49286E-03  5.62034E+00
  2.18776E-03  2.29087E-03  1.41044E-03  0.00000E+00  6.57714E+00  7.79149E+01  9.27664E-03  5.62962E+00
  2.29087E-03  2.39883E-03  1.41044E-03  0.00000E+00  6.42757E+00  7.86325E+01  9.06568E-03  5.63869E+00
  2.39883E-03  2.51189E-03  1.41044E-03  0.00000E+00  6.28118E+00  7.86325E+01  8.85921E-03  5.64755E+00
  2.51189E-03  2.63027E-03  1.41044E-03  0.00000E+00  6.13826E+00  7.86325E+01  8.65764E-03  5.65620E+00
  2.63027E-03  2.75423E-03  1.41044E-03  0.00000E+00  5.99848E+00  7.86325E+01  8.46048E-03  5.66466E+00
  2.75423E-03  2.88403E-03  1.41044E-03  0.00000E+00  5.86205E+00  7.86325E+01  8.26805E-03  5.67293E+00
  2.88403E-03  3.01995E-03  1.41044E-03  0.00000E+00  5.72853E+00  7.86325E+01  8.07974E-03  5.68101E+00
  3.01995E-03  3.16228E-03  1.41044E-03  0.00000E+00  5.59814E+00  7.86325E+01  7.89582E-03  5.68891E+00
  3.16228E-03  3.31131E-03  1.41044E-03  0.00000E+00  5.47075E+00  7.86325E+01  7.71615E-03  5.69662E+00
  3.31131E-03  3.46737E-03  1.41044E-03  0.00000E+00  5.34619E+00  7.86325E+01  7.54046E-03  5.70416E+00
  3.46737E-03  3.63078E-03  1.41044E-03  0.00000E+00  5.22454E+00  7.86325E+01  7.36889E-03  5.71153E+00
  3.63078E-03  3.80189E-03  1.41044E-03  0.00000E+00  5.10556E+00  7.86325E+01  7.20107E-03  5.71873E+00
  3.80189E-03  3.98107E-03  1.41044E-03  0.00000E+00  4.98942E+00  7.86325E+01  7.03727E-03  5.72577E+00
  3.98107E-03  4.16869E-03  1.41044E-03  0.00000E+00  4.87578E+00  7.86325E+01  6.87698E-03  5.73265E+00
  4.16869E-03  4.36516E-03  1.41044E-03  0.00000E+00  4.76487E+00  7.86325E+01  6.72055E-03  5.73937E+00
  4.36516E-03  4.57088E-03  1.41044E-03  0.00000E+00  4.65635E+00  7.86325E+01  6.56749E-03  5.74594E+00
  4.57088E-03  4.78630E-03  1.41044E-03  0.00000E+00  4.55042E+00  7.86325E+01  6.41809E-03  5.75235E+00
  4.78630E-03  5.01187E-03  1.41044E-03  0.00000E+00  4.44682E+00  7.86325E+01  6.27196E-03  5.75863E+00
  5.01187E-03  5.24807E-03  1.41044E-03  0.00000E+00  4.34560E+00  7.86325E+01  6.12920E-03  5.76476E+00
  5.24807E-03  5.49541E-03  1.41044E-03  0.00000E+00  4.24672E+00  7.86325E+01  5.98973E-03  5.77075E+00
  5.49541E-03  5.75440E-03  1.41044E-03  0.00000E+00  4.15002E+00  7.86325E+01  5.85335E-03  5.77660E+00
  5.75440E-03  6.02560E-03  1.41044E-03  0.00000E+00  4.05561E+00  7.86325E+01  5.72019E-03  5.78232E+00
  6.02560E-03  6.30957E-03  1.41044E-03  0.00000E+00  3.96324E+00  7.99454E+01  5.58990E-03  5.78791E+00
  6.30957E-03  6.60693E-03  1.41044E-03  0.00000E+00  3.87310E+00  7.99454E+01  5.46277E-03  5.79337E+00
  6.60693E-03  6.91831E-03  1.41044E-03  0.00000E+00  3.78489E+00  7.99454E+01  5.33835E-03  5.79871E+00
  6.91831E-03  7.24436E-03  1.41044E-03  0.00000E+00  3.69879E+00  7.99454E+01  5.21691E-03  5.80393E+00
  7.24436E-03  7.58578E-03  1.41044E-03  0.00000E+00  3.61456E+00  7.99454E+01  5.09810E-03  5.80903E+00
  7.58578E-03  7.94328E-03  1.41044E-03  0.00000E+00  3.53232E+00  7.99454E+01  4.98211E-03  5.81401E+00
  7.94328E-03  8.31764E-03  1.41044E-03  0.00000E+00  3.45192E+00  7.99454E+01  4.86871E-03  5.81888E+00
  8.31764E-03  8.70964E-03  1.41044E-03  0.00000E+00  3.37335E+00  7.99454E+01  4.75790E-03  5.82363E+00
  8.70964E-03  9.12011E-03  1.41044E-03  0.00000E+00  3.29659E+00  7.99454E+01  4.64963E-03  5.82828E+00
  9.12011E-03  9.54993E-03  1.41044E-03  0.00000E+00  3.22152E+00  7.99454E+01  4.54375E-03  5.83283E+00
  9.54993E-03  1.00000E-02  1.41044E-03  0.00000E+00  3.14824E+00  7.99454E+01  4.44040E-03  5.83727E+00
  1.00000E-02  1.04713E-02  1.41044E-03  0.00000E+00  3.07656E+00  7.99454E+01  4.33930E-03  5.84161E+00
  1.04713E-02  1.09648E-02  1.41044E-03  0.00000E+00  3.00657E+00  7.99454E+01  4.24058E-03  5.84585E+00
  1.09648E-02  1.14815E-02  1.41044E-03  0.00000E+00  2.93805E+00  7.99454E+01  4.14394E-03  5.84999E+00
  1.14815E-02  1.20226E-02  1.41044E-03  0.00000E+00  2.87121E+00  8.17497E+01  4.04967E-03  5.85404E+00
  1.20226E-02  1.25892E-02  1.41044E-03  0.00000E+00  2.80588E+00  8.17497E+01  3.95752E-03  5.85800E+00
  1.25892E-02  1.31826E-02  1.41044E-03  0.00000E+00  2.74204E+00  8.17497E+01  3.86747E-03  5.86187E+00
  1.31826E-02  1.38038E-02  1.41044E-03  0.00000E+00  2.67961E+00  8.17497E+01  3.77942E-03  5.86565E+00
  1.38038E-02  1.44544E-02  1.41044E-03  0.00000E+00  2.61865E+00  8.17497E+01  3.69344E-03  5.86934E+00
  1.44544E-02  1.51356E-02  1.41044E-03  0.00000E+00  2.55907E+00  8.17497E+01  3.60941E-03  5.87295E+00
  1.51356E-02  1.58489E-02  1.41044E-03  0.00000E+00  2.50078E+00  8.17497E+01  3.52719E-03  5.87648E+00
  1.58489E-02  1.65959E-02  1.41044E-03  0.00000E+00  2.44391E+00  8.17497E+01  3.44698E-03  5.87992E+00
  1.65959E-02  1.73780E-02  1.41044E-03  0.00000E+00  2.38826E+00  8.17497E+01  3.36849E-03  5.88329E+00
  1.73780E-02  1.81970E-02  1.41044E-03  0.00000E+00  2.33395E+00  8.17497E+01  3.29189E-03  5.88658E+00
  1.81970E-02  1.90546E-02  1.41044E-03  0.00000E+00  2.28079E+00  8.17497E+01  3.21691E-03  5.88980E+00
  1.90546E-02  1.99526E-02  1.41044E-03  0.00000E+00  2.22890E+00  8.17497E+01  3.14372E-03  5.89294E+00
  1.99526E-02  2.08930E-02  1.41044E-03  0.00000E+00  2.17817E+00  8.29817E+01  3.07218E-03  5.89602E+00
  2.08930E-02  2.18776E-02  1.41044E-03  0.00000E+00  2.12861E+00  8.32374E+01  3.00227E-03  5.89902E+00
  2.18776E-02  2.29087E-02  1.41044E-03  0.00000E+00  2.08017E+00  8.34944E+01  2.93395E-03  5.90195E+00
  2.29087E-02  2.39883E-02  1.41044E-03  0.00000E+00  2.03283E+00  8.37518E+01  2.86719E-03  5.90482E+00
  2.39883E-02  2.51189E-02  1.41044E-03  0.00000E+00  1.98660E+00  8.40078E+01  2.80198E-03  5.90762E+00
  2.51189E-02  2.63027E-02  1.41044E-03  0.00000E+00  1.94135E+00  8.41983E+01  2.73816E-03  5.91036E+00
  2.63027E-02  2.75423E-02  1.41044E-03  0.00000E+00  1.89722E+00  8.43237E+01  2.67591E-03  5.91304E+00
  2.75423E-02  2.88403E-02  1.41044E-03  0.00000E+00  1.85404E+00  8.45128E+01  2.61500E-03  5.91565E+00
  2.88403E-02  3.01995E-02  1.41044E-03  0.00000E+00  1.81186E+00  8.47664E+01  2.55552E-03  5.91821E+00
  3.01995E-02  3.16228E-02  1.41044E-03  0.00000E+00  1.77061E+00  8.50196E+01  2.49734E-03  5.92070E+00
  3.16228E-02  3.31131E-02  1.41044E-03  0.00000E+00  1.73035E+00  8.52090E+01  2.44054E-03  5.92314E+00
  3.31131E-02  3.46737E-02  1.41044E-03  0.00000E+00  1.69098E+00  8.53341E+01  2.38502E-03  5.92553E+00
  3.46737E-02  3.63078E-02  1.41044E-03  0.00000E+00  1.65250E+00  8.60058E+01  2.33074E-03  5.92786E+00
  3.63078E-02  3.80189E-02  1.41044E-03  0.00000E+00  1.61492E+00  8.72393E+01  2.27775E-03  5.93014E+00
  3.80189E-02  3.98107E-02  1.41044E-03  0.00000E+00  1.57816E+00  8.72393E+01  2.22590E-03  5.93236E+00
  3.98107E-02  4.16869E-02  1.41044E-03  0.00000E+00  1.54229E+00  8.90331E+01  2.17530E-03  5.93454E+00
  4.16869E-02  4.36516E-02  1.41044E-03  0.00000E+00  1.50718E+00  8.90331E+01  2.12578E-03  5.93666E+00
  4.36516E-02  4.57088E-02  1.41044E-03  0.00000E+00  1.47292E+00  8.90331E+01  2.07746E-03  5.93874E+00
  4.57088E-02  4.78630E-02  1.41044E-03  0.00000E+00  1.43940E+00  8.90331E+01  2.03018E-03  5.94077E+00
  4.78630E-02  5.01187E-02  1.41044E-03  0.00000E+00  1.40667E+00  9.14086E+01  1.98402E-03  5.94276E+00
  5.01187E-02  5.24807E-02  1.41044E-03  0.00000E+00  1.37467E+00  9.14086E+01  1.93888E-03  5.94469E+00
  5.24807E-02  5.49541E-02  1.41044E-03  0.00000E+00  1.34340E+00  9.14086E+01  1.89478E-03  5.94659E+00
  5.49541E-02  5.75440E-02  1.41044E-03  0.00000E+00  1.31285E+00  9.14086E+01  1.85169E-03  5.94844E+00
  5.75440E-02  6.02560E-02  1.41044E-03  0.00000E+00  1.28297E+00  9.37179E+01  1.80955E-03  5.95025E+00
  6.02560E-02  6.30957E-02  1.41044E-03  0.00000E+00  1.25381E+00  9.37179E+01  1.76842E-03  5.95202E+00
  6.30957E-02  6.60693E-02  1.41044E-03  0.00000E+00  1.22527E+00  9.37179E+01  1.72817E-03  5.95375E+00
  6.60693E-02  6.91831E-02  1.41044E-03  0.00000E+00  1.19742E+00  9.37179E+01  1.68889E-03  5.95544E+00
  6.91831E-02  7.24436E-02  1.41044E-03  0.00000E+00  1.17017E+00  9.59689E+01  1.65045E-03  5.95709E+00
  7.24436E-02  7.58578E-02  1.41044E-03  0.00000E+00  1.14357E+00  9.59689E+01  1.61294E-03  5.95870E+00
  7.58578E-02  7.94328E-02  1.41044E-03  0.00000E+00  1.11756E+00  9.59689E+01  1.57625E-03  5.96028E+00
  7.94328E-02  8.31764E-02  1.41044E-03  0.00000E+00  1.09216E+00  9.92056E+01  1.54042E-03  5.96182E+00
  8.31764E-02  8.70964E-02  1.41044E-03  0.00000E+00  1.06733E+00  9.92056E+01  1.50540E-03  5.96332E+00
  8.70964E-02  9.12011E-02  1.41044E-03  0.00000E+00  1.04306E+00  9.92056E+01  1.47117E-03  5.96479E+00
  9.12011E-02  9.54993E-02  1.41044E-03  0.00000E+00  1.01935E+00  9.92056E+01  1.43773E-03  5.96623E+00
  9.54993E-02  1.00000E-01  1.41044E-03  0.00000E+00  9.96168E-01  1.00000E+02  1.40503E-03  5.96764E+00
  1.00000E-01  1.04713E-01  1.41044E-03  0.00000E+00  9.73542E-01  1.00000E+02  1.37312E-03  5.96901E+00
  1.04713E-01  1.09648E-01  1.41044E-03  0.00000E+00  9.51392E-01  1.00000E+02  1.34188E-03  5.97035E+00
  1.09648E-01  1.14815E-01  1.41044E-03  0.00000E+00  9.29764E-01  1.00000E+02  1.31137E-03  5.97166E+00
  1.14815E-01  1.20226E-01  1.41044E-03  0.00000E+00  9.08614E-01  1.00000E+02  1.28154E-03  5.97294E+00
  1.20226E-01  1.25893E-01  1.41044E-03  0.00000E+00  8.87986E-01  1.00000E+02  1.25245E-03  5.97420E+00
  1.25893E-01  1.31826E-01  1.41044E-03  0.00000E+00  8.67796E-01  1.00000E+02  1.22397E-03  5.97542E+00
  1.31826E-01  1.38038E-01  1.41044E-03  0.00000E+00  8.48072E-01  1.00000E+02  1.19615E-03  5.97662E+00
  1.38038E-01  1.44544E-01  1.41044E-03  0.00000E+00  8.28814E-01  1.00000E+02  1.16899E-03  5.97779E+00
  1.44544E-01  1.51356E-01  1.41044E-03  0.00000E+00  8.09975E-01  1.00000E+02  1.14242E-03  5.97893E+00
  1.51356E-01  1.58489E-01  1.41044E-03  0.00000E+00  7.91577E-01  1.00000E+02  1.11647E-03  5.98004E+00
  1.58489E-01  1.65959E-01  1.41044E-03  0.00000E+00  7.73591E-01  1.00000E+02  1.09110E-03  5.98114E+00
  1.65959E-01  1.73780E-01  1.41044E-03  0.00000E+00  7.56036E-01  1.00000E+02  1.06634E-03  5.98220E+00
  1.73780E-01  1.81970E-01  1.41044E-03  0.00000E+00  7.38859E-01  1.00000E+02  1.04211E-03  5.98324E+00
  1.81970E-01  1.90546E-01  1.41044E-03  0.00000E+00  7.22091E-01  1.00000E+02  1.01846E-03  5.98426E+00
  1.90546E-01  1.99526E-01  1.41044E-03  0.00000E+00  7.05683E-01  1.00000E+02  9.95322E-04  5.98526E+00
  1.99526E-01  2.08930E-01  1.41044E-03  0.00000E+00  6.89672E-01  1.00000E+02  9.72739E-04  5.98623E+00
  2.08930E-01  2.18776E-01  1.41044E-03  0.00000E+00  6.74011E-01  1.00000E+02  9.50650E-04  5.98718E+00
  2.18776E-01  2.29087E-01  1.41044E-03  0.00000E+00  6.58709E-01  1.00000E+02  9.29068E-04  5.98811E+00
  2.29087E-01  2.39883E-01  1.41044E-03  0.00000E+00  6.43765E-01  1.00000E+02  9.07991E-04  5.98902E+00
  2.39883E-01  2.51189E-01  1.41044E-03  0.00000E+00  6.29151E-01  1.00000E+02  8.87378E-04  5.98991E+00
  2.51189E-01  2.63027E-01  1.41044E-03  0.00000E+00  6.14879E-01  1.00000E+02  8.67248E-04  5.99077E+00
  2.63027E-01  2.75423E-01  1.41044E-03  0.00000E+00  6.00922E-01  1.00000E+02  8.47563E-04  5.99162E+00
  2.75423E-01  2.88403E-01  1.41044E-03  0.00000E+00  5.87304E-01  1.00000E+02  8.28356E-04  5.99245E+00
  2.88403E-01  3.01995E-01  1.41044E-03  0.00000E+00  5.73973E-01  1.00000E+02  8.09552E-04  5.99326E+00
  3.01995E-01  3.16228E-01  1.41044E-03  0.00000E+00  5.60965E-01  1.00000E+02  7.91206E-04  5.99405E+00
  3.16228E-01  3.31131E-01  1.41044E-03  0.00000E+00  5.48247E-01  1.00000E+02  7.73268E-04  5.99482E+00
  3.31131E-01  3.46737E-01  1.41044E-03  0.00000E+00  5.35829E-01  1.00000E+02  7.55754E-04  5.99558E+00
  3.46737E-01  3.63078E-01  1.41044E-03  0.00000E+00  5.23689E-01  1.00000E+02  7.38630E-04  5.99632E+00
  3.63078E-01  3.80189E-01  1.41044E-03  0.00000E+00  5.11828E-01  1.00000E+02  7.21901E-04  5.99704E+00
  3.80189E-01  3.98107E-01  1.41044E-03  0.00000E+00  5.00239E-01  1.00000E+02  7.05556E-04  5.99774E+00
  3.98107E-01  4.16869E-01  1.41044E-03  0.00000E+00  4.88905E-01  1.00000E+02  6.89570E-04  5.99843E+00
  4.16869E-01  4.36516E-01  1.41044E-03  0.00000E+00  4.77841E-01  1.00000E+02  6.73965E-04  5.99911E+00
  4.36516E-01  4.57088E-01  1.41044E-03  0.00000E+00  4.67017E-01  1.00000E+02  6.58698E-04  5.99977E+00
  4.57088E-01  4.78630E-01  1.41044E-03  0.00000E+00  4.56457E-01  1.00000E+02  6.43804E-04  6.00041E+00
  4.78630E-01  5.01187E-01  1.41044E-03  0.00000E+00  4.46123E-01  1.00000E+02  6.29229E-04  6.00104E+00
  5.01187E-01  5.24808E-01  1.41044E-03  0.00000E+00  4.36039E-01  1.00000E+02  6.15006E-04  6.00165E+00
  5.24808E-01  5.49541E-01  1.41044E-03  0.00000E+00  4.26177E-01  1.00000E+02  6.01096E-04  6.00226E+00
  5.49541E-01  5.75440E-01  1.41044E-03  0.00000E+00  4.16548E-01  1.00000E+02  5.87515E-04  6.00284E+00
  5.75440E-01  6.02560E-01  1.41044E-03  0.00000E+00  4.07136E-01  1.00000E+02  5.74240E-04  6.00342E+00
  6.02560E-01  6.30957E-01  1.41044E-03  0.00000E+00  3.97939E-01  1.00000E+02  5.61268E-04  6.00398E+00
  6.30957E-01  6.60693E-01  1.41044E-03  0.00000E+00  3.88961E-01  1.00000E+02  5.48605E-04  6.00453E+00
  6.60693E-01  6.91831E-01  1.41044E-03  0.00000E+00  3.80183E-01  1.00000E+02  5.36224E-04  6.00506E+00
  6.91831E-01  7.24436E-01  1.41044E-03  0.00000E+00  3.71616E-01  1.00000E+02  5.24141E-04  6.00559E+00
  7.24436E-01  7.58578E-01  1.41044E-03  0.00000E+00  3.63234E-01  1.00000E+02  5.12319E-04  6.00610E+00
  7.58578E-01  7.94328E-01  1.41044E-03  0.00000E+00  3.55054E-01  1.00000E+02  5.00781E-04  6.00660E+00
  7.94328E-01  8.31764E-01  1.41044E-03  0.00000E+00  3.47050E-01  1.00000E+02  4.89493E-04  6.00709E+00
  8.31764E-01  8.70964E-01  1.41044E-03  0.00000E+00  3.39240E-01  1.00000E+02  4.78476E-04  6.00757E+00
  8.70964E-01  9.12011E-01  1.41044E-03  0.00000E+00  3.31602E-01  1.00000E+02  4.67703E-04  6.00804E+00
  9.12011E-01  9.54993E-01  1.41044E-03  0.00000E+00  3.24143E-01  1.00000E+02  4.57184E-04  6.00849E+00
  9.54993E-01  1.00000E+00  1.41044E-03  0.00000E+00  3.16858E-01  1.00000E+02  4.46908E-04  6.00894E+00
  1.00000E+00  1.04713E+00  1.41044E-03  0.00000E+00  3.09742E-01  1.00000E+02  4.36871E-04  6.00938E+00
  1.04713E+00  1.09648E+00  1.41044E-03  0.00000E+00  3.02804E-01  1.00000E+02  4.27086E-04  6.00980E+00
  1.09648E+00  1.14815E+00  1.41044E-03  0.00000E+00  2.96023E-01  1.00000E+02  4.17522E-04  6.01022E+00
  1.14815E+00  1.20226E+00  1.41044E-03  0.00000E+00  2.89391E-01  1.00000E+02  4.08167E-04  6.01063E+00
  1.20226E+00  1.25892E+00  1.41044E-03  0.00000E+00  2.82913E-01  1.00000E+02  3.99032E-04  6.01103E+00
  1.25892E+00  1.31826E+00  1.41044E-03  0.00000E+00  2.76589E-01  1.00000E+02  3.90111E-04  6.01142E+00
  1.31826E+00  1.38038E+00  1.41044E-03  0.00000E+00  2.70437E-01  1.00000E+02  3.81435E-04  6.01180E+00
  1.38038E+00  1.44544E+00  1.41044E-03  0.00000E+00  2.64405E-01  1.00000E+02  3.72926E-04  6.01217E+00
  1.44544E+00  1.51356E+00  1.41044E-03  0.00000E+00  2.58505E-01  1.00000E+02  3.64605E-04  6.01254E+00
  1.51356E+00  1.58489E+00  1.41044E-03  0.00000E+00  2.52795E-01  1.00000E+02  3.56552E-04  6.01289E+00
  1.58489E+00  1.65959E+00  1.41044E-03  0.00000E+00  2.47113E-01  1.00000E+02  3.48537E-04  6.01324E+00
  1.65959E+00  1.73780E+00  1.41044E-03  0.00000E+00  2.41666E-01  1.00000E+02  3.40855E-04  6.01358E+00
  1.73780E+00  1.81970E+00  1.41044E-03  0.00000E+00  2.36269E-01  1.00000E+02  3.33243E-04  6.01392E+00
  1.81970E+00  1.90546E+00  1.41044E-03  0.00000E+00  2.31103E-01  1.00000E+02  3.25956E-04  6.01424E+00
  1.90546E+00  1.99526E+00  1.41044E-03  0.00000E+00  2.25963E-01  1.00000E+02  3.18706E-04  6.01456E+00
  1.99526E+00  2.08930E+00  1.41044E-03  0.00000E+00  2.21019E-01  1.00000E+02  3.11734E-04  6.01487E+00
  2.08930E+00  2.18776E+00  1.41044E-03  0.00000E+00  2.16044E-01  1.00000E+02  3.04717E-04  6.01518E+00
  2.18776E+00  2.29087E+00  1.41044E-03  0.00000E+00  2.11346E-01  1.00000E+02  2.98091E-04  6.01548E+00
  2.29087E+00  2.39883E+00  1.41044E-03  0.00000E+00  2.06583E-01  1.00000E+02  2.91372E-04  6.01577E+00
  2.39883E+00  2.51189E+00  1.41044E-03  0.00000E+00  2.02115E-01  1.00000E+02  2.85070E-04  6.01605E+00
  2.51189E+00  2.63027E+00  1.41044E-03  0.00000E+00  1.97565E-01  1.00000E+02  2.78653E-04  6.01633E+00
  2.63027E+00  2.75423E+00  1.41044E-03  0.00000E+00  1.93308E-01  1.00000E+02  2.72649E-04  6.01660E+00
  2.75423E+00  2.88403E+00  1.41044E-03  0.00000E+00  1.88983E-01  1.00000E+02  2.66548E-04  6.01687E+00
  2.88403E+00  3.01995E+00  1.41044E-03  0.00000E+00  1.84913E-01  1.00000E+02  2.60808E-04  6.01713E+00
  3.01995E+00  3.16228E+00  1.41044E-03  0.00000E+00  1.80805E-01  1.00000E+02  2.55014E-04  6.01739E+00
  3.16228E+00  3.31131E+00  1.41044E-03  0.00000E+00  1.76924E-01  1.00000E+02  2.49540E-04  6.01764E+00
  3.31131E+00  3.46737E+00  1.41044E-03  0.00000E+00  1.73067E-01  1.00000E+02  2.44101E-04  6.01788E+00
  3.46737E+00  3.63078E+00  1.41044E-03  0.00000E+00  1.69372E-01  1.00000E+02  2.38889E-04  6.01812E+00
  3.63078E+00  3.80189E+00  1.41044E-03  0.00000E+00  1.65655E-01  1.00000E+02  2.33647E-04  6.01835E+00
  3.80189E+00  3.98107E+00  1.41044E-03  0.00000E+00  1.62093E-01  1.00000E+02  2.28622E-04  6.01858E+00
  3.98107E+00  4.16869E+00  1.41044E-03  0.00000E+00  1.58585E-01  1.00000E+02  2.23675E-04  6.01881E+00
  4.16869E+00  4.36516E+00  1.41044E-03  0.00000E+00  1.55163E-01  1.00000E+02  2.18848E-04  6.01902E+00
  4.36516E+00  4.57088E+00  1.41044E-03  0.00000E+00  1.51855E-01  1.00000E+02  2.14182E-04  6.01924E+00
  4.57088E+00  4.78630E+00  1.41044E-03  0.00000E+00  1.48569E-01  1.00000E+02  2.09547E-04  6.01945E+00
  4.78630E+00  5.01187E+00  1.41044E-03  0.00000E+00  1.45440E-01  1.00000E+02  2.05133E-04  6.01965E+00
  5.01187E+00  5.24808E+00  1.41044E-03  0.00000E+00  1.42295E-01  1.00000E+02  2.00698E-04  6.01985E+00
  5.24808E+00  5.49541E+00  1.41044E-03  0.00000E+00  1.39351E-01  1.00000E+02  1.96545E-04  6.02005E+00
  5.49541E+00  5.75440E+00  1.41044E-03  0.00000E+00  1.36333E-01  1.00000E+02  1.92289E-04  6.02024E+00
  5.75440E+00  6.02560E+00  1.41044E-03  0.00000E+00  1.33536E-01  1.00000E+02  1.88344E-04  6.02043E+00
  6.02560E+00  6.30957E+00  1.41044E-03  0.00000E+00  1.30704E-01  1.00000E+02  1.84349E-04  6.02062E+00
  6.30957E+00  6.60693E+00  1.41044E-03  0.00000E+00  1.28022E-01  1.00000E+02  1.80567E-04  6.02080E+00
  6.60693E+00  6.91831E+00  1.41044E-03  0.00000E+00  1.25318E-01  1.00000E+02  1.76753E-04  6.02097E+00
  6.91831E+00  7.24436E+00  1.41044E-03  0.00000E+00  1.22762E-01  1.00000E+02  1.73149E-04  6.02115E+00
  7.24436E+00  7.58578E+00  1.41044E-03  0.00000E+00  1.20233E-01  1.00000E+02  1.69581E-04  6.02132E+00
  7.58578E+00  7.94328E+00  1.41044E-03  0.00000E+00  1.17749E-01  1.00000E+02  1.66078E-04  6.02148E+00
  7.94328E+00  8.31764E+00  1.41044E-03  0.00000E+00  1.15394E-01  1.00000E+02  1.62755E-04  6.02164E+00
  8.31764E+00  8.70964E+00  1.41044E-03  0.00000E+00  1.13004E-01  1.00000E+02  1.59384E-04  6.02180E+00
  8.70964E+00  9.12011E+00  1.41044E-03  0.00000E+00  1.10792E-01  1.00000E+02  1.56265E-04  6.02196E+00
  9.12011E+00  9.54993E+00  1.41044E-03  0.00000E+00  1.08526E-01  1.00000E+02  1.53069E-04  6.02211E+00
  9.54993E+00  1.00000E+01  1.41044E-03  0.00000E+00  1.06414E-01  1.00000E+02  1.50090E-04  6.02226E+00
  1.00000E+01  1.04713E+01  1.41044E-03  0.00000E+00  1.04304E-01  1.00000E+02  1.47114E-04  6.02241E+00
  1.04713E+01  1.09648E+01  1.41044E-03  0.00000E+00  1.02322E-01  1.00000E+02  1.44319E-04  6.02255E+00
  1.09648E+01  1.14815E+01  1.41044E-03  0.00000E+00  1.00312E-01  1.00000E+02  1.41484E-04  6.02270E+00
  1.14815E+01  1.20226E+01  1.41044E-03  0.00000E+00  9.83922E-02  1.00000E+02  1.38776E-04  6.02283E+00
  1.20226E+01  1.25892E+01  1.41044E-03  0.00000E+00  9.65226E-02  1.00000E+02  1.36139E-04  6.02297E+00
  1.25892E+01  1.31826E+01  1.41044E-03  0.00000E+00  9.46902E-02  1.00000E+02  1.33555E-04  6.02310E+00
  1.31826E+01  1.38038E+01  1.41044E-03  0.00000E+00  9.29288E-02  1.00000E+02  1.31070E-04  6.02324E+00
  1.38038E+01  1.44544E+01  1.41044E-03  0.00000E+00  9.12111E-02  1.00000E+02  1.28648E-04  6.02336E+00
  1.44544E+01  1.51356E+01  1.41044E-03  0.00000E+00  8.95535E-02  1.00000E+02  1.26310E-04  6.02349E+00
  1.51356E+01  1.58489E+01  1.41044E-03  0.00000E+00  8.79199E-02  1.00000E+02  1.24005E-04  6.02361E+00
  1.58489E+01  1.65959E+01  1.41044E-03  0.00000E+00  8.63970E-02  1.00000E+02  1.21857E-04  6.02374E+00
  1.65959E+01  1.73780E+01  1.41044E-03  0.00000E+00  8.48464E-02  1.00000E+02  1.19670E-04  6.02386E+00
  1.73780E+01  1.81970E+01  1.41044E-03  0.00000E+00  8.34201E-02  1.00000E+02  1.17659E-04  6.02397E+00
  1.81970E+01  1.90546E+01  1.41044E-03  0.00000E+00  8.19770E-02  1.00000E+02  1.15623E-04  6.02409E+00
  1.90546E+01  1.99526E+01  1.41044E-03  0.00000E+00  8.06679E-02  1.00000E+02  1.13777E-04  6.02420E+00
  1.99526E+01  2.08930E+01  1.41044E-03  0.00000E+00  7.93427E-02  1.00000E+02  1.11908E-04  6.02431E+00
  2.08930E+01  2.18776E+01  1.41044E-03  0.00000E+00  7.80426E-02  1.00000E+02  1.10074E-04  6.02442E+00
  2.18776E+01  2.29087E+01  1.41044E-03  0.00000E+00  7.68397E-02  1.00000E+02  1.08378E-04  6.02453E+00
  2.29087E+01  2.39883E+01  1.41044E-03  0.00000E+00  7.56398E-02  1.00000E+02  1.06685E-04  6.02464E+00
  2.39883E+01  2.51189E+01  1.41044E-03  0.00000E+00  7.45403E-02  1.00000E+02  1.05134E-04  6.02475E+00
  2.51189E+01  2.63027E+01  1.41044E-03  0.00000E+00  7.34314E-02  1.00000E+02  1.03570E-04  6.02485E+00
  2.63027E+01  2.75423E+01  1.41044E-03  0.00000E+00  7.24193E-02  1.00000E+02  1.02143E-04  6.02495E+00
  2.75423E+01  2.88403E+01  1.41044E-03  0.00000E+00  7.14124E-02  1.00000E+02  1.00723E-04  6.02505E+00
  2.88403E+01  3.01995E+01  1.41044E-03  0.00000E+00  7.05010E-02  1.00000E+02  9.94372E-05  6.02515E+00
  3.01995E+01  3.16228E+01  1.41044E-03  0.00000E+00  6.95737E-02  1.00000E+02  9.81294E-05  6.02525E+00
  3.16228E+01  3.31131E+01  1.41044E-03  0.00000E+00  6.87645E-02  1.00000E+02  9.69881E-05  6.02535E+00
  3.31131E+01  3.46737E+01  1.41044E-03  0.00000E+00  6.79688E-02  1.00000E+02  9.58658E-05  6.02544E+00
  3.46737E+01  3.63078E+01  1.41044E-03  0.00000E+00  6.72292E-02  1.00000E+02  9.48226E-05  6.02554E+00
  3.63078E+01  3.80189E+01  1.41044E-03  0.00000E+00  6.65975E-02  1.00000E+02  9.39317E-05  6.02563E+00
  3.80189E+01  3.98107E+01  1.41044E-03  0.00000E+00  6.59375E-02  1.00000E+02  9.30007E-05  6.02572E+00
  3.98107E+01  4.16869E+01  1.41044E-03  0.00000E+00  6.53286E-02  1.00000E+02  9.21419E-05  6.02582E+00
  4.16869E+01  4.36516E+01  1.41044E-03  0.00000E+00  6.48364E-02  1.00000E+02  9.14477E-05  6.02591E+00
  4.36516E+01  4.57088E+01  1.41044E-03  0.00000E+00  6.43393E-02  1.00000E+02  9.07466E-05  6.02600E+00
  4.57088E+01  4.78630E+01  1.41044E-03  0.00000E+00  6.39559E-02  1.00000E+02  9.02058E-05  6.02609E+00
  4.78630E+01  5.01187E+01  1.41044E-03  0.00000E+00  6.35931E-02  1.00000E+02  8.96940E-05  6.02618E+00
  5.01187E+01  5.24808E+01  1.41044E-03  0.00000E+00  6.33311E-02  1.00000E+02  8.93245E-05  6.02627E+00
  5.24808E+01  5.49541E+01  1.41044E-03  0.00000E+00  6.31066E-02  1.00000E+02  8.90079E-05  6.02636E+00
  5.49541E+01  5.75440E+01  1.41044E-03  0.00000E+00  6.29706E-02  1.00000E+02  8.88161E-05  6.02645E+00
  5.75440E+01  6.02560E+01  1.41044E-03  0.00000E+00  6.29057E-02  1.00000E+02  8.87246E-05  6.02653E+00
  6.02560E+01  6.30957E+01  1.41044E-03  0.00000E+00  6.29828E-02  1.00000E+02  8.88332E-05  6.02662E+00
  6.30957E+01  6.60693E+01  1.41044E-03  0.00000E+00  6.30754E-02  1.00000E+02  8.89640E-05  6.02671E+00
  6.60693E+01  6.91831E+01  1.41044E-03  0.00000E+00  6.32932E-02  1.00000E+02  8.92711E-05  6.02680E+00
  6.91831E+01  7.24436E+01  1.41044E-03  0.00000E+00  6.36121E-02  1.00000E+02  8.97209E-05  6.02689E+00
  7.24436E+01  7.58578E+01  1.41044E-03  0.00000E+00  6.40450E-02  1.00000E+02  9.03314E-05  6.02698E+00
  7.58578E+01  7.94328E+01  1.41044E-03  0.00000E+00  6.46202E-02  1.00000E+02  9.11428E-05  6.02707E+00
  7.94328E+01  8.31764E+01  1.41044E-03  0.00000E+00  6.53306E-02  1.00000E+02  9.21447E-05  6.02716E+00
  8.31764E+01  8.70964E+01  1.41044E-03  0.00000E+00  6.61964E-02  1.00000E+02  9.33658E-05  6.02726E+00
  8.70964E+01  9.12011E+01  1.41044E-03  0.00000E+00  6.72280E-02  1.00000E+02  9.48208E-05  6.02735E+00
  9.12011E+01  9.54993E+01  1.41044E-03  0.00000E+00  6.84531E-02  1.00000E+02  9.65488E-05  6.02745E+00
  9.54993E+01  1.00000E+02  1.41044E-03  0.00000E+00  6.99510E-02  1.00000E+02  9.86615E-05  6.02755E+00
  1.00000E+02  1.04713E+02  1.41044E-03  0.00000E+00  7.16603E-02  1.00000E+02  1.01072E-04  6.02765E+00
  1.04713E+02  1.09648E+02  1.41044E-03  0.00000E+00  7.37054E-02  1.00000E+02  1.03957E-04  6.02775E+00
  1.09648E+02  1.14815E+02  1.41044E-03  0.00000E+00  7.61028E-02  1.00000E+02  1.07338E-04  6.02786E+00
  1.14815E+02  1.20226E+02  1.41044E-03  0.00000E+00  7.88871E-02  1.00000E+02  1.11265E-04  6.02797E+00
  1.20226E+02  1.25893E+02  1.41044E-03  0.00000E+00  8.21806E-02  1.00000E+02  1.15911E-04  6.02809E+00
  1.25893E+02  1.31826E+02  1.41044E-03  0.00000E+00  8.60829E-02  1.00000E+02  1.21415E-04  6.02821E+00
  1.31826E+02  1.38038E+02  1.41044E-03  0.00000E+00  9.07174E-02  1.00000E+02  1.27951E-04  6.02834E+00
  1.38038E+02  1.44544E+02  1.41044E-03  0.00000E+00  9.62272E-02  1.00000E+02  1.35722E-04  6.02847E+00
  1.44544E+02  1.51356E+02  1.41044E-03  0.00000E+00  1.02903E-01  1.00000E+02  1.45138E-04  6.02862E+00
  1.51356E+02  1.58489E+02  1.41044E-03  0.00000E+00  1.11032E-01  1.00000E+02  1.56603E-04  6.02877E+00
  1.58489E+02  1.65959E+02  1.41044E-03  0.00000E+00  1.21018E-01  1.00000E+02  1.70688E-04  6.02894E+00
  1.65959E+02  1.73780E+02  1.41044E-03  0.00000E+00  1.33496E-01  1.00000E+02  1.88288E-04  6.02913E+00
  1.73780E+02  1.81970E+02  1.41044E-03  0.00000E+00  1.49363E-01  1.00000E+02  2.10668E-04  6.02934E+00
  1.81970E+02  1.90546E+02  1.41044E-03  0.00000E+00  1.70081E-01  1.00000E+02  2.39889E-04  6.02958E+00
  1.90546E+02  1.99526E+02  1.41044E-03  0.00000E+00  1.97773E-01  1.00000E+02  2.78946E-04  6.02986E+00
  1.99526E+02  2.08930E+02  1.41044E-03  0.00000E+00  2.36015E-01  1.00000E+02  3.32885E-04  6.03020E+00
  2.08930E+02  2.18776E+02  1.41044E-03  0.00000E+00  2.91317E-01  1.00000E+02  4.10885E-04  6.03061E+00
  2.18776E+02  2.29087E+02  1.41044E-03  0.00000E+00  3.76145E-01  1.00000E+02  5.30528E-04  6.03114E+00
  2.29087E+02  2.39883E+02  1.41044E-03  0.00000E+00  5.16938E-01  1.00000E+02  7.29108E-04  6.03187E+00
  2.39883E+02  2.51189E+02  1.41044E-03  0.00000E+00  7.80207E-01  1.00000E+02  1.10043E-03  6.03297E+00
  2.51189E+02  2.63027E+02  1.41044E-03  0.00000E+00  1.37647E+00  1.00000E+02  1.94142E-03  6.03491E+00
  2.63027E+02  2.75423E+02  1.41044E-03  0.00000E+00  3.34201E+00  1.31585E+00  4.71369E-03  6.03962E+00
  2.75423E+02  2.88403E+02  1.41044E-03  0.00000E+00  2.82552E+01  1.31585E+00  3.98522E-02  6.07947E+00
  2.88403E+02  3.01995E+02  1.41044E-03  0.00000E+00  1.04292E+02  5.59611E+02  1.47098E-01  6.22657E+00
  3.01995E+02  3.16228E+02  1.41044E-03  0.00000E+00  1.78061E-02  5.59611E+02  2.51144E-05  6.22660E+00
  3.16228E+02  3.31131E+02  1.41044E-03  0.00000E+00  1.75507E-02  5.59611E+02  2.47541E-05  6.22662E+00
  3.31131E+02  3.46737E+02  1.41044E-03  0.00000E+00  1.72832E-02  5.59611E+02  2.43768E-05  6.22665E+00
  3.46737E+02  3.63078E+02  1.41044E-03  0.00000E+00  1.70030E-02  5.59611E+02  2.39817E-05  6.22667E+00
  3.63078E+02  3.80189E+02  1.41044E-03  0.00000E+00  1.67097E-02  5.59611E+02  2.35680E-05  6.22669E+00
  3.80189E+02  3.98107E+02  1.41044E-03  0.00000E+00  1.64026E-02  5.59611E+02  2.31348E-05  6.22672E+00
  3.98107E+02  4.16869E+02  1.41044E-03  0.00000E+00  1.60810E-02  5.59611E+02  2.26812E-05  6.22674E+00
  4.16869E+02  4.36516E+02  1.41044E-03  0.00000E+00  1.57442E-02  5.59611E+02  2.22062E-05  6.22676E+00
  4.36516E+02  4.57088E+02  1.41044E-03  0.00000E+00  1.53915E-02  5.59611E+02  2.17088E-05  6.22678E+00
  4.57088E+02  4.78630E+02  1.41044E-03  0.00000E+00  1.50223E-02  5.59611E+02  2.11880E-05  6.22680E+00
  4.78630E+02  5.01187E+02  1.41044E-03  0.00000E+00  1.46356E-02  5.59611E+02  2.06426E-05  6.22682E+00
  5.01187E+02  5.24807E+02  1.41044E-03  0.00000E+00  1.42307E-02  5.59611E+02  2.00715E-05  6.22684E+00
  5.24807E+02  5.49541E+02  1.41044E-03  0.00000E+00  1.38068E-02  5.59611E+02  1.94736E-05  6.22686E+00
  5.49541E+02  5.75440E+02  1.41044E-03  0.00000E+00  1.33628E-02  5.59611E+02  1.88475E-05  6.22688E+00
  5.75440E+02  6.02560E+02  1.41044E-03  0.00000E+00  1.28990E-02  5.59611E+02  1.81932E-05  6.22690E+00
  6.02560E+02  6.30957E+02  1.41044E-03  0.00000E+00  1.25584E-02  5.59611E+02  1.77128E-05  6.22692E+00
  6.30957E+02  6.60693E+02  1.41044E-03  0.00000E+00  1.23057E-02  5.59611E+02  1.73564E-05  6.22694E+00
  6.60693E+02  6.91831E+02  1.41044E-03  0.00000E+00  1.20411E-02  5.59611E+02  1.69832E-05  6.22695E+00
  6.91831E+02  7.24436E+02  1.41044E-03  0.00000E+00  1.17640E-02  5.59611E+02  1.65924E-05  6.22697E+00
  7.24436E+02  7.58578E+02  1.41044E-03  0.00000E+00  1.14738E-02  5.59611E+02  1.61831E-05  6.22699E+00
  7.58578E+02  7.94328E+02  1.41044E-03  0.00000E+00  1.10938E-02  5.59611E+02  1.56471E-05  6.22700E+00
  7.94328E+02  8.31764E+02  1.41044E-03  0.00000E+00  1.01443E-02  5.59611E+02  1.43079E-05  6.22702E+00
  8.31764E+02  8.70964E+02  1.41044E-03  0.00000E+00  9.04025E-03  5.59611E+02  1.27507E-05  6.22703E+00
  8.70964E+02  9.12011E+02  1.41044E-03  0.00000E+00  7.88402E-03  5.59611E+02  1.11199E-05  6.22704E+00
  9.12011E+02  9.54993E+02  1.41044E-03  0.00000E+00  6.67332E-03  5.59611E+02  9.41229E-06  6.22705E+00
  9.54993E+02  1.00000E+03  1.41044E-03  0.00000E+00  5.40556E-03  5.59611E+02  7.62421E-06  6.22706E+00
  1.00000E+03  1.04713E+03  1.41044E-03  0.00000E+00  4.65147E-03  5.59611E+02  6.56061E-06  6.22706E+00
  1.04713E+03  1.09648E+03  1.41044E-03  0.00000E+00  4.44401E-03  5.59611E+02  6.26800E-06  6.22707E+00
  1.09648E+03  1.14815E+03  1.41044E-03  0.00000E+00  4.22666E-03  5.59611E+02  5.96144E-06  6.22708E+00
  1.14815E+03  1.20226E+03  1.41044E-03  0.00000E+00  3.99920E-03  5.59611E+02  5.64062E-06  6.22708E+00
  1.20226E+03  1.25893E+03  1.41044E-03  0.00000E+00  3.76121E-03  5.59611E+02  5.30495E-06  6.22709E+00
  1.25893E+03  1.31826E+03  1.41044E-03  0.00000E+00  3.51183E-03  5.59611E+02  4.95322E-06  6.22709E+00
  1.31826E+03  1.38038E+03  1.41044E-03  0.00000E+00  3.25062E-03  5.59611E+02  4.58479E-06  6.22710E+00
  1.38038E+03  1.44544E+03  1.41044E-03  0.00000E+00  2.97737E-03  5.59611E+02  4.19939E-06  6.22710E+00
  1.44544E+03  1.51356E+03  1.41044E-03  0.00000E+00  2.69101E-03  5.59611E+02  3.79550E-06  6.22710E+00
  1.51356E+03  1.58489E+03  1.41044E-03  0.00000E+00  2.39110E-03  5.59611E+02  3.37250E-06  6.22711E+00
  1.58489E+03  1.65959E+03  1.41044E-03  0.00000E+00  2.07722E-03  5.59611E+02  2.92979E-06  6.22711E+00
  1.65959E+03  1.73780E+03  1.41044E-03  0.00000E+00  1.74851E-03  5.59611E+02  2.46616E-06  6.22711E+00
  1.73780E+03  1.81970E+03  1.41044E-03  0.00000E+00  1.40431E-03  5.59611E+02  1.98070E-06  6.22711E+00
  1.81970E+03  1.90546E+03  1.41044E-03  0.00000E+00  1.04378E-03  5.59611E+02  1.47219E-06  6.22712E+00
  1.90546E+03  1.99526E+03  1.41044E-03  0.00000E+00  6.66265E-04  5.59611E+02  9.39725E-07  6.22712E+00
  1.99526E+03  2.08930E+03  1.41044E-03  0.00000E+00  4.37799E-04  5.59611E+02  6.17488E-07  6.22712E+00
  2.08930E+03  2.18776E+03  1.41044E-03  0.00000E+00  4.04840E-04  5.59611E+02  5.71001E-07  6.22712E+00
  2.18776E+03  2.29087E+03  1.41044E-03  0.00000E+00  3.70822E-04  5.59611E+02  5.23021E-07  6.22712E+00
  2.29087E+03  2.39883E+03  1.41044E-03  0.00000E+00  3.35218E-04  5.59611E+02  4.72804E-07  6.22712E+00
  2.39883E+03  2.51189E+03  1.41044E-03  0.00000E+00  2.97926E-04  5.59611E+02  4.20206E-07  6.22712E+00
  2.51189E+03  2.63027E+03  1.41044E-03  0.00000E+00  2.58863E-04  5.59611E+02  3.65110E-07  6.22712E+00
  2.63027E+03  2.75423E+03  1.41044E-03  0.00000E+00  2.17977E-04  5.59611E+02  3.07443E-07  6.22712E+00
  2.75423E+03  2.88403E+03  1.41044E-03  0.00000E+00  1.75167E-04  5.59611E+02  2.47062E-07  6.22712E+00
  2.88403E+03  3.01995E+03  1.41044E-03  0.00000E+00  1.30694E-04  5.62266E+02  1.84336E-07  6.22712E+00
  3.01995E+03  3.16228E+03  1.41044E-03  0.00000E+00  1.07135E-04  5.62266E+02  1.51107E-07  6.22712E+00
  3.16228E+03  3.31131E+03  1.41044E-03  0.00000E+00  9.62006E-05  5.62266E+02  1.35685E-07  6.22712E+00
  3.31131E+03  3.46737E+03  1.41044E-03  0.00000E+00  8.47483E-05  5.62266E+02  1.19532E-07  6.22712E+00
  3.46737E+03  3.63078E+03  1.41044E-03  0.00000E+00  7.27554E-05  5.62266E+02  1.02617E-07  6.22712E+00
  3.63078E+03  3.80189E+03  1.41044E-03  0.00000E+00  6.01995E-05  5.62266E+02  8.49076E-08  6.22712E+00
  3.80189E+03  3.98107E+03  1.41044E-03  0.00000E+00  4.87315E-05  5.62266E+02  6.87327E-08  6.22712E+00
  3.98107E+03  4.16869E+03  1.41044E-03  0.00000E+00  4.65750E-05  5.62266E+02  6.56911E-08  6.22712E+00
  4.16869E+03  4.36516E+03  1.41044E-03  0.00000E+00  4.59200E-05  5.62266E+02  6.47673E-08  6.22712E+00
  4.36516E+03  4.57088E+03  1.41044E-03  0.00000E+00  4.52341E-05  5.62266E+02  6.37999E-08  6.22712E+00
  4.57088E+03  4.78630E+03  1.41044E-03  0.00000E+00  4.45161E-05  5.62266E+02  6.27872E-08  6.22712E+00
  4.78630E+03  5.01187E+03  1.41044E-03  0.00000E+00  4.37640E-05  5.62266E+02  6.17264E-08  6.22712E+00
  5.01187E+03  5.24808E+03  1.41044E-03  0.00000E+00  4.29766E-05  5.62266E+02  6.06158E-08  6.22712E+00
  5.24808E+03  5.49541E+03  1.41044E-03  0.00000E+00  4.21521E-05  5.62266E+02  5.94529E-08  6.22712E+00
  5.49541E+03  5.75440E+03  1.41044E-03  0.00000E+00  4.12887E-05  5.62266E+02  5.82351E-08  6.22712E+00
  5.75440E+03  6.02560E+03  1.41044E-03  0.00000E+00  4.03868E-05  5.63594E+02  5.69630E-08  6.22712E+00
  6.02560E+03  6.30957E+03  1.41044E-03  0.00000E+00  3.97542E-05  5.63594E+02  5.60708E-08  6.22712E+00
  6.30957E+03  6.60693E+03  1.41044E-03  0.00000E+00  3.93151E-05  5.63594E+02  5.54515E-08  6.22712E+00
  6.60693E+03  6.91831E+03  1.41044E-03  0.00000E+00  3.88553E-05  5.63594E+02  5.48030E-08  6.22712E+00
  6.91831E+03  7.24436E+03  1.41044E-03  0.00000E+00  3.83737E-05  5.63594E+02  5.41237E-08  6.22712E+00
  7.24436E+03  7.58578E+03  1.41044E-03  0.00000E+00  3.78695E-05  5.63594E+02  5.34126E-08  6.22712E+00
  7.58578E+03  7.94328E+03  1.41044E-03  0.00000E+00  3.73415E-05  5.63594E+02  5.26678E-08  6.22712E+00
  7.94328E+03  8.31764E+03  1.41044E-03  0.00000E+00  3.67887E-05  5.63594E+02  5.18882E-08  6.22712E+00
  8.31764E+03  8.70964E+03  1.41044E-03  0.00000E+00  3.62098E-05  5.63594E+02  5.10717E-08  6.22712E+00
  8.70964E+03  9.12011E+03  1.41044E-03  0.00000E+00  3.56036E-05  5.63594E+02  5.02166E-08  6.22712E+00
  9.12011E+03  9.54993E+03  1.41044E-03  0.00000E+00  3.49689E-05  5.63594E+02  4.93214E-08  6.22712E+00
  9.54993E+03  1.00000E+04  1.41044E-03  0.00000E+00  3.43042E-05  5.63594E+02  4.83839E-08  6.22712E+00
  1.00000E+04  1.04713E+04  1.41044E-03  0.00000E+00  3.38532E-05  5.63594E+02  4.77478E-08  6.22712E+00
  1.04713E+04  1.09648E+04  1.41044E-03  0.00000E+00  3.36297E-05  5.63594E+02  4.74326E-08  6.22712E+00
  1.09648E+04  1.14815E+04  1.41044E-03  0.00000E+00  3.33956E-05  5.63594E+02  4.71024E-08  6.22712E+00
  1.14815E+04  1.20226E+04  1.41044E-03  0.00000E+00  3.31506E-05  5.63594E+02  4.67568E-08  6.22712E+00
  1.20226E+04  1.25892E+04  1.41044E-03  0.00000E+00  3.28942E-05  5.63594E+02  4.63952E-08  6.22712E+00
  1.25892E+04  1.31826E+04  1.41044E-03  0.00000E+00  3.26255E-05  5.63594E+02  4.60162E-08  6.22712E+00
  1.31826E+04  1.38038E+04  1.41044E-03  0.00000E+00  3.23441E-05  5.63594E+02  4.56193E-08  6.22712E+00
  1.38038E+04  1.44544E+04  1.41044E-03  0.00000E+00  3.20498E-05  5.63594E+02  4.52042E-08  6.22712E+00
  1.44544E+04  1.51356E+04  1.41044E-03  0.00000E+00  3.17413E-05  5.63594E+02  4.47691E-08  6.22712E+00
  1.51356E+04  1.58489E+04  1.41044E-03  0.00000E+00  3.14182E-05  5.63594E+02  4.43134E-08  6.22712E+00
  1.58489E+04  1.65959E+04  1.41044E-03  0.00000E+00  3.10801E-05  5.63594E+02  4.38365E-08  6.22712E+00
  1.65959E+04  1.73780E+04  1.41044E-03  0.00000E+00  3.07260E-05  5.63594E+02  4.33371E-08  6.22712E+00
  1.73780E+04  1.81970E+04  1.41044E-03  0.00000E+00  3.03552E-05  5.63594E+02  4.28141E-08  6.22712E+00
  1.81970E+04  1.90546E+04  1.41044E-03  0.00000E+00  2.99668E-05  5.63594E+02  4.22663E-08  6.22712E+00
  1.90546E+04  1.99526E+04  1.41044E-03  0.00000E+00  2.95601E-05  5.63594E+02  4.16927E-08  6.22712E+00
  1.99526E+04  2.08930E+04  1.41044E-03  0.00000E+00  2.92860E-05  5.63594E+02  4.13061E-08  6.22712E+00
  2.08930E+04  2.18776E+04  1.41044E-03  0.00000E+00  2.91867E-05  5.63594E+02  4.11660E-08  6.22712E+00
  2.18776E+04  2.29087E+04  1.41044E-03  0.00000E+00  2.90831E-05  5.63594E+02  4.10199E-08  6.22712E+00
  2.29087E+04  2.39883E+04  1.41044E-03  0.00000E+00  2.89747E-05  5.63594E+02  4.08670E-08  6.22712E+00
  2.39883E+04  2.51189E+04  1.41044E-03  0.00000E+00  2.88612E-05  5.63594E+02  4.07069E-08  6.22712E+00
  2.51189E+04  2.63027E+04  1.41044E-03  0.00000E+00  2.87422E-05  5.63594E+02  4.05391E-08  6.22712E+00
  2.63027E+04  2.75423E+04  1.41044E-03  0.00000E+00  2.86178E-05  5.63594E+02  4.03636E-08  6.22712E+00
  2.75423E+04  2.88403E+04  1.41044E-03  0.00000E+00  2.84874E-05  5.63594E+02  4.01797E-08  6.22712E+00
  2.88403E+04  3.01995E+04  1.41044E-03  0.00000E+00  2.83528E-05  5.64234E+02  3.99898E-08  6.22712E+00
  3.01995E+04  3.16228E+04  1.41044E-03  0.00000E+00  2.83270E-05  5.64234E+02  3.99535E-08  6.22712E+00
  3.16228E+04  3.31131E+04  1.41044E-03  0.00000E+00  2.83688E-05  5.64234E+02  4.00124E-08  6.22712E+00
  3.31131E+04  3.46737E+04  1.41044E-03  0.00000E+00  2.84126E-05  5.64234E+02  4.00742E-08  6.22712E+00
  3.46737E+04  3.63078E+04  1.41044E-03  0.00000E+00  2.84584E-05  5.64234E+02  4.01388E-08  6.22712E+00
  3.63078E+04  3.80189E+04  1.41044E-03  0.00000E+00  2.85064E-05  5.64234E+02  4.02065E-08  6.22712E+00
  3.80189E+04  3.98107E+04  1.41044E-03  0.00000E+00  2.85566E-05  5.64234E+02  4.02773E-08  6.22712E+00
  3.98107E+04  4.16869E+04  1.41044E-03  0.00000E+00  2.86093E-05  5.64234E+02  4.03516E-08  6.22712E+00
  4.16869E+04  4.36516E+04  1.41044E-03  0.00000E+00  2.86644E-05  5.64234E+02  4.04293E-08  6.22712E+00
  4.36516E+04  4.57088E+04  1.41044E-03  0.00000E+00  2.87221E-05  5.64234E+02  4.05107E-08  6.22712E+00
  4.57088E+04  4.78630E+04  1.41044E-03  0.00000E+00  2.87825E-05  5.64234E+02  4.05959E-08  6.22712E+00
  4.78630E+04  5.01187E+04  1.41044E-03  0.00000E+00  2.88457E-05  5.64234E+02  4.06850E-08  6.22712E+00
  5.01187E+04  5.24808E+04  1.41044E-03  0.00000E+00  2.89120E-05  5.64234E+02  4.07786E-08  6.22712E+00
  5.24808E+04  5.49541E+04  1.41044E-03  0.00000E+00  2.89813E-05  5.64234E+02  4.08763E-08  6.22712E+00
  5.49541E+04  5.75440E+04  1.41044E-03  0.00000E+00  2.90540E-05  5.64234E+02  4.09788E-08  6.22712E+00
  5.75440E+04  6.02560E+04  1.41044E-03  0.00000E+00  2.91305E-05  5.64234E+02  4.10867E-08  6.22712E+00
  6.02560E+04  6.30957E+04  1.41044E-03  0.00000E+00  2.92683E-05  5.64234E+02  4.12811E-08  6.22712E+00
  6.30957E+04  6.60693E+04  1.41044E-03  0.00000E+00  2.94539E-05  5.64234E+02  4.15429E-08  6.22712E+00
  6.60693E+04  6.91831E+04  1.41044E-03  0.00000E+00  2.96482E-05  5.64234E+02  4.18169E-08  6.22712E+00
  6.91831E+04  7.24436E+04  1.41044E-03  0.00000E+00  2.98518E-05  5.64234E+02  4.21041E-08  6.22712E+00
  7.24436E+04  7.58578E+04  1.41044E-03  0.00000E+00  3.00649E-05  5.64234E+02  4.24047E-08  6.22712E+00
  7.58578E+04  7.94328E+04  1.41044E-03  0.00000E+00  3.02881E-05  5.64234E+02  4.27195E-08  6.22712E+00
  7.94328E+04  8.31764E+04  1.41044E-03  0.00000E+00  3.05218E-05  5.64234E+02  4.30491E-08  6.22712E+00
  8.31764E+04  8.70964E+04  1.41044E-03  0.00000E+00  3.07664E-05  5.64234E+02  4.33941E-08  6.22712E+00
  8.70964E+04  9.12011E+04  1.41044E-03  0.00000E+00  3.10227E-05  5.64234E+02  4.37556E-08  6.22712E+00
  9.12011E+04  9.54993E+04  1.41044E-03  0.00000E+00  3.12910E-05  5.64234E+02  4.41340E-08  6.22712E+00
  9.54993E+04  1.00000E+05  1.41044E-03  0.00000E+00  3.15720E-05  5.64234E+02  4.45303E-08  6.22712E+00
  1.00000E+05  1.04713E+05  1.41044E-03  0.00000E+00  3.18366E-05  5.64234E+02  4.49035E-08  6.22713E+00
  1.04713E+05  1.09648E+05  1.41044E-03  0.00000E+00  3.20839E-05  5.64234E+02  4.52523E-08  6.22713E+00
  1.09648E+05  1.14815E+05  1.41044E-03  0.00000E+00  3.23430E-05  5.64234E+02  4.56178E-08  6.22713E+00
  1.14815E+05  1.20226E+05  1.41044E-03  0.00000E+00  3.26142E-05  5.64234E+02  4.60003E-08  6.22713E+00
  1.20226E+05  1.25892E+05  1.41044E-03  0.00000E+00  3.28979E-05  5.64234E+02  4.64004E-08  6.22713E+00
  1.25892E+05  1.31826E+05  1.41044E-03  0.00000E+00  3.31951E-05  5.64234E+02  4.68196E-08  6.22713E+00
  1.31826E+05  1.38038E+05  1.41044E-03  0.00000E+00  3.35065E-05  5.64234E+02  4.72588E-08  6.22713E+00
  1.38038E+05  1.44544E+05  1.41044E-03  0.00000E+00  3.38323E-05  5.64234E+02  4.77183E-08  6.22713E+00
  1.44544E+05  1.51356E+05  1.41044E-03  0.00000E+00  3.41736E-05  5.64234E+02  4.81997E-08  6.22713E+00
  1.51356E+05  1.58489E+05  1.41044E-03  0.00000E+00  3.45311E-05  5.64234E+02  4.87039E-08  6.22713E+00
  1.58489E+05  1.65959E+05  1.41044E-03  0.00000E+00  3.49053E-05  5.64234E+02  4.92317E-08  6.22713E+00
  1.65959E+05  1.73780E+05  1.41044E-03  0.00000E+00  3.52971E-05  5.64234E+02  4.97843E-08  6.22713E+00
  1.73780E+05  1.81970E+05  1.41044E-03  0.00000E+00  3.57074E-05  5.64234E+02  5.03630E-08  6.22713E+00
  1.81970E+05  1.90546E+05  1.41044E-03  0.00000E+00  3.61372E-05  5.64234E+02  5.09693E-08  6.22713E+00
  1.90546E+05  1.99526E+05  1.41044E-03  0.00000E+00  3.65873E-05  5.64234E+02  5.16041E-08  6.22713E+00
  1.99526E+05  2.08930E+05  1.41044E-03  0.00000E+00  3.69561E-05  5.61959E+02  5.21243E-08  6.22713E+00
  2.08930E+05  2.18776E+05  1.41044E-03  0.00000E+00  3.72160E-05  5.61959E+02  5.24908E-08  6.22713E+00
  2.18776E+05  2.29087E+05  1.41044E-03  0.00000E+00  3.74878E-05  5.61959E+02  5.28742E-08  6.22713E+00
  2.29087E+05  2.39883E+05  1.41044E-03  0.00000E+00  3.77723E-05  5.61959E+02  5.32755E-08  6.22713E+00
  2.39883E+05  2.51189E+05  1.41044E-03  0.00000E+00  3.80703E-05  5.61959E+02  5.36958E-08  6.22713E+00
  2.51189E+05  2.63027E+05  1.41044E-03  0.00000E+00  3.83824E-05  5.61959E+02  5.41360E-08  6.22713E+00
  2.63027E+05  2.75423E+05  1.41044E-03  0.00000E+00  3.87092E-05  5.61959E+02  5.45969E-08  6.22713E+00
  2.75423E+05  2.88403E+05  1.41044E-03  0.00000E+00  3.90512E-05  5.61959E+02  5.50793E-08  6.22713E+00
  2.88403E+05  3.01995E+05  1.41044E-03  0.00000E+00  3.94072E-05  5.61959E+02  5.55814E-08  6.22713E+00
  3.01995E+05  3.16228E+05  1.41044E-03  0.00000E+00  3.96292E-05  5.61959E+02  5.58945E-08  6.22713E+00
  3.16228E+05  3.31131E+05  1.41044E-03  0.00000E+00  3.97719E-05  5.61959E+02  5.60958E-08  6.22713E+00
  3.31131E+05  3.46737E+05  1.41044E-03  0.00000E+00  3.99212E-05  5.61959E+02  5.63063E-08  6.22713E+00
  3.46737E+05  3.63078E+05  1.41044E-03  0.00000E+00  4.00777E-05  5.61959E+02  5.65271E-08  6.22713E+00
  3.63078E+05  3.80189E+05  1.41044E-03  0.00000E+00  4.02415E-05  5.61959E+02  5.67581E-08  6.22713E+00
  3.80189E+05  3.98107E+05  1.41044E-03  0.00000E+00  4.04130E-05  5.61959E+02  5.70000E-08  6.22713E+00
  3.98107E+05  4.16869E+05  1.41044E-03  0.00000E+00  4.05098E-05  5.61959E+02  5.71365E-08  6.22713E+00
  4.16869E+05  4.36516E+05  1.41044E-03  0.00000E+00  4.04855E-05  5.61959E+02  5.71023E-08  6.22713E+00
  4.36516E+05  4.57088E+05  1.41044E-03  0.00000E+00  4.04554E-05  5.61959E+02  5.70598E-08  6.22713E+00
  4.57088E+05  4.78630E+05  1.41044E-03  0.00000E+00  4.04238E-05  5.61959E+02  5.70152E-08  6.22713E+00
  4.78630E+05  5.01187E+05  1.41044E-03  0.00000E+00  4.03907E-05  5.61959E+02  5.69685E-08  6.22713E+00
  5.01187E+05  5.24808E+05  1.41044E-03  0.00000E+00  4.02909E-05  5.61959E+02  5.68278E-08  6.22713E+00
  5.24808E+05  5.49541E+05  1.41044E-03  0.00000E+00  4.00896E-05  5.61959E+02  5.65439E-08  6.22713E+00
  5.49541E+05  5.75440E+05  1.41044E-03  0.00000E+00  3.98779E-05  5.61959E+02  5.62453E-08  6.22713E+00
  5.75440E+05  6.02560E+05  1.41044E-03  0.00000E+00  3.96563E-05  5.46460E+02  5.59327E-08  6.22713E+00
  6.02560E+05  6.30957E+05  1.41044E-03  0.00000E+00  3.93183E-05  5.46460E+02  5.54560E-08  6.22713E+00
  6.30957E+05  6.60693E+05  1.41044E-03  0.00000E+00  3.88309E-05  5.46460E+02  5.47685E-08  6.22713E+00
  6.60693E+05  6.91831E+05  1.41044E-03  0.00000E+00  3.83202E-05  5.46460E+02  5.40482E-08  6.22713E+00
  6.91831E+05  7.24436E+05  1.41044E-03  0.00000E+00  3.77853E-05  5.46460E+02  5.32938E-08  6.22713E+00
  7.24436E+05  7.58578E+05  1.41044E-03  0.00000E+00  3.72253E-05  5.46460E+02  5.25040E-08  6.22713E+00
  7.58578E+05  7.94328E+05  1.41044E-03  0.00000E+00  3.66389E-05  5.46460E+02  5.16769E-08  6.22713E+00
  7.94328E+05  8.31764E+05  1.41044E-03  0.00000E+00  3.60248E-05  5.46460E+02  5.08107E-08  6.22713E+00
  8.31764E+05  8.70964E+05  1.41044E-03  0.00000E+00  3.53801E-05  5.46460E+02  4.99014E-08  6.22713E+00
  8.70964E+05  9.12011E+05  1.41044E-03  0.00000E+00  3.47043E-05  5.46460E+02  4.89482E-08  6.22713E+00
  9.12011E+05  9.54993E+05  1.41044E-03  0.00000E+00  3.39966E-05  5.46460E+02  4.79501E-08  6.22713E+00
  9.54993E+05  1.00000E+06  1.41044E-03  0.00000E+00  3.32556E-05  4.71511E+02  4.69049E-08  6.22713E+00
  1.00000E+06  1.04713E+06  1.41044E-03  0.00000E+00  3.25300E-05  4.71511E+02  4.58815E-08  6.22713E+00
  1.04713E+06  1.09648E+06  1.41044E-03  0.00000E+00  3.18210E-05  4.71511E+02  4.48815E-08  6.22713E+00
  1.09648E+06  1.14815E+06  1.41044E-03  0.00000E+00  3.10781E-05  4.71511E+02  4.38337E-08  6.22713E+00
  1.14815E+06  1.20226E+06  1.41044E-03  0.00000E+00  3.03007E-05  4.71511E+02  4.27372E-08  6.22713E+00
  1.20226E+06  1.25892E+06  1.41044E-03  0.00000E+00  2.95397E-05  4.71511E+02  4.16639E-08  6.22713E+00
  1.25892E+06  1.31826E+06  1.41044E-03  0.00000E+00  2.88232E-05  4.71511E+02  4.06533E-08  6.22713E+00
  1.31826E+06  1.38038E+06  1.41044E-03  0.00000E+00  2.80736E-05  4.71511E+02  3.95961E-08  6.22713E+00
  1.38038E+06  1.44544E+06  1.41044E-03  0.00000E+00  2.73080E-05  4.71511E+02  3.85162E-08  6.22713E+00
  1.44544E+06  1.51356E+06  1.41044E-03  0.00000E+00  2.66023E-05  4.71511E+02  3.75209E-08  6.22713E+00
  1.51356E+06  1.58489E+06  1.41044E-03  0.00000E+00  2.58770E-05  4.71511E+02  3.64979E-08  6.22713E+00
  1.58489E+06  1.65959E+06  1.41044E-03  0.00000E+00  2.51424E-05  4.71511E+02  3.54618E-08  6.22713E+00
  1.65959E+06  1.73780E+06  1.41044E-03  0.00000E+00  2.44605E-05  4.71511E+02  3.45000E-08  6.22713E+00
  1.73780E+06  1.81970E+06  1.41044E-03  0.00000E+00  2.37549E-05  4.13683E+02  3.35048E-08  6.22713E+00
  1.81970E+06  1.90546E+06  1.41044E-03  0.00000E+00  2.30830E-05  4.13683E+02  3.25571E-08  6.22713E+00
  1.90546E+06  1.99526E+06  1.41044E-03  0.00000E+00  2.24292E-05  4.13683E+02  3.16350E-08  6.22713E+00
  1.99526E+06  2.08930E+06  1.41044E-03  0.00000E+00  2.17887E-05  4.13683E+02  3.07316E-08  6.22713E+00
  2.08930E+06  2.18776E+06  1.41044E-03  0.00000E+00  2.12109E-05  4.13683E+02  2.99166E-08  6.22713E+00
  2.18776E+06  2.29087E+06  1.41044E-03  0.00000E+00  2.06417E-05  4.13683E+02  2.91138E-08  6.22713E+00
  2.29087E+06  2.39883E+06  1.41044E-03  0.00000E+00  2.01344E-05  4.13683E+02  2.83983E-08  6.22713E+00
  2.39883E+06  2.51189E+06  1.41044E-03  0.00000E+00  1.96440E-05  4.13683E+02  2.77066E-08  6.22713E+00
  2.51189E+06  2.63027E+06  1.41044E-03  0.00000E+00  1.91970E-05  1.42032E+02  2.70762E-08  6.22713E+00
  2.63027E+06  2.75423E+06  1.41044E-03  0.00000E+00  1.87640E-05  1.42032E+02  2.64654E-08  6.22713E+00
  2.75423E+06  2.88403E+06  1.41044E-03  0.00000E+00  1.83564E-05  1.42032E+02  2.58906E-08  6.22713E+00
  2.88403E+06  3.01995E+06  1.41044E-03  0.00000E+00  1.79804E-05  1.42032E+02  2.53602E-08  6.22713E+00
  3.01995E+06  3.16228E+06  1.41044E-03  0.00000E+00  1.76240E-05  1.42032E+02  2.48575E-08  6.22713E+00
  3.16228E+06  3.31131E+06  1.41044E-03  0.00000E+00  1.72925E-05  1.42032E+02  2.43900E-08  6.22713E+00
  3.31131E+06  3.46737E+06  1.41044E-03  0.00000E+00  1.69857E-05  1.42032E+02  2.39573E-08  6.22713E+00
  3.46737E+06  3.63078E+06  1.41044E-03  0.00000E+00  1.66961E-05  1.42032E+02  2.35488E-08  6.22713E+00
  3.63078E+06  3.80189E+06  1.41044E-03  0.00000E+00  1.64267E-05  1.42032E+02  2.31688E-08  6.22713E+00
  3.80189E+06  3.98107E+06  1.41044E-03  0.00000E+00  1.61471E-05  1.42032E+02  2.27745E-08  6.22713E+00
  3.98107E+06  4.16869E+06  1.41044E-03  0.00000E+00  1.58705E-05  1.42032E+02  2.23843E-08  6.22713E+00
  4.16869E+06  4.36516E+06  1.41044E-03  0.00000E+00  1.55848E-05  1.42032E+02  2.19814E-08  6.22713E+00
  4.36516E+06  4.57088E+06  1.41044E-03  0.00000E+00  1.52857E-05  1.42032E+02  2.15595E-08  6.22713E+00
  4.57088E+06  4.78630E+06  1.41044E-03  0.00000E+00  1.49483E-05  3.92441E+01  2.10836E-08  6.22713E+00
  4.78630E+06  5.01187E+06  1.41044E-03  0.00000E+00  1.45510E-05  3.92441E+01  2.05233E-08  6.22713E+00
  5.01187E+06  5.24808E+06  1.41044E-03  0.00000E+00  1.40925E-05  3.92441E+01  1.98766E-08  6.22713E+00
  5.24808E+06  5.49541E+06  1.41044E-03  0.00000E+00  3.27182E-05  3.92441E+01  4.61470E-08  6.22713E+00
  5.49541E+06  5.75440E+06  1.41044E-03  0.00000E+00  2.01996E-04  3.92441E+01  2.84903E-07  6.22713E+00
  5.75440E+06  6.02560E+06  1.41044E-03  0.00000E+00  2.21772E-04  3.92441E+01  3.12795E-07  6.22713E+00
  6.02560E+06  6.30957E+06  1.41044E-03  0.00000E+00  2.29412E-04  3.92441E+01  3.23571E-07  6.22713E+00
  6.30957E+06  6.60693E+06  1.41044E-03  0.00000E+00  2.36558E-04  4.79623E+01  3.33650E-07  6.22713E+00
  6.60693E+06  6.91831E+06  1.41044E-03  0.00000E+00  2.41571E-04  4.79623E+01  3.40721E-07  6.22713E+00
  6.91831E+06  7.24436E+06  1.41044E-03  0.00000E+00  2.39030E-04  4.79623E+01  3.37137E-07  6.22713E+00
  7.24436E+06  7.58578E+06  1.41044E-03  0.00000E+00  2.37390E-04  4.79623E+01  3.34824E-07  6.22713E+00
  7.58578E+06  7.94328E+06  1.41044E-03  0.00000E+00  2.33525E-04  4.79623E+01  3.29372E-07  6.22713E+00
  7.94328E+06  8.31764E+06  1.41044E-03  0.00000E+00  2.31905E-04  4.79623E+01  3.27087E-07  6.22713E+00
  8.31764E+06  8.70964E+06  1.41044E-03  0.00000E+00  2.23942E-04  4.79623E+01  3.15856E-07  6.22713E+00
  8.70964E+06  9.12011E+06  1.41044E-03  0.00000E+00  2.15637E-04  6.21815E+01  3.04142E-07  6.22713E+00
  9.12011E+06  9.54993E+06  1.41044E-03  0.00000E+00  2.04615E-04  6.21815E+01  2.88597E-07  6.22713E+00
  9.54993E+06  1.00000E+07  1.41044E-03  0.00000E+00  1.92558E-04  6.21815E+01  2.71591E-07  6.22713E+00
  1.00000E+07  1.02000E+07  1.41044E-03  0.00000E+00  1.83657E-04  6.21815E+01  2.59037E-07  6.22713E+00
  1.02000E+07  1.04000E+07  1.41044E-03  0.00000E+00  1.77789E-04  6.21815E+01  2.50760E-07  6.22713E+00
  1.04000E+07  1.06000E+07  1.41044E-03  0.00000E+00  1.72036E-04  6.21815E+01  2.42646E-07  6.22713E+00
  1.06000E+07  1.08000E+07  1.41044E-03  0.00000E+00  1.66972E-04  6.21815E+01  2.35504E-07  6.22713E+00
  1.08000E+07  1.10000E+07  1.41044E-03  0.00000E+00  1.62024E-04  6.21815E+01  2.28525E-07  6.22713E+00
  1.10000E+07  1.12000E+07  1.41044E-03  0.00000E+00  1.56818E-04  6.21815E+01  2.21182E-07  6.22713E+00
  1.12000E+07  1.14000E+07  1.41044E-03  0.00000E+00  1.51353E-04  6.21815E+01  2.13474E-07  6.22713E+00
  1.14000E+07  1.16000E+07  1.41044E-03  0.00000E+00  1.46014E-04  6.21815E+01  2.05944E-07  6.22713E+00
  1.16000E+07  1.18000E+07  1.41044E-03  0.00000E+00  1.41431E-04  6.21815E+01  1.99480E-07  6.22713E+00
  1.18000E+07  1.20000E+07  1.41044E-03  0.00000E+00  1.36974E-04  6.21815E+01  1.93193E-07  6.22714E+00
  1.20000E+07  1.22000E+07  1.41044E-03  0.00000E+00  1.32403E-04  6.21815E+01  1.86746E-07  6.22714E+00
  1.22000E+07  1.24000E+07  1.41044E-03  0.00000E+00  1.27717E-04  6.21815E+01  1.80137E-07  6.22714E+00
  1.24000E+07  1.26000E+07  1.41044E-03  0.00000E+00  1.23167E-04  6.21815E+01  1.73719E-07  6.22714E+00
  1.26000E+07  1.28000E+07  1.41044E-03  0.00000E+00  1.19442E-04  6.21815E+01  1.68465E-07  6.22714E+00
  1.28000E+07  1.30000E+07  1.41044E-03  0.00000E+00  1.15856E-04  6.90454E+01  1.63408E-07  6.22714E+00
  1.30000E+07  1.32000E+07  1.41044E-03  0.00000E+00  1.12414E-04  6.90454E+01  1.58553E-07  6.22714E+00
  1.32000E+07  1.34000E+07  1.41044E-03  0.00000E+00  1.09118E-04  6.90454E+01  1.53904E-07  6.22714E+00
  1.34000E+07  1.36000E+07  1.41044E-03  0.00000E+00  1.05839E-04  6.90454E+01  1.49279E-07  6.22714E+00
  1.36000E+07  1.38000E+07  1.41044E-03  0.00000E+00  1.02669E-04  6.90454E+01  1.44808E-07  6.22714E+00
  1.38000E+07  1.40000E+07  1.41044E-03  0.00000E+00  9.95176E-05  6.90454E+01  1.40363E-07  6.22714E+00
  1.40000E+07  1.42000E+07  1.41044E-03  0.00000E+00  9.66272E-05  6.90454E+01  1.36287E-07  6.22714E+00
  1.42000E+07  1.44000E+07  1.41044E-03  0.00000E+00  9.39994E-05  6.90454E+01  1.32580E-07  6.22714E+00
  1.44000E+07  1.46000E+07  1.41044E-03  0.00000E+00  9.13990E-05  6.90454E+01  1.28913E-07  6.22714E+00
  1.46000E+07  1.48000E+07  1.41044E-03  0.00000E+00  8.89645E-05  6.90454E+01  1.25479E-07  6.22714E+00
  1.48000E+07  1.50000E+07  1.41044E-03  0.00000E+00  8.65577E-05  6.90454E+01  1.22084E-07  6.22714E+00
  1.50000E+07  1.52000E+07  1.41044E-03  0.00000E+00  8.43330E-05  6.90454E+01  1.18946E-07  6.22714E+00
  1.52000E+07  1.54000E+07  1.41044E-03  0.00000E+00  8.22912E-05  6.90454E+01  1.16067E-07  6.22714E+00
  1.54000E+07  1.56000E+07  1.41044E-03  0.00000E+00  8.02493E-05  6.90454E+01  1.13187E-07  6.22714E+00
  1.56000E+07  1.58000E+07  1.41044E-03  0.00000E+00  7.82075E-05  6.90454E+01  1.10307E-07  6.22714E+00
  1.58000E+07  1.60000E+07  1.41044E-03  0.00000E+00  7.61657E-05  7.46446E+01  1.07427E-07  6.22714E+00
  1.60000E+07  1.62000E+07  1.41044E-03  0.00000E+00  7.42927E-05  7.46446E+01  1.04785E-07  6.22714E+00
  1.62000E+07  1.64000E+07  1.41044E-03  0.00000E+00  7.25892E-05  7.46446E+01  1.02383E-07  6.22714E+00
  1.64000E+07  1.66000E+07  1.41044E-03  0.00000E+00  7.08857E-05  7.46446E+01  9.99798E-08  6.22714E+00
  1.66000E+07  1.68000E+07  1.41044E-03  0.00000E+00  6.91822E-05  7.46446E+01  9.75771E-08  6.22714E+00
  1.68000E+07  1.70000E+07  1.41044E-03  0.00000E+00  6.74787E-05  7.46446E+01  9.51745E-08  6.22714E+00
  1.70000E+07  1.72000E+07  1.41044E-03  0.00000E+00  6.60003E-05  7.46446E+01  9.30893E-08  6.22714E+00
  1.72000E+07  1.74000E+07  1.41044E-03  0.00000E+00  6.47477E-05  7.46446E+01  9.13226E-08  6.22714E+00
  1.74000E+07  1.76000E+07  1.41044E-03  0.00000E+00  6.34952E-05  7.46446E+01  8.95560E-08  6.22714E+00
  1.76000E+07  1.78000E+07  1.41044E-03  0.00000E+00  6.22427E-05  7.46446E+01  8.77894E-08  6.22714E+00
  1.78000E+07  1.80000E+07  1.41044E-03  0.00000E+00  6.09901E-05  7.46446E+01  8.60227E-08  6.22714E+00
  1.80000E+07  1.82000E+07  1.41044E-03  0.00000E+00  5.97855E-05  7.46446E+01  8.43237E-08  6.22714E+00
  1.82000E+07  1.84000E+07  1.41044E-03  0.00000E+00  5.86289E-05  7.46446E+01  8.26924E-08  6.22714E+00
  1.84000E+07  1.86000E+07  1.41044E-03  0.00000E+00  5.74723E-05  7.46446E+01  8.10611E-08  6.22714E+00
  1.86000E+07  1.88000E+07  1.41044E-03  0.00000E+00  5.63157E-05  7.46446E+01  7.94298E-08  6.22714E+00
  1.88000E+07  1.90000E+07  1.41044E-03  0.00000E+00  5.51591E-05  7.46446E+01  7.77984E-08  6.22714E+00
  1.90000E+07  1.92000E+07  1.41044E-03  0.00000E+00  5.41291E-05  7.46446E+01  7.63457E-08  6.22714E+00
  1.92000E+07  1.94000E+07  1.41044E-03  0.00000E+00  5.32260E-05  7.46446E+01  7.50719E-08  6.22714E+00
  1.94000E+07  1.96000E+07  1.41044E-03  0.00000E+00  5.23230E-05  7.46446E+01  7.37983E-08  6.22714E+00
  1.96000E+07  1.98000E+07  1.41044E-03  0.00000E+00  5.14199E-05  7.46446E+01  7.25245E-08  6.22714E+00
  1.98000E+07  2.00000E+07  1.41044E-03  0.00000E+00  5.05169E-05  7.61198E+01  7.12509E-08  6.22714E+00
  2.00000E+07  2.10000E+07  1.41044E-03  0.00000E+00  4.78654E-05  7.61198E+01  6.75111E-08  6.22714E+00
  2.10000E+07  2.20000E+07  1.41044E-03  0.00000E+00  4.37926E-05  7.61198E+01  6.17667E-08  6.22714E+00
  2.20000E+07  2.30000E+07  1.41044E-03  0.00000E+00  4.03851E-05  7.61198E+01  5.69607E-08  6.22714E+00
  2.30000E+07  2.40000E+07  1.41044E-03  0.00000E+00  3.74774E-05  7.92376E+01  5.28595E-08  6.22714E+00
  2.40000E+07  2.50000E+07  1.41044E-03  0.00000E+00  3.49430E-05  7.92376E+01  4.92849E-08  6.22714E+00
  2.50000E+07  2.60000E+07  1.41044E-03  0.00000E+00  3.27649E-05  7.92376E+01  4.62128E-08  6.22714E+00
  2.60000E+07  2.70000E+07  1.41044E-03  0.00000E+00  3.08911E-05  7.92376E+01  4.35700E-08  6.22714E+00
  2.70000E+07  2.80000E+07  1.41044E-03  0.00000E+00  2.91652E-05  0.00000E+00  4.11357E-08  6.22714E+00
  2.80000E+07  2.90000E+07  1.41044E-03  0.00000E+00  2.78246E-05  0.00000E+00  3.92449E-08  6.22714E+00
  2.90000E+07  3.00000E+07  1.41044E-03  0.00000E+00  2.68227E-05  0.00000E+00  3.78317E-08  6.22714E+00
  3.00000E+07  3.20000E+07  1.41044E-03  0.00000E+00  0.00000E+00  0.00000E+00  0.00000E+00  6.22714E+00
  3.20000E+07  3.40000E+07  1.41044E-03  0.00000E+00  0.00000E+00  0.00000E+00  0.00000E+00  6.22714E+00
  3.40000E+07  3.60000E+07  1.41044E-03  0.00000E+00  0.00000E+00  0.00000E+00  0.00000E+00  6.22714E+00
  3.60000E+07  3.80000E+07  1.41044E-03  0.00000E+00  0.00000E+00  0.00000E+00  0.00000E+00  6.22714E+00
  3.80000E+07  4.00000E+07  1.41044E-03  0.00000E+00  0.00000E+00  0.00000E+00  0.00000E+00  6.22714E+00
  4.00000E+07  4.20000E+07  1.41044E-03  0.00000E+00  0.00000E+00  0.00000E+00  0.00000E+00  6.22714E+00
  4.20000E+07  4.40000E+07  1.41044E-03  0.00000E+00  0.00000E+00  0.00000E+00  0.00000E+00  6.22714E+00
  4.40000E+07  4.60000E+07  1.41044E-03  0.00000E+00  0.00000E+00  0.00000E+00  0.00000E+00  6.22714E+00
  4.60000E+07  4.80000E+07  1.41044E-03  0.00000E+00  0.00000E+00  0.00000E+00  0.00000E+00  6.22714E+00
  4.80000E+07  5.00000E+07  1.41044E-03  0.00000E+00  0.00000E+00  0.00000E+00  0.00000E+00  6.22714E+00
  5.00000E+07  5.20000E+07  1.41044E-03  0.00000E+00  0.00000E+00  0.00000E+00  0.00000E+00  6.22714E+00
  5.20000E+07  5.40000E+07  1.41044E-03  0.00000E+00  0.00000E+00  0.00000E+00  0.00000E+00  6.22714E+00
  5.40000E+07  5.60000E+07  1.41044E-03  0.00000E+00  0.00000E+00  0.00000E+00  0.00000E+00  6.22714E+00
  5.60000E+07  5.80000E+07  1.41044E-03  0.00000E+00  0.00000E+00  0.00000E+00  0.00000E+00  6.22714E+00
  5.80000E+07  6.00000E+07  1.41044E-03  0.00000E+00  0.00000E+00  0.00000E+00  0.00000E+00  6.22714E+00
  6.00000E+07  6.50000E+07  1.41044E-03  0.00000E+00  0.00000E+00  0.00000E+00  0.00000E+00  6.22714E+00
  6.50000E+07  7.00000E+07  1.41044E-03  0.00000E+00  0.00000E+00  0.00000E+00  0.00000E+00  6.22714E+00
  7.00000E+07  7.50000E+07  1.41044E-03  0.00000E+00  0.00000E+00  0.00000E+00  0.00000E+00  6.22714E+00
  7.50000E+07  8.00000E+07  1.41044E-03  0.00000E+00  0.00000E+00  0.00000E+00  0.00000E+00  6.22714E+00
  8.00000E+07  9.00000E+07  1.41044E-03  0.00000E+00  0.00000E+00  0.00000E+00  0.00000E+00  6.22714E+00
  9.00000E+07  1.00000E+08  1.41044E-03  0.00000E+00  0.00000E+00  0.00000E+00  0.00000E+00  6.22714E+00
  1.00000E+08  1.10000E+08  1.41044E-03  0.00000E+00  0.00000E+00  0.00000E+00  0.00000E+00  6.22714E+00
  1.10000E+08  1.20000E+08  1.41044E-03  0.00000E+00  0.00000E+00  0.00000E+00  0.00000E+00  6.22714E+00
  1.20000E+08  1.30000E+08  1.41044E-03  0.00000E+00  0.00000E+00  0.00000E+00  0.00000E+00  6.22714E+00
  1.30000E+08  1.40000E+08  1.41044E-03  0.00000E+00  0.00000E+00  0.00000E+00  0.00000E+00  6.22714E+00
  1.40000E+08  1.50000E+08  1.41044E-03  0.00000E+00  0.00000E+00  0.00000E+00  0.00000E+00  6.22714E+00
  1.50000E+08  1.60000E+08  1.41044E-03  0.00000E+00  0.00000E+00  0.00000E+00  0.00000E+00  6.22714E+00
  1.60000E+08  1.80000E+08  1.41044E-03  0.00000E+00  0.00000E+00  0.00000E+00  0.00000E+00  6.22714E+00
  1.80000E+08  2.00000E+08  1.41044E-03  0.00000E+00  0.00000E+00  0.00000E+00  0.00000E+00  6.22714E+00
  2.00000E+08  2.40000E+08  1.41044E-03  0.00000E+00  0.00000E+00  0.00000E+00  0.00000E+00  6.22714E+00
  2.40000E+08  2.80000E+08  1.41044E-03  0.00000E+00  0.00000E+00  0.00000E+00  0.00000E+00  6.22714E+00
  2.80000E+08  3.20000E+08  1.41044E-03  0.00000E+00  0.00000E+00  0.00000E+00  0.00000E+00  6.22714E+00
  3.20000E+08  3.60000E+08  1.41044E-03  0.00000E+00  0.00000E+00  0.00000E+00  0.00000E+00  6.22714E+00
  3.60000E+08  4.00000E+08  1.41044E-03  0.00000E+00  0.00000E+00  0.00000E+00  0.00000E+00  6.22714E+00
  4.00000E+08  4.40000E+08  1.41044E-03  0.00000E+00  0.00000E+00  0.00000E+00  0.00000E+00  6.22714E+00
  4.40000E+08  4.80000E+08  1.41044E-03  0.00000E+00  0.00000E+00  0.00000E+00  0.00000E+00  6.22714E+00
  4.80000E+08  5.20000E+08  1.41044E-03  0.00000E+00  0.00000E+00  0.00000E+00  0.00000E+00  6.22714E+00
  5.20000E+08  5.60000E+08  1.41044E-03  0.00000E+00  0.00000E+00  0.00000E+00  0.00000E+00  6.22714E+00
  5.60000E+08  6.00000E+08  1.41044E-03  0.00000E+00  0.00000E+00  0.00000E+00  0.00000E+00  6.22714E+00
  6.00000E+08  6.40000E+08  1.41044E-03  0.00000E+00  0.00000E+00  0.00000E+00  0.00000E+00  6.22714E+00
  6.40000E+08  6.80000E+08  1.41044E-03  0.00000E+00  0.00000E+00  0.00000E+00  0.00000E+00  6.22714E+00
  6.80000E+08  7.20000E+08  1.41044E-03  0.00000E+00  0.00000E+00  0.00000E+00  0.00000E+00  6.22714E+00
  7.20000E+08  7.60000E+08  1.41044E-03  0.00000E+00  0.00000E+00  0.00000E+00  0.00000E+00  6.22714E+00
  7.60000E+08  8.00000E+08  1.41044E-03  0.00000E+00  0.00000E+00  0.00000E+00  0.00000E+00  6.22714E+00
  8.00000E+08  8.40000E+08  1.41044E-03  0.00000E+00  0.00000E+00  0.00000E+00  0.00000E+00  6.22714E+00
  8.40000E+08  8.80000E+08  1.41044E-03  0.00000E+00  0.00000E+00  0.00000E+00  0.00000E+00  6.22714E+00
  8.80000E+08  9.20000E+08  1.41044E-03  0.00000E+00  0.00000E+00  0.00000E+00  0.00000E+00  6.22714E+00
  9.20000E+08  9.60000E+08  1.41044E-03  0.00000E+00  0.00000E+00  0.00000E+00  0.00000E+00  6.22714E+00
  9.60000E+08  1.00000E+09  1.41044E-03  0.00000E+00  0.00000E+00  0.00000E+00  0.00000E+00  6.22714E+00
