
 LOG FILE: collapx.log

 11:58:59 2 December 2020        

 Log  : FILES file = files
 Log  : fileroot   = collapx


 ------------------------------------------------------------------
 Files specified by the FILES file and fileroot for this run.
 ------------------------------------------------------------------
 The numbers after the unit names are the internal unit numbers.

 arb_flux( 3)    fluxes_org
 input( 5)       collapx.i
 graph(10)       collapx.gra
 a2data(11)      /FISPACT-II/decay/a2_2012
 collapxi(12)    COLLAPX
 arrayx(13)      ARRAYX
 hazards(14)     /FISPACT-II/decay/hazards_2012
 gnuplot(15)     collapx.plt
 collapxo(17)    COLLAPX
 ind_nuc(18)     /FISPACT-II/decay/decay_2012_index_2012
 fluxes(20)      fluxes
 output(38)      collapx.out
 absorp(39)      /FISPACT-II/decay/abs_2012
 clear(40)       /FISPACT-II/decay/clear_2012
 tab1(44)        collapx.tab1
 tab2(45)        collapx.tab2
 tab3(46)        collapx.tab3
 tab4(47)        collapx.tab4
 runlog(48)      collapx.log
 sens(50)        collapx.sens
 prob_tab(51)    /FISPACT-II/TENDL2017data/tal2017-n/tp-709-294
 xs_endf(52)     /FISPACT-II/TENDL2017data/tal2017-n/gxs-709
 dk_endf(53)     /FISPACT-II/decay/decay_2012
 fy_endf(54)     /FISPACT-II/GEFY61data/gefy61_nfy
 sf_endf(55)     /FISPACT-II/GEFY61data/gefy61_sfy
 xs_endfb(56)    /FISPACT-II/binary_collapses/4.0/compress_TENDL2017_709_294_xs_var.bin
 nucgraph(59)    collapx.grn
 nucgnu(60)      collapx.pln
 ------------------------------------------------------------------


 00001: Warning: token_m:edit_deprecated: 2: 
        The NOHEADER keyword is obsolete and has no action.
        
 GETXS -1
 FISPACT
 * COLLAPSE tal2011-n/gxs-709, dec2012 index
  load cross-sections
 Log  : no_unc =          154
 00002: Warning: endfmat_m:var_lb5: 1: 
        Too many uncertainty energy bins
        Workspace array sizes increased
 Log  : no_unc =          634
 00003: Warning: endfmat_m:var_lb5: 1: 
        Too many uncertainty energy bins
        Workspace array sizes increased
 Log  : no_unc =          634
 00004: Warning: endfmat_m:var_lb5: 1: 
        Too many uncertainty energy bins
        Workspace array sizes increased
 Log  : no_unc =          185
 00005: Warning: endfmat_m:var_lb5: 1: 
        Too many uncertainty energy bins
        Workspace array sizes increased
 Log  : no_unc =          181
 00006: Warning: endfmat_m:var_lb5: 1: 
        Too many uncertainty energy bins
        Workspace array sizes increased
 Log  : no_unc =          181
 00007: Warning: endfmat_m:var_lb5: 1: 
        Too many uncertainty energy bins
        Workspace array sizes increased
 Log  : no_unc =          160
 00008: Warning: endfmat_m:var_lb5: 1: 
        Too many uncertainty energy bins
        Workspace array sizes increased
 Log  : no_unc =          165
 00009: Warning: endfmat_m:var_lb5: 1: 
        Too many uncertainty energy bins
        Workspace array sizes increased
 Log  : no_unc =         1567
 00010: Warning: endfmat_m:var_lb5: 1: 
        Too many uncertainty energy bins
        Workspace array sizes increased
 Log  : no_unc =          189
 00011: Warning: endfmat_m:var_lb5: 1: 
        Too many uncertainty energy bins
        Workspace array sizes increased
 Log  : no_unc =          181
 00012: Warning: endfmat_m:var_lb5: 1: 
        Too many uncertainty energy bins
        Workspace array sizes increased
 Log  : no_unc =          196
 00013: Warning: endfmat_m:var_lb5: 1: 
        Too many uncertainty energy bins
        Workspace array sizes increased
 Log  : no_unc =          191
 00014: Warning: endfmat_m:var_lb5: 1: 
        Too many uncertainty energy bins
        Workspace array sizes increased
 Log  : no_unc =          199
 00015: Warning: endfmat_m:var_lb5: 1: 
        Too many uncertainty energy bins
        Workspace array sizes increased
 Log  : no_unc =          169
 00016: Warning: endfmat_m:var_lb5: 1: 
        Too many uncertainty energy bins
        Workspace array sizes increased
 Log  : no_unc =          168
 00017: Warning: endfmat_m:var_lb5: 1: 
        Too many uncertainty energy bins
        Workspace array sizes increased
 Log  : no_unc =          192
 00018: Warning: endfmat_m:var_lb5: 1: 
        Too many uncertainty energy bins
        Workspace array sizes increased
 Log  : no_unc =          195
 00019: Warning: endfmat_m:var_lb5: 1: 
        Too many uncertainty energy bins
        Workspace array sizes increased
 Log  : no_unc =          195
 00020: Warning: endfmat_m:var_lb5: 1: 
        Too many uncertainty energy bins
        Workspace array sizes increased
 Log  : no_unc =          195
 00021: Warning: endfmat_m:var_lb5: 1: 
        Too many uncertainty energy bins
        Workspace array sizes increased
 Log  : no_unc =          170
 00022: Warning: endfmat_m:var_lb5: 1: 
        Too many uncertainty energy bins
        Workspace array sizes increased
 Log  : no_unc =          161
 00023: Warning: endfmat_m:var_lb5: 1: 
        Too many uncertainty energy bins
        Workspace array sizes increased
 Log  : no_unc =          195
 00024: Warning: endfmat_m:var_lb5: 1: 
        Too many uncertainty energy bins
        Workspace array sizes increased
 Log  : no_unc =          195
 00025: Warning: endfmat_m:var_lb5: 1: 
        Too many uncertainty energy bins
        Workspace array sizes increased
 Log  : no_unc =          187
 00026: Warning: endfmat_m:var_lb5: 1: 
        Too many uncertainty energy bins
        Workspace array sizes increased
 Log  : no_unc =          195
 00027: Warning: endfmat_m:var_lb5: 1: 
        Too many uncertainty energy bins
        Workspace array sizes increased
 Log  : no_unc =          180
 00028: Warning: endfmat_m:var_lb5: 1: 
        Too many uncertainty energy bins
        Workspace array sizes increased
 Log  : no_unc =          172
 00029: Warning: endfmat_m:var_lb5: 1: 
        Too many uncertainty energy bins
        Workspace array sizes increased
 Log  : no_unc =          161
 00030: Warning: endfmat_m:var_lb5: 1: 
        Too many uncertainty energy bins
        Workspace array sizes increased
 Log  : no_unc =          184
 00031: Warning: endfmat_m:var_lb5: 1: 
        Too many uncertainty energy bins
        Workspace array sizes increased
 Log  : no_unc =          193
 00032: Warning: endfmat_m:var_lb5: 1: 
        Too many uncertainty energy bins
        Workspace array sizes increased
 Log  : no_unc =          192
 00033: Warning: endfmat_m:var_lb5: 1: 
        Too many uncertainty energy bins
        Workspace array sizes increased
 Log  : no_unc =          192
 00034: Warning: endfmat_m:var_lb5: 1: 
        Too many uncertainty energy bins
        Workspace array sizes increased
 Log  : no_unc =          168
 00035: Warning: endfmat_m:var_lb5: 1: 
        Too many uncertainty energy bins
        Workspace array sizes increased
 Log  : no_unc =          171
 00036: Warning: endfmat_m:var_lb5: 1: 
        Too many uncertainty energy bins
        Workspace array sizes increased
 Log  : no_unc =          185
 00037: Warning: endfmat_m:var_lb5: 1: 
        Too many uncertainty energy bins
        Workspace array sizes increased
 Log  : no_unc =          193
 00038: Warning: endfmat_m:var_lb5: 1: 
        Too many uncertainty energy bins
        Workspace array sizes increased
 Log  : no_unc =          195
 00039: Warning: endfmat_m:var_lb5: 1: 
        Too many uncertainty energy bins
        Workspace array sizes increased
 Log  : no_unc =          184
 00040: Warning: endfmat_m:var_lb5: 1: 
        Too many uncertainty energy bins
        Workspace array sizes increased
 Log  : no_unc =          185
 00041: Warning: endfmat_m:var_lb5: 1: 
        Too many uncertainty energy bins
        Workspace array sizes increased
 Log  : no_unc =          174
 00042: Warning: endfmat_m:var_lb5: 1: 
        Too many uncertainty energy bins
        Workspace array sizes increased
 Log  : no_unc =          178
 00043: Warning: endfmat_m:var_lb5: 1: 
        Too many uncertainty energy bins
        Workspace array sizes increased
 Log  : no_unc =          170
 00044: Warning: endfmat_m:var_lb5: 1: 
        Too many uncertainty energy bins
        Workspace array sizes increased
 Log  : no_unc =          188
 00045: Warning: endfmat_m:var_lb5: 1: 
        Too many uncertainty energy bins
        Workspace array sizes increased
 Log  : no_unc =          178
 00046: Warning: endfmat_m:var_lb5: 1: 
        Too many uncertainty energy bins
        Workspace array sizes increased
 Log  : no_unc =          184
 00047: Warning: endfmat_m:var_lb5: 1: 
        Too many uncertainty energy bins
        Workspace array sizes increased
 Log  : no_unc =          189
 00048: Warning: endfmat_m:var_lb5: 1: 
        Too many uncertainty energy bins
        Workspace array sizes increased
 Log  : no_unc =          164
 00049: Warning: endfmat_m:var_lb5: 1: 
        Too many uncertainty energy bins
        Workspace array sizes increased
 Log  : no_unc =          184
 00050: Warning: endfmat_m:var_lb5: 1: 
        Too many uncertainty energy bins
        Workspace array sizes increased
 Log  : no_unc =          184
 00051: Warning: endfmat_m:var_lb5: 1: 
        Too many uncertainty energy bins
        Workspace array sizes increased
 Log  : no_unc =          190
 00052: Warning: endfmat_m:var_lb5: 1: 
        Too many uncertainty energy bins
        Workspace array sizes increased
 Log  : no_unc =          184
 00053: Warning: endfmat_m:var_lb5: 1: 
        Too many uncertainty energy bins
        Workspace array sizes increased
 Log  : no_unc =          161
 00054: Warning: endfmat_m:var_lb5: 1: 
        Too many uncertainty energy bins
        Workspace array sizes increased
 Log  : no_unc =          174
 00055: Warning: endfmat_m:var_lb5: 1: 
        Too many uncertainty energy bins
        Workspace array sizes increased
 Log  : no_unc =          193
 00056: Warning: endfmat_m:var_lb5: 1: 
        Too many uncertainty energy bins
        Workspace array sizes increased
 Log  : no_unc =          172
 00057: Warning: endfmat_m:var_lb5: 1: 
        Too many uncertainty energy bins
        Workspace array sizes increased
 Log  : no_unc =          184
 00058: Warning: endfmat_m:var_lb5: 1: 
        Too many uncertainty energy bins
        Workspace array sizes increased
 Log  : no_unc =          186
 00059: Warning: endfmat_m:var_lb5: 1: 
        Too many uncertainty energy bins
        Workspace array sizes increased
 Log  : no_unc =          186
 00060: Warning: endfmat_m:var_lb5: 1: 
        Too many uncertainty energy bins
        Workspace array sizes increased
 Log  : no_unc =          186
 00061: Warning: endfmat_m:var_lb5: 1: 
        Too many uncertainty energy bins
        Workspace array sizes increased
 Log  : no_unc =          185
 00062: Warning: endfmat_m:var_lb5: 1: 
        Too many uncertainty energy bins
        Workspace array sizes increased
 Log  : no_unc =          186
 00063: Warning: endfmat_m:var_lb5: 1: 
        Too many uncertainty energy bins
        Workspace array sizes increased
 Log  : no_unc =          184
 00064: Warning: endfmat_m:var_lb5: 1: 
        Too many uncertainty energy bins
        Workspace array sizes increased
 Log  : no_unc =          173
 00065: Warning: endfmat_m:var_lb5: 1: 
        Too many uncertainty energy bins
        Workspace array sizes increased
 Log  : no_unc =          184
 00066: Warning: endfmat_m:var_lb5: 1: 
        Too many uncertainty energy bins
        Workspace array sizes increased
 Log  : no_unc =          189
 00067: Warning: endfmat_m:var_lb5: 1: 
        Too many uncertainty energy bins
        Workspace array sizes increased
 Log  : no_unc =          184
 00068: Warning: endfmat_m:var_lb5: 1: 
        Too many uncertainty energy bins
        Workspace array sizes increased
 Log  : no_unc =          178
 00069: Warning: endfmat_m:var_lb5: 1: 
        Too many uncertainty energy bins
        Workspace array sizes increased
 Log  : no_unc =          187
 00070: Warning: endfmat_m:var_lb5: 1: 
        Too many uncertainty energy bins
        Workspace array sizes increased
 Log  : no_unc =          178
 00071: Warning: endfmat_m:var_lb5: 1: 
        Too many uncertainty energy bins
        Workspace array sizes increased
 Log  : no_unc =          183
 00072: Warning: endfmat_m:var_lb5: 1: 
        Too many uncertainty energy bins
        Workspace array sizes increased
 Log  : no_unc =          186
 00073: Warning: endfmat_m:var_lb5: 1: 
        Too many uncertainty energy bins
        Workspace array sizes increased
 Log  : no_unc =          183
 00074: Warning: endfmat_m:var_lb5: 1: 
        Too many uncertainty energy bins
        Workspace array sizes increased
 Log  : no_unc =          172
 00075: Warning: endfmat_m:var_lb5: 1: 
        Too many uncertainty energy bins
        Workspace array sizes increased
 Log  : no_unc =          188
 00076: Warning: endfmat_m:var_lb5: 1: 
        Too many uncertainty energy bins
        Workspace array sizes increased
 Log  : no_unc =          166
 00077: Warning: endfmat_m:var_lb5: 1: 
        Too many uncertainty energy bins
        Workspace array sizes increased
 Log  : no_unc =          160
 00078: Warning: endfmat_m:var_lb5: 1: 
        Too many uncertainty energy bins
        Workspace array sizes increased
 Log  : no_unc =          178
 00079: Warning: endfmat_m:var_lb5: 1: 
        Too many uncertainty energy bins
        Workspace array sizes increased
 Log  : no_unc =          167
 00080: Warning: endfmat_m:var_lb5: 1: 
        Too many uncertainty energy bins
        Workspace array sizes increased
 Log  : no_unc =          179
 00081: Warning: endfmat_m:var_lb5: 1: 
        Too many uncertainty energy bins
        Workspace array sizes increased
 Log  : no_unc =          164
 00082: Warning: endfmat_m:var_lb5: 1: 
        Too many uncertainty energy bins
        Workspace array sizes increased
 Log  : no_unc =          179
 00083: Warning: endfmat_m:var_lb5: 1: 
        Too many uncertainty energy bins
        Workspace array sizes increased
 Log  : no_unc =          159
 00084: Warning: endfmat_m:var_lb5: 1: 
        Too many uncertainty energy bins
        Workspace array sizes increased
 Log  : no_unc =          180
 00085: Warning: endfmat_m:var_lb5: 1: 
        Too many uncertainty energy bins
        Workspace array sizes increased
 Log  : no_unc =          167
 00086: Warning: endfmat_m:var_lb5: 1: 
        Too many uncertainty energy bins
        Workspace array sizes increased
 Log  : no_unc =          184
 00087: Warning: endfmat_m:var_lb5: 1: 
        Too many uncertainty energy bins
        Workspace array sizes increased
 Log  : no_unc =          193
 00088: Warning: endfmat_m:var_lb5: 1: 
        Too many uncertainty energy bins
        Workspace array sizes increased
 Log  : no_unc =          170
 00089: Warning: endfmat_m:var_lb5: 1: 
        Too many uncertainty energy bins
        Workspace array sizes increased
 Log  : no_unc =          175
 00090: Warning: endfmat_m:var_lb5: 1: 
        Too many uncertainty energy bins
        Workspace array sizes increased
 Log  : no_unc =          184
 00091: Warning: endfmat_m:var_lb5: 1: 
        Too many uncertainty energy bins
        Workspace array sizes increased
 Log  : no_unc =          162
 00092: Warning: endfmat_m:var_lb5: 1: 
        Too many uncertainty energy bins
        Workspace array sizes increased
 Log  : no_unc =          162
 00093: Warning: endfmat_m:var_lb5: 1: 
        Too many uncertainty energy bins
        Workspace array sizes increased
 Log  : no_unc =          167
 00094: Warning: endfmat_m:var_lb5: 1: 
        Too many uncertainty energy bins
        Workspace array sizes increased
 Log  : no_unc =          180
 00095: Warning: endfmat_m:var_lb5: 1: 
        Too many uncertainty energy bins
        Workspace array sizes increased
 Log  : no_unc =          156
 00096: Warning: endfmat_m:var_lb5: 1: 
        Too many uncertainty energy bins
        Workspace array sizes increased
 Log  : no_unc =          178
 00097: Warning: endfmat_m:var_lb5: 1: 
        Too many uncertainty energy bins
        Workspace array sizes increased
 Log  : no_unc =          174
 00098: Warning: endfmat_m:var_lb5: 1: 
        Too many uncertainty energy bins
        Workspace array sizes increased
 Log  : no_unc =          164
 00099: Warning: endfmat_m:var_lb5: 1: 
        Too many uncertainty energy bins
        Workspace array sizes increased
 Log  : no_unc =          178
 00100: Warning: endfmat_m:var_lb5: 1: 
        Too many uncertainty energy bins
        Workspace array sizes increased
 Log  : no_unc =          178
 00101: Warning: endfmat_m:var_lb5: 1: 
        Too many uncertainty energy bins
        Workspace array sizes increased
 Log  : no_unc =          158
 00102: Warning: endfmat_m:var_lb5: 1: 
        Too many uncertainty energy bins
        Workspace array sizes increased
 Log  : no_unc =          167
 00103: Warning: endfmat_m:var_lb5: 1: 
        Too many uncertainty energy bins
        Workspace array sizes increased
 Log  : no_unc =          183
 00104: Warning: endfmat_m:var_lb5: 1: 
        Too many uncertainty energy bins
        Workspace array sizes increased
 Log  : no_unc =          168
 00105: Warning: endfmat_m:var_lb5: 1: 
        Too many uncertainty energy bins
        Workspace array sizes increased
 Log  : no_unc =          184
 00106: Warning: endfmat_m:var_lb5: 1: 
        Too many uncertainty energy bins
        Workspace array sizes increased
 Log  : no_unc =          184
 00107: Warning: endfmat_m:var_lb5: 1: 
        Too many uncertainty energy bins
        Workspace array sizes increased
 Log  : no_unc =          160
 00108: Warning: endfmat_m:var_lb5: 1: 
        Too many uncertainty energy bins
        Workspace array sizes increased
 Log  : no_unc =          186
 00109: Warning: endfmat_m:var_lb5: 1: 
        Too many uncertainty energy bins
        Workspace array sizes increased
 Log  : no_unc =          176
 00110: Warning: endfmat_m:var_lb5: 1: 
        Too many uncertainty energy bins
        Workspace array sizes increased
 Log  : no_unc =          186
 00111: Warning: endfmat_m:var_lb5: 1: 
        Too many uncertainty energy bins
        Workspace array sizes increased
 Log  : no_unc =          178
 00112: Warning: endfmat_m:var_lb5: 1: 
        Too many uncertainty energy bins
        Workspace array sizes increased
 Log  : no_unc =          176
 00113: Warning: endfmat_m:var_lb5: 1: 
        Too many uncertainty energy bins
        Workspace array sizes increased
 Log  : no_unc =          184
 00114: Warning: endfmat_m:var_lb5: 1: 
        Too many uncertainty energy bins
        Workspace array sizes increased
 Log  : no_unc =          180
 00115: Warning: endfmat_m:var_lb5: 1: 
        Too many uncertainty energy bins
        Workspace array sizes increased
 Log  : no_unc =          193
 00116: Warning: endfmat_m:var_lb5: 1: 
        Too many uncertainty energy bins
        Workspace array sizes increased
 Log  : no_unc =          193
 00117: Warning: endfmat_m:var_lb5: 1: 
        Too many uncertainty energy bins
        Workspace array sizes increased
 Log  : no_unc =          153
 00118: Warning: endfmat_m:var_lb5: 1: 
        Too many uncertainty energy bins
        Workspace array sizes increased
 Log  : no_unc =          174
 00119: Warning: endfmat_m:var_lb5: 1: 
        Too many uncertainty energy bins
        Workspace array sizes increased
 Log  : no_unc =          185
 00120: Warning: endfmat_m:var_lb5: 1: 
        Too many uncertainty energy bins
        Workspace array sizes increased
 Log  : no_unc =          183
 00121: Warning: endfmat_m:var_lb5: 1: 
        Too many uncertainty energy bins
        Workspace array sizes increased
 Log  : no_unc =          169
 00122: Warning: endfmat_m:var_lb5: 1: 
        Too many uncertainty energy bins
        Workspace array sizes increased
 Log  : no_unc =          183
 00123: Warning: endfmat_m:var_lb5: 1: 
        Too many uncertainty energy bins
        Workspace array sizes increased
 Log  : no_unc =          179
 00124: Warning: endfmat_m:var_lb5: 1: 
        Too many uncertainty energy bins
        Workspace array sizes increased
 Log  : no_unc =          184
 00125: Warning: endfmat_m:var_lb5: 1: 
        Too many uncertainty energy bins
        Workspace array sizes increased
 Log  : no_unc =          170
 00126: Warning: endfmat_m:var_lb5: 1: 
        Too many uncertainty energy bins
        Workspace array sizes increased
 Log  : no_unc =          181
 00127: Warning: endfmat_m:var_lb5: 1: 
        Too many uncertainty energy bins
        Workspace array sizes increased
 Log  : no_unc =          175
 00128: Warning: endfmat_m:var_lb5: 1: 
        Too many uncertainty energy bins
        Workspace array sizes increased
 Log  : no_unc =          153
 00129: Warning: endfmat_m:var_lb5: 1: 
        Too many uncertainty energy bins
        Workspace array sizes increased
 Log  : no_unc =          166
 00130: Warning: endfmat_m:var_lb5: 1: 
        Too many uncertainty energy bins
        Workspace array sizes increased
 Log  : no_unc =          178
 00131: Warning: endfmat_m:var_lb5: 1: 
        Too many uncertainty energy bins
        Workspace array sizes increased
 Log  : no_unc =          157
 00132: Warning: endfmat_m:var_lb5: 1: 
        Too many uncertainty energy bins
        Workspace array sizes increased
 Log  : no_unc =          157
 00133: Warning: endfmat_m:var_lb5: 1: 
        Too many uncertainty energy bins
        Workspace array sizes increased
 Log  : no_unc =          158
 00134: Warning: endfmat_m:var_lb5: 1: 
        Too many uncertainty energy bins
        Workspace array sizes increased
 Log  : no_unc =          160
 00135: Warning: endfmat_m:var_lb5: 1: 
        Too many uncertainty energy bins
        Workspace array sizes increased
 Log  : no_unc =          187
 00136: Warning: endfmat_m:var_lb5: 1: 
        Too many uncertainty energy bins
        Workspace array sizes increased
 Log  : no_unc =          184
 00137: Warning: endfmat_m:var_lb5: 1: 
        Too many uncertainty energy bins
        Workspace array sizes increased
 Log  : no_unc =          185
 00138: Warning: endfmat_m:var_lb5: 1: 
        Too many uncertainty energy bins
        Workspace array sizes increased
 Log  : no_unc =          188
 00139: Warning: endfmat_m:var_lb5: 1: 
        Too many uncertainty energy bins
        Workspace array sizes increased
 Log  : no_unc =          160
 00140: Warning: endfmat_m:var_lb5: 1: 
        Too many uncertainty energy bins
        Workspace array sizes increased
 Log  : no_unc =          166
 00141: Warning: endfmat_m:var_lb5: 1: 
        Too many uncertainty energy bins
        Workspace array sizes increased
 Log  : no_unc =          184
 00142: Warning: endfmat_m:var_lb5: 1: 
        Too many uncertainty energy bins
        Workspace array sizes increased
 Log  : no_unc =          172
 00143: Warning: endfmat_m:var_lb5: 1: 
        Too many uncertainty energy bins
        Workspace array sizes increased
 Log  : no_unc =          175
 00144: Warning: endfmat_m:var_lb5: 1: 
        Too many uncertainty energy bins
        Workspace array sizes increased
 Log  : no_unc =          153
 00145: Warning: endfmat_m:var_lb5: 1: 
        Too many uncertainty energy bins
        Workspace array sizes increased
 Log  : no_unc =          158
 00146: Warning: endfmat_m:var_lb5: 1: 
        Too many uncertainty energy bins
        Workspace array sizes increased
 Log  : no_unc =          180
 00147: Warning: endfmat_m:var_lb5: 1: 
        Too many uncertainty energy bins
        Workspace array sizes increased
 Log  : no_unc =          187
 00148: Warning: endfmat_m:var_lb5: 1: 
        Too many uncertainty energy bins
        Workspace array sizes increased
 Log  : no_unc =          171
 00149: Warning: endfmat_m:var_lb5: 1: 
        Too many uncertainty energy bins
        Workspace array sizes increased
 Log  : no_unc =          186
 00150: Warning: endfmat_m:var_lb5: 1: 
        Too many uncertainty energy bins
        Workspace array sizes increased
 Log  : no_unc =          162
 00151: Warning: endfmat_m:var_lb5: 1: 
        Too many uncertainty energy bins
        Workspace array sizes increased
 Log  : no_unc =          189
 00152: Warning: endfmat_m:var_lb5: 1: 
        Too many uncertainty energy bins
        Workspace array sizes increased
 Log  : no_unc =          179
 00153: Warning: endfmat_m:var_lb5: 1: 
        Too many uncertainty energy bins
        Workspace array sizes increased
 Log  : no_unc =          182
 00154: Warning: endfmat_m:var_lb5: 1: 
        Too many uncertainty energy bins
        Workspace array sizes increased
 Log  : no_unc =          167
 00155: Warning: endfmat_m:var_lb5: 1: 
        Too many uncertainty energy bins
        Workspace array sizes increased
 Log  : no_unc =          155
 00156: Warning: endfmat_m:var_lb5: 1: 
        Too many uncertainty energy bins
        Workspace array sizes increased
 Log  : no_unc =          159
 00157: Warning: endfmat_m:var_lb5: 1: 
        Too many uncertainty energy bins
        Workspace array sizes increased
 Log  : no_unc =          184
 00158: Warning: endfmat_m:var_lb5: 1: 
        Too many uncertainty energy bins
        Workspace array sizes increased
 Log  : no_unc =          184
 00159: Warning: endfmat_m:var_lb5: 1: 
        Too many uncertainty energy bins
        Workspace array sizes increased
 Log  : no_unc =          157
 00160: Warning: endfmat_m:var_lb5: 1: 
        Too many uncertainty energy bins
        Workspace array sizes increased
 Log  : no_unc =          174
 00161: Warning: endfmat_m:var_lb5: 1: 
        Too many uncertainty energy bins
        Workspace array sizes increased
 Log  : no_unc =          157
 00162: Warning: endfmat_m:var_lb5: 1: 
        Too many uncertainty energy bins
        Workspace array sizes increased
 Log  : no_unc =          158
 00163: Warning: endfmat_m:var_lb5: 1: 
        Too many uncertainty energy bins
        Workspace array sizes increased
 Log  : no_unc =          154
 00164: Warning: endfmat_m:var_lb5: 1: 
        Too many uncertainty energy bins
        Workspace array sizes increased
 Log  : no_unc =          164
 00165: Warning: endfmat_m:var_lb5: 1: 
        Too many uncertainty energy bins
        Workspace array sizes increased
 Log  : no_unc =          187
 00166: Warning: endfmat_m:var_lb5: 1: 
        Too many uncertainty energy bins
        Workspace array sizes increased
 Log  : no_unc =          157
 00167: Warning: endfmat_m:var_lb5: 1: 
        Too many uncertainty energy bins
        Workspace array sizes increased
 Log  : no_unc =          184
 00168: Warning: endfmat_m:var_lb5: 1: 
        Too many uncertainty energy bins
        Workspace array sizes increased
 Log  : no_unc =          170
 00169: Warning: endfmat_m:var_lb5: 1: 
        Too many uncertainty energy bins
        Workspace array sizes increased
 Log  : no_unc =          185
 00170: Warning: endfmat_m:var_lb5: 1: 
        Too many uncertainty energy bins
        Workspace array sizes increased
 Log  : no_unc =          163
 00171: Warning: endfmat_m:var_lb5: 1: 
        Too many uncertainty energy bins
        Workspace array sizes increased
 Log  : no_unc =          186
 00172: Warning: endfmat_m:var_lb5: 1: 
        Too many uncertainty energy bins
        Workspace array sizes increased
 Log  : no_unc =          153
 00173: Warning: endfmat_m:var_lb5: 1: 
        Too many uncertainty energy bins
        Workspace array sizes increased
 Log  : no_unc =          184
 00174: Warning: endfmat_m:var_lb5: 1: 
        Too many uncertainty energy bins
        Workspace array sizes increased
 Log  : no_unc =          184
 00175: Warning: endfmat_m:var_lb5: 1: 
        Too many uncertainty energy bins
        Workspace array sizes increased
 Log  : no_unc =          160
 00176: Warning: endfmat_m:var_lb5: 1: 
        Too many uncertainty energy bins
        Workspace array sizes increased
 Log  : no_unc =          184
 00177: Warning: endfmat_m:var_lb5: 1: 
        Too many uncertainty energy bins
        Workspace array sizes increased
 Log  : no_unc =          173
 00178: Warning: endfmat_m:var_lb5: 1: 
        Too many uncertainty energy bins
        Workspace array sizes increased
 Log  : no_unc =          173
 00179: Warning: endfmat_m:var_lb5: 1: 
        Too many uncertainty energy bins
        Workspace array sizes increased
 Log  : no_unc =          156
 00180: Warning: endfmat_m:var_lb5: 1: 
        Too many uncertainty energy bins
        Workspace array sizes increased
 Log  : no_unc =          158
 00181: Warning: endfmat_m:var_lb5: 1: 
        Too many uncertainty energy bins
        Workspace array sizes increased
 Log  : no_unc =          159
 00182: Warning: endfmat_m:var_lb5: 1: 
        Too many uncertainty energy bins
        Workspace array sizes increased
 Log  : no_unc =          159
 00183: Warning: endfmat_m:var_lb5: 1: 
        Too many uncertainty energy bins
        Workspace array sizes increased
 Log  : no_unc =          177
 00184: Warning: endfmat_m:var_lb5: 1: 
        Too many uncertainty energy bins
        Workspace array sizes increased
 Log  : no_unc =          157
 00185: Warning: endfmat_m:var_lb5: 1: 
        Too many uncertainty energy bins
        Workspace array sizes increased
 Log  : no_unc =          159
 00186: Warning: endfmat_m:var_lb5: 1: 
        Too many uncertainty energy bins
        Workspace array sizes increased
 Log  : no_unc =          172
 00187: Warning: endfmat_m:var_lb5: 1: 
        Too many uncertainty energy bins
        Workspace array sizes increased
 Log  : no_unc =          174
 00188: Warning: endfmat_m:var_lb5: 1: 
        Too many uncertainty energy bins
        Workspace array sizes increased
 Log  : no_unc =          174
 00189: Warning: endfmat_m:var_lb5: 1: 
        Too many uncertainty energy bins
        Workspace array sizes increased
 Log  : no_unc =          166
 00190: Warning: endfmat_m:var_lb5: 1: 
        Too many uncertainty energy bins
        Workspace array sizes increased
 Log  : no_unc =          178
 00191: Warning: endfmat_m:var_lb5: 1: 
        Too many uncertainty energy bins
        Workspace array sizes increased
 Log  : no_unc =          178
 00192: Warning: endfmat_m:var_lb5: 1: 
        Too many uncertainty energy bins
        Workspace array sizes increased
 Log  : no_unc =          156
 00193: Warning: endfmat_m:var_lb5: 1: 
        Too many uncertainty energy bins
        Workspace array sizes increased
 Log  : no_unc =          184
 00194: Warning: endfmat_m:var_lb5: 1: 
        Too many uncertainty energy bins
        Workspace array sizes increased
 Log  : no_unc =          184
 00195: Warning: endfmat_m:var_lb5: 1: 
        Too many uncertainty energy bins
        Workspace array sizes increased
 Log  : no_unc =          172
 00196: Warning: endfmat_m:var_lb5: 1: 
        Too many uncertainty energy bins
        Workspace array sizes increased
 Log  : no_unc =          189
 00197: Warning: endfmat_m:var_lb5: 1: 
        Too many uncertainty energy bins
        Workspace array sizes increased
 Log  : no_unc =          156
 00198: Warning: endfmat_m:var_lb5: 1: 
        Too many uncertainty energy bins
        Workspace array sizes increased
 Log  : no_unc =          157
 00199: Warning: endfmat_m:var_lb5: 1: 
        Too many uncertainty energy bins
        Workspace array sizes increased
 Log  : no_unc =          157
 00200: Warning: endfmat_m:var_lb5: 1: 
        Too many uncertainty energy bins
        Workspace array sizes increased
 Log  : no_unc =          177
 00201: Warning: endfmat_m:var_lb5: 1: 
        Too many uncertainty energy bins
        Workspace array sizes increased
 Log  : no_unc =          184
 00202: Warning: endfmat_m:var_lb5: 1: 
        Too many uncertainty energy bins
        Workspace array sizes increased
 Log  : no_unc =          162
 00203: Warning: endfmat_m:var_lb5: 1: 
        Too many uncertainty energy bins
        Workspace array sizes increased
 Log  : no_unc =          166
 00204: Warning: endfmat_m:var_lb5: 1: 
        Too many uncertainty energy bins
        Workspace array sizes increased
 Log  : no_unc =          168
 00205: Warning: endfmat_m:var_lb5: 1: 
        Too many uncertainty energy bins
        Workspace array sizes increased
 Log  : no_unc =          172
 00206: Warning: endfmat_m:var_lb5: 1: 
        Too many uncertainty energy bins
        Workspace array sizes increased
 Log  : no_unc =          164
 00207: Warning: endfmat_m:var_lb5: 1: 
        Too many uncertainty energy bins
        Workspace array sizes increased
 Log  : no_unc =          157
 00208: Warning: endfmat_m:var_lb5: 1: 
        Too many uncertainty energy bins
        Workspace array sizes increased
 Log  : no_unc =          153
 00209: Warning: endfmat_m:var_lb5: 1: 
        Too many uncertainty energy bins
        Workspace array sizes increased
 Log  : no_unc =          184
 00210: Warning: endfmat_m:var_lb5: 1: 
        Too many uncertainty energy bins
        Workspace array sizes increased
 Log  : no_unc =          184
 00211: Warning: endfmat_m:var_lb5: 1: 
        Too many uncertainty energy bins
        Workspace array sizes increased
 Log  : no_unc =          170
 00212: Warning: endfmat_m:var_lb5: 1: 
        Too many uncertainty energy bins
        Workspace array sizes increased
 Log  : no_unc =          155
 00213: Warning: endfmat_m:var_lb5: 1: 
        Too many uncertainty energy bins
        Workspace array sizes increased
 Log  : no_unc =          157
 00214: Warning: endfmat_m:var_lb5: 1: 
        Too many uncertainty energy bins
        Workspace array sizes increased
 Log  : no_unc =          178
 00215: Warning: endfmat_m:var_lb5: 1: 
        Too many uncertainty energy bins
        Workspace array sizes increased
 Log  : no_unc =          158
 00216: Warning: endfmat_m:var_lb5: 1: 
        Too many uncertainty energy bins
        Workspace array sizes increased
 Log  : no_unc =          180
 00217: Warning: endfmat_m:var_lb5: 1: 
        Too many uncertainty energy bins
        Workspace array sizes increased
 Log  : no_unc =          157
 00218: Warning: endfmat_m:var_lb5: 1: 
        Too many uncertainty energy bins
        Workspace array sizes increased
 Log  : no_unc =          157
 00219: Warning: endfmat_m:var_lb5: 1: 
        Too many uncertainty energy bins
        Workspace array sizes increased
 Log  : no_unc =          169
 00220: Warning: endfmat_m:var_lb5: 1: 
        Too many uncertainty energy bins
        Workspace array sizes increased
 Log  : no_unc =          172
 00221: Warning: endfmat_m:var_lb5: 1: 
        Too many uncertainty energy bins
        Workspace array sizes increased
 Log  : no_unc =          163
 00222: Warning: endfmat_m:var_lb5: 1: 
        Too many uncertainty energy bins
        Workspace array sizes increased
 Log  : no_unc =          157
 00223: Warning: endfmat_m:var_lb5: 1: 
        Too many uncertainty energy bins
        Workspace array sizes increased
 Log  : no_unc =          184
 00224: Warning: endfmat_m:var_lb5: 1: 
        Too many uncertainty energy bins
        Workspace array sizes increased
 Log  : no_unc =          169
 00225: Warning: endfmat_m:var_lb5: 1: 
        Too many uncertainty energy bins
        Workspace array sizes increased
 Log  : no_unc =          184
 00226: Warning: endfmat_m:var_lb5: 1: 
        Too many uncertainty energy bins
        Workspace array sizes increased
 Log  : no_unc =          156
 00227: Warning: endfmat_m:var_lb5: 1: 
        Too many uncertainty energy bins
        Workspace array sizes increased
 Log  : no_unc =          185
 00228: Warning: endfmat_m:var_lb5: 1: 
        Too many uncertainty energy bins
        Workspace array sizes increased
 Log  : no_unc =          159
 00229: Warning: endfmat_m:var_lb5: 1: 
        Too many uncertainty energy bins
        Workspace array sizes increased
 Log  : no_unc =          159
 00230: Warning: endfmat_m:var_lb5: 1: 
        Too many uncertainty energy bins
        Workspace array sizes increased
 Log  : no_unc =          154
 00231: Warning: endfmat_m:var_lb5: 1: 
        Too many uncertainty energy bins
        Workspace array sizes increased
 Log  : no_unc =          169
 00232: Warning: endfmat_m:var_lb5: 1: 
        Too many uncertainty energy bins
        Workspace array sizes increased
 Log  : no_unc =          156
 00233: Warning: endfmat_m:var_lb5: 1: 
        Too many uncertainty energy bins
        Workspace array sizes increased
 Log  : no_unc =          175
 00234: Warning: endfmat_m:var_lb5: 1: 
        Too many uncertainty energy bins
        Workspace array sizes increased
 Log  : no_unc =          158
 00235: Warning: endfmat_m:var_lb5: 1: 
        Too many uncertainty energy bins
        Workspace array sizes increased
 Log  : no_unc =          153
 00236: Warning: endfmat_m:var_lb5: 1: 
        Too many uncertainty energy bins
        Workspace array sizes increased
 Log  : no_unc =          176
 00237: Warning: endfmat_m:var_lb5: 1: 
        Too many uncertainty energy bins
        Workspace array sizes increased
 Log  : no_unc =          189
 00238: Warning: endfmat_m:var_lb5: 1: 
        Too many uncertainty energy bins
        Workspace array sizes increased
 Log  : no_unc =          184
 00239: Warning: endfmat_m:var_lb5: 1: 
        Too many uncertainty energy bins
        Workspace array sizes increased
 Log  : no_unc =          155
 00240: Warning: endfmat_m:var_lb5: 1: 
        Too many uncertainty energy bins
        Workspace array sizes increased
 Log  : no_unc =          184
 00241: Warning: endfmat_m:var_lb5: 1: 
        Too many uncertainty energy bins
        Workspace array sizes increased
 Log  : no_unc =          153
 00242: Warning: endfmat_m:var_lb5: 1: 
        Too many uncertainty energy bins
        Workspace array sizes increased
 Log  : no_unc =          185
 00243: Warning: endfmat_m:var_lb5: 1: 
        Too many uncertainty energy bins
        Workspace array sizes increased
 Log  : no_unc =          158
 00244: Warning: endfmat_m:var_lb5: 1: 
        Too many uncertainty energy bins
        Workspace array sizes increased
 Log  : no_unc =          159
 00245: Warning: endfmat_m:var_lb5: 1: 
        Too many uncertainty energy bins
        Workspace array sizes increased
 Log  : no_unc =          172
 00246: Warning: endfmat_m:var_lb5: 1: 
        Too many uncertainty energy bins
        Workspace array sizes increased
 Log  : no_unc =          157
 00247: Warning: endfmat_m:var_lb5: 1: 
        Too many uncertainty energy bins
        Workspace array sizes increased
 Log  : no_unc =          156
 00248: Warning: endfmat_m:var_lb5: 1: 
        Too many uncertainty energy bins
        Workspace array sizes increased
 Log  : no_unc =          155
 00249: Warning: endfmat_m:var_lb5: 1: 
        Too many uncertainty energy bins
        Workspace array sizes increased
 Log  : no_unc =          159
 00250: Warning: endfmat_m:var_lb5: 1: 
        Too many uncertainty energy bins
        Workspace array sizes increased
 Log  : no_unc =          157
 00251: Warning: endfmat_m:var_lb5: 1: 
        Too many uncertainty energy bins
        Workspace array sizes increased
 Log  : no_unc =          165
 00252: Warning: endfmat_m:var_lb5: 1: 
        Too many uncertainty energy bins
        Workspace array sizes increased
 Log  : no_unc =          155
 00253: Warning: endfmat_m:var_lb5: 1: 
        Too many uncertainty energy bins
        Workspace array sizes increased
 Log  : no_unc =          164
 00254: Warning: endfmat_m:var_lb5: 1: 
        Too many uncertainty energy bins
        Workspace array sizes increased
 Log  : no_unc =          159
 00255: Warning: endfmat_m:var_lb5: 1: 
        Too many uncertainty energy bins
        Workspace array sizes increased
 Log  : no_unc =          185
 00256: Warning: endfmat_m:var_lb5: 1: 
        Too many uncertainty energy bins
        Workspace array sizes increased
 Log  : no_unc =          169
 00257: Warning: endfmat_m:var_lb5: 1: 
        Too many uncertainty energy bins
        Workspace array sizes increased
 Log  : no_unc =          156
 00258: Warning: endfmat_m:var_lb5: 1: 
        Too many uncertainty energy bins
        Workspace array sizes increased
 Log  : no_unc =          181
 00259: Warning: endfmat_m:var_lb5: 1: 
        Too many uncertainty energy bins
        Workspace array sizes increased
 Log  : no_unc =          157
 00260: Warning: endfmat_m:var_lb5: 1: 
        Too many uncertainty energy bins
        Workspace array sizes increased
 Log  : no_unc =          180
 00261: Warning: endfmat_m:var_lb5: 1: 
        Too many uncertainty energy bins
        Workspace array sizes increased
 Log  : no_unc =          181
 00262: Warning: endfmat_m:var_lb5: 1: 
        Too many uncertainty energy bins
        Workspace array sizes increased
 Log  : no_unc =          156
 00263: Warning: endfmat_m:var_lb5: 1: 
        Too many uncertainty energy bins
        Workspace array sizes increased
 Log  : no_unc =          155
 00264: Warning: endfmat_m:var_lb5: 1: 
        Too many uncertainty energy bins
        Workspace array sizes increased
 Log  : no_unc =          159
 00265: Warning: endfmat_m:var_lb5: 1: 
        Too many uncertainty energy bins
        Workspace array sizes increased
 Log  : no_unc =          157
 00266: Warning: endfmat_m:var_lb5: 1: 
        Too many uncertainty energy bins
        Workspace array sizes increased
 Log  : no_unc =          154
 00267: Warning: endfmat_m:var_lb5: 1: 
        Too many uncertainty energy bins
        Workspace array sizes increased
 Log  : no_unc =          165
 00268: Warning: endfmat_m:var_lb5: 1: 
        Too many uncertainty energy bins
        Workspace array sizes increased
 Log  : no_unc =          155
 00269: Warning: endfmat_m:var_lb5: 1: 
        Too many uncertainty energy bins
        Workspace array sizes increased
 Log  : no_unc =          177
 00270: Warning: endfmat_m:var_lb5: 1: 
        Too many uncertainty energy bins
        Workspace array sizes increased
 Log  : no_unc =          156
 00271: Warning: endfmat_m:var_lb5: 1: 
        Too many uncertainty energy bins
        Workspace array sizes increased
 Log  : no_unc =          174
 00272: Warning: endfmat_m:var_lb5: 1: 
        Too many uncertainty energy bins
        Workspace array sizes increased
 Log  : no_unc =          174
 00273: Warning: endfmat_m:var_lb5: 1: 
        Too many uncertainty energy bins
        Workspace array sizes increased
 Log  : no_unc =          174
 00274: Warning: endfmat_m:var_lb5: 1: 
        Too many uncertainty energy bins
        Workspace array sizes increased
 Log  : no_unc =          155
 00275: Warning: endfmat_m:var_lb5: 1: 
        Too many uncertainty energy bins
        Workspace array sizes increased
 Log  : no_unc =          177
 00276: Warning: endfmat_m:var_lb5: 1: 
        Too many uncertainty energy bins
        Workspace array sizes increased
 Log  : no_unc =          171
 00277: Warning: endfmat_m:var_lb5: 1: 
        Too many uncertainty energy bins
        Workspace array sizes increased
 Log  : no_unc =          154
 00278: Warning: endfmat_m:var_lb5: 1: 
        Too many uncertainty energy bins
        Workspace array sizes increased
 Log  : no_unc =          176
 00279: Warning: endfmat_m:var_lb5: 1: 
        Too many uncertainty energy bins
        Workspace array sizes increased
 Log  : no_unc =          157
 00280: Warning: endfmat_m:var_lb5: 1: 
        Too many uncertainty energy bins
        Workspace array sizes increased
 Log  : no_unc =          166
 00281: Warning: endfmat_m:var_lb5: 1: 
        Too many uncertainty energy bins
        Workspace array sizes increased
 Log  : no_unc =          160
 00282: Warning: endfmat_m:var_lb5: 1: 
        Too many uncertainty energy bins
        Workspace array sizes increased
 Log  : no_unc =          161
 00283: Warning: endfmat_m:var_lb5: 1: 
        Too many uncertainty energy bins
        Workspace array sizes increased
 Log  : no_unc =          165
 00284: Warning: endfmat_m:var_lb5: 1: 
        Too many uncertainty energy bins
        Workspace array sizes increased
 Log  : no_unc =          165
 00285: Warning: endfmat_m:var_lb5: 1: 
        Too many uncertainty energy bins
        Workspace array sizes increased
 Log  : no_unc =          158
 00286: Warning: endfmat_m:var_lb5: 1: 
        Too many uncertainty energy bins
        Workspace array sizes increased
 Log  : no_unc =          159
 00287: Warning: endfmat_m:var_lb5: 1: 
        Too many uncertainty energy bins
        Workspace array sizes increased
 Log  : no_unc =          174
 00288: Warning: endfmat_m:var_lb5: 1: 
        Too many uncertainty energy bins
        Workspace array sizes increased
 Log  : no_unc =          177
 00289: Warning: endfmat_m:var_lb5: 1: 
        Too many uncertainty energy bins
        Workspace array sizes increased
 Log  : no_unc =          160
 00290: Warning: endfmat_m:var_lb5: 1: 
        Too many uncertainty energy bins
        Workspace array sizes increased
 Log  : no_unc =          157
 00291: Warning: endfmat_m:var_lb5: 1: 
        Too many uncertainty energy bins
        Workspace array sizes increased
 Log  : no_unc =          157
 00292: Warning: endfmat_m:var_lb5: 1: 
        Too many uncertainty energy bins
        Workspace array sizes increased
 Log  : no_unc =          159
 00293: Warning: endfmat_m:var_lb5: 1: 
        Too many uncertainty energy bins
        Workspace array sizes increased
 Log  : no_unc =          171
 00294: Warning: endfmat_m:var_lb5: 1: 
        Too many uncertainty energy bins
        Workspace array sizes increased
 Log  : no_unc =          175
 00295: Warning: endfmat_m:var_lb5: 1: 
        Too many uncertainty energy bins
        Workspace array sizes increased
 Log  : no_unc =          153
 00296: Warning: endfmat_m:var_lb5: 1: 
        Too many uncertainty energy bins
        Workspace array sizes increased
 Log  : no_unc =          159
 00297: Warning: endfmat_m:var_lb5: 1: 
        Too many uncertainty energy bins
        Workspace array sizes increased
 Log  : no_unc =          160
 00298: Warning: endfmat_m:var_lb5: 1: 
        Too many uncertainty energy bins
        Workspace array sizes increased
 Log  : no_unc =          174
 00299: Warning: endfmat_m:var_lb5: 1: 
        Too many uncertainty energy bins
        Workspace array sizes increased
 Log  : no_unc =          178
 00300: Warning: endfmat_m:var_lb5: 1: 
        Too many uncertainty energy bins
        Workspace array sizes increased
 Log  : no_unc =          153
 00301: Warning: endfmat_m:var_lb5: 1: 
        Too many uncertainty energy bins
        Workspace array sizes increased
 Log  : no_unc =          155
 00302: Warning: endfmat_m:var_lb5: 1: 
        Too many uncertainty energy bins
        Workspace array sizes increased
 Log  : no_unc =          157
 00303: Warning: endfmat_m:var_lb5: 1: 
        Too many uncertainty energy bins
        Workspace array sizes increased
 Log  : no_unc =          157
 00304: Warning: endfmat_m:var_lb5: 1: 
        Too many uncertainty energy bins
        Workspace array sizes increased
 Log  : no_unc =          156
 00305: Warning: endfmat_m:var_lb5: 1: 
        Too many uncertainty energy bins
        Workspace array sizes increased
 Log  : no_unc =          158
 00306: Warning: endfmat_m:var_lb5: 1: 
        Too many uncertainty energy bins
        Workspace array sizes increased
 Log  : no_unc =          159
 00307: Warning: endfmat_m:var_lb5: 1: 
        Too many uncertainty energy bins
        Workspace array sizes increased
 Log  : no_unc =          177
 00308: Warning: endfmat_m:var_lb5: 1: 
        Too many uncertainty energy bins
        Workspace array sizes increased
 Log  : no_unc =          180
 00309: Warning: endfmat_m:var_lb5: 1: 
        Too many uncertainty energy bins
        Workspace array sizes increased
 Log  : no_unc =          157
 00310: Warning: endfmat_m:var_lb5: 1: 
        Too many uncertainty energy bins
        Workspace array sizes increased
 Log  : no_unc =          158
 00311: Warning: endfmat_m:var_lb5: 1: 
        Too many uncertainty energy bins
        Workspace array sizes increased
 Log  : no_unc =          158
 00312: Warning: endfmat_m:var_lb5: 1: 
        Too many uncertainty energy bins
        Workspace array sizes increased
 Log  : no_unc =          158
 00313: Warning: endfmat_m:var_lb5: 1: 
        Too many uncertainty energy bins
        Workspace array sizes increased
 Log  : no_unc =          158
 00314: Warning: endfmat_m:var_lb5: 1: 
        Too many uncertainty energy bins
        Workspace array sizes increased
 Log  : no_unc =          156
 00315: Warning: endfmat_m:var_lb5: 1: 
        Too many uncertainty energy bins
        Workspace array sizes increased
 Log  : no_unc =          171
 00316: Warning: endfmat_m:var_lb5: 1: 
        Too many uncertainty energy bins
        Workspace array sizes increased
 Log  : no_unc =          165
 00317: Warning: endfmat_m:var_lb5: 1: 
        Too many uncertainty energy bins
        Workspace array sizes increased
 Log  : no_unc =          153
 00318: Warning: endfmat_m:var_lb5: 1: 
        Too many uncertainty energy bins
        Workspace array sizes increased
 Log  : no_unc =          173
 00319: Warning: endfmat_m:var_lb5: 1: 
        Too many uncertainty energy bins
        Workspace array sizes increased
 Log  : no_unc =          164
 00320: Warning: endfmat_m:var_lb5: 1: 
        Too many uncertainty energy bins
        Workspace array sizes increased
 Log  : no_unc =          160
 00321: Warning: endfmat_m:var_lb5: 1: 
        Too many uncertainty energy bins
        Workspace array sizes increased
 Log  : no_unc =          172
 00322: Warning: endfmat_m:var_lb5: 1: 
        Too many uncertainty energy bins
        Workspace array sizes increased
 Log  : no_unc =          181
 00323: Warning: endfmat_m:var_lb5: 1: 
        Too many uncertainty energy bins
        Workspace array sizes increased
 Log  : no_unc =          178
 00324: Warning: endfmat_m:var_lb5: 1: 
        Too many uncertainty energy bins
        Workspace array sizes increased
 Log  : no_unc =          166
 00325: Warning: endfmat_m:var_lb5: 1: 
        Too many uncertainty energy bins
        Workspace array sizes increased
 Log  : no_unc =          158
 00326: Warning: endfmat_m:var_lb5: 1: 
        Too many uncertainty energy bins
        Workspace array sizes increased
 Log  : no_unc =          173
 00327: Warning: endfmat_m:var_lb5: 1: 
        Too many uncertainty energy bins
        Workspace array sizes increased
 Log  : no_unc =          158
 00328: Warning: endfmat_m:var_lb5: 1: 
        Too many uncertainty energy bins
        Workspace array sizes increased
 Log  : no_unc =          172
 00329: Warning: endfmat_m:var_lb5: 1: 
        Too many uncertainty energy bins
        Workspace array sizes increased
 Log  : no_unc =          167
 00330: Warning: endfmat_m:var_lb5: 1: 
        Too many uncertainty energy bins
        Workspace array sizes increased
 Log  : no_unc =          194
 00331: Warning: endfmat_m:var_lb5: 1: 
        Too many uncertainty energy bins
        Workspace array sizes increased
 Log  : no_unc =          183
 00332: Warning: endfmat_m:var_lb5: 1: 
        Too many uncertainty energy bins
        Workspace array sizes increased
 Log  : no_unc =          193
 00333: Warning: endfmat_m:var_lb5: 1: 
        Too many uncertainty energy bins
        Workspace array sizes increased
 Log  : no_unc =          178
 00334: Warning: endfmat_m:var_lb5: 1: 
        Too many uncertainty energy bins
        Workspace array sizes increased
 Log  : no_unc =          184
 00335: Warning: endfmat_m:var_lb5: 1: 
        Too many uncertainty energy bins
        Workspace array sizes increased
 Log  : no_unc =          195
 00336: Warning: endfmat_m:var_lb5: 1: 
        Too many uncertainty energy bins
        Workspace array sizes increased
 Log  : no_unc =          194
 00337: Warning: endfmat_m:var_lb5: 1: 
        Too many uncertainty energy bins
        Workspace array sizes increased
 Log  : no_unc =          157
 00338: Warning: endfmat_m:var_lb5: 1: 
        Too many uncertainty energy bins
        Workspace array sizes increased
 Log  : no_unc =          158
 00339: Warning: endfmat_m:var_lb5: 1: 
        Too many uncertainty energy bins
        Workspace array sizes increased
 Log  : no_unc =          172
 00340: Warning: endfmat_m:var_lb5: 1: 
        Too many uncertainty energy bins
        Workspace array sizes increased
 Log  : no_unc =          183
 00341: Warning: endfmat_m:var_lb5: 1: 
        Too many uncertainty energy bins
        Workspace array sizes increased
 Log  : no_unc =          185
 00342: Warning: endfmat_m:var_lb5: 1: 
        Too many uncertainty energy bins
        Workspace array sizes increased
 Log  : no_unc =          184
 00343: Warning: endfmat_m:var_lb5: 1: 
        Too many uncertainty energy bins
        Workspace array sizes increased
 Log  : no_unc =          161
 00344: Warning: endfmat_m:var_lb5: 1: 
        Too many uncertainty energy bins
        Workspace array sizes increased
 Log  : no_unc =          164
 00345: Warning: endfmat_m:var_lb5: 1: 
        Too many uncertainty energy bins
        Workspace array sizes increased
 Log  : no_unc =          171
 00346: Warning: endfmat_m:var_lb5: 1: 
        Too many uncertainty energy bins
        Workspace array sizes increased
 Log  : no_unc =          161
 00347: Warning: endfmat_m:var_lb5: 1: 
        Too many uncertainty energy bins
        Workspace array sizes increased
 Log  : no_unc =          170
 00348: Warning: endfmat_m:var_lb5: 1: 
        Too many uncertainty energy bins
        Workspace array sizes increased
 Log  : no_unc =          153
 00349: Warning: endfmat_m:var_lb5: 1: 
        Too many uncertainty energy bins
        Workspace array sizes increased
 Log  : no_unc =          160
 00350: Warning: endfmat_m:var_lb5: 1: 
        Too many uncertainty energy bins
        Workspace array sizes increased
 Log  : no_unc =          172
 00351: Warning: endfmat_m:var_lb5: 1: 
        Too many uncertainty energy bins
        Workspace array sizes increased
 Log  : no_unc =          164
 00352: Warning: endfmat_m:var_lb5: 1: 
        Too many uncertainty energy bins
        Workspace array sizes increased
 Log  : no_unc =          183
 00353: Warning: endfmat_m:var_lb5: 1: 
        Too many uncertainty energy bins
        Workspace array sizes increased
 Log  : no_unc =          188
 00354: Warning: endfmat_m:var_lb5: 1: 
        Too many uncertainty energy bins
        Workspace array sizes increased
 Log  : no_unc =          184
 00355: Warning: endfmat_m:var_lb5: 1: 
        Too many uncertainty energy bins
        Workspace array sizes increased
 Log  : no_unc =          188
 00356: Warning: endfmat_m:var_lb5: 1: 
        Too many uncertainty energy bins
        Workspace array sizes increased
 Log  : no_unc =          157
 00357: Warning: endfmat_m:var_lb5: 1: 
        Too many uncertainty energy bins
        Workspace array sizes increased
 Log  : no_unc =          156
 00358: Warning: endfmat_m:var_lb5: 1: 
        Too many uncertainty energy bins
        Workspace array sizes increased
 Log  : no_unc =          178
 00359: Warning: endfmat_m:var_lb5: 1: 
        Too many uncertainty energy bins
        Workspace array sizes increased
 Log  : no_unc =          179
 00360: Warning: endfmat_m:var_lb5: 1: 
        Too many uncertainty energy bins
        Workspace array sizes increased
 Log  : no_unc =          177
 00361: Warning: endfmat_m:var_lb5: 1: 
        Too many uncertainty energy bins
        Workspace array sizes increased
 Log  : no_unc =          176
 00362: Warning: endfmat_m:var_lb5: 1: 
        Too many uncertainty energy bins
        Workspace array sizes increased
 Log  : no_unc =          180
 00363: Warning: endfmat_m:var_lb5: 1: 
        Too many uncertainty energy bins
        Workspace array sizes increased
 Log  : no_unc =          175
 00364: Warning: endfmat_m:var_lb5: 1: 
        Too many uncertainty energy bins
        Workspace array sizes increased
 Log  : no_unc =          153
 00365: Warning: endfmat_m:var_lb5: 1: 
        Too many uncertainty energy bins
        Workspace array sizes increased
 Log  : no_unc =          155
 00366: Warning: endfmat_m:var_lb5: 1: 
        Too many uncertainty energy bins
        Workspace array sizes increased
 Log  : no_unc =          159
 00367: Warning: endfmat_m:var_lb5: 1: 
        Too many uncertainty energy bins
        Workspace array sizes increased
 Log  : no_unc =          184
 00368: Warning: endfmat_m:var_lb5: 1: 
        Too many uncertainty energy bins
        Workspace array sizes increased
 Log  : no_unc =          157
 00369: Warning: endfmat_m:var_lb5: 1: 
        Too many uncertainty energy bins
        Workspace array sizes increased
 Log  : no_unc =          185
 00370: Warning: endfmat_m:var_lb5: 1: 
        Too many uncertainty energy bins
        Workspace array sizes increased
 Log  : no_unc =          158
 00371: Warning: endfmat_m:var_lb5: 1: 
        Too many uncertainty energy bins
        Workspace array sizes increased
 Log  : no_unc =          185
 00372: Warning: endfmat_m:var_lb5: 1: 
        Too many uncertainty energy bins
        Workspace array sizes increased
 Log  : no_unc =          159
 00373: Warning: endfmat_m:var_lb5: 1: 
        Too many uncertainty energy bins
        Workspace array sizes increased
 Log  : no_unc =          185
 00374: Warning: endfmat_m:var_lb5: 1: 
        Too many uncertainty energy bins
        Workspace array sizes increased
 Log  : no_unc =          165
 00375: Warning: endfmat_m:var_lb5: 1: 
        Too many uncertainty energy bins
        Workspace array sizes increased
 Log  : no_unc =          157
 00376: Warning: endfmat_m:var_lb5: 1: 
        Too many uncertainty energy bins
        Workspace array sizes increased
 Log  : no_unc =          157
 00377: Warning: endfmat_m:var_lb5: 1: 
        Too many uncertainty energy bins
        Workspace array sizes increased
 Log  : no_unc =          166
 00378: Warning: endfmat_m:var_lb5: 1: 
        Too many uncertainty energy bins
        Workspace array sizes increased
 Log  : no_unc =          158
 00379: Warning: endfmat_m:var_lb5: 1: 
        Too many uncertainty energy bins
        Workspace array sizes increased
 Log  : no_unc =          162
 00380: Warning: endfmat_m:var_lb5: 1: 
        Too many uncertainty energy bins
        Workspace array sizes increased
 Log  : no_unc =          159
 00381: Warning: endfmat_m:var_lb5: 1: 
        Too many uncertainty energy bins
        Workspace array sizes increased
 Log  : no_unc =          167
 00382: Warning: endfmat_m:var_lb5: 1: 
        Too many uncertainty energy bins
        Workspace array sizes increased
 Log  : no_unc =          157
 00383: Warning: endfmat_m:var_lb5: 1: 
        Too many uncertainty energy bins
        Workspace array sizes increased
 Log  : no_unc =          166
 00384: Warning: endfmat_m:var_lb5: 1: 
        Too many uncertainty energy bins
        Workspace array sizes increased
 Log  : no_unc =          160
 00385: Warning: endfmat_m:var_lb5: 1: 
        Too many uncertainty energy bins
        Workspace array sizes increased
 Log  : no_unc =          161
 00386: Warning: endfmat_m:var_lb5: 1: 
        Too many uncertainty energy bins
        Workspace array sizes increased
 Log  : no_unc =          178
 00387: Warning: endfmat_m:var_lb5: 1: 
        Too many uncertainty energy bins
        Workspace array sizes increased
 Log  : no_unc =          156
 00388: Warning: endfmat_m:var_lb5: 1: 
        Too many uncertainty energy bins
        Workspace array sizes increased
 Log  : no_unc =          177
 00389: Warning: endfmat_m:var_lb5: 1: 
        Too many uncertainty energy bins
        Workspace array sizes increased
 Log  : no_unc =          156
 00390: Warning: endfmat_m:var_lb5: 1: 
        Too many uncertainty energy bins
        Workspace array sizes increased
 Log  : no_unc =          177
 00391: Warning: endfmat_m:var_lb5: 1: 
        Too many uncertainty energy bins
        Workspace array sizes increased
 Log  : no_unc =          156
 00392: Warning: endfmat_m:var_lb5: 1: 
        Too many uncertainty energy bins
        Workspace array sizes increased
 Log  : no_unc =          178
 00393: Warning: endfmat_m:var_lb5: 1: 
        Too many uncertainty energy bins
        Workspace array sizes increased
 Log  : no_unc =          163
 00394: Warning: endfmat_m:var_lb5: 1: 
        Too many uncertainty energy bins
        Workspace array sizes increased
 Log  : no_unc =          178
 00395: Warning: endfmat_m:var_lb5: 1: 
        Too many uncertainty energy bins
        Workspace array sizes increased
 Log  : no_unc =          171
 00396: Warning: endfmat_m:var_lb5: 1: 
        Too many uncertainty energy bins
        Workspace array sizes increased
 Log  : no_unc =          167
 00397: Warning: endfmat_m:var_lb5: 1: 
        Too many uncertainty energy bins
        Workspace array sizes increased
 Log  : no_unc =          169
 00398: Warning: endfmat_m:var_lb5: 1: 
        Too many uncertainty energy bins
        Workspace array sizes increased
 Log  : no_unc =          167
 00399: Warning: endfmat_m:var_lb5: 1: 
        Too many uncertainty energy bins
        Workspace array sizes increased
 Log  : no_unc =          167
 00400: Warning: endfmat_m:var_lb5: 1: 
        Too many uncertainty energy bins
        Workspace array sizes increased
 Log  : no_unc =          172
 00401: Warning: endfmat_m:var_lb5: 1: 
        Too many uncertainty energy bins
        Workspace array sizes increased
 Log  : no_unc =          156
 00402: Warning: endfmat_m:var_lb5: 1: 
        Too many uncertainty energy bins
        Workspace array sizes increased
 Log  : no_unc =          164
 00403: Warning: endfmat_m:var_lb5: 1: 
        Too many uncertainty energy bins
        Workspace array sizes increased
 Log  : no_unc =          160
 00404: Warning: endfmat_m:var_lb5: 1: 
        Too many uncertainty energy bins
        Workspace array sizes increased
 Log  : no_unc =          154
 00405: Warning: endfmat_m:var_lb5: 1: 
        Too many uncertainty energy bins
        Workspace array sizes increased
 Log  : no_unc =          156
 00406: Warning: endfmat_m:var_lb5: 1: 
        Too many uncertainty energy bins
        Workspace array sizes increased
 Log  : no_unc =          159
 00407: Warning: endfmat_m:var_lb5: 1: 
        Too many uncertainty energy bins
        Workspace array sizes increased
 Log  : no_unc =          153
 00408: Warning: endfmat_m:var_lb5: 1: 
        Too many uncertainty energy bins
        Workspace array sizes increased
 Log  : no_unc =          167
 00409: Warning: endfmat_m:var_lb5: 1: 
        Too many uncertainty energy bins
        Workspace array sizes increased
 Log  : no_unc =          174
 00410: Warning: endfmat_m:var_lb5: 1: 
        Too many uncertainty energy bins
        Workspace array sizes increased
 Log  : no_unc =          154
 00411: Warning: endfmat_m:var_lb5: 1: 
        Too many uncertainty energy bins
        Workspace array sizes increased
 Log  : no_unc =          156
 00412: Warning: endfmat_m:var_lb5: 1: 
        Too many uncertainty energy bins
        Workspace array sizes increased
 Log  : no_unc =          167
 00413: Warning: endfmat_m:var_lb5: 1: 
        Too many uncertainty energy bins
        Workspace array sizes increased
 Log  : no_unc =          169
 00414: Warning: endfmat_m:var_lb5: 1: 
        Too many uncertainty energy bins
        Workspace array sizes increased
 Log  : no_unc =          153
 00415: Warning: endfmat_m:var_lb5: 1: 
        Too many uncertainty energy bins
        Workspace array sizes increased
 Log  : no_unc =          154
 00416: Warning: endfmat_m:var_lb5: 1: 
        Too many uncertainty energy bins
        Workspace array sizes increased
 Log  : no_unc =          154
 00417: Warning: endfmat_m:var_lb5: 1: 
        Too many uncertainty energy bins
        Workspace array sizes increased
 Log  : no_unc =          164
 00418: Warning: endfmat_m:var_lb5: 1: 
        Too many uncertainty energy bins
        Workspace array sizes increased
 Log  : no_unc =          167
 00419: Warning: endfmat_m:var_lb5: 1: 
        Too many uncertainty energy bins
        Workspace array sizes increased
 Log  : no_unc =          158
 00420: Warning: endfmat_m:var_lb5: 1: 
        Too many uncertainty energy bins
        Workspace array sizes increased
 Log  : no_unc =          161
 00421: Warning: endfmat_m:var_lb5: 1: 
        Too many uncertainty energy bins
        Workspace array sizes increased
 Log  : no_unc =          155
 00422: Warning: endfmat_m:var_lb5: 1: 
        Too many uncertainty energy bins
        Workspace array sizes increased
 Log  : no_unc =          164
 00423: Warning: endfmat_m:var_lb5: 1: 
        Too many uncertainty energy bins
        Workspace array sizes increased
 Log  : no_unc =          172
 00424: Warning: endfmat_m:var_lb5: 1: 
        Too many uncertainty energy bins
        Workspace array sizes increased
 Log  : no_unc =          157
 00425: Warning: endfmat_m:var_lb5: 1: 
        Too many uncertainty energy bins
        Workspace array sizes increased
 Log  : no_unc =          164
 00426: Warning: endfmat_m:var_lb5: 1: 
        Too many uncertainty energy bins
        Workspace array sizes increased
 Log  : no_unc =          163
 00427: Warning: endfmat_m:var_lb5: 1: 
        Too many uncertainty energy bins
        Workspace array sizes increased
 Log  : no_unc =          167
 00428: Warning: endfmat_m:var_lb5: 1: 
        Too many uncertainty energy bins
        Workspace array sizes increased
 Log  : no_unc =          154
 00429: Warning: endfmat_m:var_lb5: 1: 
        Too many uncertainty energy bins
        Workspace array sizes increased
 Log  : no_unc =          160
 00430: Warning: endfmat_m:var_lb5: 1: 
        Too many uncertainty energy bins
        Workspace array sizes increased
 Log  : no_unc =          160
 00431: Warning: endfmat_m:var_lb5: 1: 
        Too many uncertainty energy bins
        Workspace array sizes increased
 Log  : no_unc =          163
 00432: Warning: endfmat_m:var_lb5: 1: 
        Too many uncertainty energy bins
        Workspace array sizes increased
 Log  : no_unc =          162
 00433: Warning: endfmat_m:var_lb5: 1: 
        Too many uncertainty energy bins
        Workspace array sizes increased
 Log  : no_unc =          163
 00434: Warning: endfmat_m:var_lb5: 1: 
        Too many uncertainty energy bins
        Workspace array sizes increased
 Log  : no_unc =          157
 00435: Warning: endfmat_m:var_lb5: 1: 
        Too many uncertainty energy bins
        Workspace array sizes increased
 Log  : no_unc =          158
 00436: Warning: endfmat_m:var_lb5: 1: 
        Too many uncertainty energy bins
        Workspace array sizes increased
 Log  : no_unc =          159
 00437: Warning: endfmat_m:var_lb5: 1: 
        Too many uncertainty energy bins
        Workspace array sizes increased
 Log  : no_unc =          153
 00438: Warning: endfmat_m:var_lb5: 1: 
        Too many uncertainty energy bins
        Workspace array sizes increased
 Log  : no_unc =          168
 00439: Warning: endfmat_m:var_lb5: 1: 
        Too many uncertainty energy bins
        Workspace array sizes increased
 Log  : no_unc =          153
 00440: Warning: endfmat_m:var_lb5: 1: 
        Too many uncertainty energy bins
        Workspace array sizes increased
 Log  : no_unc =          159
 00441: Warning: endfmat_m:var_lb5: 1: 
        Too many uncertainty energy bins
        Workspace array sizes increased
 Log  : no_unc =          169
 00442: Warning: endfmat_m:var_lb5: 1: 
        Too many uncertainty energy bins
        Workspace array sizes increased
 Log  : no_unc =          175
 00443: Warning: endfmat_m:var_lb5: 1: 
        Too many uncertainty energy bins
        Workspace array sizes increased
 Log  : no_unc =          157
 00444: Warning: endfmat_m:var_lb5: 1: 
        Too many uncertainty energy bins
        Workspace array sizes increased
 Log  : no_unc =          162
 00445: Warning: endfmat_m:var_lb5: 1: 
        Too many uncertainty energy bins
        Workspace array sizes increased
 Log  : no_unc =          164
 00446: Warning: endfmat_m:var_lb5: 1: 
        Too many uncertainty energy bins
        Workspace array sizes increased
 Log  : no_unc =          160
 00447: Warning: endfmat_m:var_lb5: 1: 
        Too many uncertainty energy bins
        Workspace array sizes increased
 Log  : no_unc =          158
 00448: Warning: endfmat_m:var_lb5: 1: 
        Too many uncertainty energy bins
        Workspace array sizes increased
 Log  : no_unc =          157
 00449: Warning: endfmat_m:var_lb5: 1: 
        Too many uncertainty energy bins
        Workspace array sizes increased
 Log  : no_unc =          156
 00450: Warning: endfmat_m:var_lb5: 1: 
        Too many uncertainty energy bins
        Workspace array sizes increased
 Log  : no_unc =          158
 00451: Warning: endfmat_m:var_lb5: 1: 
        Too many uncertainty energy bins
        Workspace array sizes increased
 Log  : no_unc =          157
 00452: Warning: endfmat_m:var_lb5: 1: 
        Too many uncertainty energy bins
        Workspace array sizes increased
 Log  : no_unc =          176
 00453: Warning: endfmat_m:var_lb5: 1: 
        Too many uncertainty energy bins
        Workspace array sizes increased
 Log  : no_unc =          168
 00454: Warning: endfmat_m:var_lb5: 1: 
        Too many uncertainty energy bins
        Workspace array sizes increased
 Log  : no_unc =          158
 00455: Warning: endfmat_m:var_lb5: 1: 
        Too many uncertainty energy bins
        Workspace array sizes increased
 Log  : no_unc =          157
 00456: Warning: endfmat_m:var_lb5: 1: 
        Too many uncertainty energy bins
        Workspace array sizes increased
 Log  : no_unc =          172
 00457: Warning: endfmat_m:var_lb5: 1: 
        Too many uncertainty energy bins
        Workspace array sizes increased
 Log  : no_unc =          170
 00458: Warning: endfmat_m:var_lb5: 1: 
        Too many uncertainty energy bins
        Workspace array sizes increased
 Log  : no_unc =          185
 00459: Warning: endfmat_m:var_lb5: 1: 
        Too many uncertainty energy bins
        Workspace array sizes increased
 Log  : no_unc =          174
 00460: Warning: endfmat_m:var_lb5: 1: 
        Too many uncertainty energy bins
        Workspace array sizes increased
 Log  : no_unc =          184
 00461: Warning: endfmat_m:var_lb5: 1: 
        Too many uncertainty energy bins
        Workspace array sizes increased
 Log  : no_unc =          170
 00462: Warning: endfmat_m:var_lb5: 1: 
        Too many uncertainty energy bins
        Workspace array sizes increased
 Log  : no_unc =          172
 00463: Warning: endfmat_m:var_lb5: 1: 
        Too many uncertainty energy bins
        Workspace array sizes increased
 Log  : no_unc =          166
 00464: Warning: endfmat_m:var_lb5: 1: 
        Too many uncertainty energy bins
        Workspace array sizes increased
 Log  : no_unc =          173
 00465: Warning: endfmat_m:var_lb5: 1: 
        Too many uncertainty energy bins
        Workspace array sizes increased
 Log  : no_unc =          162
 00466: Warning: endfmat_m:var_lb5: 1: 
        Too many uncertainty energy bins
        Workspace array sizes increased
 Log  : no_unc =          157
 00467: Warning: endfmat_m:var_lb5: 1: 
        Too many uncertainty energy bins
        Workspace array sizes increased
 Log  : no_unc =          184
 00468: Warning: endfmat_m:var_lb5: 1: 
        Too many uncertainty energy bins
        Workspace array sizes increased
 Log  : no_unc =          180
 00469: Warning: endfmat_m:var_lb5: 1: 
        Too many uncertainty energy bins
        Workspace array sizes increased
 Log  : no_unc =          169
 00470: Warning: endfmat_m:var_lb5: 1: 
        Too many uncertainty energy bins
        Workspace array sizes increased
 Log  : no_unc =          176
 00471: Warning: endfmat_m:var_lb5: 1: 
        Too many uncertainty energy bins
        Workspace array sizes increased
 Log  : no_unc =          162
 00472: Warning: endfmat_m:var_lb5: 1: 
        Too many uncertainty energy bins
        Workspace array sizes increased
 Log  : no_unc =          169
 00473: Warning: endfmat_m:var_lb5: 1: 
        Too many uncertainty energy bins
        Workspace array sizes increased
 Log  : no_unc =          153
 00474: Warning: endfmat_m:var_lb5: 1: 
        Too many uncertainty energy bins
        Workspace array sizes increased
 Log  : no_unc =          170
 00475: Warning: endfmat_m:var_lb5: 1: 
        Too many uncertainty energy bins
        Workspace array sizes increased
 Log  : no_unc =          187
 00476: Warning: endfmat_m:var_lb5: 1: 
        Too many uncertainty energy bins
        Workspace array sizes increased
 Log  : no_unc =          185
 00477: Warning: endfmat_m:var_lb5: 1: 
        Too many uncertainty energy bins
        Workspace array sizes increased
 Log  : no_unc =          189
 00478: Warning: endfmat_m:var_lb5: 1: 
        Too many uncertainty energy bins
        Workspace array sizes increased
 Log  : no_unc =          159
 00479: Warning: endfmat_m:var_lb5: 1: 
        Too many uncertainty energy bins
        Workspace array sizes increased
 Log  : no_unc =          184
 00480: Warning: endfmat_m:var_lb5: 1: 
        Too many uncertainty energy bins
        Workspace array sizes increased
 Log  : no_unc =          159
 00481: Warning: endfmat_m:var_lb5: 1: 
        Too many uncertainty energy bins
        Workspace array sizes increased
 Log  : no_unc =          180
 00482: Warning: endfmat_m:var_lb5: 1: 
        Too many uncertainty energy bins
        Workspace array sizes increased
 Log  : no_unc =          159
 00483: Warning: endfmat_m:var_lb5: 1: 
        Too many uncertainty energy bins
        Workspace array sizes increased
 Log  : no_unc =          178
 00484: Warning: endfmat_m:var_lb5: 1: 
        Too many uncertainty energy bins
        Workspace array sizes increased
 Log  : no_unc =          153
 00485: Warning: endfmat_m:var_lb5: 1: 
        Too many uncertainty energy bins
        Workspace array sizes increased
 Log  : no_unc =          173
 00486: Warning: endfmat_m:var_lb5: 1: 
        Too many uncertainty energy bins
        Workspace array sizes increased
 Log  : no_unc =          159
 00487: Warning: endfmat_m:var_lb5: 1: 
        Too many uncertainty energy bins
        Workspace array sizes increased
 Log  : no_unc =          158
 00488: Warning: endfmat_m:var_lb5: 1: 
        Too many uncertainty energy bins
        Workspace array sizes increased
 Log  : no_unc =          163
 00489: Warning: endfmat_m:var_lb5: 1: 
        Too many uncertainty energy bins
        Workspace array sizes increased
 Log  : no_unc =          158
 00490: Warning: endfmat_m:var_lb5: 1: 
        Too many uncertainty energy bins
        Workspace array sizes increased
 Log  : no_unc =          154
 00491: Warning: endfmat_m:var_lb5: 1: 
        Too many uncertainty energy bins
        Workspace array sizes increased
 Log  : no_unc =          154
 00492: Warning: endfmat_m:var_lb5: 1: 
        Too many uncertainty energy bins
        Workspace array sizes increased
 Log  : no_unc =          179
 00493: Warning: endfmat_m:var_lb5: 1: 
        Too many uncertainty energy bins
        Workspace array sizes increased
 Log  : no_unc =          156
 00494: Warning: endfmat_m:var_lb5: 1: 
        Too many uncertainty energy bins
        Workspace array sizes increased
 Log  : no_unc =          184
 00495: Warning: endfmat_m:var_lb5: 1: 
        Too many uncertainty energy bins
        Workspace array sizes increased
 Log  : no_unc =          167
 00496: Warning: endfmat_m:var_lb5: 1: 
        Too many uncertainty energy bins
        Workspace array sizes increased
 Log  : no_unc =          159
 00497: Warning: endfmat_m:var_lb5: 1: 
        Too many uncertainty energy bins
        Workspace array sizes increased
 Log  : no_unc =          475
 00498: Warning: endfmat_m:var_lb5: 1: 
        Too many uncertainty energy bins
        Workspace array sizes increased
  run reset cross-section
 PRINTLIB 4
  run printlib
 END
 * END OF RUN
  run closedown
  deallocate and closedown


 ------------------------------------------------------------------
 Files that have been opened during this run.
 ------------------------------------------------------------------
 The numbers after the unit names are the internal unit numbers.

 input( 5)       collapx.i
 collapxo(17)    COLLAPX
 ind_nuc(18)     /FISPACT-II/decay/decay_2012_index_2012
 fluxes(20)      fluxes
 output(38)      collapx.out
 runlog(48)      collapx.log
 xs_endf(52)     /FISPACT-II/TENDL2017data/tal2017-n/gxs-709
 xs_endfb(56)    /FISPACT-II/binary_collapses/4.0/compress_TENDL2017_709_294_xs_var.bin
 ------------------------------------------------------------------


 Log  :                 fispact run time  =   28.406     secs
 Log  :                 rateeq_init_flux  =  0.20000E-05 secs
 Log  :                rateeq_irrad_step  =   0.0000     secs
 Log  :                 rateeq_cool_step  =  0.10000E-05 secs
 Log  :            output_inventory_step  =   0.0000     secs
 Log  :                    pathways_step  =  0.10000E-05 secs
 Log  :                 sensitivity_step  =   0.0000     secs


  Error Summary 
 ------------- 
  total number of errors/warnings   =    498
  number of serious errors/warnings =      0
 11:59:28 2 December 2020        

 END OF LOG FILE

