
 LOG FILE: collapse.log

 11:03:40 14 June 2018           

 Log  : FILES file = files
 Log  : fileroot   = collapse


 ------------------------------------------------------------------
 Files specified by the FILES file and fileroot for this run.
 ------------------------------------------------------------------
 The numbers after the unit names are the internal unit numbers.

 arb_flux( 3)    spectra
 input( 5)       collapse.i
 graph(10)       collapse.gra
 a2data(11)      /opt/fispact/nuclear_data/decay/a2_2012
 collapxi(12)    COLLAPX
 arrayx(13)      ARRAYX
 hazards(14)     /opt/fispact/nuclear_data/decay/hazards_2012
 gnuplot(15)     collapse.plt
 collapxo(17)    COLLAPX
 ind_nuc(18)     /opt/fispact/nuclear_data/TENDL2015data/tendl15_decay12_index
 fluxes(20)      fluxes
 output(38)      collapse.out
 absorp(39)      /opt/fispact/nuclear_data/decay/abs_2012
 clear(40)       /opt/fispact/nuclear_data/decay/clear_2012
 tab1(44)        collapse.tab1
 tab2(45)        collapse.tab2
 tab3(46)        collapse.tab3
 tab4(47)        collapse.tab4
 runlog(48)      collapse.log
 sens(50)        collapse.sens
 prob_tab(51)    /opt/fispact/nuclear_data/TENDL2015data/tal2015-n/tp-709-294
 xs_endf(52)     /opt/fispact/nuclear_data/TENDL2015data/tal2015-n/gxs-709
 dk_endf(53)     /opt/fispact/nuclear_data/decay/decay_2012
 fy_endf(54)     /opt/fispact/nuclear_data/GEFY61data/gefy61_nfy
 sf_endf(55)     /opt/fispact/nuclear_data/GEFY61data/gefy61_sfy
 xs_endfb(56)    /opt/fispact/nuclear_data/bin/tal2015-n.bin
 enbins(57)      /opt/fispact/nuclear_data/ebins/ebins_1102
 ggbins(58)      gamma_group_energies
 nucgraph(59)    collapse.grn
 nucgnu(60)      collapse.pln
 ------------------------------------------------------------------


 GETXS 1 709
 FISPACT
 * COLLAPSE tal2015-n/gxs-709, tendl15_decay12_index
  load cross-sections
 Log  : parent zai from xs_endf data file =        60000
 Log  : parent zai from nuclide index     =        60120
 00001: Warning: endfmat_m:read_file_1: 2: 
        zai mismatch for nuclide C12 in nuclide index
        parent zai from nuclide index used
 Log  : current za       =         6000
 Log  : nuclide index za =         6012
 Log  : mat =          600
 Log  : mf  =            2
 Log  : mt  =          151
 Log  : ns  =            1
 00002: Warning: endfmat_m:check_za_awr: 1: 
        za value in current record does not match nuclide index value
        parent za from nuclide index used
  run reset cross-section
 PRINTLIB 4
  run printlib
 END
 * END OF RUN
  run closedown
  deallocate and closedown


 ------------------------------------------------------------------
 Files that have been opened during this run.
 ------------------------------------------------------------------
 The numbers after the unit names are the internal unit numbers.

 input( 5)       collapse.i
 collapxo(17)    COLLAPX
 ind_nuc(18)     /opt/fispact/nuclear_data/TENDL2015data/tendl15_decay12_index
 fluxes(20)      fluxes
 output(38)      collapse.out
 runlog(48)      collapse.log
 xs_endf(52)     /opt/fispact/nuclear_data/TENDL2015data/tal2015-n/gxs-709
 ------------------------------------------------------------------


 Log  :                 fispact run time  =   43.767     secs
 Log  :                 rateeq_init_flux  =  0.50000E-05 secs
 Log  :                rateeq_irrad_step  =  0.30000E-05 secs
 Log  :                 rateeq_cool_step  =  0.30000E-05 secs
 Log  :            output_inventory_step  =  0.30000E-05 secs
 Log  :                    pathways_step  =  0.30000E-05 secs
 Log  :                 sensitivity_step  =  0.30000E-05 secs


  Error Summary 
 ------------- 
  total number of errors/warnings   =      2
  number of serious errors/warnings =      0
 11:04:36 14 June 2018           

 END OF LOG FILE

